2019-06-10 23:26:39,874 DEBUG org.springframework.boot.StartupInfoLogger [main] Running with Spring Boot v2.1.0.RELEASE, Spring v5.1.2.RELEASE
2019-06-10 23:26:45,030 DEBUG org.springframework.boot.web.servlet.server.DocumentRoot [main] Code archive: C:\Users\Borx\.m2\repository\org\springframework\boot\spring-boot\2.1.0.RELEASE\spring-boot-2.1.0.RELEASE.jar
2019-06-10 23:26:45,031 DEBUG org.springframework.boot.web.servlet.server.DocumentRoot [main] Code archive: C:\Users\Borx\.m2\repository\org\springframework\boot\spring-boot\2.1.0.RELEASE\spring-boot-2.1.0.RELEASE.jar
2019-06-10 23:26:45,032 DEBUG org.springframework.boot.web.servlet.server.DocumentRoot [main] None of the document roots [src/main/webapp, public, static] point to a directory and will be ignored.
2019-06-10 23:34:42,683 DEBUG org.springframework.boot.StartupInfoLogger [main] Running with Spring Boot v2.1.0.RELEASE, Spring v5.1.2.RELEASE
2019-06-10 23:34:43,890 DEBUG org.springframework.boot.web.servlet.server.DocumentRoot [main] Code archive: C:\Users\Borx\.m2\repository\org\springframework\boot\spring-boot\2.1.0.RELEASE\spring-boot-2.1.0.RELEASE.jar
2019-06-10 23:34:43,890 DEBUG org.springframework.boot.web.servlet.server.DocumentRoot [main] Code archive: C:\Users\Borx\.m2\repository\org\springframework\boot\spring-boot\2.1.0.RELEASE\spring-boot-2.1.0.RELEASE.jar
2019-06-10 23:34:43,890 DEBUG org.springframework.boot.web.servlet.server.DocumentRoot [main] None of the document roots [src/main/webapp, public, static] point to a directory and will be ignored.
2019-06-10 23:38:02,167 DEBUG com.ftn.controller.UserControler [https-jsse-nio-8092-exec-7] LOG
2019-06-10 23:38:04,232 DEBUG com.ftn.controller.SecurityAdminControler [https-jsse-nio-8092-exec-9] SS
2019-06-10 23:38:13,994 DEBUG com.ftn.controller.SecurityAdminControler [https-jsse-nio-8092-exec-1] CRE_CA
2019-06-10 23:38:23,871 DEBUG com.ftn.controller.SecurityAdminControler [https-jsse-nio-8092-exec-4] SS
2019-06-10 23:38:34,198 DEBUG com.ftn.controller.SecurityAdminControler [https-jsse-nio-8092-exec-5] CRE_CA
2019-06-10 23:38:44,902 DEBUG com.ftn.controller.UserControler [https-jsse-nio-8092-exec-9] LOGOUT
2019-06-10 23:39:00,170 DEBUG com.ftn.controller.UserControler [https-jsse-nio-8092-exec-10] LOG
2019-06-10 23:39:10,531 DEBUG com.ftn.controller.SecurityAdminControler [https-jsse-nio-8092-exec-4] CK_COMM
2019-06-10 23:39:52,106 DEBUG com.ftn.controller.SecurityAdminControler [https-jsse-nio-8092-exec-3] CK_COMM
2019-06-10 23:40:43,929 DEBUG org.springframework.boot.StartupInfoLogger [main] Running with Spring Boot v2.1.0.RELEASE, Spring v5.1.2.RELEASE
2019-06-10 23:40:45,511 DEBUG org.springframework.boot.web.servlet.server.DocumentRoot [main] Code archive: C:\Users\Borx\.m2\repository\org\springframework\boot\spring-boot\2.1.0.RELEASE\spring-boot-2.1.0.RELEASE.jar
2019-06-10 23:40:45,512 DEBUG org.springframework.boot.web.servlet.server.DocumentRoot [main] Code archive: C:\Users\Borx\.m2\repository\org\springframework\boot\spring-boot\2.1.0.RELEASE\spring-boot-2.1.0.RELEASE.jar
2019-06-10 23:40:45,514 DEBUG org.springframework.boot.web.servlet.server.DocumentRoot [main] None of the document roots [src/main/webapp, public, static] point to a directory and will be ignored.
2019-06-10 23:42:42,667 DEBUG com.ftn.controller.UserControler [https-jsse-nio-8092-exec-6] LOG
2019-06-10 23:42:44,507 DEBUG com.ftn.controller.SecurityAdminControler [https-jsse-nio-8092-exec-7] SS
2019-06-10 23:42:55,535 DEBUG com.ftn.controller.SecurityAdminControler [https-jsse-nio-8092-exec-9] CRE_CA
2019-06-10 23:43:08,306 DEBUG com.ftn.controller.SecurityAdminControler [https-jsse-nio-8092-exec-2] SS
2019-06-10 23:43:16,874 DEBUG com.ftn.controller.SecurityAdminControler [https-jsse-nio-8092-exec-3] CRE_CA
2019-06-10 23:43:24,538 DEBUG com.ftn.controller.UserControler [https-jsse-nio-8092-exec-6] LOGOUT
2019-06-10 23:43:32,159 DEBUG com.ftn.controller.UserControler [https-jsse-nio-8092-exec-7] LOG
2019-06-10 23:43:43,707 DEBUG com.ftn.controller.SecurityAdminControler [https-jsse-nio-8092-exec-1] CK_COMM
2019-06-10 23:46:26,946 DEBUG org.springframework.boot.StartupInfoLogger [main] Running with Spring Boot v2.1.0.RELEASE, Spring v5.1.2.RELEASE
2019-06-10 23:46:28,246 DEBUG org.springframework.boot.web.servlet.server.DocumentRoot [main] Code archive: C:\Users\Borx\.m2\repository\org\springframework\boot\spring-boot\2.1.0.RELEASE\spring-boot-2.1.0.RELEASE.jar
2019-06-10 23:46:28,246 DEBUG org.springframework.boot.web.servlet.server.DocumentRoot [main] Code archive: C:\Users\Borx\.m2\repository\org\springframework\boot\spring-boot\2.1.0.RELEASE\spring-boot-2.1.0.RELEASE.jar
2019-06-10 23:46:28,246 DEBUG org.springframework.boot.web.servlet.server.DocumentRoot [main] None of the document roots [src/main/webapp, public, static] point to a directory and will be ignored.
2019-06-10 23:48:33,791 DEBUG com.ftn.controller.UserControler [https-jsse-nio-8092-exec-8] LOG
2019-06-10 23:48:35,586 DEBUG com.ftn.controller.SecurityAdminControler [https-jsse-nio-8092-exec-10] SS
2019-06-10 23:48:42,597 DEBUG com.ftn.controller.SecurityAdminControler [https-jsse-nio-8092-exec-2] CRE_CA
2019-06-10 23:48:49,563 DEBUG com.ftn.controller.SecurityAdminControler [https-jsse-nio-8092-exec-5] SS
2019-06-10 23:49:01,686 DEBUG com.ftn.controller.SecurityAdminControler [https-jsse-nio-8092-exec-6] CRE_CA
2019-06-10 23:49:19,925 DEBUG com.ftn.controller.UserControler [https-jsse-nio-8092-exec-8] LOG
2019-06-10 23:49:30,043 DEBUG com.ftn.controller.SecurityAdminControler [https-jsse-nio-8092-exec-4] CK_COMM
2019-06-10 23:52:07,566 DEBUG org.springframework.boot.StartupInfoLogger [main] Running with Spring Boot v2.1.0.RELEASE, Spring v5.1.2.RELEASE
2019-06-10 23:52:09,122 DEBUG org.springframework.boot.web.servlet.server.DocumentRoot [main] Code archive: C:\Users\Borx\.m2\repository\org\springframework\boot\spring-boot\2.1.0.RELEASE\spring-boot-2.1.0.RELEASE.jar
2019-06-10 23:52:09,124 DEBUG org.springframework.boot.web.servlet.server.DocumentRoot [main] Code archive: C:\Users\Borx\.m2\repository\org\springframework\boot\spring-boot\2.1.0.RELEASE\spring-boot-2.1.0.RELEASE.jar
2019-06-10 23:52:09,126 DEBUG org.springframework.boot.web.servlet.server.DocumentRoot [main] None of the document roots [src/main/webapp, public, static] point to a directory and will be ignored.
2019-06-10 23:53:07,971 DEBUG com.ftn.controller.UserControler [https-jsse-nio-8092-exec-6] LOG
2019-06-10 23:53:10,042 DEBUG com.ftn.controller.SecurityAdminControler [https-jsse-nio-8092-exec-7] SS
2019-06-10 23:53:18,982 DEBUG com.ftn.controller.SecurityAdminControler [https-jsse-nio-8092-exec-9] CRE_CA
2019-06-10 23:53:35,324 DEBUG com.ftn.controller.SecurityAdminControler [https-jsse-nio-8092-exec-2] SS
2019-06-10 23:53:43,333 DEBUG com.ftn.controller.SecurityAdminControler [https-jsse-nio-8092-exec-3] CRE_CA
2019-06-10 23:53:51,807 DEBUG com.ftn.controller.UserControler [https-jsse-nio-8092-exec-5] LOG
2019-06-10 23:54:06,601 DEBUG com.ftn.controller.SecurityAdminControler [https-jsse-nio-8092-exec-7] CK_COMM
