2019-06-23 12:56:48,666 DEBUG org.springframework.boot.StartupInfoLogger [main] Running with Spring Boot v2.1.0.RELEASE, Spring v5.1.2.RELEASE
2019-06-23 12:56:50,578 DEBUG org.springframework.boot.web.servlet.server.DocumentRoot [main] Code archive: C:\Users\Marin\.m2\repository\org\springframework\boot\spring-boot\2.1.0.RELEASE\spring-boot-2.1.0.RELEASE.jar
2019-06-23 12:56:50,583 DEBUG org.springframework.boot.web.servlet.server.DocumentRoot [main] Code archive: C:\Users\Marin\.m2\repository\org\springframework\boot\spring-boot\2.1.0.RELEASE\spring-boot-2.1.0.RELEASE.jar
2019-06-23 12:56:50,584 DEBUG org.springframework.boot.web.servlet.server.DocumentRoot [main] None of the document roots [src/main/webapp, public, static] point to a directory and will be ignored.
2019-06-23 12:56:53,293 DEBUG org.springframework.web.filter.GenericFilterBean [main] Filter 'authenticationFilter' configured for use
2019-06-23 12:57:18,532 DEBUG com.ftn.controller.UserControler [https-jsse-nio-8092-exec-7] LOG
2019-06-23 12:57:28,712 DEBUG com.ftn.controller.UserControler [https-jsse-nio-8092-exec-8] LOG
2019-06-23 12:57:47,399 DEBUG com.ftn.controller.UserControler [https-jsse-nio-8092-exec-9] LOG
2019-06-23 13:01:03,593 DEBUG org.springframework.boot.StartupInfoLogger [main] Running with Spring Boot v2.1.0.RELEASE, Spring v5.1.2.RELEASE
2019-06-23 13:01:05,140 DEBUG org.springframework.boot.web.servlet.server.DocumentRoot [main] Code archive: C:\Users\Marin\.m2\repository\org\springframework\boot\spring-boot\2.1.0.RELEASE\spring-boot-2.1.0.RELEASE.jar
2019-06-23 13:01:05,140 DEBUG org.springframework.boot.web.servlet.server.DocumentRoot [main] Code archive: C:\Users\Marin\.m2\repository\org\springframework\boot\spring-boot\2.1.0.RELEASE\spring-boot-2.1.0.RELEASE.jar
2019-06-23 13:01:05,141 DEBUG org.springframework.boot.web.servlet.server.DocumentRoot [main] None of the document roots [src/main/webapp, public, static] point to a directory and will be ignored.
2019-06-23 13:01:07,851 DEBUG org.springframework.web.filter.GenericFilterBean [main] Filter 'authenticationFilter' configured for use
2019-06-23 13:01:27,079 DEBUG com.ftn.controller.UserControler [https-jsse-nio-8092-exec-8] LOG
2019-06-23 13:01:33,858 DEBUG com.ftn.controller.SecurityAdminControler [https-jsse-nio-8092-exec-8] SS
2019-06-23 13:01:44,315 DEBUG com.ftn.controller.SecurityAdminControler [https-jsse-nio-8092-exec-10] CRE_CA
2019-06-23 13:07:04,384 DEBUG org.springframework.boot.StartupInfoLogger [main] Running with Spring Boot v2.1.0.RELEASE, Spring v5.1.2.RELEASE
2019-06-23 13:07:06,133 DEBUG org.springframework.boot.web.servlet.server.DocumentRoot [main] Code archive: C:\Users\Marin\.m2\repository\org\springframework\boot\spring-boot\2.1.0.RELEASE\spring-boot-2.1.0.RELEASE.jar
2019-06-23 13:07:06,134 DEBUG org.springframework.boot.web.servlet.server.DocumentRoot [main] Code archive: C:\Users\Marin\.m2\repository\org\springframework\boot\spring-boot\2.1.0.RELEASE\spring-boot-2.1.0.RELEASE.jar
2019-06-23 13:07:06,134 DEBUG org.springframework.boot.web.servlet.server.DocumentRoot [main] None of the document roots [src/main/webapp, public, static] point to a directory and will be ignored.
2019-06-23 13:07:08,767 DEBUG org.springframework.web.filter.GenericFilterBean [main] Filter 'authenticationFilter' configured for use
2019-06-23 13:07:21,122 DEBUG com.ftn.controller.UserControler [https-jsse-nio-8092-exec-6] LOGOUT
2019-06-23 13:07:28,618 DEBUG com.ftn.controller.UserControler [https-jsse-nio-8092-exec-8] LOG
2019-06-23 13:07:30,297 DEBUG com.ftn.controller.SecurityAdminControler [https-jsse-nio-8092-exec-9] SS
2019-06-23 13:07:38,150 DEBUG com.ftn.controller.SecurityAdminControler [https-jsse-nio-8092-exec-1] CRE_CA
2019-06-23 13:10:32,508 DEBUG org.springframework.boot.StartupInfoLogger [main] Running with Spring Boot v2.1.0.RELEASE, Spring v5.1.2.RELEASE
2019-06-23 13:10:34,040 DEBUG org.springframework.boot.web.servlet.server.DocumentRoot [main] Code archive: C:\Users\Marin\.m2\repository\org\springframework\boot\spring-boot\2.1.0.RELEASE\spring-boot-2.1.0.RELEASE.jar
2019-06-23 13:10:34,042 DEBUG org.springframework.boot.web.servlet.server.DocumentRoot [main] Code archive: C:\Users\Marin\.m2\repository\org\springframework\boot\spring-boot\2.1.0.RELEASE\spring-boot-2.1.0.RELEASE.jar
2019-06-23 13:10:34,042 DEBUG org.springframework.boot.web.servlet.server.DocumentRoot [main] None of the document roots [src/main/webapp, public, static] point to a directory and will be ignored.
2019-06-23 13:10:36,913 DEBUG org.springframework.web.filter.GenericFilterBean [main] Filter 'authenticationFilter' configured for use
2019-06-23 13:10:53,443 DEBUG com.ftn.controller.UserControler [https-jsse-nio-8092-exec-6] LOG
2019-06-23 13:21:37,790 DEBUG org.springframework.boot.StartupInfoLogger [main] Running with Spring Boot v2.1.0.RELEASE, Spring v5.1.2.RELEASE
2019-06-23 13:21:39,485 DEBUG org.springframework.boot.web.servlet.server.DocumentRoot [main] Code archive: C:\Users\Marin\.m2\repository\org\springframework\boot\spring-boot\2.1.0.RELEASE\spring-boot-2.1.0.RELEASE.jar
2019-06-23 13:21:39,485 DEBUG org.springframework.boot.web.servlet.server.DocumentRoot [main] Code archive: C:\Users\Marin\.m2\repository\org\springframework\boot\spring-boot\2.1.0.RELEASE\spring-boot-2.1.0.RELEASE.jar
2019-06-23 13:21:39,485 DEBUG org.springframework.boot.web.servlet.server.DocumentRoot [main] None of the document roots [src/main/webapp, public, static] point to a directory and will be ignored.
2019-06-23 13:21:42,054 DEBUG org.springframework.web.filter.GenericFilterBean [main] Filter 'authenticationFilter' configured for use
2019-06-23 13:25:13,230 DEBUG org.springframework.boot.StartupInfoLogger [main] Running with Spring Boot v2.1.0.RELEASE, Spring v5.1.2.RELEASE
2019-06-23 13:25:14,910 DEBUG org.springframework.boot.web.servlet.server.DocumentRoot [main] Code archive: C:\Users\Marin\.m2\repository\org\springframework\boot\spring-boot\2.1.0.RELEASE\spring-boot-2.1.0.RELEASE.jar
2019-06-23 13:25:14,910 DEBUG org.springframework.boot.web.servlet.server.DocumentRoot [main] Code archive: C:\Users\Marin\.m2\repository\org\springframework\boot\spring-boot\2.1.0.RELEASE\spring-boot-2.1.0.RELEASE.jar
2019-06-23 13:25:14,910 DEBUG org.springframework.boot.web.servlet.server.DocumentRoot [main] None of the document roots [src/main/webapp, public, static] point to a directory and will be ignored.
2019-06-23 13:25:17,472 DEBUG org.springframework.web.filter.GenericFilterBean [main] Filter 'authenticationFilter' configured for use
2019-06-23 13:26:02,870 DEBUG org.springframework.boot.StartupInfoLogger [main] Running with Spring Boot v2.1.0.RELEASE, Spring v5.1.2.RELEASE
2019-06-23 13:26:04,361 DEBUG org.springframework.boot.web.servlet.server.DocumentRoot [main] Code archive: C:\Users\Marin\.m2\repository\org\springframework\boot\spring-boot\2.1.0.RELEASE\spring-boot-2.1.0.RELEASE.jar
2019-06-23 13:26:04,361 DEBUG org.springframework.boot.web.servlet.server.DocumentRoot [main] Code archive: C:\Users\Marin\.m2\repository\org\springframework\boot\spring-boot\2.1.0.RELEASE\spring-boot-2.1.0.RELEASE.jar
2019-06-23 13:26:04,361 DEBUG org.springframework.boot.web.servlet.server.DocumentRoot [main] None of the document roots [src/main/webapp, public, static] point to a directory and will be ignored.
2019-06-23 13:26:06,859 DEBUG org.springframework.web.filter.GenericFilterBean [main] Filter 'authenticationFilter' configured for use
2019-06-23 13:26:24,747 DEBUG com.ftn.controller.UserControler [https-jsse-nio-8092-exec-7] LOG
2019-06-23 13:26:32,598 DEBUG com.ftn.controller.UserControler [https-jsse-nio-8092-exec-1] LOGOUT
2019-06-23 13:32:34,463 DEBUG com.ftn.controller.UserControler [https-jsse-nio-8092-exec-1] LOG
2019-06-23 13:32:35,824 DEBUG com.ftn.controller.SecurityAdminControler [https-jsse-nio-8092-exec-10] SS
2019-06-23 13:32:43,254 DEBUG com.ftn.controller.SecurityAdminControler [https-jsse-nio-8092-exec-5] CRE_CA
2019-06-23 19:51:16,286 DEBUG org.springframework.boot.StartupInfoLogger [main] Running with Spring Boot v2.1.0.RELEASE, Spring v5.1.2.RELEASE
2019-06-23 19:51:18,066 DEBUG org.springframework.boot.web.servlet.server.DocumentRoot [main] Code archive: C:\Users\Marin\.m2\repository\org\springframework\boot\spring-boot\2.1.0.RELEASE\spring-boot-2.1.0.RELEASE.jar
2019-06-23 19:51:18,067 DEBUG org.springframework.boot.web.servlet.server.DocumentRoot [main] Code archive: C:\Users\Marin\.m2\repository\org\springframework\boot\spring-boot\2.1.0.RELEASE\spring-boot-2.1.0.RELEASE.jar
2019-06-23 19:51:18,067 DEBUG org.springframework.boot.web.servlet.server.DocumentRoot [main] None of the document roots [src/main/webapp, public, static] point to a directory and will be ignored.
2019-06-23 19:51:21,138 DEBUG org.springframework.web.filter.GenericFilterBean [main] Filter 'authenticationFilter' configured for use
