2019-06-10 00:23:22,850 INFO com.ftn.controller.SecurityAdminControler [https-jsse-nio-8092-exec-5] GET_SS
2019-06-10 23:26:39,870 INFO org.springframework.boot.StartupInfoLogger [main] Starting SecurityBack on DESKTOP-F3G1DCA with PID 2856 (started by Borx in F:\FTN\IV godina\Drugi Semestar\PROJEKTI\XML-Bezbednost PROJECT\securityBack)
2019-06-10 23:26:39,898 INFO org.springframework.boot.SpringApplication [main] No active profile set, falling back to default profiles: default
2019-06-10 23:26:57,952 INFO org.springframework.boot.StartupInfoLogger [main] Started SecurityBack in 19.313 seconds (JVM running for 20.475)
2019-06-10 23:34:42,680 INFO org.springframework.boot.StartupInfoLogger [main] Starting SecurityBack on DESKTOP-F3G1DCA with PID 13812 (started by Borx in F:\FTN\IV godina\Drugi Semestar\PROJEKTI\XML-Bezbednost PROJECT\securityBack)
2019-06-10 23:34:42,685 INFO org.springframework.boot.SpringApplication [main] No active profile set, falling back to default profiles: default
2019-06-10 23:34:55,651 INFO org.springframework.boot.StartupInfoLogger [main] Started SecurityBack in 13.294 seconds (JVM running for 14.151)
2019-06-10 23:38:02,676 INFO com.ftn.controller.UserControler [https-jsse-nio-8092-exec-7] SECURITY_EVENT user id:8 LOG_SUC ,ip 0:0:0:0:0:0:0:1
2019-06-10 23:38:02,687 INFO com.ftn.controller.UserControler [https-jsse-nio-8092-exec-7] NEPOR_EVENT user id:8 LOG_SUC, ip 0:0:0:0:0:0:0:1
2019-06-10 23:38:04,238 INFO com.ftn.controller.SecurityAdminControler [https-jsse-nio-8092-exec-9] SS_SUC
2019-06-10 23:38:15,426 INFO com.ftn.controller.SecurityAdminControler [https-jsse-nio-8092-exec-1] SECURITY_EVENT 5 CRE_CA id: 4 
2019-06-10 23:38:15,426 INFO com.ftn.controller.SecurityAdminControler [https-jsse-nio-8092-exec-1] NEPOR_EVENT5 CRE_CA id:4 
2019-06-10 23:38:15,759 INFO com.ftn.controller.SecurityAdminControler [https-jsse-nio-8092-exec-1] CRE_CA_SUC
2019-06-10 23:38:15,897 INFO com.ftn.controller.SecurityAdminControler [https-jsse-nio-8092-exec-1] GET_CA
2019-06-10 23:38:15,918 INFO com.ftn.controller.SecurityAdminControler [https-jsse-nio-8092-exec-1] NEPOR_EVENT user MTRoot@gmail.com CA 
2019-06-10 23:38:15,925 INFO com.ftn.controller.SecurityAdminControler [https-jsse-nio-8092-exec-3] GET_ACA
2019-06-10 23:38:23,876 INFO com.ftn.controller.SecurityAdminControler [https-jsse-nio-8092-exec-4] SS_SUC
2019-06-10 23:38:35,958 INFO com.ftn.controller.SecurityAdminControler [https-jsse-nio-8092-exec-5] SECURITY_EVENT 7 CRE_CA id: 4 
2019-06-10 23:38:35,958 INFO com.ftn.controller.SecurityAdminControler [https-jsse-nio-8092-exec-5] NEPOR_EVENT7 CRE_CA id:4 
2019-06-10 23:38:36,273 INFO com.ftn.controller.SecurityAdminControler [https-jsse-nio-8092-exec-5] CRE_CA_SUC
2019-06-10 23:38:36,368 INFO com.ftn.controller.SecurityAdminControler [https-jsse-nio-8092-exec-2] GET_CA
2019-06-10 23:38:36,369 INFO com.ftn.controller.SecurityAdminControler [https-jsse-nio-8092-exec-6] GET_ACA
2019-06-10 23:38:36,383 INFO com.ftn.controller.SecurityAdminControler [https-jsse-nio-8092-exec-2] NEPOR_EVENT user MTRoot@gmail.com CA 
2019-06-10 23:39:00,376 INFO com.ftn.controller.UserControler [https-jsse-nio-8092-exec-10] SECURITY_EVENT user id:11 LOG_SUC ,ip 0:0:0:0:0:0:0:1
2019-06-10 23:39:00,376 INFO com.ftn.controller.UserControler [https-jsse-nio-8092-exec-10] NEPOR_EVENT user id:11 LOG_SUC, ip 0:0:0:0:0:0:0:1
2019-06-10 23:39:06,603 INFO com.ftn.controller.SecurityAdminControler [https-jsse-nio-8092-exec-1] GET_SS
2019-06-10 23:40:43,929 INFO org.springframework.boot.StartupInfoLogger [main] Starting SecurityBack on DESKTOP-F3G1DCA with PID 5812 (started by Borx in F:\FTN\IV godina\Drugi Semestar\PROJEKTI\XML-Bezbednost PROJECT\securityBack)
2019-06-10 23:40:43,937 INFO org.springframework.boot.SpringApplication [main] No active profile set, falling back to default profiles: default
2019-06-10 23:40:57,216 INFO org.springframework.boot.StartupInfoLogger [main] Started SecurityBack in 13.616 seconds (JVM running for 14.486)
2019-06-10 23:42:43,006 INFO com.ftn.controller.UserControler [https-jsse-nio-8092-exec-6] SECURITY_EVENT user id:8 LOG_SUC ,ip 0:0:0:0:0:0:0:1
2019-06-10 23:42:43,006 INFO com.ftn.controller.UserControler [https-jsse-nio-8092-exec-6] NEPOR_EVENT user id:8 LOG_SUC, ip 0:0:0:0:0:0:0:1
2019-06-10 23:42:44,515 INFO com.ftn.controller.SecurityAdminControler [https-jsse-nio-8092-exec-7] SS_SUC
2019-06-10 23:42:56,673 INFO com.ftn.controller.SecurityAdminControler [https-jsse-nio-8092-exec-9] SECURITY_EVENT 5 CRE_CA id: 4 
2019-06-10 23:42:56,674 INFO com.ftn.controller.SecurityAdminControler [https-jsse-nio-8092-exec-9] NEPOR_EVENT5 CRE_CA id:4 
2019-06-10 23:42:56,969 INFO com.ftn.controller.SecurityAdminControler [https-jsse-nio-8092-exec-9] CRE_CA_SUC
2019-06-10 23:42:57,081 INFO com.ftn.controller.SecurityAdminControler [https-jsse-nio-8092-exec-9] GET_CA
2019-06-10 23:42:57,082 INFO com.ftn.controller.SecurityAdminControler [https-jsse-nio-8092-exec-1] GET_ACA
2019-06-10 23:42:57,103 INFO com.ftn.controller.SecurityAdminControler [https-jsse-nio-8092-exec-9] NEPOR_EVENT user MTRoot@gmail.com CA 
2019-06-10 23:43:08,311 INFO com.ftn.controller.SecurityAdminControler [https-jsse-nio-8092-exec-2] SS_SUC
2019-06-10 23:43:18,217 INFO com.ftn.controller.SecurityAdminControler [https-jsse-nio-8092-exec-3] SECURITY_EVENT 7 CRE_CA id: 4 
2019-06-10 23:43:18,217 INFO com.ftn.controller.SecurityAdminControler [https-jsse-nio-8092-exec-3] NEPOR_EVENT7 CRE_CA id:4 
2019-06-10 23:43:18,555 INFO com.ftn.controller.SecurityAdminControler [https-jsse-nio-8092-exec-3] CRE_CA_SUC
2019-06-10 23:43:18,657 INFO com.ftn.controller.SecurityAdminControler [https-jsse-nio-8092-exec-10] GET_CA
2019-06-10 23:43:18,657 INFO com.ftn.controller.SecurityAdminControler [https-jsse-nio-8092-exec-4] GET_ACA
2019-06-10 23:43:18,676 INFO com.ftn.controller.SecurityAdminControler [https-jsse-nio-8092-exec-10] NEPOR_EVENT user MTRoot@gmail.com CA 
2019-06-10 23:43:32,376 INFO com.ftn.controller.UserControler [https-jsse-nio-8092-exec-7] SECURITY_EVENT user id:11 LOG_SUC ,ip 0:0:0:0:0:0:0:1
2019-06-10 23:43:32,376 INFO com.ftn.controller.UserControler [https-jsse-nio-8092-exec-7] NEPOR_EVENT user id:11 LOG_SUC, ip 0:0:0:0:0:0:0:1
2019-06-10 23:43:38,955 INFO com.ftn.controller.SecurityAdminControler [https-jsse-nio-8092-exec-8] GET_SS
2019-06-10 23:43:43,721 INFO com.ftn.controller.SecurityAdminControler [https-jsse-nio-8092-exec-1] CK_SUC
2019-06-10 23:43:43,722 INFO com.ftn.controller.SecurityAdminControler [https-jsse-nio-8092-exec-1] NEPOR_EVENT , COMM_SUC between 7 and 5
2019-06-10 23:46:26,936 INFO org.springframework.boot.StartupInfoLogger [main] Starting SecurityBack on DESKTOP-F3G1DCA with PID 1432 (started by Borx in F:\FTN\IV godina\Drugi Semestar\PROJEKTI\XML-Bezbednost PROJECT\securityBack)
2019-06-10 23:46:26,946 INFO org.springframework.boot.SpringApplication [main] No active profile set, falling back to default profiles: default
2019-06-10 23:46:41,066 INFO org.springframework.boot.StartupInfoLogger [main] Started SecurityBack in 14.46 seconds (JVM running for 15.302)
2019-06-10 23:48:13,441 INFO com.ftn.controller.SecurityAdminControler [https-jsse-nio-8092-exec-6] GET_SS
2019-06-10 23:48:34,117 INFO com.ftn.controller.UserControler [https-jsse-nio-8092-exec-8] SECURITY_EVENT user id:8 LOG_SUC ,ip 0:0:0:0:0:0:0:1
2019-06-10 23:48:34,117 INFO com.ftn.controller.UserControler [https-jsse-nio-8092-exec-8] NEPOR_EVENT user id:8 LOG_SUC, ip 0:0:0:0:0:0:0:1
2019-06-10 23:48:35,594 INFO com.ftn.controller.SecurityAdminControler [https-jsse-nio-8092-exec-10] SS_SUC
2019-06-10 23:48:44,727 INFO com.ftn.controller.SecurityAdminControler [https-jsse-nio-8092-exec-2] SECURITY_EVENT 5 CRE_CA id: 4 
2019-06-10 23:48:44,727 INFO com.ftn.controller.SecurityAdminControler [https-jsse-nio-8092-exec-2] NEPOR_EVENT5 CRE_CA id:4 
2019-06-10 23:48:45,046 INFO com.ftn.controller.SecurityAdminControler [https-jsse-nio-8092-exec-2] CRE_CA_SUC
2019-06-10 23:48:45,185 INFO com.ftn.controller.SecurityAdminControler [https-jsse-nio-8092-exec-2] GET_CA
2019-06-10 23:48:45,186 INFO com.ftn.controller.SecurityAdminControler [https-jsse-nio-8092-exec-4] GET_ACA
2019-06-10 23:48:45,207 INFO com.ftn.controller.SecurityAdminControler [https-jsse-nio-8092-exec-2] NEPOR_EVENT user MTRoot@gmail.com CA 
2019-06-10 23:48:49,570 INFO com.ftn.controller.SecurityAdminControler [https-jsse-nio-8092-exec-5] SS_SUC
2019-06-10 23:49:02,407 INFO com.ftn.controller.SecurityAdminControler [https-jsse-nio-8092-exec-6] SECURITY_EVENT 7 CRE_CA id: 4 
2019-06-10 23:49:02,407 INFO com.ftn.controller.SecurityAdminControler [https-jsse-nio-8092-exec-6] NEPOR_EVENT7 CRE_CA id:4 
2019-06-10 23:49:02,706 INFO com.ftn.controller.SecurityAdminControler [https-jsse-nio-8092-exec-6] CRE_CA_SUC
2019-06-10 23:49:02,808 INFO com.ftn.controller.SecurityAdminControler [https-jsse-nio-8092-exec-3] GET_CA
2019-06-10 23:49:02,810 INFO com.ftn.controller.SecurityAdminControler [https-jsse-nio-8092-exec-7] GET_ACA
2019-06-10 23:49:02,823 INFO com.ftn.controller.SecurityAdminControler [https-jsse-nio-8092-exec-3] NEPOR_EVENT user MTRoot@gmail.com CA 
2019-06-10 23:49:20,139 INFO com.ftn.controller.UserControler [https-jsse-nio-8092-exec-8] SECURITY_EVENT user id:11 LOG_SUC ,ip 0:0:0:0:0:0:0:1
2019-06-10 23:49:20,140 INFO com.ftn.controller.UserControler [https-jsse-nio-8092-exec-8] NEPOR_EVENT user id:11 LOG_SUC, ip 0:0:0:0:0:0:0:1
2019-06-10 23:49:26,800 INFO com.ftn.controller.SecurityAdminControler [https-jsse-nio-8092-exec-1] GET_SS
2019-06-10 23:49:30,056 INFO com.ftn.controller.SecurityAdminControler [https-jsse-nio-8092-exec-4] CK_SUC
2019-06-10 23:49:30,057 INFO com.ftn.controller.SecurityAdminControler [https-jsse-nio-8092-exec-4] NEPOR_EVENT , COMM_SUC between 7 and 5
2019-06-10 23:52:07,566 INFO org.springframework.boot.StartupInfoLogger [main] Starting SecurityBack on DESKTOP-F3G1DCA with PID 11204 (started by Borx in F:\FTN\IV godina\Drugi Semestar\PROJEKTI\XML-Bezbednost PROJECT\securityBack)
2019-06-10 23:52:07,576 INFO org.springframework.boot.SpringApplication [main] No active profile set, falling back to default profiles: default
2019-06-10 23:52:18,632 INFO org.springframework.boot.StartupInfoLogger [main] Started SecurityBack in 11.392 seconds (JVM running for 12.306)
2019-06-10 23:53:08,307 INFO com.ftn.controller.UserControler [https-jsse-nio-8092-exec-6] SECURITY_EVENT user id:8 LOG_SUC ,ip 0:0:0:0:0:0:0:1
2019-06-10 23:53:08,307 INFO com.ftn.controller.UserControler [https-jsse-nio-8092-exec-6] NEPOR_EVENT user id:8 LOG_SUC, ip 0:0:0:0:0:0:0:1
2019-06-10 23:53:10,053 INFO com.ftn.controller.SecurityAdminControler [https-jsse-nio-8092-exec-7] SS_SUC
2019-06-10 23:53:19,891 INFO com.ftn.controller.SecurityAdminControler [https-jsse-nio-8092-exec-9] SECURITY_EVENT 5 CRE_CA id: 4 
2019-06-10 23:53:19,891 INFO com.ftn.controller.SecurityAdminControler [https-jsse-nio-8092-exec-9] NEPOR_EVENT5 CRE_CA id:4 
2019-06-10 23:53:20,204 INFO com.ftn.controller.SecurityAdminControler [https-jsse-nio-8092-exec-9] CRE_CA_SUC
2019-06-10 23:53:20,320 INFO com.ftn.controller.SecurityAdminControler [https-jsse-nio-8092-exec-9] GET_CA
2019-06-10 23:53:20,325 INFO com.ftn.controller.SecurityAdminControler [https-jsse-nio-8092-exec-1] GET_ACA
2019-06-10 23:53:20,341 INFO com.ftn.controller.SecurityAdminControler [https-jsse-nio-8092-exec-9] NEPOR_EVENT user MTRoot@gmail.com CA 
2019-06-10 23:53:35,330 INFO com.ftn.controller.SecurityAdminControler [https-jsse-nio-8092-exec-2] SS_SUC
2019-06-10 23:53:44,240 INFO com.ftn.controller.SecurityAdminControler [https-jsse-nio-8092-exec-3] SECURITY_EVENT 7 CRE_CA id: 4 
2019-06-10 23:53:44,241 INFO com.ftn.controller.SecurityAdminControler [https-jsse-nio-8092-exec-3] NEPOR_EVENT7 CRE_CA id:4 
2019-06-10 23:53:44,559 INFO com.ftn.controller.SecurityAdminControler [https-jsse-nio-8092-exec-3] CRE_CA_SUC
2019-06-10 23:53:44,664 INFO com.ftn.controller.SecurityAdminControler [https-jsse-nio-8092-exec-4] GET_CA
2019-06-10 23:53:44,665 INFO com.ftn.controller.SecurityAdminControler [https-jsse-nio-8092-exec-10] GET_ACA
2019-06-10 23:53:44,679 INFO com.ftn.controller.SecurityAdminControler [https-jsse-nio-8092-exec-4] NEPOR_EVENT user MTRoot@gmail.com CA 
2019-06-10 23:53:52,027 INFO com.ftn.controller.UserControler [https-jsse-nio-8092-exec-5] SECURITY_EVENT user id:11 LOG_SUC ,ip 0:0:0:0:0:0:0:1
2019-06-10 23:53:52,027 INFO com.ftn.controller.UserControler [https-jsse-nio-8092-exec-5] NEPOR_EVENT user id:11 LOG_SUC, ip 0:0:0:0:0:0:0:1
2019-06-10 23:54:00,696 INFO com.ftn.controller.SecurityAdminControler [https-jsse-nio-8092-exec-6] GET_SS
2019-06-10 23:54:06,616 INFO com.ftn.controller.SecurityAdminControler [https-jsse-nio-8092-exec-7] CK_SUC
2019-06-10 23:54:06,616 INFO com.ftn.controller.SecurityAdminControler [https-jsse-nio-8092-exec-7] NEPOR_EVENT , COMM_SUC between 7 and 5
