2019-06-28 20:22:11,054 INFO org.springframework.boot.StartupInfoLogger [main] Starting SecurityBack on Probook450G2 with PID 16788 (D:\ILINKA\projekatBez4\Bezbednost-XML\securityBack\target\classes started by Milan in D:\ILINKA\projekatBez4\Bezbednost-XML\securityBack)
2019-06-28 20:22:11,068 INFO org.springframework.boot.SpringApplication [main] No active profile set, falling back to default profiles: default
2019-06-28 20:22:33,207 INFO org.springframework.boot.StartupInfoLogger [main] Started SecurityBack in 23.716 seconds (JVM running for 25.48)
2019-06-28 20:25:49,293 INFO com.ftn.controller.UserControler [https-jsse-nio-8092-exec-3] SECURITY_EVENT User id:1 LOGSUCCESS 
2019-06-28 20:25:49,295 INFO com.ftn.controller.UserControler [https-jsse-nio-8092-exec-3] NEPOR_EVENT User id:1 LOGSUCCESS
2019-06-28 20:25:51,385 INFO com.ftn.controller.UserControler [https-jsse-nio-8092-exec-5] User id:1 LOGEDUSER
2019-06-28 20:27:01,827 INFO org.springframework.boot.StartupInfoLogger [main] Starting SecurityBack on Probook450G2 with PID 7896 (D:\ILINKA\projekatBez4\Bezbednost-XML\securityBack\target\classes started by Milan in D:\ILINKA\projekatBez4\Bezbednost-XML\securityBack)
2019-06-28 20:27:01,854 INFO org.springframework.boot.SpringApplication [main] No active profile set, falling back to default profiles: default
2019-06-28 20:27:18,668 INFO org.springframework.boot.StartupInfoLogger [main] Started SecurityBack in 18.464 seconds (JVM running for 20.701)
2019-06-28 20:27:46,823 INFO com.ftn.controller.UserControler [https-jsse-nio-8092-exec-6] SECURITY_EVENT User id:1 LOGSUCCESS 
2019-06-28 20:27:46,825 INFO com.ftn.controller.UserControler [https-jsse-nio-8092-exec-6] NEPOR_EVENT User id:1 LOGSUCCESS
2019-06-28 20:27:48,613 INFO com.ftn.controller.SecurityAdminControler [https-jsse-nio-8092-exec-2] GETCA
2019-06-28 20:27:48,615 INFO com.ftn.controller.SecurityAdminControler [https-jsse-nio-8092-exec-3] GETACA
2019-06-28 20:27:48,633 INFO com.ftn.controller.UserControler [https-jsse-nio-8092-exec-1] User id:1 LOGEDUSER
2019-06-28 20:27:48,786 INFO com.ftn.controller.SecurityAdminControler [https-jsse-nio-8092-exec-2] NEPOR_EVENT CASUCCESS 
2019-06-28 20:27:53,763 INFO com.ftn.controller.SecurityAdminControler [https-jsse-nio-8092-exec-5] SSSUCCCESS
2019-06-28 20:28:02,368 INFO com.ftn.controller.SecurityAdminControler [https-jsse-nio-8092-exec-9] User id: 1 CREACA
2019-06-28 20:28:03,948 INFO com.ftn.controller.SecurityAdminControler [https-jsse-nio-8092-exec-9] SECURITY_EVENT User id:1 CREACASUCCESS 
2019-06-28 20:28:03,950 INFO com.ftn.controller.SecurityAdminControler [https-jsse-nio-8092-exec-9] NEPOR_EVENT User id:1  CREASUCCESS
2019-06-28 20:28:04,317 INFO com.ftn.controller.SecurityAdminControler [https-jsse-nio-8092-exec-9] CRECASUCCESS
2019-06-28 20:28:04,512 INFO com.ftn.controller.SecurityAdminControler [https-jsse-nio-8092-exec-8] GETCA
2019-06-28 20:28:04,515 INFO com.ftn.controller.UserControler [https-jsse-nio-8092-exec-7] User id:1 LOGEDUSER
2019-06-28 20:28:04,554 INFO com.ftn.controller.SecurityAdminControler [https-jsse-nio-8092-exec-8] NEPOR_EVENT CASUCCESS 
2019-06-28 20:28:04,590 INFO com.ftn.controller.SecurityAdminControler [https-jsse-nio-8092-exec-10] GETACA
2019-06-28 20:28:49,588 INFO com.ftn.controller.SecurityAdminControler [https-jsse-nio-8092-exec-2] GETCA
2019-06-28 20:28:49,602 INFO com.ftn.controller.SecurityAdminControler [https-jsse-nio-8092-exec-3] GETACA
2019-06-28 20:28:49,612 INFO com.ftn.controller.SecurityAdminControler [https-jsse-nio-8092-exec-2] NEPOR_EVENT CASUCCESS 
2019-06-28 20:28:49,620 INFO com.ftn.controller.UserControler [https-jsse-nio-8092-exec-1] User id:1 LOGEDUSER
2019-06-28 20:29:23,662 INFO com.ftn.controller.UserControler [https-jsse-nio-8092-exec-6] SECURITY_EVENT User id:2 LOGSUCCESS 
2019-06-28 20:29:23,663 INFO com.ftn.controller.UserControler [https-jsse-nio-8092-exec-6] NEPOR_EVENT User id:2 LOGSUCCESS
2019-06-28 20:29:25,171 INFO com.ftn.controller.SecurityAdminControler [https-jsse-nio-8092-exec-9] SSSUCCCESS
2019-06-28 20:29:31,157 INFO com.ftn.controller.SecurityAdminControler [https-jsse-nio-8092-exec-7] User id: 2 CREACA
2019-06-28 20:29:32,341 INFO com.ftn.controller.SecurityAdminControler [https-jsse-nio-8092-exec-7] SECURITY_EVENT User id: 2  CREACASUCCESS
2019-06-28 20:29:32,344 INFO com.ftn.controller.SecurityAdminControler [https-jsse-nio-8092-exec-7] NEPOR_EVENT User id:2  CREACASUCCESS
2019-06-28 20:29:32,825 INFO com.ftn.controller.SecurityAdminControler [https-jsse-nio-8092-exec-7] CRECASUCESS
2019-06-28 20:29:33,102 INFO com.ftn.controller.SecurityAdminControler [https-jsse-nio-8092-exec-5] GETACA
2019-06-28 20:29:33,119 INFO com.ftn.controller.SecurityAdminControler [https-jsse-nio-8092-exec-4] GETCA
2019-06-28 20:29:33,143 INFO com.ftn.controller.SecurityAdminControler [https-jsse-nio-8092-exec-4] NEPOR_EVENT CASUCCESS 
2019-06-28 20:29:33,204 INFO com.ftn.controller.UserControler [https-jsse-nio-8092-exec-3] User id:2 LOGEDUSER
2019-06-28 20:29:51,235 INFO com.ftn.controller.UserControler [https-jsse-nio-8092-exec-9] SECURITY_EVENT User id:1 LOGSUCCESS 
2019-06-28 20:29:51,236 INFO com.ftn.controller.UserControler [https-jsse-nio-8092-exec-9] NEPOR_EVENT User id:1 LOGSUCCESS
2019-06-28 20:29:52,738 INFO com.ftn.controller.UserControler [https-jsse-nio-8092-exec-1] User id:1 LOGEDUSER
2019-06-28 20:29:52,788 INFO com.ftn.controller.SecurityAdminControler [https-jsse-nio-8092-exec-2] GETCA
2019-06-28 20:29:52,790 INFO com.ftn.controller.SecurityAdminControler [https-jsse-nio-8092-exec-5] GETACA
2019-06-28 20:29:52,812 INFO com.ftn.controller.SecurityAdminControler [https-jsse-nio-8092-exec-2] NEPOR_EVENT CASUCCESS 
2019-06-28 20:30:00,062 INFO com.ftn.controller.SecurityAdminControler [https-jsse-nio-8092-exec-3] User id: "eyJhbGciOiJIUzUxMiJ9.eyJzdWIiOiIxIiwiZXhwIjoxNTYxNzY0NTkxLCJhdXRob3JpdGllcyI6WyJERUxFVEUiLCJDUkVBVEVfQ0VSVCIsIlJFQURfU1VCX1NPRlQiLCJSRUFEX0NFUlQiLCJSRUFEX0FMTENFUlQiLCJSRVZPS0VfQ0VSVCJdLCJ1c2VybmFtZSI6Ik1UUm9vdEBnbWFpbC5jb20ifQ.QchvoPkzXxPoKmpWq_dFNqpttIQk4kQvswRElEzvs7Fibe6uvzg5EWkxUv29BTly1dapi4fZJNTfOCsSjB484Q"  REVCA
2019-06-28 20:30:04,592 INFO com.ftn.controller.UserControler [https-jsse-nio-8092-exec-6] User id:1 LOGEDUSER
2019-06-28 20:30:04,601 INFO com.ftn.controller.SecurityAdminControler [https-jsse-nio-8092-exec-9] GETCA
2019-06-28 20:30:04,606 INFO com.ftn.controller.SecurityAdminControler [https-jsse-nio-8092-exec-8] GETACA
2019-06-28 20:30:04,621 INFO com.ftn.controller.SecurityAdminControler [https-jsse-nio-8092-exec-9] NEPOR_EVENT CASUCCESS 
2019-06-28 20:30:12,924 INFO com.ftn.controller.SecurityAdminControler [https-jsse-nio-8092-exec-10] GETACA
2019-06-28 20:31:00,818 INFO com.ftn.controller.SecurityAdminControler [https-jsse-nio-8092-exec-2] GETACA
2019-06-28 20:31:00,818 INFO com.ftn.controller.SecurityAdminControler [https-jsse-nio-8092-exec-5] GETCA
2019-06-28 20:31:00,841 INFO com.ftn.controller.UserControler [https-jsse-nio-8092-exec-1] User id:1 LOGEDUSER
2019-06-28 20:31:00,853 INFO com.ftn.controller.SecurityAdminControler [https-jsse-nio-8092-exec-5] NEPOR_EVENT CASUCCESS 
2019-06-28 20:31:06,653 INFO com.ftn.controller.SecurityAdminControler [https-jsse-nio-8092-exec-4] SSSUCCCESS
