2019-06-04 00:25:42,845 INFO com.ftn.controller.UserControler [https-jsse-nio-8092-exec-9] SECURITY_EVENT user id:8 LOG_SUC ,ip 0:0:0:0:0:0:0:1
2019-06-04 00:25:42,852 INFO com.ftn.controller.UserControler [https-jsse-nio-8092-exec-9] NEPOR_EVENT user id:8 LOG_SUC, ip 0:0:0:0:0:0:0:1
2019-06-04 00:25:44,183 INFO com.ftn.controller.SecurityAdminControler [https-jsse-nio-8092-exec-8] GET_CA
2019-06-04 00:25:44,183 INFO com.ftn.controller.SecurityAdminControler [https-jsse-nio-8092-exec-9] GET_ACA
2019-06-04 00:25:44,229 INFO com.ftn.controller.SecurityAdminControler [https-jsse-nio-8092-exec-8] NEPOR_EVENT user MTRoot@gmail.com CA 
2019-06-04 00:29:07,909 INFO com.ftn.controller.SecurityAdminControler [https-jsse-nio-8092-exec-5] GET_CA
2019-06-04 00:29:07,909 INFO com.ftn.controller.SecurityAdminControler [https-jsse-nio-8092-exec-6] GET_ACA
2019-06-04 00:29:07,923 INFO com.ftn.controller.SecurityAdminControler [https-jsse-nio-8092-exec-5] NEPOR_EVENT user MTRoot@gmail.com CA 
2019-06-04 00:29:18,942 INFO com.ftn.controller.SecurityAdminControler [https-jsse-nio-8092-exec-4] GET_CA
2019-06-04 00:29:18,943 INFO com.ftn.controller.SecurityAdminControler [https-jsse-nio-8092-exec-8] GET_ACA
2019-06-04 00:29:18,955 INFO com.ftn.controller.SecurityAdminControler [https-jsse-nio-8092-exec-4] NEPOR_EVENT user MTRoot@gmail.com CA 
2019-06-04 00:29:43,260 INFO com.ftn.controller.SecurityAdminControler [https-jsse-nio-8092-exec-2] GET_CA
2019-06-04 00:29:43,261 INFO com.ftn.controller.SecurityAdminControler [https-jsse-nio-8092-exec-1] GET_ACA
2019-06-04 00:29:43,273 INFO com.ftn.controller.SecurityAdminControler [https-jsse-nio-8092-exec-2] NEPOR_EVENT user MTRoot@gmail.com CA 
2019-06-04 00:33:31,697 INFO org.springframework.boot.StartupInfoLogger [main] Starting SecurityBack on DESKTOP-9D5EIMP with PID 10944 (D:\Marin\BEZBProj\Bezbednost-XML\securityBack\target\classes started by Marin in D:\Marin\BEZBProj\Bezbednost-XML\securityBack)
2019-06-04 00:33:31,703 INFO org.springframework.boot.SpringApplication [main] No active profile set, falling back to default profiles: default
2019-06-04 00:33:37,481 INFO org.springframework.boot.StartupInfoLogger [main] Started SecurityBack in 6.219 seconds (JVM running for 7.178)
2019-06-04 00:33:54,064 INFO com.ftn.controller.UserControler [https-jsse-nio-8092-exec-7] SECURITY_EVENT user id:8 LOG_SUC ,ip 0:0:0:0:0:0:0:1
2019-06-04 00:33:54,065 INFO com.ftn.controller.UserControler [https-jsse-nio-8092-exec-7] NEPOR_EVENT user id:8 LOG_SUC, ip 0:0:0:0:0:0:0:1
2019-06-04 00:33:55,646 INFO com.ftn.controller.SecurityAdminControler [https-jsse-nio-8092-exec-7] GET_ACA
2019-06-04 00:33:55,646 INFO com.ftn.controller.SecurityAdminControler [https-jsse-nio-8092-exec-6] GET_CA
2019-06-04 00:33:55,686 INFO com.ftn.controller.SecurityAdminControler [https-jsse-nio-8092-exec-6] NEPOR_EVENT user MTRoot@gmail.com CA 
2019-06-04 00:34:07,602 INFO com.ftn.controller.SecurityAdminControler [https-jsse-nio-8092-exec-10] GET_ACA
2019-06-04 00:34:11,324 INFO com.ftn.controller.SecurityAdminControler [https-jsse-nio-8092-exec-1] GET_CA
2019-06-04 00:34:11,327 INFO com.ftn.controller.SecurityAdminControler [https-jsse-nio-8092-exec-2] GET_ACA
2019-06-04 00:34:11,338 INFO com.ftn.controller.SecurityAdminControler [https-jsse-nio-8092-exec-1] NEPOR_EVENT user MTRoot@gmail.com CA 
2019-06-04 18:20:38,885 INFO org.springframework.boot.StartupInfoLogger [main] Starting SecurityBack on DESKTOP-9D5EIMP with PID 10892 (D:\Marin\BEZBProj\Bezbednost-XML\securityBack\target\classes started by Marin in D:\Marin\BEZBProj\Bezbednost-XML\securityBack)
2019-06-04 18:20:38,892 INFO org.springframework.boot.SpringApplication [main] No active profile set, falling back to default profiles: default
2019-06-04 18:20:45,070 INFO org.springframework.boot.StartupInfoLogger [main] Started SecurityBack in 6.642 seconds (JVM running for 7.686)
2019-06-04 18:23:12,156 INFO com.ftn.controller.UserControler [https-jsse-nio-8092-exec-7] SECURITY_EVENT user id:9 LOG_SUC ,ip 0:0:0:0:0:0:0:1
2019-06-04 18:23:12,157 INFO com.ftn.controller.UserControler [https-jsse-nio-8092-exec-7] NEPOR_EVENT user id:9 LOG_SUC, ip 0:0:0:0:0:0:0:1
2019-06-04 18:23:14,478 INFO com.ftn.controller.SecurityAdminControler [https-jsse-nio-8092-exec-7] GET_ACA
2019-06-04 18:23:14,478 INFO com.ftn.controller.SecurityAdminControler [https-jsse-nio-8092-exec-6] GET_CA
2019-06-04 18:23:14,524 INFO com.ftn.controller.SecurityAdminControler [https-jsse-nio-8092-exec-6] NEPOR_EVENT user MegaTravelLondon@gmail.com CA 
2019-06-04 18:23:57,783 INFO com.ftn.controller.UserControler [https-jsse-nio-8092-exec-10] SECURITY_EVENT user id:8 LOG_SUC ,ip 0:0:0:0:0:0:0:1
2019-06-04 18:23:57,784 INFO com.ftn.controller.UserControler [https-jsse-nio-8092-exec-10] NEPOR_EVENT user id:8 LOG_SUC, ip 0:0:0:0:0:0:0:1
2019-06-04 18:24:00,365 INFO com.ftn.controller.SecurityAdminControler [https-jsse-nio-8092-exec-1] GET_CA
2019-06-04 18:24:00,375 INFO com.ftn.controller.SecurityAdminControler [https-jsse-nio-8092-exec-4] GET_ACA
2019-06-04 18:24:00,381 INFO com.ftn.controller.SecurityAdminControler [https-jsse-nio-8092-exec-1] NEPOR_EVENT user MTRoot@gmail.com CA 
2019-06-04 18:28:16,325 INFO org.springframework.boot.StartupInfoLogger [main] Starting SecurityBack on DESKTOP-9D5EIMP with PID 8484 (D:\Marin\BEZBProj\Bezbednost-XML\securityBack\target\classes started by Marin in D:\Marin\BEZBProj\Bezbednost-XML\securityBack)
2019-06-04 18:28:16,334 INFO org.springframework.boot.SpringApplication [main] No active profile set, falling back to default profiles: default
2019-06-04 18:28:23,020 INFO org.springframework.boot.StartupInfoLogger [main] Started SecurityBack in 7.171 seconds (JVM running for 8.424)
2019-06-04 18:28:41,445 INFO com.ftn.controller.UserControler [https-jsse-nio-8092-exec-6] SECURITY_EVENT user id:8 LOG_SUC ,ip 0:0:0:0:0:0:0:1
2019-06-04 18:28:41,446 INFO com.ftn.controller.UserControler [https-jsse-nio-8092-exec-6] NEPOR_EVENT user id:8 LOG_SUC, ip 0:0:0:0:0:0:0:1
2019-06-04 18:28:43,403 INFO com.ftn.controller.SecurityAdminControler [https-jsse-nio-8092-exec-6] GET_ACA
2019-06-04 18:28:43,403 INFO com.ftn.controller.SecurityAdminControler [https-jsse-nio-8092-exec-5] GET_CA
2019-06-04 18:28:43,452 INFO com.ftn.controller.SecurityAdminControler [https-jsse-nio-8092-exec-5] NEPOR_EVENT user MTRoot@gmail.com CA 
2019-06-04 18:29:42,255 INFO org.springframework.boot.StartupInfoLogger [main] Starting SecurityBack on DESKTOP-9D5EIMP with PID 6936 (D:\Marin\BEZBProj\Bezbednost-XML\securityBack\target\classes started by Marin in D:\Marin\BEZBProj\Bezbednost-XML\securityBack)
2019-06-04 18:29:42,262 INFO org.springframework.boot.SpringApplication [main] No active profile set, falling back to default profiles: default
2019-06-04 18:29:49,303 INFO org.springframework.boot.StartupInfoLogger [main] Started SecurityBack in 7.66 seconds (JVM running for 8.617)
2019-06-04 18:30:35,664 INFO com.ftn.controller.UserControler [https-jsse-nio-8092-exec-4] SECURITY_EVENT user id:8 LOG_SUC ,ip 0:0:0:0:0:0:0:1
2019-06-04 18:30:35,665 INFO com.ftn.controller.UserControler [https-jsse-nio-8092-exec-4] NEPOR_EVENT user id:8 LOG_SUC, ip 0:0:0:0:0:0:0:1
2019-06-04 18:30:37,437 INFO com.ftn.controller.SecurityAdminControler [https-jsse-nio-8092-exec-7] GET_CA
2019-06-04 18:30:37,440 INFO com.ftn.controller.SecurityAdminControler [https-jsse-nio-8092-exec-4] GET_ACA
2019-06-04 18:30:37,481 INFO com.ftn.controller.SecurityAdminControler [https-jsse-nio-8092-exec-7] NEPOR_EVENT user MTRoot@gmail.com CA 
2019-06-04 18:35:01,540 INFO org.springframework.boot.StartupInfoLogger [main] Starting SecurityBack on DESKTOP-9D5EIMP with PID 12204 (D:\Marin\BEZBProj\Bezbednost-XML\securityBack\target\classes started by Marin in D:\Marin\BEZBProj\Bezbednost-XML\securityBack)
2019-06-04 18:35:01,548 INFO org.springframework.boot.SpringApplication [main] No active profile set, falling back to default profiles: default
2019-06-04 18:36:03,100 INFO org.springframework.boot.StartupInfoLogger [main] Starting SecurityBack on DESKTOP-9D5EIMP with PID 15260 (D:\Marin\BEZBProj\Bezbednost-XML\securityBack\target\classes started by Marin in D:\Marin\BEZBProj\Bezbednost-XML\securityBack)
2019-06-04 18:36:03,106 INFO org.springframework.boot.SpringApplication [main] No active profile set, falling back to default profiles: default
2019-06-04 18:36:08,822 INFO org.springframework.boot.StartupInfoLogger [main] Started SecurityBack in 6.134 seconds (JVM running for 7.371)
2019-06-04 18:36:21,646 INFO com.ftn.controller.UserControler [https-jsse-nio-8092-exec-7] SECURITY_EVENT user id:8 LOG_SUC ,ip 0:0:0:0:0:0:0:1
2019-06-04 18:36:21,647 INFO com.ftn.controller.UserControler [https-jsse-nio-8092-exec-7] NEPOR_EVENT user id:8 LOG_SUC, ip 0:0:0:0:0:0:0:1
2019-06-04 18:36:23,859 INFO com.ftn.controller.SecurityAdminControler [https-jsse-nio-8092-exec-7] GET_CA
2019-06-04 18:36:23,864 INFO com.ftn.controller.SecurityAdminControler [https-jsse-nio-8092-exec-9] GET_ACA
2019-06-04 18:36:23,911 INFO com.ftn.controller.SecurityAdminControler [https-jsse-nio-8092-exec-7] NEPOR_EVENT user MTRoot@gmail.com CA 
2019-06-04 18:43:48,979 INFO org.springframework.boot.StartupInfoLogger [main] Starting SecurityBack on DESKTOP-9D5EIMP with PID 720 (D:\Marin\BEZBProj\Bezbednost-XML\securityBack\target\classes started by Marin in D:\Marin\BEZBProj\Bezbednost-XML\securityBack)
2019-06-04 18:43:48,985 INFO org.springframework.boot.SpringApplication [main] No active profile set, falling back to default profiles: default
2019-06-04 18:45:58,890 INFO org.springframework.boot.StartupInfoLogger [main] Starting SecurityBack on DESKTOP-9D5EIMP with PID 13400 (D:\Marin\BEZBProj\Bezbednost-XML\securityBack\target\classes started by Marin in D:\Marin\BEZBProj\Bezbednost-XML\securityBack)
2019-06-04 18:45:58,897 INFO org.springframework.boot.SpringApplication [main] No active profile set, falling back to default profiles: default
2019-06-04 18:46:04,453 INFO org.springframework.boot.StartupInfoLogger [main] Started SecurityBack in 6.195 seconds (JVM running for 7.201)
2019-06-04 18:46:34,519 INFO com.ftn.controller.UserControler [https-jsse-nio-8092-exec-8] SECURITY_EVENT user id:8 LOG_SUC ,ip 0:0:0:0:0:0:0:1
2019-06-04 18:46:34,519 INFO com.ftn.controller.UserControler [https-jsse-nio-8092-exec-8] NEPOR_EVENT user id:8 LOG_SUC, ip 0:0:0:0:0:0:0:1
2019-06-04 18:46:47,619 INFO com.ftn.controller.SecurityAdminControler [https-jsse-nio-8092-exec-8] GET_ACA
2019-06-04 18:46:47,619 INFO com.ftn.controller.SecurityAdminControler [https-jsse-nio-8092-exec-7] GET_CA
2019-06-04 18:46:47,666 INFO com.ftn.controller.SecurityAdminControler [https-jsse-nio-8092-exec-7] NEPOR_EVENT user MTRoot@gmail.com CA 
2019-06-04 18:50:45,874 INFO org.springframework.boot.StartupInfoLogger [main] Starting SecurityBack on DESKTOP-9D5EIMP with PID 3756 (D:\Marin\BEZBProj\Bezbednost-XML\securityBack\target\classes started by Marin in D:\Marin\BEZBProj\Bezbednost-XML\securityBack)
2019-06-04 18:50:45,880 INFO org.springframework.boot.SpringApplication [main] No active profile set, falling back to default profiles: default
2019-06-04 18:50:53,072 INFO org.springframework.boot.StartupInfoLogger [main] Started SecurityBack in 7.712 seconds (JVM running for 9.176)
2019-06-04 18:51:05,084 INFO com.ftn.controller.UserControler [https-jsse-nio-8092-exec-6] SECURITY_EVENT user id:8 LOG_SUC ,ip 0:0:0:0:0:0:0:1
2019-06-04 18:51:05,085 INFO com.ftn.controller.UserControler [https-jsse-nio-8092-exec-6] NEPOR_EVENT user id:8 LOG_SUC, ip 0:0:0:0:0:0:0:1
2019-06-04 18:51:07,400 INFO com.ftn.controller.SecurityAdminControler [https-jsse-nio-8092-exec-6] GET_ACA
2019-06-04 18:51:07,400 INFO com.ftn.controller.SecurityAdminControler [https-jsse-nio-8092-exec-5] GET_CA
2019-06-04 18:51:07,451 INFO com.ftn.controller.SecurityAdminControler [https-jsse-nio-8092-exec-5] NEPOR_EVENT user MTRoot@gmail.com CA 
2019-06-04 21:55:28,614 INFO org.springframework.boot.StartupInfoLogger [main] Starting SecurityBack on DESKTOP-9D5EIMP with PID 5604 (D:\Marin\BEZBProj\Bezbednost-XML\securityBack\target\classes started by Marin in D:\Marin\BEZBProj\Bezbednost-XML\securityBack)
2019-06-04 21:55:28,620 INFO org.springframework.boot.SpringApplication [main] No active profile set, falling back to default profiles: default
2019-06-04 21:55:35,464 INFO org.springframework.boot.StartupInfoLogger [main] Started SecurityBack in 7.355 seconds (JVM running for 8.563)
