2019-06-18 21:12:20,832 INFO org.springframework.boot.StartupInfoLogger [main] Starting SecurityBack on DESKTOP-9D5EIMP with PID 9604 (D:\Marin\BezbednostTrenutni\Bezbednost-XML\securityBack\target\classes started by Marin in D:\Marin\BezbednostTrenutni\Bezbednost-XML\securityBack)
2019-06-18 21:12:20,839 INFO org.springframework.boot.SpringApplication [main] No active profile set, falling back to default profiles: default
2019-06-18 21:14:07,404 INFO org.springframework.boot.StartupInfoLogger [main] Starting SecurityBack on DESKTOP-9D5EIMP with PID 5728 (D:\Marin\BezbednostTrenutni\Bezbednost-XML\securityBack\target\classes started by Marin in D:\Marin\BezbednostTrenutni\Bezbednost-XML\securityBack)
2019-06-18 21:14:07,410 INFO org.springframework.boot.SpringApplication [main] No active profile set, falling back to default profiles: default
2019-06-18 21:14:43,925 INFO org.springframework.boot.StartupInfoLogger [main] Starting SecurityBack on DESKTOP-9D5EIMP with PID 14020 (D:\Marin\BezbednostTrenutni\Bezbednost-XML\securityBack\target\classes started by Marin in D:\Marin\BezbednostTrenutni\Bezbednost-XML\securityBack)
2019-06-18 21:14:43,931 INFO org.springframework.boot.SpringApplication [main] No active profile set, falling back to default profiles: default
2019-06-18 21:16:38,401 INFO org.springframework.boot.StartupInfoLogger [main] Starting SecurityBack on DESKTOP-9D5EIMP with PID 11960 (D:\Marin\BezbednostTrenutni\Bezbednost-XML\securityBack\target\classes started by Marin in D:\Marin\BezbednostTrenutni\Bezbednost-XML\securityBack)
2019-06-18 21:16:38,406 INFO org.springframework.boot.SpringApplication [main] No active profile set, falling back to default profiles: default
2019-06-18 21:16:44,204 INFO org.springframework.boot.StartupInfoLogger [main] Started SecurityBack in 6.22 seconds (JVM running for 7.623)
2019-06-18 21:18:57,907 INFO org.springframework.boot.StartupInfoLogger [main] Starting SecurityBack on DESKTOP-9D5EIMP with PID 9852 (D:\Marin\BezbednostTrenutni\Bezbednost-XML\securityBack\target\classes started by Marin in D:\Marin\BezbednostTrenutni\Bezbednost-XML\securityBack)
2019-06-18 21:18:57,916 INFO org.springframework.boot.SpringApplication [main] No active profile set, falling back to default profiles: default
2019-06-18 21:19:05,497 INFO org.springframework.boot.StartupInfoLogger [main] Started SecurityBack in 8.48 seconds (JVM running for 10.519)
2019-06-18 21:20:16,924 INFO org.springframework.boot.StartupInfoLogger [main] Starting SecurityBack on DESKTOP-9D5EIMP with PID 11776 (D:\Marin\BezbednostTrenutni\Bezbednost-XML\securityBack\target\classes started by Marin in D:\Marin\BezbednostTrenutni\Bezbednost-XML\securityBack)
2019-06-18 21:20:16,924 INFO org.springframework.boot.SpringApplication [main] No active profile set, falling back to default profiles: default
2019-06-18 21:20:22,626 INFO org.springframework.boot.StartupInfoLogger [main] Started SecurityBack in 6.104 seconds (JVM running for 7.005)
2019-06-18 21:43:29,836 INFO org.springframework.boot.StartupInfoLogger [main] Starting SecurityBack on DESKTOP-9D5EIMP with PID 15884 (D:\Marin\BezbednostTrenutni\Bezbednost-XML\securityBack\target\classes started by Marin in D:\Marin\BezbednostTrenutni\Bezbednost-XML\securityBack)
2019-06-18 21:43:29,842 INFO org.springframework.boot.SpringApplication [main] No active profile set, falling back to default profiles: default
2019-06-18 21:43:35,590 INFO org.springframework.boot.StartupInfoLogger [main] Started SecurityBack in 6.164 seconds (JVM running for 7.088)
2019-06-18 23:03:48,851 INFO org.springframework.boot.StartupInfoLogger [main] Starting SecurityBack on DESKTOP-9D5EIMP with PID 6124 (D:\Marin\BezbednostTrenutni\Bezbednost-XML\securityBack\target\classes started by Marin in D:\Marin\BezbednostTrenutni\Bezbednost-XML\securityBack)
2019-06-18 23:03:48,857 INFO org.springframework.boot.SpringApplication [main] No active profile set, falling back to default profiles: default
2019-06-18 23:03:55,241 INFO org.springframework.boot.StartupInfoLogger [main] Started SecurityBack in 6.839 seconds (JVM running for 7.893)
2019-06-18 23:11:57,390 INFO org.springframework.boot.StartupInfoLogger [main] Starting SecurityBack on DESKTOP-9D5EIMP with PID 16796 (D:\Marin\BezbednostTrenutni\Bezbednost-XML\securityBack\target\classes started by Marin in D:\Marin\BezbednostTrenutni\Bezbednost-XML\securityBack)
2019-06-18 23:11:57,396 INFO org.springframework.boot.SpringApplication [main] No active profile set, falling back to default profiles: default
2019-06-18 23:14:48,822 INFO org.springframework.boot.StartupInfoLogger [main] Starting SecurityBack on DESKTOP-9D5EIMP with PID 2304 (D:\Marin\BezbednostTrenutni\Bezbednost-XML\securityBack\target\classes started by Marin in D:\Marin\BezbednostTrenutni\Bezbednost-XML\securityBack)
2019-06-18 23:14:48,829 INFO org.springframework.boot.SpringApplication [main] No active profile set, falling back to default profiles: default
2019-06-18 23:22:20,207 INFO org.springframework.boot.StartupInfoLogger [main] Starting SecurityBack on DESKTOP-9D5EIMP with PID 11740 (D:\Marin\BezbednostTrenutni\Bezbednost-XML\securityBack\target\classes started by Marin in D:\Marin\BezbednostTrenutni\Bezbednost-XML\securityBack)
2019-06-18 23:22:20,215 INFO org.springframework.boot.SpringApplication [main] No active profile set, falling back to default profiles: default
2019-06-18 23:22:50,174 INFO org.springframework.boot.StartupInfoLogger [main] Starting SecurityBack on DESKTOP-9D5EIMP with PID 10752 (D:\Marin\BezbednostTrenutni\Bezbednost-XML\securityBack\target\classes started by Marin in D:\Marin\BezbednostTrenutni\Bezbednost-XML\securityBack)
2019-06-18 23:22:50,180 INFO org.springframework.boot.SpringApplication [main] No active profile set, falling back to default profiles: default
2019-06-18 23:22:56,386 INFO org.springframework.boot.StartupInfoLogger [main] Started SecurityBack in 6.645 seconds (JVM running for 7.65)
2019-06-18 23:25:09,445 INFO com.ftn.controller.UserControler [https-jsse-nio-8092-exec-7] SECURITY_EVENT user id:1 LOG_SUC ,ip 0:0:0:0:0:0:0:1
2019-06-18 23:25:09,446 INFO com.ftn.controller.UserControler [https-jsse-nio-8092-exec-7] NEPOR_EVENT user id:1 LOG_SUC, ip 0:0:0:0:0:0:0:1
2019-06-18 23:26:14,754 INFO com.ftn.controller.UserControler [https-jsse-nio-8092-exec-5] SECURITY_EVENT user id:1 LOG_SUC ,ip 0:0:0:0:0:0:0:1
2019-06-18 23:26:14,755 INFO com.ftn.controller.UserControler [https-jsse-nio-8092-exec-5] NEPOR_EVENT user id:1 LOG_SUC, ip 0:0:0:0:0:0:0:1
2019-06-18 23:31:04,907 INFO org.springframework.boot.StartupInfoLogger [main] Starting SecurityBack on DESKTOP-9D5EIMP with PID 860 (D:\Marin\BezbednostTrenutni\Bezbednost-XML\securityBack\target\classes started by Marin in D:\Marin\BezbednostTrenutni\Bezbednost-XML\securityBack)
2019-06-18 23:31:04,915 INFO org.springframework.boot.SpringApplication [main] No active profile set, falling back to default profiles: default
2019-06-18 23:31:11,153 INFO org.springframework.boot.StartupInfoLogger [main] Started SecurityBack in 6.684 seconds (JVM running for 7.677)
2019-06-18 23:42:28,777 INFO org.springframework.boot.StartupInfoLogger [main] Starting SecurityBack on DESKTOP-9D5EIMP with PID 16256 (D:\Marin\BezbednostTrenutni\Bezbednost-XML\securityBack\target\classes started by Marin in D:\Marin\BezbednostTrenutni\Bezbednost-XML\securityBack)
2019-06-18 23:42:28,785 INFO org.springframework.boot.SpringApplication [main] No active profile set, falling back to default profiles: default
2019-06-18 23:42:35,474 INFO org.springframework.boot.StartupInfoLogger [main] Started SecurityBack in 7.139 seconds (JVM running for 8.186)
2019-06-18 23:42:59,155 INFO com.ftn.controller.UserControler [https-jsse-nio-8092-exec-9] SECURITY_EVENT user id:1 LOG_SUC ,ip 0:0:0:0:0:0:0:1
2019-06-18 23:42:59,156 INFO com.ftn.controller.UserControler [https-jsse-nio-8092-exec-9] NEPOR_EVENT user id:1 LOG_SUC, ip 0:0:0:0:0:0:0:1
2019-06-18 23:43:13,618 INFO com.ftn.controller.SecurityAdminControler [https-jsse-nio-8092-exec-9] GET_ACA
2019-06-18 23:43:13,618 INFO com.ftn.controller.SecurityAdminControler [https-jsse-nio-8092-exec-8] GET_CA
2019-06-18 23:43:13,665 INFO com.ftn.controller.SecurityAdminControler [https-jsse-nio-8092-exec-8] NEPOR_EVENT user MTRoot@gmail.com CA 
2019-06-18 23:50:26,030 INFO org.springframework.boot.StartupInfoLogger [main] Starting SecurityBack on DESKTOP-9D5EIMP with PID 13944 (D:\Marin\BezbednostTrenutni\Bezbednost-XML\securityBack\target\classes started by Marin in D:\Marin\BezbednostTrenutni\Bezbednost-XML\securityBack)
2019-06-18 23:50:26,037 INFO org.springframework.boot.SpringApplication [main] No active profile set, falling back to default profiles: default
2019-06-18 23:50:32,282 INFO org.springframework.boot.StartupInfoLogger [main] Started SecurityBack in 6.685 seconds (JVM running for 7.69)
2019-06-18 23:50:52,059 INFO com.ftn.controller.UserControler [https-jsse-nio-8092-exec-6] SECURITY_EVENT user id:1 LOG_SUC ,ip 0:0:0:0:0:0:0:1
2019-06-18 23:50:52,059 INFO com.ftn.controller.UserControler [https-jsse-nio-8092-exec-6] NEPOR_EVENT user id:1 LOG_SUC, ip 0:0:0:0:0:0:0:1
2019-06-18 23:58:24,413 INFO org.springframework.boot.StartupInfoLogger [main] Starting SecurityBack on DESKTOP-9D5EIMP with PID 7436 (D:\Marin\BezbednostTrenutni\Bezbednost-XML\securityBack\target\classes started by Marin in D:\Marin\BezbednostTrenutni\Bezbednost-XML\securityBack)
2019-06-18 23:58:24,420 INFO org.springframework.boot.SpringApplication [main] No active profile set, falling back to default profiles: default
2019-06-18 23:58:30,668 INFO org.springframework.boot.StartupInfoLogger [main] Started SecurityBack in 6.692 seconds (JVM running for 7.669)
