2019-06-16 04:02:08,882 INFO com.ftn.controller.UserControler [https-jsse-nio-8092-exec-7] NEPOR_EVENT user id:8 LOG_SUC, ip 0:0:0:0:0:0:0:1
2019-06-16 04:15:49,199 INFO com.ftn.controller.UserControler [https-jsse-nio-8092-exec-7] NEPOR_EVENT user id:8 LOG_SUC, ip 0:0:0:0:0:0:0:1
2019-06-16 04:26:04,588 INFO com.ftn.controller.UserControler [https-jsse-nio-8092-exec-7] NEPOR_EVENT user id:8 LOG_SUC, ip 0:0:0:0:0:0:0:1
2019-06-16 14:06:29,127 INFO com.ftn.controller.UserControler [https-jsse-nio-8092-exec-4] NEPOR_EVENT user id:8 LOG_SUC, ip 0:0:0:0:0:0:0:1
2019-06-16 14:06:29,128 INFO com.ftn.controller.UserControler [https-jsse-nio-8092-exec-5] NEPOR_EVENT user id:8 LOG_SUC, ip 0:0:0:0:0:0:0:1
2019-06-16 14:06:48,714 INFO com.ftn.controller.SecurityAdminControler [https-jsse-nio-8092-exec-8] NEPOR_EVENT6 CRE_CA id:4 
2019-06-16 14:06:50,655 INFO com.ftn.controller.SecurityAdminControler [https-jsse-nio-8092-exec-3] NEPOR_EVENT user MTRoot@gmail.com CA 
2019-06-16 14:08:20,845 INFO com.ftn.controller.SecurityAdminControler [https-jsse-nio-8092-exec-10] NEPOR_EVENT5 CRE_CA id:4 
2019-06-16 14:08:21,723 INFO com.ftn.controller.SecurityAdminControler [https-jsse-nio-8092-exec-2] NEPOR_EVENT user MTRoot@gmail.com CA 
2019-06-16 14:09:15,614 INFO com.ftn.controller.UserControler [https-jsse-nio-8092-exec-2] NEPOR_EVENT user id:9 LOG_SUC, ip 0:0:0:0:0:0:0:1
2019-06-16 14:09:30,653 INFO com.ftn.controller.SecurityAdminControler [https-jsse-nio-8092-exec-8] NEPOR_EVENT7 CRE_CA id:5 
2019-06-16 14:09:31,546 INFO com.ftn.controller.SecurityAdminControler [https-jsse-nio-8092-exec-2] NEPOR_EVENT user MegaTravelLondon@gmail.com CA 
2019-06-16 14:22:23,547 INFO com.ftn.controller.SecurityAdminControler [https-jsse-nio-8092-exec-4] NEPOR_EVENT user MegaTravelLondon@gmail.com CA 
2019-06-16 14:24:56,517 INFO com.ftn.controller.UserControler [https-jsse-nio-8092-exec-4] NEPOR_EVENT user id:8 LOG_SUC, ip 0:0:0:0:0:0:0:1
2019-06-16 14:25:13,638 INFO com.ftn.controller.SecurityAdminControler [https-jsse-nio-8092-exec-5] NEPOR_EVENT5 CRE_CA id:4 
2019-06-16 14:25:14,721 INFO com.ftn.controller.SecurityAdminControler [https-jsse-nio-8092-exec-8] NEPOR_EVENT user MTRoot@gmail.com CA 
2019-06-16 14:26:10,510 INFO com.ftn.controller.UserControler [https-jsse-nio-8092-exec-8] NEPOR_EVENT user id:9 LOG_SUC, ip 0:0:0:0:0:0:0:1
2019-06-16 14:26:27,310 INFO com.ftn.controller.SecurityAdminControler [https-jsse-nio-8092-exec-8] NEPOR_EVENT7 CRE_CA id:5 
2019-06-16 14:26:28,206 INFO com.ftn.controller.SecurityAdminControler [https-jsse-nio-8092-exec-3] NEPOR_EVENT user MegaTravelLondon@gmail.com CA 
2019-06-16 14:58:55,842 INFO com.ftn.controller.UserControler [https-jsse-nio-8092-exec-7] NEPOR_EVENT user id:8 LOG_SUC, ip 0:0:0:0:0:0:0:1
2019-06-16 14:59:17,071 INFO com.ftn.controller.SecurityAdminControler [https-jsse-nio-8092-exec-8] NEPOR_EVENT7 CRE_CA id:4 
2019-06-16 14:59:19,891 INFO com.ftn.controller.SecurityAdminControler [https-jsse-nio-8092-exec-7] NEPOR_EVENT user MTRoot@gmail.com CA 
2019-06-16 15:09:12,779 INFO com.ftn.controller.UserControler [https-jsse-nio-8092-exec-7] NEPOR_EVENT user id:8 LOG_SUC, ip 0:0:0:0:0:0:0:1
2019-06-16 15:09:17,483 INFO com.ftn.controller.SecurityAdminControler [https-jsse-nio-8092-exec-3] NEPOR_EVENT user MTRoot@gmail.com CA 
2019-06-16 16:21:17,994 INFO com.ftn.controller.UserControler [https-jsse-nio-8092-exec-7] NEPOR_EVENT user id:8 LOG_SUC, ip 0:0:0:0:0:0:0:1
2019-06-16 16:21:46,217 INFO com.ftn.controller.SecurityAdminControler [https-jsse-nio-8092-exec-5] NEPOR_EVENT7 CRE_CA id:4 
2019-06-16 16:21:47,432 INFO com.ftn.controller.SecurityAdminControler [https-jsse-nio-8092-exec-10] NEPOR_EVENT user MTRoot@gmail.com CA 
2019-06-16 16:22:50,429 INFO com.ftn.controller.UserControler [https-jsse-nio-8092-exec-10] NEPOR_EVENT user id:11 LOG_SUC, ip 0:0:0:0:0:0:0:1
2019-06-16 16:23:09,601 INFO com.ftn.controller.SecurityAdminControler [https-jsse-nio-8092-exec-10] NEPOR_EVENT6 CRE_CA id:7 
2019-06-16 16:23:10,545 INFO com.ftn.controller.SecurityAdminControler [https-jsse-nio-8092-exec-2] NEPOR_EVENT user MegaTravelBoston@gmail.com CA 
2019-06-16 18:20:46,775 INFO com.ftn.controller.UserControler [https-jsse-nio-8092-exec-7] NEPOR_EVENT user id:8 LOG_SUC, ip 0:0:0:0:0:0:0:1
2019-06-16 18:20:47,145 INFO com.ftn.controller.UserControler [https-jsse-nio-8092-exec-3] NEPOR_EVENT user id:8 LOG_SUC, ip 0:0:0:0:0:0:0:1
2019-06-16 18:20:58,129 INFO com.ftn.controller.SecurityAdminControler [https-jsse-nio-8092-exec-6] NEPOR_EVENT5 CRE_CA id:4 
2019-06-16 18:20:58,888 INFO com.ftn.controller.SecurityAdminControler [https-jsse-nio-8092-exec-4] NEPOR_EVENT user MTRoot@gmail.com CA 
2019-06-16 18:25:17,226 INFO com.ftn.controller.SecurityAdminControler [https-jsse-nio-8092-exec-10] NEPOR_EVENT user MTRoot@gmail.com CA 
2019-06-16 18:27:22,968 INFO com.ftn.controller.SecurityAdminControler [https-jsse-nio-8092-exec-7] NEPOR_EVENT user MTRoot@gmail.com CA 
2019-06-16 18:28:57,034 INFO com.ftn.controller.SecurityAdminControler [https-jsse-nio-8092-exec-2] NEPOR_EVENT user MTRoot@gmail.com CA 
2019-06-16 18:31:55,177 INFO com.ftn.controller.SecurityAdminControler [https-jsse-nio-8092-exec-9] NEPOR_EVENT user MTRoot@gmail.com CA 
2019-06-16 18:34:05,146 INFO com.ftn.controller.UserControler [https-jsse-nio-8092-exec-2] NEPOR_EVENT user id:8 LOG_SUC, ip 0:0:0:0:0:0:0:1
2019-06-16 18:34:06,722 INFO com.ftn.controller.SecurityAdminControler [https-jsse-nio-8092-exec-2] NEPOR_EVENT user MTRoot@gmail.com CA 
2019-06-16 18:34:33,892 INFO com.ftn.controller.SecurityAdminControler [https-jsse-nio-8092-exec-7] NEPOR_EVENT user MTRoot@gmail.com CA 
2019-06-16 18:35:22,283 INFO com.ftn.controller.SecurityAdminControler [https-jsse-nio-8092-exec-1] NEPOR_EVENT user MTRoot@gmail.com CA 
2019-06-16 18:36:41,492 INFO com.ftn.controller.SecurityAdminControler [https-jsse-nio-8092-exec-5] NEPOR_EVENT user MTRoot@gmail.com CA 
2019-06-18 23:25:09,446 INFO com.ftn.controller.UserControler [https-jsse-nio-8092-exec-7] NEPOR_EVENT user id:1 LOG_SUC, ip 0:0:0:0:0:0:0:1
2019-06-18 23:26:14,755 INFO com.ftn.controller.UserControler [https-jsse-nio-8092-exec-5] NEPOR_EVENT user id:1 LOG_SUC, ip 0:0:0:0:0:0:0:1
2019-06-18 23:42:59,156 INFO com.ftn.controller.UserControler [https-jsse-nio-8092-exec-9] NEPOR_EVENT user id:1 LOG_SUC, ip 0:0:0:0:0:0:0:1
2019-06-18 23:43:13,665 INFO com.ftn.controller.SecurityAdminControler [https-jsse-nio-8092-exec-8] NEPOR_EVENT user MTRoot@gmail.com CA 
2019-06-18 23:50:52,059 INFO com.ftn.controller.UserControler [https-jsse-nio-8092-exec-6] NEPOR_EVENT user id:1 LOG_SUC, ip 0:0:0:0:0:0:0:1
