2019-06-18 21:12:20,832 INFO org.springframework.boot.StartupInfoLogger [main] Starting SecurityBack on DESKTOP-9D5EIMP with PID 9604 (D:\Marin\BezbednostTrenutni\Bezbednost-XML\securityBack\target\classes started by Marin in D:\Marin\BezbednostTrenutni\Bezbednost-XML\securityBack)
2019-06-18 21:12:20,837 DEBUG org.springframework.boot.StartupInfoLogger [main] Running with Spring Boot v2.1.0.RELEASE, Spring v5.1.2.RELEASE
2019-06-18 21:12:20,839 INFO org.springframework.boot.SpringApplication [main] No active profile set, falling back to default profiles: default
2019-06-18 21:12:23,989 DEBUG org.springframework.boot.web.servlet.server.DocumentRoot [main] Code archive: C:\Users\Marin\.m2\repository\org\springframework\boot\spring-boot\2.1.0.RELEASE\spring-boot-2.1.0.RELEASE.jar
2019-06-18 21:12:23,989 DEBUG org.springframework.boot.web.servlet.server.DocumentRoot [main] Code archive: C:\Users\Marin\.m2\repository\org\springframework\boot\spring-boot\2.1.0.RELEASE\spring-boot-2.1.0.RELEASE.jar
2019-06-18 21:12:23,989 DEBUG org.springframework.boot.web.servlet.server.DocumentRoot [main] None of the document roots [src/main/webapp, public, static] point to a directory and will be ignored.
2019-06-18 21:12:27,954 DEBUG org.springframework.web.filter.GenericFilterBean [main] Filter 'authenticationFilter' configured for use
2019-06-18 21:14:07,404 INFO org.springframework.boot.StartupInfoLogger [main] Starting SecurityBack on DESKTOP-9D5EIMP with PID 5728 (D:\Marin\BezbednostTrenutni\Bezbednost-XML\securityBack\target\classes started by Marin in D:\Marin\BezbednostTrenutni\Bezbednost-XML\securityBack)
2019-06-18 21:14:07,408 DEBUG org.springframework.boot.StartupInfoLogger [main] Running with Spring Boot v2.1.0.RELEASE, Spring v5.1.2.RELEASE
2019-06-18 21:14:07,410 INFO org.springframework.boot.SpringApplication [main] No active profile set, falling back to default profiles: default
2019-06-18 21:14:08,980 DEBUG org.springframework.boot.web.servlet.server.DocumentRoot [main] Code archive: C:\Users\Marin\.m2\repository\org\springframework\boot\spring-boot\2.1.0.RELEASE\spring-boot-2.1.0.RELEASE.jar
2019-06-18 21:14:08,980 DEBUG org.springframework.boot.web.servlet.server.DocumentRoot [main] Code archive: C:\Users\Marin\.m2\repository\org\springframework\boot\spring-boot\2.1.0.RELEASE\spring-boot-2.1.0.RELEASE.jar
2019-06-18 21:14:08,980 DEBUG org.springframework.boot.web.servlet.server.DocumentRoot [main] None of the document roots [src/main/webapp, public, static] point to a directory and will be ignored.
2019-06-18 21:14:11,844 DEBUG org.springframework.web.filter.GenericFilterBean [main] Filter 'authenticationFilter' configured for use
2019-06-18 21:14:43,925 INFO org.springframework.boot.StartupInfoLogger [main] Starting SecurityBack on DESKTOP-9D5EIMP with PID 14020 (D:\Marin\BezbednostTrenutni\Bezbednost-XML\securityBack\target\classes started by Marin in D:\Marin\BezbednostTrenutni\Bezbednost-XML\securityBack)
2019-06-18 21:14:43,929 DEBUG org.springframework.boot.StartupInfoLogger [main] Running with Spring Boot v2.1.0.RELEASE, Spring v5.1.2.RELEASE
2019-06-18 21:14:43,931 INFO org.springframework.boot.SpringApplication [main] No active profile set, falling back to default profiles: default
2019-06-18 21:14:45,700 DEBUG org.springframework.boot.web.servlet.server.DocumentRoot [main] Code archive: C:\Users\Marin\.m2\repository\org\springframework\boot\spring-boot\2.1.0.RELEASE\spring-boot-2.1.0.RELEASE.jar
2019-06-18 21:14:45,701 DEBUG org.springframework.boot.web.servlet.server.DocumentRoot [main] Code archive: C:\Users\Marin\.m2\repository\org\springframework\boot\spring-boot\2.1.0.RELEASE\spring-boot-2.1.0.RELEASE.jar
2019-06-18 21:14:45,701 DEBUG org.springframework.boot.web.servlet.server.DocumentRoot [main] None of the document roots [src/main/webapp, public, static] point to a directory and will be ignored.
2019-06-18 21:14:48,309 DEBUG org.springframework.web.filter.GenericFilterBean [main] Filter 'authenticationFilter' configured for use
2019-06-18 21:16:38,401 INFO org.springframework.boot.StartupInfoLogger [main] Starting SecurityBack on DESKTOP-9D5EIMP with PID 11960 (D:\Marin\BezbednostTrenutni\Bezbednost-XML\securityBack\target\classes started by Marin in D:\Marin\BezbednostTrenutni\Bezbednost-XML\securityBack)
2019-06-18 21:16:38,404 DEBUG org.springframework.boot.StartupInfoLogger [main] Running with Spring Boot v2.1.0.RELEASE, Spring v5.1.2.RELEASE
2019-06-18 21:16:38,406 INFO org.springframework.boot.SpringApplication [main] No active profile set, falling back to default profiles: default
2019-06-18 21:16:39,852 DEBUG org.springframework.boot.web.servlet.server.DocumentRoot [main] Code archive: C:\Users\Marin\.m2\repository\org\springframework\boot\spring-boot\2.1.0.RELEASE\spring-boot-2.1.0.RELEASE.jar
2019-06-18 21:16:39,852 DEBUG org.springframework.boot.web.servlet.server.DocumentRoot [main] Code archive: C:\Users\Marin\.m2\repository\org\springframework\boot\spring-boot\2.1.0.RELEASE\spring-boot-2.1.0.RELEASE.jar
2019-06-18 21:16:39,852 DEBUG org.springframework.boot.web.servlet.server.DocumentRoot [main] None of the document roots [src/main/webapp, public, static] point to a directory and will be ignored.
2019-06-18 21:16:42,363 DEBUG org.springframework.web.filter.GenericFilterBean [main] Filter 'authenticationFilter' configured for use
2019-06-18 21:16:44,204 INFO org.springframework.boot.StartupInfoLogger [main] Started SecurityBack in 6.22 seconds (JVM running for 7.623)
2019-06-18 21:18:57,907 INFO org.springframework.boot.StartupInfoLogger [main] Starting SecurityBack on DESKTOP-9D5EIMP with PID 9852 (D:\Marin\BezbednostTrenutni\Bezbednost-XML\securityBack\target\classes started by Marin in D:\Marin\BezbednostTrenutni\Bezbednost-XML\securityBack)
2019-06-18 21:18:57,912 DEBUG org.springframework.boot.StartupInfoLogger [main] Running with Spring Boot v2.1.0.RELEASE, Spring v5.1.2.RELEASE
2019-06-18 21:18:57,916 INFO org.springframework.boot.SpringApplication [main] No active profile set, falling back to default profiles: default
2019-06-18 21:18:59,671 DEBUG org.springframework.boot.web.servlet.server.DocumentRoot [main] Code archive: C:\Users\Marin\.m2\repository\org\springframework\boot\spring-boot\2.1.0.RELEASE\spring-boot-2.1.0.RELEASE.jar
2019-06-18 21:18:59,671 DEBUG org.springframework.boot.web.servlet.server.DocumentRoot [main] Code archive: C:\Users\Marin\.m2\repository\org\springframework\boot\spring-boot\2.1.0.RELEASE\spring-boot-2.1.0.RELEASE.jar
2019-06-18 21:18:59,671 DEBUG org.springframework.boot.web.servlet.server.DocumentRoot [main] None of the document roots [src/main/webapp, public, static] point to a directory and will be ignored.
2019-06-18 21:19:03,439 DEBUG org.springframework.web.filter.GenericFilterBean [main] Filter 'authenticationFilter' configured for use
2019-06-18 21:19:05,497 INFO org.springframework.boot.StartupInfoLogger [main] Started SecurityBack in 8.48 seconds (JVM running for 10.519)
2019-06-18 21:20:16,924 INFO org.springframework.boot.StartupInfoLogger [main] Starting SecurityBack on DESKTOP-9D5EIMP with PID 11776 (D:\Marin\BezbednostTrenutni\Bezbednost-XML\securityBack\target\classes started by Marin in D:\Marin\BezbednostTrenutni\Bezbednost-XML\securityBack)
2019-06-18 21:20:16,924 DEBUG org.springframework.boot.StartupInfoLogger [main] Running with Spring Boot v2.1.0.RELEASE, Spring v5.1.2.RELEASE
2019-06-18 21:20:16,924 INFO org.springframework.boot.SpringApplication [main] No active profile set, falling back to default profiles: default
2019-06-18 21:20:18,374 DEBUG org.springframework.boot.web.servlet.server.DocumentRoot [main] Code archive: C:\Users\Marin\.m2\repository\org\springframework\boot\spring-boot\2.1.0.RELEASE\spring-boot-2.1.0.RELEASE.jar
2019-06-18 21:20:18,375 DEBUG org.springframework.boot.web.servlet.server.DocumentRoot [main] Code archive: C:\Users\Marin\.m2\repository\org\springframework\boot\spring-boot\2.1.0.RELEASE\spring-boot-2.1.0.RELEASE.jar
2019-06-18 21:20:18,375 DEBUG org.springframework.boot.web.servlet.server.DocumentRoot [main] None of the document roots [src/main/webapp, public, static] point to a directory and will be ignored.
2019-06-18 21:20:21,070 DEBUG org.springframework.web.filter.GenericFilterBean [main] Filter 'authenticationFilter' configured for use
2019-06-18 21:20:22,626 INFO org.springframework.boot.StartupInfoLogger [main] Started SecurityBack in 6.104 seconds (JVM running for 7.005)
2019-06-18 21:34:54,627 DEBUG com.ftn.controller.UserControler [https-jsse-nio-8092-exec-7] LOG
2019-06-18 21:35:00,210 WARN com.ftn.security.RestAuthenticationEntryPoint [https-jsse-nio-8092-exec-5] SECURITY_EVENT Unauthorised access attempt to https://localhost:8092/favicon.ico from  adress0:0:0:0:0:0:0:1
2019-06-18 21:43:29,836 INFO org.springframework.boot.StartupInfoLogger [main] Starting SecurityBack on DESKTOP-9D5EIMP with PID 15884 (D:\Marin\BezbednostTrenutni\Bezbednost-XML\securityBack\target\classes started by Marin in D:\Marin\BezbednostTrenutni\Bezbednost-XML\securityBack)
2019-06-18 21:43:29,840 DEBUG org.springframework.boot.StartupInfoLogger [main] Running with Spring Boot v2.1.0.RELEASE, Spring v5.1.2.RELEASE
2019-06-18 21:43:29,842 INFO org.springframework.boot.SpringApplication [main] No active profile set, falling back to default profiles: default
2019-06-18 21:43:31,326 DEBUG org.springframework.boot.web.servlet.server.DocumentRoot [main] Code archive: C:\Users\Marin\.m2\repository\org\springframework\boot\spring-boot\2.1.0.RELEASE\spring-boot-2.1.0.RELEASE.jar
2019-06-18 21:43:31,326 DEBUG org.springframework.boot.web.servlet.server.DocumentRoot [main] Code archive: C:\Users\Marin\.m2\repository\org\springframework\boot\spring-boot\2.1.0.RELEASE\spring-boot-2.1.0.RELEASE.jar
2019-06-18 21:43:31,327 DEBUG org.springframework.boot.web.servlet.server.DocumentRoot [main] None of the document roots [src/main/webapp, public, static] point to a directory and will be ignored.
2019-06-18 21:43:34,054 DEBUG org.springframework.web.filter.GenericFilterBean [main] Filter 'authenticationFilter' configured for use
2019-06-18 21:43:35,590 INFO org.springframework.boot.StartupInfoLogger [main] Started SecurityBack in 6.164 seconds (JVM running for 7.088)
2019-06-18 21:43:51,419 DEBUG com.ftn.controller.UserControler [https-jsse-nio-8092-exec-8] LOG
2019-06-18 21:43:51,767 WARN com.ftn.controller.UserControler [https-jsse-nio-8092-exec-8] SECURITY_EVENT user id:8 LOG_FAIL 
2019-06-18 21:43:58,039 WARN com.ftn.security.RestAuthenticationEntryPoint [https-jsse-nio-8092-exec-7] SECURITY_EVENT Unauthorised access attempt to https://localhost:8092/favicon.ico from  adress0:0:0:0:0:0:0:1
2019-06-18 21:45:19,222 DEBUG com.ftn.controller.UserControler [https-jsse-nio-8092-exec-7] LOG
2019-06-18 21:45:19,438 WARN com.ftn.controller.UserControler [https-jsse-nio-8092-exec-7] SECURITY_EVENT user id:8 LOG_FAIL 
2019-06-18 23:03:48,851 INFO org.springframework.boot.StartupInfoLogger [main] Starting SecurityBack on DESKTOP-9D5EIMP with PID 6124 (D:\Marin\BezbednostTrenutni\Bezbednost-XML\securityBack\target\classes started by Marin in D:\Marin\BezbednostTrenutni\Bezbednost-XML\securityBack)
2019-06-18 23:03:48,855 DEBUG org.springframework.boot.StartupInfoLogger [main] Running with Spring Boot v2.1.0.RELEASE, Spring v5.1.2.RELEASE
2019-06-18 23:03:48,857 INFO org.springframework.boot.SpringApplication [main] No active profile set, falling back to default profiles: default
2019-06-18 23:03:50,733 DEBUG org.springframework.boot.web.servlet.server.DocumentRoot [main] Code archive: C:\Users\Marin\.m2\repository\org\springframework\boot\spring-boot\2.1.0.RELEASE\spring-boot-2.1.0.RELEASE.jar
2019-06-18 23:03:50,734 DEBUG org.springframework.boot.web.servlet.server.DocumentRoot [main] Code archive: C:\Users\Marin\.m2\repository\org\springframework\boot\spring-boot\2.1.0.RELEASE\spring-boot-2.1.0.RELEASE.jar
2019-06-18 23:03:50,734 DEBUG org.springframework.boot.web.servlet.server.DocumentRoot [main] None of the document roots [src/main/webapp, public, static] point to a directory and will be ignored.
2019-06-18 23:03:53,633 DEBUG org.springframework.web.filter.GenericFilterBean [main] Filter 'authenticationFilter' configured for use
2019-06-18 23:03:55,241 INFO org.springframework.boot.StartupInfoLogger [main] Started SecurityBack in 6.839 seconds (JVM running for 7.893)
2019-06-18 23:11:57,390 INFO org.springframework.boot.StartupInfoLogger [main] Starting SecurityBack on DESKTOP-9D5EIMP with PID 16796 (D:\Marin\BezbednostTrenutni\Bezbednost-XML\securityBack\target\classes started by Marin in D:\Marin\BezbednostTrenutni\Bezbednost-XML\securityBack)
2019-06-18 23:11:57,393 DEBUG org.springframework.boot.StartupInfoLogger [main] Running with Spring Boot v2.1.0.RELEASE, Spring v5.1.2.RELEASE
2019-06-18 23:11:57,396 INFO org.springframework.boot.SpringApplication [main] No active profile set, falling back to default profiles: default
2019-06-18 23:11:58,868 DEBUG org.springframework.boot.web.servlet.server.DocumentRoot [main] Code archive: C:\Users\Marin\.m2\repository\org\springframework\boot\spring-boot\2.1.0.RELEASE\spring-boot-2.1.0.RELEASE.jar
2019-06-18 23:11:58,868 DEBUG org.springframework.boot.web.servlet.server.DocumentRoot [main] Code archive: C:\Users\Marin\.m2\repository\org\springframework\boot\spring-boot\2.1.0.RELEASE\spring-boot-2.1.0.RELEASE.jar
2019-06-18 23:11:58,868 DEBUG org.springframework.boot.web.servlet.server.DocumentRoot [main] None of the document roots [src/main/webapp, public, static] point to a directory and will be ignored.
2019-06-18 23:12:01,398 DEBUG org.springframework.web.filter.GenericFilterBean [main] Filter 'authenticationFilter' configured for use
2019-06-18 23:14:48,822 INFO org.springframework.boot.StartupInfoLogger [main] Starting SecurityBack on DESKTOP-9D5EIMP with PID 2304 (D:\Marin\BezbednostTrenutni\Bezbednost-XML\securityBack\target\classes started by Marin in D:\Marin\BezbednostTrenutni\Bezbednost-XML\securityBack)
2019-06-18 23:14:48,827 DEBUG org.springframework.boot.StartupInfoLogger [main] Running with Spring Boot v2.1.0.RELEASE, Spring v5.1.2.RELEASE
2019-06-18 23:14:48,829 INFO org.springframework.boot.SpringApplication [main] No active profile set, falling back to default profiles: default
2019-06-18 23:14:50,776 DEBUG org.springframework.boot.web.servlet.server.DocumentRoot [main] Code archive: C:\Users\Marin\.m2\repository\org\springframework\boot\spring-boot\2.1.0.RELEASE\spring-boot-2.1.0.RELEASE.jar
2019-06-18 23:14:50,777 DEBUG org.springframework.boot.web.servlet.server.DocumentRoot [main] Code archive: C:\Users\Marin\.m2\repository\org\springframework\boot\spring-boot\2.1.0.RELEASE\spring-boot-2.1.0.RELEASE.jar
2019-06-18 23:14:50,777 DEBUG org.springframework.boot.web.servlet.server.DocumentRoot [main] None of the document roots [src/main/webapp, public, static] point to a directory and will be ignored.
2019-06-18 23:14:53,640 DEBUG org.springframework.web.filter.GenericFilterBean [main] Filter 'authenticationFilter' configured for use
2019-06-18 23:22:20,207 INFO org.springframework.boot.StartupInfoLogger [main] Starting SecurityBack on DESKTOP-9D5EIMP with PID 11740 (D:\Marin\BezbednostTrenutni\Bezbednost-XML\securityBack\target\classes started by Marin in D:\Marin\BezbednostTrenutni\Bezbednost-XML\securityBack)
2019-06-18 23:22:20,213 DEBUG org.springframework.boot.StartupInfoLogger [main] Running with Spring Boot v2.1.0.RELEASE, Spring v5.1.2.RELEASE
2019-06-18 23:22:20,215 INFO org.springframework.boot.SpringApplication [main] No active profile set, falling back to default profiles: default
2019-06-18 23:22:22,417 DEBUG org.springframework.boot.web.servlet.server.DocumentRoot [main] Code archive: C:\Users\Marin\.m2\repository\org\springframework\boot\spring-boot\2.1.0.RELEASE\spring-boot-2.1.0.RELEASE.jar
2019-06-18 23:22:22,418 DEBUG org.springframework.boot.web.servlet.server.DocumentRoot [main] Code archive: C:\Users\Marin\.m2\repository\org\springframework\boot\spring-boot\2.1.0.RELEASE\spring-boot-2.1.0.RELEASE.jar
2019-06-18 23:22:22,418 DEBUG org.springframework.boot.web.servlet.server.DocumentRoot [main] None of the document roots [src/main/webapp, public, static] point to a directory and will be ignored.
2019-06-18 23:22:25,190 DEBUG org.springframework.web.filter.GenericFilterBean [main] Filter 'authenticationFilter' configured for use
2019-06-18 23:22:50,174 INFO org.springframework.boot.StartupInfoLogger [main] Starting SecurityBack on DESKTOP-9D5EIMP with PID 10752 (D:\Marin\BezbednostTrenutni\Bezbednost-XML\securityBack\target\classes started by Marin in D:\Marin\BezbednostTrenutni\Bezbednost-XML\securityBack)
2019-06-18 23:22:50,178 DEBUG org.springframework.boot.StartupInfoLogger [main] Running with Spring Boot v2.1.0.RELEASE, Spring v5.1.2.RELEASE
2019-06-18 23:22:50,180 INFO org.springframework.boot.SpringApplication [main] No active profile set, falling back to default profiles: default
2019-06-18 23:22:51,756 DEBUG org.springframework.boot.web.servlet.server.DocumentRoot [main] Code archive: C:\Users\Marin\.m2\repository\org\springframework\boot\spring-boot\2.1.0.RELEASE\spring-boot-2.1.0.RELEASE.jar
2019-06-18 23:22:51,757 DEBUG org.springframework.boot.web.servlet.server.DocumentRoot [main] Code archive: C:\Users\Marin\.m2\repository\org\springframework\boot\spring-boot\2.1.0.RELEASE\spring-boot-2.1.0.RELEASE.jar
2019-06-18 23:22:51,758 DEBUG org.springframework.boot.web.servlet.server.DocumentRoot [main] None of the document roots [src/main/webapp, public, static] point to a directory and will be ignored.
2019-06-18 23:22:54,530 DEBUG org.springframework.web.filter.GenericFilterBean [main] Filter 'authenticationFilter' configured for use
2019-06-18 23:22:56,386 INFO org.springframework.boot.StartupInfoLogger [main] Started SecurityBack in 6.645 seconds (JVM running for 7.65)
2019-06-18 23:25:08,925 DEBUG com.ftn.controller.UserControler [https-jsse-nio-8092-exec-7] LOG
2019-06-18 23:25:09,445 INFO com.ftn.controller.UserControler [https-jsse-nio-8092-exec-7] SECURITY_EVENT user id:1 LOG_SUC ,ip 0:0:0:0:0:0:0:1
2019-06-18 23:25:09,446 INFO com.ftn.controller.UserControler [https-jsse-nio-8092-exec-7] NEPOR_EVENT user id:1 LOG_SUC, ip 0:0:0:0:0:0:0:1
2019-06-18 23:26:14,430 DEBUG com.ftn.controller.UserControler [https-jsse-nio-8092-exec-5] LOG
2019-06-18 23:26:14,754 INFO com.ftn.controller.UserControler [https-jsse-nio-8092-exec-5] SECURITY_EVENT user id:1 LOG_SUC ,ip 0:0:0:0:0:0:0:1
2019-06-18 23:26:14,755 INFO com.ftn.controller.UserControler [https-jsse-nio-8092-exec-5] NEPOR_EVENT user id:1 LOG_SUC, ip 0:0:0:0:0:0:0:1
2019-06-18 23:31:04,907 INFO org.springframework.boot.StartupInfoLogger [main] Starting SecurityBack on DESKTOP-9D5EIMP with PID 860 (D:\Marin\BezbednostTrenutni\Bezbednost-XML\securityBack\target\classes started by Marin in D:\Marin\BezbednostTrenutni\Bezbednost-XML\securityBack)
2019-06-18 23:31:04,913 DEBUG org.springframework.boot.StartupInfoLogger [main] Running with Spring Boot v2.1.0.RELEASE, Spring v5.1.2.RELEASE
2019-06-18 23:31:04,915 INFO org.springframework.boot.SpringApplication [main] No active profile set, falling back to default profiles: default
2019-06-18 23:31:06,524 DEBUG org.springframework.boot.web.servlet.server.DocumentRoot [main] Code archive: C:\Users\Marin\.m2\repository\org\springframework\boot\spring-boot\2.1.0.RELEASE\spring-boot-2.1.0.RELEASE.jar
2019-06-18 23:31:06,524 DEBUG org.springframework.boot.web.servlet.server.DocumentRoot [main] Code archive: C:\Users\Marin\.m2\repository\org\springframework\boot\spring-boot\2.1.0.RELEASE\spring-boot-2.1.0.RELEASE.jar
2019-06-18 23:31:06,525 DEBUG org.springframework.boot.web.servlet.server.DocumentRoot [main] None of the document roots [src/main/webapp, public, static] point to a directory and will be ignored.
2019-06-18 23:31:09,490 DEBUG org.springframework.web.filter.GenericFilterBean [main] Filter 'authenticationFilter' configured for use
2019-06-18 23:31:11,153 INFO org.springframework.boot.StartupInfoLogger [main] Started SecurityBack in 6.684 seconds (JVM running for 7.677)
2019-06-18 23:31:20,401 WARN com.ftn.security.RestAuthenticationEntryPoint [https-jsse-nio-8092-exec-6] SECURITY_EVENT Unauthorised access attempt to https://localhost:8092/api/user/logout from  adress0:0:0:0:0:0:0:1
2019-06-18 23:31:42,823 WARN com.ftn.security.RestAuthenticationEntryPoint [https-jsse-nio-8092-exec-7] SECURITY_EVENT Unauthorised access attempt to https://localhost:8092/api/user/login from  adress0:0:0:0:0:0:0:1
2019-06-18 23:31:47,712 WARN com.ftn.security.RestAuthenticationEntryPoint [https-jsse-nio-8092-exec-5] SECURITY_EVENT Unauthorised access attempt to https://localhost:8092/api/user/login from  adress0:0:0:0:0:0:0:1
2019-06-18 23:31:47,884 WARN com.ftn.security.RestAuthenticationEntryPoint [https-jsse-nio-8092-exec-6] SECURITY_EVENT Unauthorised access attempt to https://localhost:8092/favicon.ico from  adress0:0:0:0:0:0:0:1
2019-06-18 23:42:28,777 INFO org.springframework.boot.StartupInfoLogger [main] Starting SecurityBack on DESKTOP-9D5EIMP with PID 16256 (D:\Marin\BezbednostTrenutni\Bezbednost-XML\securityBack\target\classes started by Marin in D:\Marin\BezbednostTrenutni\Bezbednost-XML\securityBack)
2019-06-18 23:42:28,783 DEBUG org.springframework.boot.StartupInfoLogger [main] Running with Spring Boot v2.1.0.RELEASE, Spring v5.1.2.RELEASE
2019-06-18 23:42:28,785 INFO org.springframework.boot.SpringApplication [main] No active profile set, falling back to default profiles: default
2019-06-18 23:42:30,552 DEBUG org.springframework.boot.web.servlet.server.DocumentRoot [main] Code archive: C:\Users\Marin\.m2\repository\org\springframework\boot\spring-boot\2.1.0.RELEASE\spring-boot-2.1.0.RELEASE.jar
2019-06-18 23:42:30,554 DEBUG org.springframework.boot.web.servlet.server.DocumentRoot [main] Code archive: C:\Users\Marin\.m2\repository\org\springframework\boot\spring-boot\2.1.0.RELEASE\spring-boot-2.1.0.RELEASE.jar
2019-06-18 23:42:30,554 DEBUG org.springframework.boot.web.servlet.server.DocumentRoot [main] None of the document roots [src/main/webapp, public, static] point to a directory and will be ignored.
2019-06-18 23:42:33,309 DEBUG org.springframework.web.filter.GenericFilterBean [main] Filter 'jwtAuthenticationFilter' configured for use
2019-06-18 23:42:33,310 DEBUG org.springframework.web.filter.GenericFilterBean [main] Filter 'authenticationFilter' configured for use
2019-06-18 23:42:35,474 INFO org.springframework.boot.StartupInfoLogger [main] Started SecurityBack in 7.139 seconds (JVM running for 8.186)
2019-06-18 23:42:58,789 DEBUG com.ftn.controller.UserControler [https-jsse-nio-8092-exec-9] LOG
2019-06-18 23:42:59,155 INFO com.ftn.controller.UserControler [https-jsse-nio-8092-exec-9] SECURITY_EVENT user id:1 LOG_SUC ,ip 0:0:0:0:0:0:0:1
2019-06-18 23:42:59,156 INFO com.ftn.controller.UserControler [https-jsse-nio-8092-exec-9] NEPOR_EVENT user id:1 LOG_SUC, ip 0:0:0:0:0:0:0:1
2019-06-18 23:43:13,618 INFO com.ftn.controller.SecurityAdminControler [https-jsse-nio-8092-exec-9] GET_ACA
2019-06-18 23:43:13,618 INFO com.ftn.controller.SecurityAdminControler [https-jsse-nio-8092-exec-8] GET_CA
2019-06-18 23:43:13,665 INFO com.ftn.controller.SecurityAdminControler [https-jsse-nio-8092-exec-8] NEPOR_EVENT user MTRoot@gmail.com CA 
2019-06-18 23:50:26,030 INFO org.springframework.boot.StartupInfoLogger [main] Starting SecurityBack on DESKTOP-9D5EIMP with PID 13944 (D:\Marin\BezbednostTrenutni\Bezbednost-XML\securityBack\target\classes started by Marin in D:\Marin\BezbednostTrenutni\Bezbednost-XML\securityBack)
2019-06-18 23:50:26,035 DEBUG org.springframework.boot.StartupInfoLogger [main] Running with Spring Boot v2.1.0.RELEASE, Spring v5.1.2.RELEASE
2019-06-18 23:50:26,037 INFO org.springframework.boot.SpringApplication [main] No active profile set, falling back to default profiles: default
2019-06-18 23:50:27,653 DEBUG org.springframework.boot.web.servlet.server.DocumentRoot [main] Code archive: C:\Users\Marin\.m2\repository\org\springframework\boot\spring-boot\2.1.0.RELEASE\spring-boot-2.1.0.RELEASE.jar
2019-06-18 23:50:27,654 DEBUG org.springframework.boot.web.servlet.server.DocumentRoot [main] Code archive: C:\Users\Marin\.m2\repository\org\springframework\boot\spring-boot\2.1.0.RELEASE\spring-boot-2.1.0.RELEASE.jar
2019-06-18 23:50:27,654 DEBUG org.springframework.boot.web.servlet.server.DocumentRoot [main] None of the document roots [src/main/webapp, public, static] point to a directory and will be ignored.
2019-06-18 23:50:30,575 DEBUG org.springframework.web.filter.GenericFilterBean [main] Filter 'jwtAuthenticationFilter' configured for use
2019-06-18 23:50:30,576 DEBUG org.springframework.web.filter.GenericFilterBean [main] Filter 'authenticationFilter' configured for use
2019-06-18 23:50:32,282 INFO org.springframework.boot.StartupInfoLogger [main] Started SecurityBack in 6.685 seconds (JVM running for 7.69)
2019-06-18 23:50:51,669 DEBUG com.ftn.controller.UserControler [https-jsse-nio-8092-exec-6] LOG
2019-06-18 23:50:52,059 INFO com.ftn.controller.UserControler [https-jsse-nio-8092-exec-6] SECURITY_EVENT user id:1 LOG_SUC ,ip 0:0:0:0:0:0:0:1
2019-06-18 23:50:52,059 INFO com.ftn.controller.UserControler [https-jsse-nio-8092-exec-6] NEPOR_EVENT user id:1 LOG_SUC, ip 0:0:0:0:0:0:0:1
2019-06-18 23:58:24,413 INFO org.springframework.boot.StartupInfoLogger [main] Starting SecurityBack on DESKTOP-9D5EIMP with PID 7436 (D:\Marin\BezbednostTrenutni\Bezbednost-XML\securityBack\target\classes started by Marin in D:\Marin\BezbednostTrenutni\Bezbednost-XML\securityBack)
2019-06-18 23:58:24,418 DEBUG org.springframework.boot.StartupInfoLogger [main] Running with Spring Boot v2.1.0.RELEASE, Spring v5.1.2.RELEASE
2019-06-18 23:58:24,420 INFO org.springframework.boot.SpringApplication [main] No active profile set, falling back to default profiles: default
2019-06-18 23:58:26,365 DEBUG org.springframework.boot.web.servlet.server.DocumentRoot [main] Code archive: C:\Users\Marin\.m2\repository\org\springframework\boot\spring-boot\2.1.0.RELEASE\spring-boot-2.1.0.RELEASE.jar
2019-06-18 23:58:26,365 DEBUG org.springframework.boot.web.servlet.server.DocumentRoot [main] Code archive: C:\Users\Marin\.m2\repository\org\springframework\boot\spring-boot\2.1.0.RELEASE\spring-boot-2.1.0.RELEASE.jar
2019-06-18 23:58:26,366 DEBUG org.springframework.boot.web.servlet.server.DocumentRoot [main] None of the document roots [src/main/webapp, public, static] point to a directory and will be ignored.
2019-06-18 23:58:28,983 DEBUG org.springframework.web.filter.GenericFilterBean [main] Filter 'jwtAuthenticationFilter' configured for use
2019-06-18 23:58:28,985 DEBUG org.springframework.web.filter.GenericFilterBean [main] Filter 'authenticationFilter' configured for use
2019-06-18 23:58:30,668 INFO org.springframework.boot.StartupInfoLogger [main] Started SecurityBack in 6.692 seconds (JVM running for 7.669)
