2019-06-02 15:19:46,716 INFO org.springframework.boot.StartupInfoLogger [main] Starting SecurityBack on DESKTOP-9D5EIMP with PID 4064 (D:\Marin\BEZBProj\Bezbednost-XML\securityBack\target\classes started by Marin in D:\Marin\BEZBProj\Bezbednost-XML\securityBack)
2019-06-02 15:19:46,734 DEBUG org.springframework.boot.StartupInfoLogger [main] Running with Spring Boot v2.1.0.RELEASE, Spring v5.1.2.RELEASE
2019-06-02 15:19:46,737 INFO org.springframework.boot.SpringApplication [main] No active profile set, falling back to default profiles: default
2019-06-02 15:19:48,519 DEBUG org.springframework.boot.web.servlet.server.DocumentRoot [main] Code archive: C:\Users\Marin\.m2\repository\org\springframework\boot\spring-boot\2.1.0.RELEASE\spring-boot-2.1.0.RELEASE.jar
2019-06-02 15:19:48,519 DEBUG org.springframework.boot.web.servlet.server.DocumentRoot [main] Code archive: C:\Users\Marin\.m2\repository\org\springframework\boot\spring-boot\2.1.0.RELEASE\spring-boot-2.1.0.RELEASE.jar
2019-06-02 15:19:48,520 DEBUG org.springframework.boot.web.servlet.server.DocumentRoot [main] None of the document roots [src/main/webapp, public, static] point to a directory and will be ignored.
2019-06-02 15:20:17,056 INFO org.springframework.boot.StartupInfoLogger [main] Starting SecurityBack on DESKTOP-9D5EIMP with PID 9304 (D:\Marin\BEZBProj\Bezbednost-XML\securityBack\target\classes started by Marin in D:\Marin\BEZBProj\Bezbednost-XML\securityBack)
2019-06-02 15:20:17,059 DEBUG org.springframework.boot.StartupInfoLogger [main] Running with Spring Boot v2.1.0.RELEASE, Spring v5.1.2.RELEASE
2019-06-02 15:20:17,061 INFO org.springframework.boot.SpringApplication [main] No active profile set, falling back to default profiles: default
2019-06-02 15:20:18,543 DEBUG org.springframework.boot.web.servlet.server.DocumentRoot [main] Code archive: C:\Users\Marin\.m2\repository\org\springframework\boot\spring-boot\2.1.0.RELEASE\spring-boot-2.1.0.RELEASE.jar
2019-06-02 15:20:18,544 DEBUG org.springframework.boot.web.servlet.server.DocumentRoot [main] Code archive: C:\Users\Marin\.m2\repository\org\springframework\boot\spring-boot\2.1.0.RELEASE\spring-boot-2.1.0.RELEASE.jar
2019-06-02 15:20:18,544 DEBUG org.springframework.boot.web.servlet.server.DocumentRoot [main] None of the document roots [src/main/webapp, public, static] point to a directory and will be ignored.
2019-06-02 15:20:22,949 INFO org.springframework.boot.StartupInfoLogger [main] Started SecurityBack in 6.303 seconds (JVM running for 7.398)
2019-06-02 15:22:31,411 DEBUG com.ftn.controller.UserControler [https-jsse-nio-8092-exec-1] LOG
2019-06-02 15:22:31,927 INFO com.ftn.controller.UserControler [https-jsse-nio-8092-exec-1] SECURITY_EVENT user id:8 LOG_SUC ,ip 0:0:0:0:0:0:0:1
2019-06-02 15:22:31,928 INFO com.ftn.controller.UserControler [https-jsse-nio-8092-exec-1] NEPOR_EVENT user id:8 LOG_SUC, ip 0:0:0:0:0:0:0:1
2019-06-02 15:33:48,953 INFO org.springframework.boot.StartupInfoLogger [main] Starting SecurityBack on DESKTOP-9D5EIMP with PID 14604 (D:\Marin\BEZBProj\Bezbednost-XML\securityBack\target\classes started by Marin in D:\Marin\BEZBProj\Bezbednost-XML\securityBack)
2019-06-02 15:33:48,957 DEBUG org.springframework.boot.StartupInfoLogger [main] Running with Spring Boot v2.1.0.RELEASE, Spring v5.1.2.RELEASE
2019-06-02 15:33:48,959 INFO org.springframework.boot.SpringApplication [main] No active profile set, falling back to default profiles: default
2019-06-02 15:33:50,642 DEBUG org.springframework.boot.web.servlet.server.DocumentRoot [main] Code archive: C:\Users\Marin\.m2\repository\org\springframework\boot\spring-boot\2.1.0.RELEASE\spring-boot-2.1.0.RELEASE.jar
2019-06-02 15:33:50,643 DEBUG org.springframework.boot.web.servlet.server.DocumentRoot [main] Code archive: C:\Users\Marin\.m2\repository\org\springframework\boot\spring-boot\2.1.0.RELEASE\spring-boot-2.1.0.RELEASE.jar
2019-06-02 15:33:50,643 DEBUG org.springframework.boot.web.servlet.server.DocumentRoot [main] None of the document roots [src/main/webapp, public, static] point to a directory and will be ignored.
2019-06-02 15:33:54,820 INFO org.springframework.boot.StartupInfoLogger [main] Started SecurityBack in 6.276 seconds (JVM running for 7.198)
2019-06-02 18:19:40,676 INFO org.springframework.boot.StartupInfoLogger [main] Starting SecurityBack on DESKTOP-9D5EIMP with PID 12012 (D:\Marin\BEZBProj\Bezbednost-XML\securityBack\target\classes started by Marin in D:\Marin\BEZBProj\Bezbednost-XML\securityBack)
2019-06-02 18:19:40,680 DEBUG org.springframework.boot.StartupInfoLogger [main] Running with Spring Boot v2.1.0.RELEASE, Spring v5.1.2.RELEASE
2019-06-02 18:19:40,682 INFO org.springframework.boot.SpringApplication [main] No active profile set, falling back to default profiles: default
2019-06-02 18:19:42,219 DEBUG org.springframework.boot.web.servlet.server.DocumentRoot [main] Code archive: C:\Users\Marin\.m2\repository\org\springframework\boot\spring-boot\2.1.0.RELEASE\spring-boot-2.1.0.RELEASE.jar
2019-06-02 18:19:42,219 DEBUG org.springframework.boot.web.servlet.server.DocumentRoot [main] Code archive: C:\Users\Marin\.m2\repository\org\springframework\boot\spring-boot\2.1.0.RELEASE\spring-boot-2.1.0.RELEASE.jar
2019-06-02 18:19:42,220 DEBUG org.springframework.boot.web.servlet.server.DocumentRoot [main] None of the document roots [src/main/webapp, public, static] point to a directory and will be ignored.
2019-06-02 18:19:46,410 INFO org.springframework.boot.StartupInfoLogger [main] Started SecurityBack in 6.141 seconds (JVM running for 7.354)
2019-06-02 18:20:27,777 INFO org.springframework.boot.StartupInfoLogger [main] Starting SecurityBack on DESKTOP-9D5EIMP with PID 9504 (D:\Marin\BEZBProj\Bezbednost-XML\securityBack\target\classes started by Marin in D:\Marin\BEZBProj\Bezbednost-XML\securityBack)
2019-06-02 18:20:27,783 DEBUG org.springframework.boot.StartupInfoLogger [main] Running with Spring Boot v2.1.0.RELEASE, Spring v5.1.2.RELEASE
2019-06-02 18:20:27,786 INFO org.springframework.boot.SpringApplication [main] No active profile set, falling back to default profiles: default
2019-06-02 18:20:30,164 DEBUG org.springframework.boot.web.servlet.server.DocumentRoot [main] Code archive: C:\Users\Marin\.m2\repository\org\springframework\boot\spring-boot\2.1.0.RELEASE\spring-boot-2.1.0.RELEASE.jar
2019-06-02 18:20:30,165 DEBUG org.springframework.boot.web.servlet.server.DocumentRoot [main] Code archive: C:\Users\Marin\.m2\repository\org\springframework\boot\spring-boot\2.1.0.RELEASE\spring-boot-2.1.0.RELEASE.jar
2019-06-02 18:20:30,165 DEBUG org.springframework.boot.web.servlet.server.DocumentRoot [main] None of the document roots [src/main/webapp, public, static] point to a directory and will be ignored.
2019-06-02 18:20:35,438 INFO org.springframework.boot.StartupInfoLogger [main] Started SecurityBack in 8.515 seconds (JVM running for 9.708)
2019-06-02 18:21:52,991 INFO org.springframework.boot.StartupInfoLogger [main] Starting SecurityBack on DESKTOP-9D5EIMP with PID 8148 (D:\Marin\BEZBProj\Bezbednost-XML\securityBack\target\classes started by Marin in D:\Marin\BEZBProj\Bezbednost-XML\securityBack)
2019-06-02 18:21:52,995 DEBUG org.springframework.boot.StartupInfoLogger [main] Running with Spring Boot v2.1.0.RELEASE, Spring v5.1.2.RELEASE
2019-06-02 18:21:52,997 INFO org.springframework.boot.SpringApplication [main] No active profile set, falling back to default profiles: default
2019-06-02 18:21:54,713 DEBUG org.springframework.boot.web.servlet.server.DocumentRoot [main] Code archive: C:\Users\Marin\.m2\repository\org\springframework\boot\spring-boot\2.1.0.RELEASE\spring-boot-2.1.0.RELEASE.jar
2019-06-02 18:21:54,714 DEBUG org.springframework.boot.web.servlet.server.DocumentRoot [main] Code archive: C:\Users\Marin\.m2\repository\org\springframework\boot\spring-boot\2.1.0.RELEASE\spring-boot-2.1.0.RELEASE.jar
2019-06-02 18:21:54,715 DEBUG org.springframework.boot.web.servlet.server.DocumentRoot [main] None of the document roots [src/main/webapp, public, static] point to a directory and will be ignored.
2019-06-02 18:21:58,749 INFO org.springframework.boot.StartupInfoLogger [main] Started SecurityBack in 6.237 seconds (JVM running for 7.368)
2019-06-02 18:26:40,431 INFO org.springframework.boot.StartupInfoLogger [main] Starting SecurityBack on DESKTOP-9D5EIMP with PID 6988 (D:\Marin\BEZBProj\Bezbednost-XML\securityBack\target\classes started by Marin in D:\Marin\BEZBProj\Bezbednost-XML\securityBack)
2019-06-02 18:26:40,439 DEBUG org.springframework.boot.StartupInfoLogger [main] Running with Spring Boot v2.1.0.RELEASE, Spring v5.1.2.RELEASE
2019-06-02 18:26:40,441 INFO org.springframework.boot.SpringApplication [main] No active profile set, falling back to default profiles: default
2019-06-02 18:26:42,099 DEBUG org.springframework.boot.web.servlet.server.DocumentRoot [main] Code archive: C:\Users\Marin\.m2\repository\org\springframework\boot\spring-boot\2.1.0.RELEASE\spring-boot-2.1.0.RELEASE.jar
2019-06-02 18:26:42,099 DEBUG org.springframework.boot.web.servlet.server.DocumentRoot [main] Code archive: C:\Users\Marin\.m2\repository\org\springframework\boot\spring-boot\2.1.0.RELEASE\spring-boot-2.1.0.RELEASE.jar
2019-06-02 18:26:42,100 DEBUG org.springframework.boot.web.servlet.server.DocumentRoot [main] None of the document roots [src/main/webapp, public, static] point to a directory and will be ignored.
2019-06-02 18:26:46,196 INFO org.springframework.boot.StartupInfoLogger [main] Started SecurityBack in 6.275 seconds (JVM running for 7.283)
2019-06-02 18:29:33,938 INFO org.springframework.boot.StartupInfoLogger [main] Starting SecurityBack on DESKTOP-9D5EIMP with PID 1224 (D:\Marin\BEZBProj\Bezbednost-XML\securityBack\target\classes started by Marin in D:\Marin\BEZBProj\Bezbednost-XML\securityBack)
2019-06-02 18:29:33,942 DEBUG org.springframework.boot.StartupInfoLogger [main] Running with Spring Boot v2.1.0.RELEASE, Spring v5.1.2.RELEASE
2019-06-02 18:29:33,945 INFO org.springframework.boot.SpringApplication [main] No active profile set, falling back to default profiles: default
2019-06-02 18:29:35,395 DEBUG org.springframework.boot.web.servlet.server.DocumentRoot [main] Code archive: C:\Users\Marin\.m2\repository\org\springframework\boot\spring-boot\2.1.0.RELEASE\spring-boot-2.1.0.RELEASE.jar
2019-06-02 18:29:35,395 DEBUG org.springframework.boot.web.servlet.server.DocumentRoot [main] Code archive: C:\Users\Marin\.m2\repository\org\springframework\boot\spring-boot\2.1.0.RELEASE\spring-boot-2.1.0.RELEASE.jar
2019-06-02 18:29:35,395 DEBUG org.springframework.boot.web.servlet.server.DocumentRoot [main] None of the document roots [src/main/webapp, public, static] point to a directory and will be ignored.
2019-06-02 18:29:39,388 INFO org.springframework.boot.StartupInfoLogger [main] Started SecurityBack in 5.844 seconds (JVM running for 7.335)
2019-06-02 18:37:37,428 INFO org.springframework.boot.StartupInfoLogger [main] Starting SecurityBack on DESKTOP-9D5EIMP with PID 14024 (D:\Marin\BEZBProj\Bezbednost-XML\securityBack\target\classes started by Marin in D:\Marin\BEZBProj\Bezbednost-XML\securityBack)
2019-06-02 18:37:37,432 DEBUG org.springframework.boot.StartupInfoLogger [main] Running with Spring Boot v2.1.0.RELEASE, Spring v5.1.2.RELEASE
2019-06-02 18:37:37,434 INFO org.springframework.boot.SpringApplication [main] No active profile set, falling back to default profiles: default
2019-06-02 18:37:38,962 DEBUG org.springframework.boot.web.servlet.server.DocumentRoot [main] Code archive: C:\Users\Marin\.m2\repository\org\springframework\boot\spring-boot\2.1.0.RELEASE\spring-boot-2.1.0.RELEASE.jar
2019-06-02 18:37:38,962 DEBUG org.springframework.boot.web.servlet.server.DocumentRoot [main] Code archive: C:\Users\Marin\.m2\repository\org\springframework\boot\spring-boot\2.1.0.RELEASE\spring-boot-2.1.0.RELEASE.jar
2019-06-02 18:37:38,962 DEBUG org.springframework.boot.web.servlet.server.DocumentRoot [main] None of the document roots [src/main/webapp, public, static] point to a directory and will be ignored.
2019-06-02 18:37:43,117 INFO org.springframework.boot.StartupInfoLogger [main] Started SecurityBack in 6.209 seconds (JVM running for 7.336)
2019-06-02 18:49:09,244 INFO org.springframework.boot.StartupInfoLogger [main] Starting SecurityBack on DESKTOP-9D5EIMP with PID 12984 (D:\Marin\BEZBProj\Bezbednost-XML\securityBack\target\classes started by Marin in D:\Marin\BEZBProj\Bezbednost-XML\securityBack)
2019-06-02 18:49:09,247 DEBUG org.springframework.boot.StartupInfoLogger [main] Running with Spring Boot v2.1.0.RELEASE, Spring v5.1.2.RELEASE
2019-06-02 18:49:09,250 INFO org.springframework.boot.SpringApplication [main] No active profile set, falling back to default profiles: default
2019-06-02 18:49:10,706 DEBUG org.springframework.boot.web.servlet.server.DocumentRoot [main] Code archive: C:\Users\Marin\.m2\repository\org\springframework\boot\spring-boot\2.1.0.RELEASE\spring-boot-2.1.0.RELEASE.jar
2019-06-02 18:49:10,706 DEBUG org.springframework.boot.web.servlet.server.DocumentRoot [main] Code archive: C:\Users\Marin\.m2\repository\org\springframework\boot\spring-boot\2.1.0.RELEASE\spring-boot-2.1.0.RELEASE.jar
2019-06-02 18:49:10,707 DEBUG org.springframework.boot.web.servlet.server.DocumentRoot [main] None of the document roots [src/main/webapp, public, static] point to a directory and will be ignored.
2019-06-02 18:49:14,703 INFO org.springframework.boot.StartupInfoLogger [main] Started SecurityBack in 5.868 seconds (JVM running for 6.885)
2019-06-02 19:07:39,314 INFO org.springframework.boot.StartupInfoLogger [main] Starting SecurityBack on DESKTOP-9D5EIMP with PID 10384 (D:\Marin\BEZBProj\Bezbednost-XML\securityBack\target\classes started by Marin in D:\Marin\BEZBProj\Bezbednost-XML\securityBack)
2019-06-02 19:07:39,319 DEBUG org.springframework.boot.StartupInfoLogger [main] Running with Spring Boot v2.1.0.RELEASE, Spring v5.1.2.RELEASE
2019-06-02 19:07:39,322 INFO org.springframework.boot.SpringApplication [main] No active profile set, falling back to default profiles: default
2019-06-02 19:07:42,605 DEBUG org.springframework.boot.web.servlet.server.DocumentRoot [main] Code archive: C:\Users\Marin\.m2\repository\org\springframework\boot\spring-boot\2.1.0.RELEASE\spring-boot-2.1.0.RELEASE.jar
2019-06-02 19:07:42,606 DEBUG org.springframework.boot.web.servlet.server.DocumentRoot [main] Code archive: C:\Users\Marin\.m2\repository\org\springframework\boot\spring-boot\2.1.0.RELEASE\spring-boot-2.1.0.RELEASE.jar
2019-06-02 19:07:42,606 DEBUG org.springframework.boot.web.servlet.server.DocumentRoot [main] None of the document roots [src/main/webapp, public, static] point to a directory and will be ignored.
2019-06-02 19:07:47,512 INFO org.springframework.boot.StartupInfoLogger [main] Started SecurityBack in 9.121 seconds (JVM running for 10.699)
2019-06-02 19:37:53,347 INFO org.springframework.boot.StartupInfoLogger [main] Starting SecurityBack on DESKTOP-9D5EIMP with PID 948 (D:\Marin\BEZBProj\Bezbednost-XML\securityBack\target\classes started by Marin in D:\Marin\BEZBProj\Bezbednost-XML\securityBack)
2019-06-02 19:37:53,353 DEBUG org.springframework.boot.StartupInfoLogger [main] Running with Spring Boot v2.1.0.RELEASE, Spring v5.1.2.RELEASE
2019-06-02 19:37:53,356 INFO org.springframework.boot.SpringApplication [main] No active profile set, falling back to default profiles: default
2019-06-02 19:37:55,964 DEBUG org.springframework.boot.web.servlet.server.DocumentRoot [main] Code archive: C:\Users\Marin\.m2\repository\org\springframework\boot\spring-boot\2.1.0.RELEASE\spring-boot-2.1.0.RELEASE.jar
2019-06-02 19:37:55,964 DEBUG org.springframework.boot.web.servlet.server.DocumentRoot [main] Code archive: C:\Users\Marin\.m2\repository\org\springframework\boot\spring-boot\2.1.0.RELEASE\spring-boot-2.1.0.RELEASE.jar
2019-06-02 19:37:55,964 DEBUG org.springframework.boot.web.servlet.server.DocumentRoot [main] None of the document roots [src/main/webapp, public, static] point to a directory and will be ignored.
2019-06-02 19:38:01,687 INFO org.springframework.boot.StartupInfoLogger [main] Started SecurityBack in 8.943 seconds (JVM running for 9.918)
2019-06-02 19:56:04,025 INFO org.springframework.boot.StartupInfoLogger [main] Starting SecurityBack on DESKTOP-9D5EIMP with PID 12640 (D:\Marin\BEZBProj\Bezbednost-XML\securityBack\target\classes started by Marin in D:\Marin\BEZBProj\Bezbednost-XML\securityBack)
2019-06-02 19:56:04,030 DEBUG org.springframework.boot.StartupInfoLogger [main] Running with Spring Boot v2.1.0.RELEASE, Spring v5.1.2.RELEASE
2019-06-02 19:56:04,032 INFO org.springframework.boot.SpringApplication [main] No active profile set, falling back to default profiles: default
2019-06-02 19:56:05,796 DEBUG org.springframework.boot.web.servlet.server.DocumentRoot [main] Code archive: C:\Users\Marin\.m2\repository\org\springframework\boot\spring-boot\2.1.0.RELEASE\spring-boot-2.1.0.RELEASE.jar
2019-06-02 19:56:05,796 DEBUG org.springframework.boot.web.servlet.server.DocumentRoot [main] Code archive: C:\Users\Marin\.m2\repository\org\springframework\boot\spring-boot\2.1.0.RELEASE\spring-boot-2.1.0.RELEASE.jar
2019-06-02 19:56:05,797 DEBUG org.springframework.boot.web.servlet.server.DocumentRoot [main] None of the document roots [src/main/webapp, public, static] point to a directory and will be ignored.
2019-06-02 19:56:09,611 INFO org.springframework.boot.StartupInfoLogger [main] Started SecurityBack in 5.987 seconds (JVM running for 6.887)
2019-06-02 20:13:07,699 INFO org.springframework.boot.StartupInfoLogger [main] Starting SecurityBack on DESKTOP-9D5EIMP with PID 7612 (D:\Marin\BEZBProj\Bezbednost-XML\securityBack\target\classes started by Marin in D:\Marin\BEZBProj\Bezbednost-XML\securityBack)
2019-06-02 20:13:07,703 DEBUG org.springframework.boot.StartupInfoLogger [main] Running with Spring Boot v2.1.0.RELEASE, Spring v5.1.2.RELEASE
2019-06-02 20:13:07,705 INFO org.springframework.boot.SpringApplication [main] No active profile set, falling back to default profiles: default
2019-06-02 20:13:09,256 DEBUG org.springframework.boot.web.servlet.server.DocumentRoot [main] Code archive: C:\Users\Marin\.m2\repository\org\springframework\boot\spring-boot\2.1.0.RELEASE\spring-boot-2.1.0.RELEASE.jar
2019-06-02 20:13:09,256 DEBUG org.springframework.boot.web.servlet.server.DocumentRoot [main] Code archive: C:\Users\Marin\.m2\repository\org\springframework\boot\spring-boot\2.1.0.RELEASE\spring-boot-2.1.0.RELEASE.jar
2019-06-02 20:13:09,256 DEBUG org.springframework.boot.web.servlet.server.DocumentRoot [main] None of the document roots [src/main/webapp, public, static] point to a directory and will be ignored.
2019-06-02 20:13:20,104 INFO org.springframework.boot.StartupInfoLogger [main] Starting SecurityBack on DESKTOP-9D5EIMP with PID 11260 (D:\Marin\BEZBProj\Bezbednost-XML\securityBack\target\classes started by Marin in D:\Marin\BEZBProj\Bezbednost-XML\securityBack)
2019-06-02 20:13:20,107 DEBUG org.springframework.boot.StartupInfoLogger [main] Running with Spring Boot v2.1.0.RELEASE, Spring v5.1.2.RELEASE
2019-06-02 20:13:20,109 INFO org.springframework.boot.SpringApplication [main] No active profile set, falling back to default profiles: default
2019-06-02 20:13:21,638 DEBUG org.springframework.boot.web.servlet.server.DocumentRoot [main] Code archive: C:\Users\Marin\.m2\repository\org\springframework\boot\spring-boot\2.1.0.RELEASE\spring-boot-2.1.0.RELEASE.jar
2019-06-02 20:13:21,639 DEBUG org.springframework.boot.web.servlet.server.DocumentRoot [main] Code archive: C:\Users\Marin\.m2\repository\org\springframework\boot\spring-boot\2.1.0.RELEASE\spring-boot-2.1.0.RELEASE.jar
2019-06-02 20:13:21,639 DEBUG org.springframework.boot.web.servlet.server.DocumentRoot [main] None of the document roots [src/main/webapp, public, static] point to a directory and will be ignored.
2019-06-02 20:17:11,404 INFO org.springframework.boot.StartupInfoLogger [main] Starting SecurityBack on DESKTOP-9D5EIMP with PID 3036 (D:\Marin\BEZBProj\Bezbednost-XML\securityBack\target\classes started by Marin in D:\Marin\BEZBProj\Bezbednost-XML\securityBack)
2019-06-02 20:17:11,409 DEBUG org.springframework.boot.StartupInfoLogger [main] Running with Spring Boot v2.1.0.RELEASE, Spring v5.1.2.RELEASE
2019-06-02 20:17:11,411 INFO org.springframework.boot.SpringApplication [main] No active profile set, falling back to default profiles: default
2019-06-02 20:17:12,903 DEBUG org.springframework.boot.web.servlet.server.DocumentRoot [main] Code archive: C:\Users\Marin\.m2\repository\org\springframework\boot\spring-boot\2.1.0.RELEASE\spring-boot-2.1.0.RELEASE.jar
2019-06-02 20:17:12,904 DEBUG org.springframework.boot.web.servlet.server.DocumentRoot [main] Code archive: C:\Users\Marin\.m2\repository\org\springframework\boot\spring-boot\2.1.0.RELEASE\spring-boot-2.1.0.RELEASE.jar
2019-06-02 20:17:12,904 DEBUG org.springframework.boot.web.servlet.server.DocumentRoot [main] None of the document roots [src/main/webapp, public, static] point to a directory and will be ignored.
2019-06-02 20:17:17,145 INFO org.springframework.boot.StartupInfoLogger [main] Started SecurityBack in 6.145 seconds (JVM running for 7.343)
2019-06-02 20:19:37,053 INFO org.springframework.boot.StartupInfoLogger [main] Starting SecurityBack on DESKTOP-9D5EIMP with PID 3704 (D:\Marin\BEZBProj\Bezbednost-XML\securityBack\target\classes started by Marin in D:\Marin\BEZBProj\Bezbednost-XML\securityBack)
2019-06-02 20:19:37,057 DEBUG org.springframework.boot.StartupInfoLogger [main] Running with Spring Boot v2.1.0.RELEASE, Spring v5.1.2.RELEASE
2019-06-02 20:19:37,059 INFO org.springframework.boot.SpringApplication [main] No active profile set, falling back to default profiles: default
2019-06-02 20:19:38,812 DEBUG org.springframework.boot.web.servlet.server.DocumentRoot [main] Code archive: C:\Users\Marin\.m2\repository\org\springframework\boot\spring-boot\2.1.0.RELEASE\spring-boot-2.1.0.RELEASE.jar
2019-06-02 20:19:38,812 DEBUG org.springframework.boot.web.servlet.server.DocumentRoot [main] Code archive: C:\Users\Marin\.m2\repository\org\springframework\boot\spring-boot\2.1.0.RELEASE\spring-boot-2.1.0.RELEASE.jar
2019-06-02 20:19:38,813 DEBUG org.springframework.boot.web.servlet.server.DocumentRoot [main] None of the document roots [src/main/webapp, public, static] point to a directory and will be ignored.
2019-06-02 20:19:43,308 INFO org.springframework.boot.StartupInfoLogger [main] Started SecurityBack in 6.668 seconds (JVM running for 7.582)
2019-06-02 20:22:32,876 DEBUG com.ftn.controller.UserControler [https-jsse-nio-8092-exec-7] LOG
2019-06-02 20:22:33,285 INFO com.ftn.controller.UserControler [https-jsse-nio-8092-exec-7] SECURITY_EVENT user id:8 LOG_SUC ,ip 0:0:0:0:0:0:0:1
2019-06-02 20:22:33,286 INFO com.ftn.controller.UserControler [https-jsse-nio-8092-exec-7] NEPOR_EVENT user id:8 LOG_SUC, ip 0:0:0:0:0:0:0:1
2019-06-02 20:22:35,574 DEBUG com.ftn.controller.SecurityAdminControler [https-jsse-nio-8092-exec-9] SS
2019-06-02 20:22:35,582 INFO com.ftn.controller.SecurityAdminControler [https-jsse-nio-8092-exec-9] SS_SUC
2019-06-02 20:22:45,742 DEBUG com.ftn.controller.SecurityAdminControler [https-jsse-nio-8092-exec-1] CRE_CA
2019-06-02 20:25:15,713 INFO org.springframework.boot.StartupInfoLogger [main] Starting SecurityBack on DESKTOP-9D5EIMP with PID 11004 (D:\Marin\BEZBProj\Bezbednost-XML\securityBack\target\classes started by Marin in D:\Marin\BEZBProj\Bezbednost-XML\securityBack)
2019-06-02 20:25:15,721 DEBUG org.springframework.boot.StartupInfoLogger [main] Running with Spring Boot v2.1.0.RELEASE, Spring v5.1.2.RELEASE
2019-06-02 20:25:15,723 INFO org.springframework.boot.SpringApplication [main] No active profile set, falling back to default profiles: default
2019-06-02 20:25:17,530 DEBUG org.springframework.boot.web.servlet.server.DocumentRoot [main] Code archive: C:\Users\Marin\.m2\repository\org\springframework\boot\spring-boot\2.1.0.RELEASE\spring-boot-2.1.0.RELEASE.jar
2019-06-02 20:25:17,530 DEBUG org.springframework.boot.web.servlet.server.DocumentRoot [main] Code archive: C:\Users\Marin\.m2\repository\org\springframework\boot\spring-boot\2.1.0.RELEASE\spring-boot-2.1.0.RELEASE.jar
2019-06-02 20:25:17,530 DEBUG org.springframework.boot.web.servlet.server.DocumentRoot [main] None of the document roots [src/main/webapp, public, static] point to a directory and will be ignored.
2019-06-02 20:25:21,503 INFO org.springframework.boot.StartupInfoLogger [main] Started SecurityBack in 6.268 seconds (JVM running for 7.32)
2019-06-02 20:26:39,424 DEBUG com.ftn.controller.UserControler [https-jsse-nio-8092-exec-10] LOG
2019-06-02 20:26:39,795 INFO com.ftn.controller.UserControler [https-jsse-nio-8092-exec-10] SECURITY_EVENT user id:8 LOG_SUC ,ip 0:0:0:0:0:0:0:1
2019-06-02 20:26:39,796 INFO com.ftn.controller.UserControler [https-jsse-nio-8092-exec-10] NEPOR_EVENT user id:8 LOG_SUC, ip 0:0:0:0:0:0:0:1
2019-06-02 20:26:41,547 DEBUG com.ftn.controller.SecurityAdminControler [https-jsse-nio-8092-exec-2] SS
2019-06-02 20:26:41,555 INFO com.ftn.controller.SecurityAdminControler [https-jsse-nio-8092-exec-2] SS_SUC
2019-06-02 20:26:50,849 DEBUG com.ftn.controller.SecurityAdminControler [https-jsse-nio-8092-exec-4] CRE_CA
2019-06-02 20:26:52,111 INFO com.ftn.controller.SecurityAdminControler [https-jsse-nio-8092-exec-4] SECURITY_EVENT 6 CRE_CA id: 4 
2019-06-02 20:26:52,112 INFO com.ftn.controller.SecurityAdminControler [https-jsse-nio-8092-exec-4] NEPOR_EVENT6 CRE_CA id:4 
2019-06-02 20:26:52,468 INFO com.ftn.controller.SecurityAdminControler [https-jsse-nio-8092-exec-4] CRE_CA_SUC
2019-06-02 20:26:52,626 INFO com.ftn.controller.SecurityAdminControler [https-jsse-nio-8092-exec-6] GET_CA
2019-06-02 20:26:52,647 INFO com.ftn.controller.SecurityAdminControler [https-jsse-nio-8092-exec-6] NEPOR_EVENT user MTRoot@gmail.com CA 
2019-06-02 20:27:08,981 DEBUG com.ftn.controller.UserControler [https-jsse-nio-8092-exec-6] LOGOUT
2019-06-02 20:30:15,424 INFO org.springframework.boot.StartupInfoLogger [main] Starting SecurityBack on DESKTOP-9D5EIMP with PID 8284 (D:\Marin\BEZBProj\Bezbednost-XML\securityBack\target\classes started by Marin in D:\Marin\BEZBProj\Bezbednost-XML\securityBack)
2019-06-02 20:30:15,429 DEBUG org.springframework.boot.StartupInfoLogger [main] Running with Spring Boot v2.1.0.RELEASE, Spring v5.1.2.RELEASE
2019-06-02 20:30:15,431 INFO org.springframework.boot.SpringApplication [main] No active profile set, falling back to default profiles: default
2019-06-02 20:30:17,439 DEBUG org.springframework.boot.web.servlet.server.DocumentRoot [main] Code archive: C:\Users\Marin\.m2\repository\org\springframework\boot\spring-boot\2.1.0.RELEASE\spring-boot-2.1.0.RELEASE.jar
2019-06-02 20:30:17,440 DEBUG org.springframework.boot.web.servlet.server.DocumentRoot [main] Code archive: C:\Users\Marin\.m2\repository\org\springframework\boot\spring-boot\2.1.0.RELEASE\spring-boot-2.1.0.RELEASE.jar
2019-06-02 20:30:17,440 DEBUG org.springframework.boot.web.servlet.server.DocumentRoot [main] None of the document roots [src/main/webapp, public, static] point to a directory and will be ignored.
2019-06-02 20:30:21,192 INFO org.springframework.boot.StartupInfoLogger [main] Started SecurityBack in 6.187 seconds (JVM running for 7.077)
2019-06-02 20:30:51,950 INFO org.springframework.boot.StartupInfoLogger [main] Starting SecurityBack on DESKTOP-9D5EIMP with PID 14656 (D:\Marin\BEZBProj\Bezbednost-XML\securityBack\target\classes started by Marin in D:\Marin\BEZBProj\Bezbednost-XML\securityBack)
2019-06-02 20:30:51,955 DEBUG org.springframework.boot.StartupInfoLogger [main] Running with Spring Boot v2.1.0.RELEASE, Spring v5.1.2.RELEASE
2019-06-02 20:30:51,957 INFO org.springframework.boot.SpringApplication [main] No active profile set, falling back to default profiles: default
2019-06-02 20:30:53,432 DEBUG org.springframework.boot.web.servlet.server.DocumentRoot [main] Code archive: C:\Users\Marin\.m2\repository\org\springframework\boot\spring-boot\2.1.0.RELEASE\spring-boot-2.1.0.RELEASE.jar
2019-06-02 20:30:53,432 DEBUG org.springframework.boot.web.servlet.server.DocumentRoot [main] Code archive: C:\Users\Marin\.m2\repository\org\springframework\boot\spring-boot\2.1.0.RELEASE\spring-boot-2.1.0.RELEASE.jar
2019-06-02 20:30:53,432 DEBUG org.springframework.boot.web.servlet.server.DocumentRoot [main] None of the document roots [src/main/webapp, public, static] point to a directory and will be ignored.
2019-06-02 20:30:57,470 INFO org.springframework.boot.StartupInfoLogger [main] Started SecurityBack in 5.923 seconds (JVM running for 6.806)
2019-06-02 20:31:45,434 DEBUG com.ftn.controller.UserControler [https-jsse-nio-8092-exec-6] LOG
2019-06-02 20:31:45,803 INFO com.ftn.controller.UserControler [https-jsse-nio-8092-exec-6] SECURITY_EVENT user id:8 LOG_SUC ,ip 0:0:0:0:0:0:0:1
2019-06-02 20:31:45,807 INFO com.ftn.controller.UserControler [https-jsse-nio-8092-exec-6] NEPOR_EVENT user id:8 LOG_SUC, ip 0:0:0:0:0:0:0:1
2019-06-02 20:31:46,954 INFO com.ftn.controller.SecurityAdminControler [https-jsse-nio-8092-exec-8] GET_CA
2019-06-02 20:31:46,997 INFO com.ftn.controller.SecurityAdminControler [https-jsse-nio-8092-exec-8] NEPOR_EVENT user MTRoot@gmail.com CA 
2019-06-02 20:31:52,545 INFO com.ftn.controller.SecurityAdminControler [https-jsse-nio-8092-exec-9] GET_CA
2019-06-02 20:31:52,561 INFO com.ftn.controller.SecurityAdminControler [https-jsse-nio-8092-exec-9] NEPOR_EVENT user MTRoot@gmail.com CA 
2019-06-02 20:32:16,282 INFO org.springframework.boot.StartupInfoLogger [main] Starting SecurityBack on DESKTOP-9D5EIMP with PID 4840 (D:\Marin\BEZBProj\Bezbednost-XML\securityBack\target\classes started by Marin in D:\Marin\BEZBProj\Bezbednost-XML\securityBack)
2019-06-02 20:32:16,287 DEBUG org.springframework.boot.StartupInfoLogger [main] Running with Spring Boot v2.1.0.RELEASE, Spring v5.1.2.RELEASE
2019-06-02 20:32:16,299 INFO org.springframework.boot.SpringApplication [main] No active profile set, falling back to default profiles: default
2019-06-02 20:32:17,757 DEBUG org.springframework.boot.web.servlet.server.DocumentRoot [main] Code archive: C:\Users\Marin\.m2\repository\org\springframework\boot\spring-boot\2.1.0.RELEASE\spring-boot-2.1.0.RELEASE.jar
2019-06-02 20:32:17,758 DEBUG org.springframework.boot.web.servlet.server.DocumentRoot [main] Code archive: C:\Users\Marin\.m2\repository\org\springframework\boot\spring-boot\2.1.0.RELEASE\spring-boot-2.1.0.RELEASE.jar
2019-06-02 20:32:17,758 DEBUG org.springframework.boot.web.servlet.server.DocumentRoot [main] None of the document roots [src/main/webapp, public, static] point to a directory and will be ignored.
2019-06-02 20:32:21,789 INFO org.springframework.boot.StartupInfoLogger [main] Started SecurityBack in 6.112 seconds (JVM running for 7.096)
2019-06-02 20:33:49,825 INFO org.springframework.boot.StartupInfoLogger [main] Starting SecurityBack on DESKTOP-9D5EIMP with PID 15264 (D:\Marin\BEZBProj\Bezbednost-XML\securityBack\target\classes started by Marin in D:\Marin\BEZBProj\Bezbednost-XML\securityBack)
2019-06-02 20:33:49,829 DEBUG org.springframework.boot.StartupInfoLogger [main] Running with Spring Boot v2.1.0.RELEASE, Spring v5.1.2.RELEASE
2019-06-02 20:33:49,831 INFO org.springframework.boot.SpringApplication [main] No active profile set, falling back to default profiles: default
2019-06-02 20:33:51,305 DEBUG org.springframework.boot.web.servlet.server.DocumentRoot [main] Code archive: C:\Users\Marin\.m2\repository\org\springframework\boot\spring-boot\2.1.0.RELEASE\spring-boot-2.1.0.RELEASE.jar
2019-06-02 20:33:51,305 DEBUG org.springframework.boot.web.servlet.server.DocumentRoot [main] Code archive: C:\Users\Marin\.m2\repository\org\springframework\boot\spring-boot\2.1.0.RELEASE\spring-boot-2.1.0.RELEASE.jar
2019-06-02 20:33:51,306 DEBUG org.springframework.boot.web.servlet.server.DocumentRoot [main] None of the document roots [src/main/webapp, public, static] point to a directory and will be ignored.
2019-06-02 20:33:55,599 INFO org.springframework.boot.StartupInfoLogger [main] Started SecurityBack in 6.171 seconds (JVM running for 7.06)
2019-06-02 20:34:25,871 DEBUG com.ftn.controller.UserControler [https-jsse-nio-8092-exec-6] LOG
2019-06-02 20:34:26,334 INFO com.ftn.controller.UserControler [https-jsse-nio-8092-exec-6] SECURITY_EVENT user id:8 LOG_SUC ,ip 0:0:0:0:0:0:0:1
2019-06-02 20:34:26,334 INFO com.ftn.controller.UserControler [https-jsse-nio-8092-exec-6] NEPOR_EVENT user id:8 LOG_SUC, ip 0:0:0:0:0:0:0:1
2019-06-02 20:34:27,643 INFO com.ftn.controller.SecurityAdminControler [https-jsse-nio-8092-exec-8] GET_CA
2019-06-02 20:34:27,677 INFO com.ftn.controller.SecurityAdminControler [https-jsse-nio-8092-exec-8] NEPOR_EVENT user MTRoot@gmail.com CA 
2019-06-02 20:35:30,298 INFO org.springframework.boot.StartupInfoLogger [main] Starting SecurityBack on DESKTOP-9D5EIMP with PID 13536 (D:\Marin\BEZBProj\Bezbednost-XML\securityBack\target\classes started by Marin in D:\Marin\BEZBProj\Bezbednost-XML\securityBack)
2019-06-02 20:35:30,306 DEBUG org.springframework.boot.StartupInfoLogger [main] Running with Spring Boot v2.1.0.RELEASE, Spring v5.1.2.RELEASE
2019-06-02 20:35:30,308 INFO org.springframework.boot.SpringApplication [main] No active profile set, falling back to default profiles: default
2019-06-02 20:35:32,056 DEBUG org.springframework.boot.web.servlet.server.DocumentRoot [main] Code archive: C:\Users\Marin\.m2\repository\org\springframework\boot\spring-boot\2.1.0.RELEASE\spring-boot-2.1.0.RELEASE.jar
2019-06-02 20:35:32,056 DEBUG org.springframework.boot.web.servlet.server.DocumentRoot [main] Code archive: C:\Users\Marin\.m2\repository\org\springframework\boot\spring-boot\2.1.0.RELEASE\spring-boot-2.1.0.RELEASE.jar
2019-06-02 20:35:32,057 DEBUG org.springframework.boot.web.servlet.server.DocumentRoot [main] None of the document roots [src/main/webapp, public, static] point to a directory and will be ignored.
2019-06-02 20:35:35,833 INFO org.springframework.boot.StartupInfoLogger [main] Started SecurityBack in 5.941 seconds (JVM running for 6.861)
2019-06-02 20:39:10,008 INFO org.springframework.boot.StartupInfoLogger [main] Starting SecurityBack on DESKTOP-9D5EIMP with PID 2292 (D:\Marin\BEZBProj\Bezbednost-XML\securityBack\target\classes started by Marin in D:\Marin\BEZBProj\Bezbednost-XML\securityBack)
2019-06-02 20:39:10,012 DEBUG org.springframework.boot.StartupInfoLogger [main] Running with Spring Boot v2.1.0.RELEASE, Spring v5.1.2.RELEASE
2019-06-02 20:39:10,014 INFO org.springframework.boot.SpringApplication [main] No active profile set, falling back to default profiles: default
2019-06-02 20:39:11,476 DEBUG org.springframework.boot.web.servlet.server.DocumentRoot [main] Code archive: C:\Users\Marin\.m2\repository\org\springframework\boot\spring-boot\2.1.0.RELEASE\spring-boot-2.1.0.RELEASE.jar
2019-06-02 20:39:11,476 DEBUG org.springframework.boot.web.servlet.server.DocumentRoot [main] Code archive: C:\Users\Marin\.m2\repository\org\springframework\boot\spring-boot\2.1.0.RELEASE\spring-boot-2.1.0.RELEASE.jar
2019-06-02 20:39:11,477 DEBUG org.springframework.boot.web.servlet.server.DocumentRoot [main] None of the document roots [src/main/webapp, public, static] point to a directory and will be ignored.
2019-06-02 20:39:15,592 INFO org.springframework.boot.StartupInfoLogger [main] Started SecurityBack in 5.988 seconds (JVM running for 7.071)
2019-06-02 20:42:58,745 INFO org.springframework.boot.StartupInfoLogger [main] Starting SecurityBack on DESKTOP-9D5EIMP with PID 8788 (D:\Marin\BEZBProj\Bezbednost-XML\securityBack\target\classes started by Marin in D:\Marin\BEZBProj\Bezbednost-XML\securityBack)
2019-06-02 20:42:58,748 DEBUG org.springframework.boot.StartupInfoLogger [main] Running with Spring Boot v2.1.0.RELEASE, Spring v5.1.2.RELEASE
2019-06-02 20:42:58,750 INFO org.springframework.boot.SpringApplication [main] No active profile set, falling back to default profiles: default
2019-06-02 20:43:00,500 DEBUG org.springframework.boot.web.servlet.server.DocumentRoot [main] Code archive: C:\Users\Marin\.m2\repository\org\springframework\boot\spring-boot\2.1.0.RELEASE\spring-boot-2.1.0.RELEASE.jar
2019-06-02 20:43:00,501 DEBUG org.springframework.boot.web.servlet.server.DocumentRoot [main] Code archive: C:\Users\Marin\.m2\repository\org\springframework\boot\spring-boot\2.1.0.RELEASE\spring-boot-2.1.0.RELEASE.jar
2019-06-02 20:43:00,501 DEBUG org.springframework.boot.web.servlet.server.DocumentRoot [main] None of the document roots [src/main/webapp, public, static] point to a directory and will be ignored.
2019-06-02 20:43:04,301 INFO org.springframework.boot.StartupInfoLogger [main] Started SecurityBack in 5.967 seconds (JVM running for 6.867)
