2019-06-09 16:08:44,893 INFO org.springframework.boot.StartupInfoLogger [main] Starting SecurityBack on DESKTOP-F3G1DCA with PID 10292 (started by Borx in F:\FTN\IV godina\Drugi Semestar\PROJEKTI\XML-Bezbednost PROJECT\securityBack)
2019-06-09 16:08:44,907 DEBUG org.springframework.boot.StartupInfoLogger [main] Running with Spring Boot v2.1.0.RELEASE, Spring v5.1.2.RELEASE
2019-06-09 16:08:44,912 INFO org.springframework.boot.SpringApplication [main] No active profile set, falling back to default profiles: default
2019-06-09 16:08:47,098 DEBUG org.springframework.boot.web.servlet.server.DocumentRoot [main] Code archive: C:\Users\Borx\.m2\repository\org\springframework\boot\spring-boot\2.1.0.RELEASE\spring-boot-2.1.0.RELEASE.jar
2019-06-09 16:08:47,106 DEBUG org.springframework.boot.web.servlet.server.DocumentRoot [main] Code archive: C:\Users\Borx\.m2\repository\org\springframework\boot\spring-boot\2.1.0.RELEASE\spring-boot-2.1.0.RELEASE.jar
2019-06-09 16:08:47,107 DEBUG org.springframework.boot.web.servlet.server.DocumentRoot [main] None of the document roots [src/main/webapp, public, static] point to a directory and will be ignored.
2019-06-09 16:09:07,047 INFO org.springframework.boot.StartupInfoLogger [main] Started SecurityBack in 22.933 seconds (JVM running for 24.128)
2019-06-09 16:49:21,810 INFO org.springframework.boot.StartupInfoLogger [main] Starting SecurityBack on DESKTOP-F3G1DCA with PID 4392 (started by Borx in F:\FTN\IV godina\Drugi Semestar\PROJEKTI\XML-Bezbednost PROJECT\securityBack)
2019-06-09 16:49:21,814 DEBUG org.springframework.boot.StartupInfoLogger [main] Running with Spring Boot v2.1.0.RELEASE, Spring v5.1.2.RELEASE
2019-06-09 16:49:21,816 INFO org.springframework.boot.SpringApplication [main] No active profile set, falling back to default profiles: default
2019-06-09 16:49:23,364 DEBUG org.springframework.boot.web.servlet.server.DocumentRoot [main] Code archive: C:\Users\Borx\.m2\repository\org\springframework\boot\spring-boot\2.1.0.RELEASE\spring-boot-2.1.0.RELEASE.jar
2019-06-09 16:49:23,365 DEBUG org.springframework.boot.web.servlet.server.DocumentRoot [main] Code archive: C:\Users\Borx\.m2\repository\org\springframework\boot\spring-boot\2.1.0.RELEASE\spring-boot-2.1.0.RELEASE.jar
2019-06-09 16:49:23,365 DEBUG org.springframework.boot.web.servlet.server.DocumentRoot [main] None of the document roots [src/main/webapp, public, static] point to a directory and will be ignored.
2019-06-09 16:49:37,762 INFO org.springframework.boot.StartupInfoLogger [main] Started SecurityBack in 16.331 seconds (JVM running for 17.416)
2019-06-09 18:31:57,466 INFO org.springframework.boot.StartupInfoLogger [main] Starting SecurityBack on DESKTOP-F3G1DCA with PID 17188 (started by Borx in F:\FTN\IV godina\Drugi Semestar\PROJEKTI\XML-Bezbednost PROJECT\securityBack)
2019-06-09 18:31:57,482 DEBUG org.springframework.boot.StartupInfoLogger [main] Running with Spring Boot v2.1.0.RELEASE, Spring v5.1.2.RELEASE
2019-06-09 18:31:57,482 INFO org.springframework.boot.SpringApplication [main] No active profile set, falling back to default profiles: default
2019-06-09 18:31:59,590 DEBUG org.springframework.boot.web.servlet.server.DocumentRoot [main] Code archive: C:\Users\Borx\.m2\repository\org\springframework\boot\spring-boot\2.1.0.RELEASE\spring-boot-2.1.0.RELEASE.jar
2019-06-09 18:31:59,590 DEBUG org.springframework.boot.web.servlet.server.DocumentRoot [main] Code archive: C:\Users\Borx\.m2\repository\org\springframework\boot\spring-boot\2.1.0.RELEASE\spring-boot-2.1.0.RELEASE.jar
2019-06-09 18:31:59,590 DEBUG org.springframework.boot.web.servlet.server.DocumentRoot [main] None of the document roots [src/main/webapp, public, static] point to a directory and will be ignored.
2019-06-09 18:32:14,987 INFO org.springframework.boot.StartupInfoLogger [main] Started SecurityBack in 18.022 seconds (JVM running for 18.849)
2019-06-09 18:32:50,896 DEBUG com.ftn.controller.UserControler [https-jsse-nio-8092-exec-7] LOG
2019-06-09 18:32:51,034 ERROR com.ftn.controller.UserControler [https-jsse-nio-8092-exec-7] LOG_ERR
2019-06-09 18:32:51,034 WARN com.ftn.controller.UserControler [https-jsse-nio-8092-exec-7] SECURITY_EVENT user id:8 LOG_FAIL 
2019-06-09 18:33:37,591 DEBUG com.ftn.controller.UserControler [https-jsse-nio-8092-exec-8] LOG
2019-06-09 18:33:37,696 ERROR com.ftn.controller.UserControler [https-jsse-nio-8092-exec-8] LOG_ERR
2019-06-09 18:33:37,697 WARN com.ftn.controller.UserControler [https-jsse-nio-8092-exec-8] SECURITY_EVENT user id:8 LOG_FAIL 
2019-06-09 18:33:55,627 DEBUG com.ftn.controller.UserControler [https-jsse-nio-8092-exec-9] LOG
2019-06-09 18:33:55,736 ERROR com.ftn.controller.UserControler [https-jsse-nio-8092-exec-9] LOG_ERR
2019-06-09 18:33:55,736 WARN com.ftn.controller.UserControler [https-jsse-nio-8092-exec-9] SECURITY_EVENT user id:8 LOG_FAIL 
2019-06-09 18:35:33,630 DEBUG com.ftn.controller.UserControler [https-jsse-nio-8092-exec-1] LOG
2019-06-09 18:35:33,956 INFO com.ftn.controller.UserControler [https-jsse-nio-8092-exec-1] SECURITY_EVENT user id:8 LOG_SUC ,ip 0:0:0:0:0:0:0:1
2019-06-09 18:35:33,956 INFO com.ftn.controller.UserControler [https-jsse-nio-8092-exec-1] NEPOR_EVENT user id:8 LOG_SUC, ip 0:0:0:0:0:0:0:1
2019-06-09 18:48:03,730 DEBUG com.ftn.controller.SecurityAdminControler [https-jsse-nio-8092-exec-10] SS
2019-06-09 18:48:03,738 INFO com.ftn.controller.SecurityAdminControler [https-jsse-nio-8092-exec-10] SS_SUC
2019-06-09 18:48:12,572 DEBUG com.ftn.controller.SecurityAdminControler [https-jsse-nio-8092-exec-2] CRE_CA
2019-06-09 18:48:14,390 INFO com.ftn.controller.SecurityAdminControler [https-jsse-nio-8092-exec-2] SECURITY_EVENT 5 CRE_CA id: 4 
2019-06-09 18:48:14,390 INFO com.ftn.controller.SecurityAdminControler [https-jsse-nio-8092-exec-2] NEPOR_EVENT5 CRE_CA id:4 
2019-06-09 18:48:14,592 INFO com.ftn.controller.SecurityAdminControler [https-jsse-nio-8092-exec-2] CRE_CA_SUC
2019-06-09 18:48:14,751 INFO com.ftn.controller.SecurityAdminControler [https-jsse-nio-8092-exec-2] GET_CA
2019-06-09 18:48:14,752 INFO com.ftn.controller.SecurityAdminControler [https-jsse-nio-8092-exec-4] GET_ACA
2019-06-09 18:48:14,776 INFO com.ftn.controller.SecurityAdminControler [https-jsse-nio-8092-exec-2] NEPOR_EVENT user MTRoot@gmail.com CA 
2019-06-09 18:48:20,532 WARN com.ftn.security.RestAuthenticationEntryPoint [https-jsse-nio-8092-exec-5] SECURITY_EVENT Unauthorised access attempt to https://localhost:8092/api/security/getAllCertificates from  adress0:0:0:0:0:0:0:1
2019-06-09 18:48:41,658 DEBUG com.ftn.controller.UserControler [https-jsse-nio-8092-exec-7] LOG
2019-06-09 18:48:41,849 INFO com.ftn.controller.UserControler [https-jsse-nio-8092-exec-7] SECURITY_EVENT user id:8 LOG_SUC ,ip 0:0:0:0:0:0:0:1
2019-06-09 18:48:41,850 INFO com.ftn.controller.UserControler [https-jsse-nio-8092-exec-7] NEPOR_EVENT user id:8 LOG_SUC, ip 0:0:0:0:0:0:0:1
2019-06-09 18:48:43,927 DEBUG com.ftn.controller.SecurityAdminControler [https-jsse-nio-8092-exec-8] SS
2019-06-09 18:48:43,933 INFO com.ftn.controller.SecurityAdminControler [https-jsse-nio-8092-exec-8] SS_SUC
2019-06-09 18:48:50,090 DEBUG com.ftn.controller.SecurityAdminControler [https-jsse-nio-8092-exec-1] CRE_CA
2019-06-09 18:48:50,469 INFO com.ftn.controller.SecurityAdminControler [https-jsse-nio-8092-exec-1] SECURITY_EVENT 7 CRE_CA id: 4 
2019-06-09 18:48:50,469 INFO com.ftn.controller.SecurityAdminControler [https-jsse-nio-8092-exec-1] NEPOR_EVENT7 CRE_CA id:4 
2019-06-09 18:48:50,660 INFO com.ftn.controller.SecurityAdminControler [https-jsse-nio-8092-exec-1] CRE_CA_SUC
2019-06-09 18:48:50,778 INFO com.ftn.controller.SecurityAdminControler [https-jsse-nio-8092-exec-6] GET_ACA
2019-06-09 18:48:50,778 INFO com.ftn.controller.SecurityAdminControler [https-jsse-nio-8092-exec-2] GET_CA
2019-06-09 18:48:50,793 INFO com.ftn.controller.SecurityAdminControler [https-jsse-nio-8092-exec-2] NEPOR_EVENT user MTRoot@gmail.com CA 
2019-06-09 18:49:33,697 DEBUG com.ftn.controller.UserControler [https-jsse-nio-8092-exec-5] LOG
2019-06-09 18:49:33,886 INFO com.ftn.controller.UserControler [https-jsse-nio-8092-exec-5] SECURITY_EVENT user id:11 LOG_SUC ,ip 0:0:0:0:0:0:0:1
2019-06-09 18:49:33,886 INFO com.ftn.controller.UserControler [https-jsse-nio-8092-exec-5] NEPOR_EVENT user id:11 LOG_SUC, ip 0:0:0:0:0:0:0:1
2019-06-09 18:50:05,657 DEBUG com.ftn.controller.UserControler [https-jsse-nio-8092-exec-7] LOG
2019-06-09 18:50:05,853 INFO com.ftn.controller.UserControler [https-jsse-nio-8092-exec-7] SECURITY_EVENT user id:11 LOG_SUC ,ip 0:0:0:0:0:0:0:1
2019-06-09 18:50:05,853 INFO com.ftn.controller.UserControler [https-jsse-nio-8092-exec-7] NEPOR_EVENT user id:11 LOG_SUC, ip 0:0:0:0:0:0:0:1
2019-06-09 18:51:14,581 INFO com.ftn.controller.SecurityAdminControler [https-jsse-nio-8092-exec-3] GET_SS
2019-06-09 18:51:27,201 DEBUG com.ftn.controller.SecurityAdminControler [https-jsse-nio-8092-exec-8] CK_COMM
2019-06-09 18:51:56,844 DEBUG com.ftn.controller.SecurityAdminControler [https-jsse-nio-8092-exec-7] CK_COMM
2019-06-09 18:54:38,484 INFO com.ftn.controller.SecurityAdminControler [https-jsse-nio-8092-exec-2] GET_SS
2019-06-09 18:54:54,415 DEBUG com.ftn.controller.UserControler [https-jsse-nio-8092-exec-5] LOG
2019-06-09 18:54:54,609 INFO com.ftn.controller.UserControler [https-jsse-nio-8092-exec-5] SECURITY_EVENT user id:11 LOG_SUC ,ip 0:0:0:0:0:0:0:1
2019-06-09 18:54:54,610 INFO com.ftn.controller.UserControler [https-jsse-nio-8092-exec-5] NEPOR_EVENT user id:11 LOG_SUC, ip 0:0:0:0:0:0:0:1
2019-06-09 18:54:54,708 INFO com.ftn.controller.SecurityAdminControler [https-jsse-nio-8092-exec-3] GET_SS
2019-06-09 18:55:19,357 DEBUG com.ftn.controller.SecurityAdminControler [https-jsse-nio-8092-exec-8] CK_COMM
