2019-06-20 00:57:32,180 INFO org.springframework.boot.StartupInfoLogger [main] Starting MegaTravelApp on DESKTOP-9D5EIMP with PID 17204 (D:\Marin\BezbednostTrenutni\Bezbednost-XML\megaTravelAppBack\target\classes started by Marin in D:\Marin\BezbednostTrenutni\Bezbednost-XML\megaTravelAppBack)
2019-06-20 00:57:32,190 DEBUG org.springframework.boot.StartupInfoLogger [main] Running with Spring Boot v2.1.0.RELEASE, Spring v5.1.2.RELEASE
2019-06-20 00:57:32,209 INFO org.springframework.boot.SpringApplication [main] No active profile set, falling back to default profiles: default
2019-06-20 00:57:34,244 DEBUG org.springframework.boot.web.servlet.server.DocumentRoot [main] Code archive: C:\Users\Marin\.m2\repository\org\springframework\boot\spring-boot\2.1.0.RELEASE\spring-boot-2.1.0.RELEASE.jar
2019-06-20 00:57:34,245 DEBUG org.springframework.boot.web.servlet.server.DocumentRoot [main] Code archive: C:\Users\Marin\.m2\repository\org\springframework\boot\spring-boot\2.1.0.RELEASE\spring-boot-2.1.0.RELEASE.jar
2019-06-20 00:57:34,247 DEBUG org.springframework.boot.web.servlet.server.DocumentRoot [main] None of the document roots [src/main/webapp, public, static] point to a directory and will be ignored.
2019-06-20 00:58:16,449 INFO org.springframework.boot.StartupInfoLogger [main] Starting MegaTravelApp on DESKTOP-9D5EIMP with PID 15348 (D:\Marin\BezbednostTrenutni\Bezbednost-XML\megaTravelAppBack\target\classes started by Marin in D:\Marin\BezbednostTrenutni\Bezbednost-XML\megaTravelAppBack)
2019-06-20 00:58:16,456 DEBUG org.springframework.boot.StartupInfoLogger [main] Running with Spring Boot v2.1.0.RELEASE, Spring v5.1.2.RELEASE
2019-06-20 00:58:16,458 INFO org.springframework.boot.SpringApplication [main] No active profile set, falling back to default profiles: default
2019-06-20 00:58:18,345 DEBUG org.springframework.boot.web.servlet.server.DocumentRoot [main] Code archive: C:\Users\Marin\.m2\repository\org\springframework\boot\spring-boot\2.1.0.RELEASE\spring-boot-2.1.0.RELEASE.jar
2019-06-20 00:58:18,345 DEBUG org.springframework.boot.web.servlet.server.DocumentRoot [main] Code archive: C:\Users\Marin\.m2\repository\org\springframework\boot\spring-boot\2.1.0.RELEASE\spring-boot-2.1.0.RELEASE.jar
2019-06-20 00:58:18,346 DEBUG org.springframework.boot.web.servlet.server.DocumentRoot [main] None of the document roots [src/main/webapp, public, static] point to a directory and will be ignored.
2019-06-20 00:58:24,211 INFO org.springframework.boot.StartupInfoLogger [main] Started MegaTravelApp in 8.181 seconds (JVM running for 9.081)
2019-06-20 14:48:41,491 INFO org.springframework.boot.StartupInfoLogger [main] Starting MegaTravelApp on DESKTOP-9D5EIMP with PID 17044 (D:\Marin\BezbednostTrenutni\Bezbednost-XML\megaTravelAppBack\target\classes started by Marin in D:\Marin\BezbednostTrenutni\Bezbednost-XML\megaTravelAppBack)
2019-06-20 14:48:41,495 DEBUG org.springframework.boot.StartupInfoLogger [main] Running with Spring Boot v2.1.0.RELEASE, Spring v5.1.2.RELEASE
2019-06-20 14:48:41,497 INFO org.springframework.boot.SpringApplication [main] No active profile set, falling back to default profiles: default
2019-06-20 14:48:43,524 DEBUG org.springframework.boot.web.servlet.server.DocumentRoot [main] Code archive: C:\Users\Marin\.m2\repository\org\springframework\boot\spring-boot\2.1.0.RELEASE\spring-boot-2.1.0.RELEASE.jar
2019-06-20 14:48:43,525 DEBUG org.springframework.boot.web.servlet.server.DocumentRoot [main] Code archive: C:\Users\Marin\.m2\repository\org\springframework\boot\spring-boot\2.1.0.RELEASE\spring-boot-2.1.0.RELEASE.jar
2019-06-20 14:48:43,526 DEBUG org.springframework.boot.web.servlet.server.DocumentRoot [main] None of the document roots [src/main/webapp, public, static] point to a directory and will be ignored.
2019-06-20 14:48:50,177 INFO org.springframework.boot.StartupInfoLogger [main] Started MegaTravelApp in 9.138 seconds (JVM running for 10.413)
2019-06-20 14:53:39,577 INFO org.springframework.boot.StartupInfoLogger [main] Starting MegaTravelApp on DESKTOP-9D5EIMP with PID 1888 (D:\Marin\BezbednostTrenutni\Bezbednost-XML\megaTravelAppBack\target\classes started by Marin in D:\Marin\BezbednostTrenutni\Bezbednost-XML\megaTravelAppBack)
2019-06-20 14:53:39,581 DEBUG org.springframework.boot.StartupInfoLogger [main] Running with Spring Boot v2.1.0.RELEASE, Spring v5.1.2.RELEASE
2019-06-20 14:53:39,583 INFO org.springframework.boot.SpringApplication [main] No active profile set, falling back to default profiles: default
2019-06-20 14:53:43,713 DEBUG org.springframework.boot.web.servlet.server.DocumentRoot [main] Code archive: C:\Users\Marin\.m2\repository\org\springframework\boot\spring-boot\2.1.0.RELEASE\spring-boot-2.1.0.RELEASE.jar
2019-06-20 14:53:43,714 DEBUG org.springframework.boot.web.servlet.server.DocumentRoot [main] Code archive: C:\Users\Marin\.m2\repository\org\springframework\boot\spring-boot\2.1.0.RELEASE\spring-boot-2.1.0.RELEASE.jar
2019-06-20 14:53:43,715 DEBUG org.springframework.boot.web.servlet.server.DocumentRoot [main] None of the document roots [src/main/webapp, public, static] point to a directory and will be ignored.
2019-06-20 14:53:53,422 INFO org.springframework.boot.StartupInfoLogger [main] Started MegaTravelApp in 15.15 seconds (JVM running for 17.47)
2019-06-20 16:52:51,455 INFO org.springframework.boot.StartupInfoLogger [main] Starting MegaTravelApp on DESKTOP-9D5EIMP with PID 4496 (D:\Marin\BezbednostTrenutni\Bezbednost-XML\megaTravelAppBack\target\classes started by Marin in D:\Marin\BezbednostTrenutni\Bezbednost-XML\megaTravelAppBack)
2019-06-20 16:52:51,458 DEBUG org.springframework.boot.StartupInfoLogger [main] Running with Spring Boot v2.1.0.RELEASE, Spring v5.1.2.RELEASE
2019-06-20 16:52:51,460 INFO org.springframework.boot.SpringApplication [main] No active profile set, falling back to default profiles: default
2019-06-20 16:52:53,141 DEBUG org.springframework.boot.web.servlet.server.DocumentRoot [main] Code archive: C:\Users\Marin\.m2\repository\org\springframework\boot\spring-boot\2.1.0.RELEASE\spring-boot-2.1.0.RELEASE.jar
2019-06-20 16:52:53,142 DEBUG org.springframework.boot.web.servlet.server.DocumentRoot [main] Code archive: C:\Users\Marin\.m2\repository\org\springframework\boot\spring-boot\2.1.0.RELEASE\spring-boot-2.1.0.RELEASE.jar
2019-06-20 16:52:53,142 DEBUG org.springframework.boot.web.servlet.server.DocumentRoot [main] None of the document roots [src/main/webapp, public, static] point to a directory and will be ignored.
2019-06-20 16:52:59,542 INFO org.springframework.boot.StartupInfoLogger [main] Started MegaTravelApp in 8.513 seconds (JVM running for 9.446)
2019-06-20 17:03:37,495 INFO org.springframework.boot.StartupInfoLogger [main] Starting MegaTravelApp on DESKTOP-9D5EIMP with PID 3500 (D:\Marin\BezbednostTrenutni\Bezbednost-XML\megaTravelAppBack\target\classes started by Marin in D:\Marin\BezbednostTrenutni\Bezbednost-XML\megaTravelAppBack)
2019-06-20 17:03:37,499 DEBUG org.springframework.boot.StartupInfoLogger [main] Running with Spring Boot v2.1.0.RELEASE, Spring v5.1.2.RELEASE
2019-06-20 17:03:37,501 INFO org.springframework.boot.SpringApplication [main] No active profile set, falling back to default profiles: default
2019-06-20 17:03:39,634 DEBUG org.springframework.boot.web.servlet.server.DocumentRoot [main] Code archive: C:\Users\Marin\.m2\repository\org\springframework\boot\spring-boot\2.1.0.RELEASE\spring-boot-2.1.0.RELEASE.jar
2019-06-20 17:03:39,635 DEBUG org.springframework.boot.web.servlet.server.DocumentRoot [main] Code archive: C:\Users\Marin\.m2\repository\org\springframework\boot\spring-boot\2.1.0.RELEASE\spring-boot-2.1.0.RELEASE.jar
2019-06-20 17:03:39,635 DEBUG org.springframework.boot.web.servlet.server.DocumentRoot [main] None of the document roots [src/main/webapp, public, static] point to a directory and will be ignored.
2019-06-20 17:04:12,749 INFO org.springframework.boot.StartupInfoLogger [main] Starting MegaTravelApp on DESKTOP-9D5EIMP with PID 14284 (D:\Marin\BezbednostTrenutni\Bezbednost-XML\megaTravelAppBack\target\classes started by Marin in D:\Marin\BezbednostTrenutni\Bezbednost-XML\megaTravelAppBack)
2019-06-20 17:04:12,754 DEBUG org.springframework.boot.StartupInfoLogger [main] Running with Spring Boot v2.1.0.RELEASE, Spring v5.1.2.RELEASE
2019-06-20 17:04:12,756 INFO org.springframework.boot.SpringApplication [main] No active profile set, falling back to default profiles: default
2019-06-20 17:04:14,587 DEBUG org.springframework.boot.web.servlet.server.DocumentRoot [main] Code archive: C:\Users\Marin\.m2\repository\org\springframework\boot\spring-boot\2.1.0.RELEASE\spring-boot-2.1.0.RELEASE.jar
2019-06-20 17:04:14,587 DEBUG org.springframework.boot.web.servlet.server.DocumentRoot [main] Code archive: C:\Users\Marin\.m2\repository\org\springframework\boot\spring-boot\2.1.0.RELEASE\spring-boot-2.1.0.RELEASE.jar
2019-06-20 17:04:14,588 DEBUG org.springframework.boot.web.servlet.server.DocumentRoot [main] None of the document roots [src/main/webapp, public, static] point to a directory and will be ignored.
2019-06-20 17:05:46,745 INFO org.springframework.boot.StartupInfoLogger [main] Starting MegaTravelApp on DESKTOP-9D5EIMP with PID 7352 (D:\Marin\BezbednostTrenutni\Bezbednost-XML\megaTravelAppBack\target\classes started by Marin in D:\Marin\BezbednostTrenutni\Bezbednost-XML\megaTravelAppBack)
2019-06-20 17:05:46,750 DEBUG org.springframework.boot.StartupInfoLogger [main] Running with Spring Boot v2.1.0.RELEASE, Spring v5.1.2.RELEASE
2019-06-20 17:05:46,752 INFO org.springframework.boot.SpringApplication [main] No active profile set, falling back to default profiles: default
2019-06-20 17:05:48,438 DEBUG org.springframework.boot.web.servlet.server.DocumentRoot [main] Code archive: C:\Users\Marin\.m2\repository\org\springframework\boot\spring-boot\2.1.0.RELEASE\spring-boot-2.1.0.RELEASE.jar
2019-06-20 17:05:48,438 DEBUG org.springframework.boot.web.servlet.server.DocumentRoot [main] Code archive: C:\Users\Marin\.m2\repository\org\springframework\boot\spring-boot\2.1.0.RELEASE\spring-boot-2.1.0.RELEASE.jar
2019-06-20 17:05:48,439 DEBUG org.springframework.boot.web.servlet.server.DocumentRoot [main] None of the document roots [src/main/webapp, public, static] point to a directory and will be ignored.
2019-06-20 17:05:54,371 INFO org.springframework.boot.StartupInfoLogger [main] Started MegaTravelApp in 8.043 seconds (JVM running for 8.993)
2019-06-20 17:07:24,468 INFO org.springframework.boot.StartupInfoLogger [main] Starting MegaTravelApp on DESKTOP-9D5EIMP with PID 2436 (D:\Marin\BezbednostTrenutni\Bezbednost-XML\megaTravelAppBack\target\classes started by Marin in D:\Marin\BezbednostTrenutni\Bezbednost-XML\megaTravelAppBack)
2019-06-20 17:07:24,471 DEBUG org.springframework.boot.StartupInfoLogger [main] Running with Spring Boot v2.1.0.RELEASE, Spring v5.1.2.RELEASE
2019-06-20 17:07:24,472 INFO org.springframework.boot.SpringApplication [main] No active profile set, falling back to default profiles: default
2019-06-20 17:07:26,711 DEBUG org.springframework.boot.web.servlet.server.DocumentRoot [main] Code archive: C:\Users\Marin\.m2\repository\org\springframework\boot\spring-boot\2.1.0.RELEASE\spring-boot-2.1.0.RELEASE.jar
2019-06-20 17:07:26,712 DEBUG org.springframework.boot.web.servlet.server.DocumentRoot [main] Code archive: C:\Users\Marin\.m2\repository\org\springframework\boot\spring-boot\2.1.0.RELEASE\spring-boot-2.1.0.RELEASE.jar
2019-06-20 17:07:26,713 DEBUG org.springframework.boot.web.servlet.server.DocumentRoot [main] None of the document roots [src/main/webapp, public, static] point to a directory and will be ignored.
2019-06-20 17:07:33,090 INFO org.springframework.boot.StartupInfoLogger [main] Started MegaTravelApp in 9.07 seconds (JVM running for 10.035)
2019-06-20 18:13:57,810 INFO org.springframework.boot.StartupInfoLogger [main] Starting MegaTravelApp on DESKTOP-9D5EIMP with PID 17844 (D:\Marin\BezbednostTrenutni\Bezbednost-XML\megaTravelAppBack\target\classes started by Marin in D:\Marin\BezbednostTrenutni\Bezbednost-XML\megaTravelAppBack)
2019-06-20 18:13:57,814 DEBUG org.springframework.boot.StartupInfoLogger [main] Running with Spring Boot v2.1.0.RELEASE, Spring v5.1.2.RELEASE
2019-06-20 18:13:57,817 INFO org.springframework.boot.SpringApplication [main] No active profile set, falling back to default profiles: default
2019-06-20 18:13:59,686 DEBUG org.springframework.boot.web.servlet.server.DocumentRoot [main] Code archive: C:\Users\Marin\.m2\repository\org\springframework\boot\spring-boot\2.1.0.RELEASE\spring-boot-2.1.0.RELEASE.jar
2019-06-20 18:13:59,686 DEBUG org.springframework.boot.web.servlet.server.DocumentRoot [main] Code archive: C:\Users\Marin\.m2\repository\org\springframework\boot\spring-boot\2.1.0.RELEASE\spring-boot-2.1.0.RELEASE.jar
2019-06-20 18:13:59,686 DEBUG org.springframework.boot.web.servlet.server.DocumentRoot [main] None of the document roots [src/main/webapp, public, static] point to a directory and will be ignored.
2019-06-20 18:15:05,194 INFO org.springframework.boot.StartupInfoLogger [main] Starting MegaTravelApp on DESKTOP-9D5EIMP with PID 928 (D:\Marin\BezbednostTrenutni\Bezbednost-XML\megaTravelAppBack\target\classes started by Marin in D:\Marin\BezbednostTrenutni\Bezbednost-XML\megaTravelAppBack)
2019-06-20 18:15:05,202 DEBUG org.springframework.boot.StartupInfoLogger [main] Running with Spring Boot v2.1.0.RELEASE, Spring v5.1.2.RELEASE
2019-06-20 18:15:05,204 INFO org.springframework.boot.SpringApplication [main] No active profile set, falling back to default profiles: default
2019-06-20 18:15:07,282 DEBUG org.springframework.boot.web.servlet.server.DocumentRoot [main] Code archive: C:\Users\Marin\.m2\repository\org\springframework\boot\spring-boot\2.1.0.RELEASE\spring-boot-2.1.0.RELEASE.jar
2019-06-20 18:15:07,283 DEBUG org.springframework.boot.web.servlet.server.DocumentRoot [main] Code archive: C:\Users\Marin\.m2\repository\org\springframework\boot\spring-boot\2.1.0.RELEASE\spring-boot-2.1.0.RELEASE.jar
2019-06-20 18:15:07,283 DEBUG org.springframework.boot.web.servlet.server.DocumentRoot [main] None of the document roots [src/main/webapp, public, static] point to a directory and will be ignored.
2019-06-20 18:15:13,383 INFO org.springframework.boot.StartupInfoLogger [main] Started MegaTravelApp in 8.597 seconds (JVM running for 9.535)
2019-06-20 18:20:48,103 INFO org.springframework.boot.StartupInfoLogger [main] Starting MegaTravelApp on DESKTOP-9D5EIMP with PID 13092 (D:\Marin\BezbednostTrenutni\Bezbednost-XML\megaTravelAppBack\target\classes started by Marin in D:\Marin\BezbednostTrenutni\Bezbednost-XML\megaTravelAppBack)
2019-06-20 18:20:48,109 DEBUG org.springframework.boot.StartupInfoLogger [main] Running with Spring Boot v2.1.0.RELEASE, Spring v5.1.2.RELEASE
2019-06-20 18:20:48,110 INFO org.springframework.boot.SpringApplication [main] No active profile set, falling back to default profiles: default
2019-06-20 18:20:49,768 DEBUG org.springframework.boot.web.servlet.server.DocumentRoot [main] Code archive: C:\Users\Marin\.m2\repository\org\springframework\boot\spring-boot\2.1.0.RELEASE\spring-boot-2.1.0.RELEASE.jar
2019-06-20 18:20:49,768 DEBUG org.springframework.boot.web.servlet.server.DocumentRoot [main] Code archive: C:\Users\Marin\.m2\repository\org\springframework\boot\spring-boot\2.1.0.RELEASE\spring-boot-2.1.0.RELEASE.jar
2019-06-20 18:20:49,768 DEBUG org.springframework.boot.web.servlet.server.DocumentRoot [main] None of the document roots [src/main/webapp, public, static] point to a directory and will be ignored.
2019-06-20 18:20:55,832 INFO org.springframework.boot.StartupInfoLogger [main] Started MegaTravelApp in 8.144 seconds (JVM running for 9.444)
