2019-06-15 16:35:00,081 INFO org.springframework.boot.StartupInfoLogger [main] Starting SecurityBack on DESKTOP-9D5EIMP with PID 8908 (D:\Marin\BezbednostTrenutni\Bezbednost-XML\securityBack\target\classes started by Marin in D:\Marin\BezbednostTrenutni\Bezbednost-XML\securityBack)
2019-06-15 16:35:00,081 DEBUG org.springframework.boot.StartupInfoLogger [main] Running with Spring Boot v2.1.0.RELEASE, Spring v5.1.2.RELEASE
2019-06-15 16:35:00,178 INFO org.springframework.boot.SpringApplication [main] No active profile set, falling back to default profiles: default
2019-06-15 16:35:02,336 DEBUG org.springframework.boot.web.servlet.server.DocumentRoot [main] Code archive: C:\Users\Marin\.m2\repository\org\springframework\boot\spring-boot\2.1.0.RELEASE\spring-boot-2.1.0.RELEASE.jar
2019-06-15 16:35:02,350 DEBUG org.springframework.boot.web.servlet.server.DocumentRoot [main] Code archive: C:\Users\Marin\.m2\repository\org\springframework\boot\spring-boot\2.1.0.RELEASE\spring-boot-2.1.0.RELEASE.jar
2019-06-15 16:35:02,350 DEBUG org.springframework.boot.web.servlet.server.DocumentRoot [main] None of the document roots [src/main/webapp, public, static] point to a directory and will be ignored.
2019-06-15 16:35:08,613 INFO org.springframework.boot.StartupInfoLogger [main] Started SecurityBack in 9.152 seconds (JVM running for 10.222)
2019-06-15 16:35:22,394 INFO org.springframework.boot.StartupInfoLogger [main] Starting SecurityBack on DESKTOP-9D5EIMP with PID 7032 (D:\Marin\BezbednostTrenutni\Bezbednost-XML\securityBack\target\classes started by Marin in D:\Marin\BezbednostTrenutni\Bezbednost-XML\securityBack)
2019-06-15 16:35:22,399 DEBUG org.springframework.boot.StartupInfoLogger [main] Running with Spring Boot v2.1.0.RELEASE, Spring v5.1.2.RELEASE
2019-06-15 16:35:22,399 INFO org.springframework.boot.SpringApplication [main] No active profile set, falling back to default profiles: default
2019-06-15 16:35:23,907 DEBUG org.springframework.boot.web.servlet.server.DocumentRoot [main] Code archive: C:\Users\Marin\.m2\repository\org\springframework\boot\spring-boot\2.1.0.RELEASE\spring-boot-2.1.0.RELEASE.jar
2019-06-15 16:35:23,908 DEBUG org.springframework.boot.web.servlet.server.DocumentRoot [main] Code archive: C:\Users\Marin\.m2\repository\org\springframework\boot\spring-boot\2.1.0.RELEASE\spring-boot-2.1.0.RELEASE.jar
2019-06-15 16:35:23,909 DEBUG org.springframework.boot.web.servlet.server.DocumentRoot [main] None of the document roots [src/main/webapp, public, static] point to a directory and will be ignored.
2019-06-15 16:35:28,995 INFO org.springframework.boot.StartupInfoLogger [main] Started SecurityBack in 7.016 seconds (JVM running for 7.92)
2019-06-15 18:44:09,846 INFO org.springframework.boot.StartupInfoLogger [main] Starting SecurityBack on DESKTOP-9D5EIMP with PID 8728 (D:\Marin\BezbednostTrenutni\Bezbednost-XML\securityBack\target\classes started by Marin in D:\Marin\BezbednostTrenutni\Bezbednost-XML\securityBack)
2019-06-15 18:44:09,850 DEBUG org.springframework.boot.StartupInfoLogger [main] Running with Spring Boot v2.1.0.RELEASE, Spring v5.1.2.RELEASE
2019-06-15 18:44:09,852 INFO org.springframework.boot.SpringApplication [main] No active profile set, falling back to default profiles: default
2019-06-15 18:44:11,490 DEBUG org.springframework.boot.web.servlet.server.DocumentRoot [main] Code archive: C:\Users\Marin\.m2\repository\org\springframework\boot\spring-boot\2.1.0.RELEASE\spring-boot-2.1.0.RELEASE.jar
2019-06-15 18:44:11,490 DEBUG org.springframework.boot.web.servlet.server.DocumentRoot [main] Code archive: C:\Users\Marin\.m2\repository\org\springframework\boot\spring-boot\2.1.0.RELEASE\spring-boot-2.1.0.RELEASE.jar
2019-06-15 18:44:11,491 DEBUG org.springframework.boot.web.servlet.server.DocumentRoot [main] None of the document roots [src/main/webapp, public, static] point to a directory and will be ignored.
2019-06-15 18:44:15,644 INFO org.springframework.boot.StartupInfoLogger [main] Started SecurityBack in 6.258 seconds (JVM running for 7.426)
