2019-05-14 18:33:19,298 INFO org.springframework.boot.StartupInfoLogger [main] Starting MegaTravelApp on Probook450G2 with PID 6012 (D:\ILINKA\projekatXML\Bezbednost-XML\megaTravelAppBack\target\classes started by Milan in D:\ILINKA\projekatXML\Bezbednost-XML\megaTravelAppBack)
2019-05-14 18:33:19,307 INFO org.springframework.boot.SpringApplication [main] No active profile set, falling back to default profiles: default
2019-05-14 18:33:30,575 INFO org.springframework.boot.StartupInfoLogger [main] Started MegaTravelApp in 12.136 seconds (JVM running for 13.339)
2019-05-14 18:33:51,692 INFO com.ftn.controller.UserControler [https-jsse-nio-8443-exec-7] User with email: ilinkaKo@gmail.comnot found
2019-05-14 18:34:50,641 INFO org.springframework.boot.StartupInfoLogger [main] Starting MegaTravelApp on Probook450G2 with PID 14040 (D:\ILINKA\projekatXML\Bezbednost-XML\megaTravelAppBack\target\classes started by Milan in D:\ILINKA\projekatXML\Bezbednost-XML\megaTravelAppBack)
2019-05-14 18:34:50,656 INFO org.springframework.boot.SpringApplication [main] No active profile set, falling back to default profiles: default
2019-05-14 18:37:30,955 INFO org.springframework.boot.StartupInfoLogger [main] Starting MegaTravelApp on Probook450G2 with PID 12704 (D:\ILINKA\projekatXML\Bezbednost-XML\megaTravelAppBack\target\classes started by Milan in D:\ILINKA\projekatXML\Bezbednost-XML\megaTravelAppBack)
2019-05-14 18:37:30,967 INFO org.springframework.boot.SpringApplication [main] No active profile set, falling back to default profiles: default
2019-05-14 18:37:43,386 INFO org.springframework.boot.StartupInfoLogger [main] Started MegaTravelApp in 13.193 seconds (JVM running for 14.45)
2019-05-14 18:37:48,356 INFO com.ftn.controller.UserControler [https-jsse-nio-8443-exec-6] User with email: ilinkaKo@gmail.comnot found
2019-05-14 18:39:52,176 INFO org.springframework.boot.StartupInfoLogger [main] Starting MegaTravelApp on Probook450G2 with PID 15352 (D:\ILINKA\projekatXML\Bezbednost-XML\megaTravelAppBack\target\classes started by Milan in D:\ILINKA\projekatXML\Bezbednost-XML\megaTravelAppBack)
2019-05-14 18:39:52,186 INFO org.springframework.boot.SpringApplication [main] No active profile set, falling back to default profiles: default
2019-05-14 18:40:03,776 INFO org.springframework.boot.StartupInfoLogger [main] Started MegaTravelApp in 12.321 seconds (JVM running for 13.559)
2019-05-14 18:40:14,899 INFO com.ftn.controller.UserControler [https-jsse-nio-8443-exec-5] User with email: ilinkaKo@gmail.comnot found
2019-05-14 18:40:15,947 INFO com.ftn.controller.UserControler [https-jsse-nio-8443-exec-7] User with email: ilinkaKo@gmail.comnot found
2019-05-14 18:40:16,724 INFO com.ftn.controller.UserControler [https-jsse-nio-8443-exec-8] User with email: ilinkaKo@gmail.comnot found
2019-05-14 18:40:16,929 INFO com.ftn.controller.UserControler [https-jsse-nio-8443-exec-9] User with email: ilinkaKo@gmail.comnot found
2019-05-14 18:40:17,100 INFO com.ftn.controller.UserControler [https-jsse-nio-8443-exec-10] User with email: ilinkaKo@gmail.comnot found
2019-05-14 18:40:17,287 INFO com.ftn.controller.UserControler [https-jsse-nio-8443-exec-1] User with email: ilinkaKo@gmail.comnot found
2019-05-14 18:40:17,465 INFO com.ftn.controller.UserControler [https-jsse-nio-8443-exec-2] User with email: ilinkaKo@gmail.comnot found
2019-05-14 18:40:17,633 INFO com.ftn.controller.UserControler [https-jsse-nio-8443-exec-3] User with email: ilinkaKo@gmail.comnot found
2019-05-14 18:40:17,952 INFO com.ftn.controller.UserControler [https-jsse-nio-8443-exec-4] User with email: ilinkaKo@gmail.comnot found
2019-05-14 18:40:18,125 INFO com.ftn.controller.UserControler [https-jsse-nio-8443-exec-6] User with email: ilinkaKo@gmail.comnot found
2019-05-14 18:40:18,297 INFO com.ftn.controller.UserControler [https-jsse-nio-8443-exec-5] User with email: ilinkaKo@gmail.comnot found
2019-05-14 18:40:18,467 INFO com.ftn.controller.UserControler [https-jsse-nio-8443-exec-7] User with email: ilinkaKo@gmail.comnot found
2019-05-14 18:40:18,641 INFO com.ftn.controller.UserControler [https-jsse-nio-8443-exec-8] User with email: ilinkaKo@gmail.comnot found
2019-05-14 18:40:18,807 INFO com.ftn.controller.UserControler [https-jsse-nio-8443-exec-9] User with email: ilinkaKo@gmail.comnot found
2019-05-14 18:40:18,966 INFO com.ftn.controller.UserControler [https-jsse-nio-8443-exec-10] User with email: ilinkaKo@gmail.comnot found
2019-05-14 18:40:19,136 INFO com.ftn.controller.UserControler [https-jsse-nio-8443-exec-1] User with email: ilinkaKo@gmail.comnot found
2019-05-14 18:40:19,318 INFO com.ftn.controller.UserControler [https-jsse-nio-8443-exec-2] User with email: ilinkaKo@gmail.comnot found
2019-05-14 18:40:19,512 INFO com.ftn.controller.UserControler [https-jsse-nio-8443-exec-3] User with email: ilinkaKo@gmail.comnot found
2019-05-14 18:40:19,684 INFO com.ftn.controller.UserControler [https-jsse-nio-8443-exec-4] User with email: ilinkaKo@gmail.comnot found
2019-05-14 18:40:19,876 INFO com.ftn.controller.UserControler [https-jsse-nio-8443-exec-6] User with email: ilinkaKo@gmail.comnot found
2019-05-14 18:40:20,065 INFO com.ftn.controller.UserControler [https-jsse-nio-8443-exec-5] User with email: ilinkaKo@gmail.comnot found
2019-05-14 18:40:20,318 INFO com.ftn.controller.UserControler [https-jsse-nio-8443-exec-7] User with email: ilinkaKo@gmail.comnot found
2019-05-14 18:40:20,421 INFO com.ftn.controller.UserControler [https-jsse-nio-8443-exec-8] User with email: ilinkaKo@gmail.comnot found
2019-05-14 18:40:20,610 INFO com.ftn.controller.UserControler [https-jsse-nio-8443-exec-9] User with email: ilinkaKo@gmail.comnot found
2019-05-14 18:40:20,784 INFO com.ftn.controller.UserControler [https-jsse-nio-8443-exec-10] User with email: ilinkaKo@gmail.comnot found
2019-05-14 18:40:20,968 INFO com.ftn.controller.UserControler [https-jsse-nio-8443-exec-1] User with email: ilinkaKo@gmail.comnot found
2019-05-14 18:40:21,131 INFO com.ftn.controller.UserControler [https-jsse-nio-8443-exec-2] User with email: ilinkaKo@gmail.comnot found
2019-05-14 18:40:21,310 INFO com.ftn.controller.UserControler [https-jsse-nio-8443-exec-3] User with email: ilinkaKo@gmail.comnot found
2019-05-14 18:40:21,478 INFO com.ftn.controller.UserControler [https-jsse-nio-8443-exec-4] User with email: ilinkaKo@gmail.comnot found
2019-05-14 18:40:21,673 INFO com.ftn.controller.UserControler [https-jsse-nio-8443-exec-6] User with email: ilinkaKo@gmail.comnot found
2019-05-14 18:40:21,869 INFO com.ftn.controller.UserControler [https-jsse-nio-8443-exec-5] User with email: ilinkaKo@gmail.comnot found
2019-05-14 18:40:22,059 INFO com.ftn.controller.UserControler [https-jsse-nio-8443-exec-7] User with email: ilinkaKo@gmail.comnot found
2019-05-14 18:44:42,620 INFO org.springframework.boot.StartupInfoLogger [main] Starting MegaTravelApp on Probook450G2 with PID 6228 (D:\ILINKA\projekatXML\Bezbednost-XML\megaTravelAppBack\target\classes started by Milan in D:\ILINKA\projekatXML\Bezbednost-XML\megaTravelAppBack)
2019-05-14 18:44:42,636 INFO org.springframework.boot.SpringApplication [main] No active profile set, falling back to default profiles: default
2019-05-14 18:44:59,036 INFO org.springframework.boot.StartupInfoLogger [main] Started MegaTravelApp in 17.388 seconds (JVM running for 19.682)
2019-05-14 19:17:31,857 INFO org.springframework.boot.StartupInfoLogger [main] Starting MegaTravelApp on Probook450G2 with PID 11516 (D:\ILINKA\projekatXML\Bezbednost-XML\megaTravelAppBack\target\classes started by Milan in D:\ILINKA\projekatXML\Bezbednost-XML\megaTravelAppBack)
2019-05-14 19:17:31,870 INFO org.springframework.boot.SpringApplication [main] No active profile set, falling back to default profiles: default
2019-05-14 19:17:47,936 INFO org.springframework.boot.StartupInfoLogger [main] Started MegaTravelApp in 17.32 seconds (JVM running for 20.042)
2019-05-14 22:43:18,857 INFO org.springframework.boot.StartupInfoLogger [main] Starting MegaTravelApp on DESKTOP-9D5EIMP with PID 39848 (D:\Marin\BezbednostNovi\Bezbednost-XML\megaTravelAppBack\target\classes started by Marin in D:\Marin\BezbednostNovi\Bezbednost-XML\megaTravelAppBack)
2019-05-14 22:43:18,862 INFO org.springframework.boot.SpringApplication [main] No active profile set, falling back to default profiles: default
2019-05-14 22:43:24,962 INFO org.springframework.boot.StartupInfoLogger [main] Started MegaTravelApp in 6.515 seconds (JVM running for 7.691)
2019-05-14 22:46:42,219 INFO org.springframework.boot.StartupInfoLogger [main] Starting MegaTravelApp on DESKTOP-9D5EIMP with PID 43512 (D:\Marin\BezbednostNovi\Bezbednost-XML\megaTravelAppBack\target\classes started by Marin in D:\Marin\BezbednostNovi\Bezbednost-XML\megaTravelAppBack)
2019-05-14 22:46:42,225 INFO org.springframework.boot.SpringApplication [main] No active profile set, falling back to default profiles: default
2019-05-14 22:46:48,732 INFO org.springframework.boot.StartupInfoLogger [main] Started MegaTravelApp in 6.974 seconds (JVM running for 7.941)
2019-05-15 13:20:35,642 INFO org.springframework.boot.StartupInfoLogger [main] Starting MegaTravelApp on Probook450G2 with PID 11692 (D:\ILINKA\projekatXML\Bezbednost-XML\megaTravelAppBack\target\classes started by Milan in D:\ILINKA\projekatXML\Bezbednost-XML\megaTravelAppBack)
2019-05-15 13:20:35,835 INFO org.springframework.boot.SpringApplication [main] No active profile set, falling back to default profiles: default
2019-05-15 13:20:59,580 INFO org.springframework.boot.StartupInfoLogger [main] Started MegaTravelApp in 24.729 seconds (JVM running for 26.124)
2019-05-15 13:21:50,647 INFO com.ftn.controller.UserControler [https-jsse-nio-8443-exec-3] SECURITY_EVENT MTRoot@gmail.com successfull login from ip {}
2019-05-15 13:21:50,648 INFO com.ftn.controller.UserControler [https-jsse-nio-8443-exec-3] NEPOR_EVENT MTRoot@gmail.com successfull login from ip {}
2019-05-15 18:12:11,111 INFO org.springframework.boot.StartupInfoLogger [main] Starting MegaTravelApp on Probook450G2 with PID 324 (D:\ILINKA\projekatXML\Bezbednost-XML\megaTravelAppBack\target\classes started by Milan in D:\ILINKA\projekatXML\Bezbednost-XML\megaTravelAppBack)
2019-05-15 18:12:11,126 INFO org.springframework.boot.SpringApplication [main] No active profile set, falling back to default profiles: default
2019-05-15 18:12:28,311 INFO org.springframework.boot.StartupInfoLogger [main] Started MegaTravelApp in 18.662 seconds (JVM running for 21.085)
2019-05-15 18:25:02,135 INFO org.springframework.boot.StartupInfoLogger [main] Starting MegaTravelApp on Probook450G2 with PID 11796 (D:\ILINKA\projekatXML\Bezbednost-XML\megaTravelAppBack\target\classes started by Milan in D:\ILINKA\projekatXML\Bezbednost-XML\megaTravelAppBack)
2019-05-15 18:25:02,148 INFO org.springframework.boot.SpringApplication [main] No active profile set, falling back to default profiles: default
2019-05-15 18:25:18,167 INFO org.springframework.boot.StartupInfoLogger [main] Started MegaTravelApp in 17.135 seconds (JVM running for 19.155)
2019-05-15 18:25:20,193 INFO com.ftn.controller.UserControler [https-jsse-nio-8443-exec-3] SECURITY_EVENT null LOG_SUCCESS from ip 0:0:0:0:0:0:0:1
2019-05-15 18:25:20,194 INFO com.ftn.controller.UserControler [https-jsse-nio-8443-exec-3] NEPOR_EVENT null LOG_SUCCESS from ip 0:0:0:0:0:0:0:1
2019-05-15 18:28:10,710 INFO org.springframework.boot.StartupInfoLogger [main] Starting MegaTravelApp on Probook450G2 with PID 8152 (D:\ILINKA\projekatXML\Bezbednost-XML\megaTravelAppBack\target\classes started by Milan in D:\ILINKA\projekatXML\Bezbednost-XML\megaTravelAppBack)
2019-05-15 18:28:10,725 INFO org.springframework.boot.SpringApplication [main] No active profile set, falling back to default profiles: default
2019-05-15 18:28:24,995 INFO org.springframework.boot.StartupInfoLogger [main] Started MegaTravelApp in 15.539 seconds (JVM running for 17.247)
2019-05-15 18:28:43,189 INFO com.ftn.controller.UserControler [https-jsse-nio-8443-exec-5] SECURITY_EVENT 8 LOG_SUCCESS from ip 0:0:0:0:0:0:0:1
2019-05-15 18:28:43,190 INFO com.ftn.controller.UserControler [https-jsse-nio-8443-exec-5] NEPOR_EVENT 8 LOG_SUCCESS from ip 0:0:0:0:0:0:0:1
2019-05-15 21:44:17,291 INFO org.springframework.boot.StartupInfoLogger [main] Starting MegaTravelApp on Probook450G2 with PID 7332 (D:\ILINKA\projekatXML\Bezbednost-XML\megaTravelAppBack\target\classes started by Milan in D:\ILINKA\projekatXML\Bezbednost-XML\megaTravelAppBack)
2019-05-15 21:44:17,305 INFO org.springframework.boot.SpringApplication [main] No active profile set, falling back to default profiles: default
2019-05-15 21:44:35,239 INFO org.springframework.boot.StartupInfoLogger [main] Started MegaTravelApp in 18.72 seconds (JVM running for 20.123)
2019-05-15 21:45:08,556 INFO com.ftn.controller.UserControler [https-jsse-nio-8443-exec-9] SECURITY_EVENT 8 LOG_SUCCESS from ip 0:0:0:0:0:0:0:1
2019-05-15 21:45:08,558 INFO com.ftn.controller.UserControler [https-jsse-nio-8443-exec-9] NEPOR_EVENT 8 LOG_SUCCESS from ip 0:0:0:0:0:0:0:1
2019-05-15 21:47:09,621 INFO org.springframework.boot.StartupInfoLogger [main] Starting MegaTravelApp on Probook450G2 with PID 16872 (D:\ILINKA\projekatXML\Bezbednost-XML\megaTravelAppBack\target\classes started by Milan in D:\ILINKA\projekatXML\Bezbednost-XML\megaTravelAppBack)
2019-05-15 21:47:09,640 INFO org.springframework.boot.SpringApplication [main] No active profile set, falling back to default profiles: default
2019-05-15 21:47:23,633 INFO org.springframework.boot.StartupInfoLogger [main] Started MegaTravelApp in 15.117 seconds (JVM running for 16.603)
2019-05-15 21:47:31,417 INFO com.ftn.controller.UserControler [https-jsse-nio-8443-exec-6] SECURITY_EVENT id:8 LOG_SUCCESS from ip 0:0:0:0:0:0:0:1
2019-05-15 21:47:31,418 INFO com.ftn.controller.UserControler [https-jsse-nio-8443-exec-6] NEPOR_EVENT id:8 LOG_SUCCESS from ip 0:0:0:0:0:0:0:1
2019-05-15 23:56:49,987 INFO org.springframework.boot.StartupInfoLogger [main] Starting MegaTravelApp on Probook450G2 with PID 6356 (D:\ILINKA\projekatXML\Bezbednost-XML\megaTravelAppBack\target\classes started by Milan in D:\ILINKA\projekatXML\Bezbednost-XML\megaTravelAppBack)
2019-05-15 23:56:50,002 INFO org.springframework.boot.SpringApplication [main] No active profile set, falling back to default profiles: default
2019-05-15 23:57:08,945 INFO org.springframework.boot.StartupInfoLogger [main] Started MegaTravelApp in 20.086 seconds (JVM running for 22.392)
