2019-06-16 17:58:34,976 INFO org.springframework.boot.StartupInfoLogger [main] Starting MegaTravelApp on Probook450G2 with PID 15088 (D:\ILINKA\projekatBez3\Bezbednost-XML\megaTravelAppBack\target\classes started by Milan in D:\ILINKA\projekatBez3\Bezbednost-XML\megaTravelAppBack)
2019-06-16 17:58:34,985 DEBUG org.springframework.boot.StartupInfoLogger [main] Running with Spring Boot v2.1.0.RELEASE, Spring v5.1.2.RELEASE
2019-06-16 17:58:35,020 INFO org.springframework.boot.SpringApplication [main] No active profile set, falling back to default profiles: default
2019-06-16 17:58:43,596 DEBUG org.springframework.boot.web.servlet.server.DocumentRoot [main] Code archive: C:\Users\Milan\.m2\repository\org\springframework\boot\spring-boot\2.1.0.RELEASE\spring-boot-2.1.0.RELEASE.jar
2019-06-16 17:58:43,638 DEBUG org.springframework.boot.web.servlet.server.DocumentRoot [main] Code archive: C:\Users\Milan\.m2\repository\org\springframework\boot\spring-boot\2.1.0.RELEASE\spring-boot-2.1.0.RELEASE.jar
2019-06-16 17:58:43,639 DEBUG org.springframework.boot.web.servlet.server.DocumentRoot [main] None of the document roots [src/main/webapp, public, static] point to a directory and will be ignored.
2019-06-16 17:59:17,953 INFO org.springframework.boot.StartupInfoLogger [main] Started MegaTravelApp in 45.607 seconds (JVM running for 51.124)
2019-06-16 18:06:11,350 INFO org.springframework.boot.StartupInfoLogger [main] Starting MegaTravelApp on Probook450G2 with PID 14952 (D:\ILINKA\projekatBez3\Bezbednost-XML\megaTravelAppBack\target\classes started by Milan in D:\ILINKA\projekatBez3\Bezbednost-XML\megaTravelAppBack)
2019-06-16 18:06:11,358 DEBUG org.springframework.boot.StartupInfoLogger [main] Running with Spring Boot v2.1.0.RELEASE, Spring v5.1.2.RELEASE
2019-06-16 18:06:11,363 INFO org.springframework.boot.SpringApplication [main] No active profile set, falling back to default profiles: default
2019-06-16 18:06:19,442 DEBUG org.springframework.boot.web.servlet.server.DocumentRoot [main] Code archive: C:\Users\Milan\.m2\repository\org\springframework\boot\spring-boot\2.1.0.RELEASE\spring-boot-2.1.0.RELEASE.jar
2019-06-16 18:06:19,445 DEBUG org.springframework.boot.web.servlet.server.DocumentRoot [main] Code archive: C:\Users\Milan\.m2\repository\org\springframework\boot\spring-boot\2.1.0.RELEASE\spring-boot-2.1.0.RELEASE.jar
2019-06-16 18:06:19,449 DEBUG org.springframework.boot.web.servlet.server.DocumentRoot [main] None of the document roots [src/main/webapp, public, static] point to a directory and will be ignored.
2019-06-16 18:06:38,617 INFO org.springframework.boot.StartupInfoLogger [main] Started MegaTravelApp in 29.657 seconds (JVM running for 34.601)
2019-06-16 19:55:06,924 INFO org.springframework.boot.StartupInfoLogger [main] Starting MegaTravelApp on Probook450G2 with PID 5792 (D:\ILINKA\projekatBez3\Bezbednost-XML\megaTravelAppBack\target\classes started by Milan in D:\ILINKA\projekatBez3\Bezbednost-XML\megaTravelAppBack)
2019-06-16 19:55:06,933 DEBUG org.springframework.boot.StartupInfoLogger [main] Running with Spring Boot v2.1.0.RELEASE, Spring v5.1.2.RELEASE
2019-06-16 19:55:06,938 INFO org.springframework.boot.SpringApplication [main] No active profile set, falling back to default profiles: default
2019-06-16 19:55:19,387 DEBUG org.springframework.boot.web.servlet.server.DocumentRoot [main] Code archive: C:\Users\Milan\.m2\repository\org\springframework\boot\spring-boot\2.1.0.RELEASE\spring-boot-2.1.0.RELEASE.jar
2019-06-16 19:55:19,389 DEBUG org.springframework.boot.web.servlet.server.DocumentRoot [main] Code archive: C:\Users\Milan\.m2\repository\org\springframework\boot\spring-boot\2.1.0.RELEASE\spring-boot-2.1.0.RELEASE.jar
2019-06-16 19:55:19,390 DEBUG org.springframework.boot.web.servlet.server.DocumentRoot [main] None of the document roots [src/main/webapp, public, static] point to a directory and will be ignored.
2019-06-16 19:55:56,405 INFO org.springframework.boot.StartupInfoLogger [main] Started MegaTravelApp in 52.576 seconds (JVM running for 56.446)
2019-06-16 21:30:13,280 INFO org.springframework.boot.StartupInfoLogger [main] Starting MegaTravelApp on DESKTOP-F3G1DCA with PID 7012 (started by Borx in F:\FTN\IV godina\Drugi Semestar\PROJEKTI\XML-Bezbednost PROJECT\megaTravelAppBack)
2019-06-16 21:30:13,284 DEBUG org.springframework.boot.StartupInfoLogger [main] Running with Spring Boot v2.1.0.RELEASE, Spring v5.1.2.RELEASE
2019-06-16 21:30:13,287 INFO org.springframework.boot.SpringApplication [main] No active profile set, falling back to default profiles: default
2019-06-16 21:30:15,964 DEBUG org.springframework.boot.web.servlet.server.DocumentRoot [main] Code archive: C:\Users\Borx\.m2\repository\org\springframework\boot\spring-boot\2.1.0.RELEASE\spring-boot-2.1.0.RELEASE.jar
2019-06-16 21:30:15,965 DEBUG org.springframework.boot.web.servlet.server.DocumentRoot [main] Code archive: C:\Users\Borx\.m2\repository\org\springframework\boot\spring-boot\2.1.0.RELEASE\spring-boot-2.1.0.RELEASE.jar
2019-06-16 21:30:15,965 DEBUG org.springframework.boot.web.servlet.server.DocumentRoot [main] None of the document roots [src/main/webapp, public, static] point to a directory and will be ignored.
2019-06-16 21:30:50,951 INFO org.springframework.boot.StartupInfoLogger [main] Started MegaTravelApp in 38.224 seconds (JVM running for 38.986)
2019-06-16 21:50:40,422 INFO org.springframework.boot.StartupInfoLogger [main] Starting MegaTravelApp on DESKTOP-F3G1DCA with PID 11028 (started by Borx in F:\FTN\IV godina\Drugi Semestar\PROJEKTI\XML-Bezbednost PROJECT\megaTravelAppBack)
2019-06-16 21:50:40,425 DEBUG org.springframework.boot.StartupInfoLogger [main] Running with Spring Boot v2.1.0.RELEASE, Spring v5.1.2.RELEASE
2019-06-16 21:50:40,426 INFO org.springframework.boot.SpringApplication [main] No active profile set, falling back to default profiles: default
2019-06-16 21:50:42,578 DEBUG org.springframework.boot.web.servlet.server.DocumentRoot [main] Code archive: C:\Users\Borx\.m2\repository\org\springframework\boot\spring-boot\2.1.0.RELEASE\spring-boot-2.1.0.RELEASE.jar
2019-06-16 21:50:42,579 DEBUG org.springframework.boot.web.servlet.server.DocumentRoot [main] Code archive: C:\Users\Borx\.m2\repository\org\springframework\boot\spring-boot\2.1.0.RELEASE\spring-boot-2.1.0.RELEASE.jar
2019-06-16 21:50:42,579 DEBUG org.springframework.boot.web.servlet.server.DocumentRoot [main] None of the document roots [src/main/webapp, public, static] point to a directory and will be ignored.
2019-06-16 21:51:03,904 INFO org.springframework.boot.StartupInfoLogger [main] Started MegaTravelApp in 23.927 seconds (JVM running for 24.645)
2019-06-16 22:04:06,088 INFO org.springframework.boot.StartupInfoLogger [main] Starting MegaTravelApp on DESKTOP-F3G1DCA with PID 13036 (started by Borx in F:\FTN\IV godina\Drugi Semestar\PROJEKTI\XML-Bezbednost PROJECT\megaTravelAppBack)
2019-06-16 22:04:06,088 DEBUG org.springframework.boot.StartupInfoLogger [main] Running with Spring Boot v2.1.0.RELEASE, Spring v5.1.2.RELEASE
2019-06-16 22:04:06,104 INFO org.springframework.boot.SpringApplication [main] No active profile set, falling back to default profiles: default
2019-06-16 22:04:08,019 DEBUG org.springframework.boot.web.servlet.server.DocumentRoot [main] Code archive: C:\Users\Borx\.m2\repository\org\springframework\boot\spring-boot\2.1.0.RELEASE\spring-boot-2.1.0.RELEASE.jar
2019-06-16 22:04:08,019 DEBUG org.springframework.boot.web.servlet.server.DocumentRoot [main] Code archive: C:\Users\Borx\.m2\repository\org\springframework\boot\spring-boot\2.1.0.RELEASE\spring-boot-2.1.0.RELEASE.jar
2019-06-16 22:04:08,019 DEBUG org.springframework.boot.web.servlet.server.DocumentRoot [main] None of the document roots [src/main/webapp, public, static] point to a directory and will be ignored.
2019-06-16 22:04:24,953 INFO org.springframework.boot.StartupInfoLogger [main] Started MegaTravelApp in 19.373 seconds (JVM running for 20.062)
2019-06-16 22:19:56,884 INFO org.springframework.boot.StartupInfoLogger [main] Starting MegaTravelApp on DESKTOP-F3G1DCA with PID 12468 (started by Borx in F:\FTN\IV godina\Drugi Semestar\PROJEKTI\XML-Bezbednost PROJECT\megaTravelAppBack)
2019-06-16 22:19:56,884 DEBUG org.springframework.boot.StartupInfoLogger [main] Running with Spring Boot v2.1.0.RELEASE, Spring v5.1.2.RELEASE
2019-06-16 22:19:56,884 INFO org.springframework.boot.SpringApplication [main] No active profile set, falling back to default profiles: default
2019-06-16 22:19:59,170 DEBUG org.springframework.boot.web.servlet.server.DocumentRoot [main] Code archive: C:\Users\Borx\.m2\repository\org\springframework\boot\spring-boot\2.1.0.RELEASE\spring-boot-2.1.0.RELEASE.jar
2019-06-16 22:19:59,170 DEBUG org.springframework.boot.web.servlet.server.DocumentRoot [main] Code archive: C:\Users\Borx\.m2\repository\org\springframework\boot\spring-boot\2.1.0.RELEASE\spring-boot-2.1.0.RELEASE.jar
2019-06-16 22:19:59,170 DEBUG org.springframework.boot.web.servlet.server.DocumentRoot [main] None of the document roots [src/main/webapp, public, static] point to a directory and will be ignored.
2019-06-16 22:20:25,065 INFO org.springframework.boot.StartupInfoLogger [main] Started MegaTravelApp in 28.664 seconds (JVM running for 29.391)
2019-06-16 22:26:16,529 INFO org.springframework.boot.StartupInfoLogger [main] Starting MegaTravelApp on DESKTOP-F3G1DCA with PID 3684 (started by Borx in F:\FTN\IV godina\Drugi Semestar\PROJEKTI\XML-Bezbednost PROJECT\megaTravelAppBack)
2019-06-16 22:26:16,529 DEBUG org.springframework.boot.StartupInfoLogger [main] Running with Spring Boot v2.1.0.RELEASE, Spring v5.1.2.RELEASE
2019-06-16 22:26:16,529 INFO org.springframework.boot.SpringApplication [main] No active profile set, falling back to default profiles: default
2019-06-16 22:26:17,892 DEBUG org.springframework.boot.web.servlet.server.DocumentRoot [main] Code archive: C:\Users\Borx\.m2\repository\org\springframework\boot\spring-boot\2.1.0.RELEASE\spring-boot-2.1.0.RELEASE.jar
2019-06-16 22:26:17,892 DEBUG org.springframework.boot.web.servlet.server.DocumentRoot [main] Code archive: C:\Users\Borx\.m2\repository\org\springframework\boot\spring-boot\2.1.0.RELEASE\spring-boot-2.1.0.RELEASE.jar
2019-06-16 22:26:17,892 DEBUG org.springframework.boot.web.servlet.server.DocumentRoot [main] None of the document roots [src/main/webapp, public, static] point to a directory and will be ignored.
2019-06-16 22:26:46,433 INFO org.springframework.boot.StartupInfoLogger [main] Started MegaTravelApp in 30.236 seconds (JVM running for 31.201)
2019-06-16 22:32:54,219 INFO org.springframework.boot.StartupInfoLogger [main] Starting MegaTravelApp on DESKTOP-F3G1DCA with PID 7640 (started by Borx in F:\FTN\IV godina\Drugi Semestar\PROJEKTI\XML-Bezbednost PROJECT\megaTravelAppBack)
2019-06-16 22:32:54,219 DEBUG org.springframework.boot.StartupInfoLogger [main] Running with Spring Boot v2.1.0.RELEASE, Spring v5.1.2.RELEASE
2019-06-16 22:32:54,235 INFO org.springframework.boot.SpringApplication [main] No active profile set, falling back to default profiles: default
2019-06-16 22:32:56,578 DEBUG org.springframework.boot.web.servlet.server.DocumentRoot [main] Code archive: C:\Users\Borx\.m2\repository\org\springframework\boot\spring-boot\2.1.0.RELEASE\spring-boot-2.1.0.RELEASE.jar
2019-06-16 22:32:56,578 DEBUG org.springframework.boot.web.servlet.server.DocumentRoot [main] Code archive: C:\Users\Borx\.m2\repository\org\springframework\boot\spring-boot\2.1.0.RELEASE\spring-boot-2.1.0.RELEASE.jar
2019-06-16 22:32:56,578 DEBUG org.springframework.boot.web.servlet.server.DocumentRoot [main] None of the document roots [src/main/webapp, public, static] point to a directory and will be ignored.
2019-06-16 22:33:16,139 INFO org.springframework.boot.StartupInfoLogger [main] Started MegaTravelApp in 22.396 seconds (JVM running for 23.347)
2019-06-16 22:40:07,098 INFO org.springframework.boot.StartupInfoLogger [main] Starting MegaTravelApp on DESKTOP-F3G1DCA with PID 9512 (started by Borx in F:\FTN\IV godina\Drugi Semestar\PROJEKTI\XML-Bezbednost PROJECT\megaTravelAppBack)
2019-06-16 22:40:07,098 DEBUG org.springframework.boot.StartupInfoLogger [main] Running with Spring Boot v2.1.0.RELEASE, Spring v5.1.2.RELEASE
2019-06-16 22:40:07,098 INFO org.springframework.boot.SpringApplication [main] No active profile set, falling back to default profiles: default
2019-06-16 22:40:09,317 DEBUG org.springframework.boot.web.servlet.server.DocumentRoot [main] Code archive: C:\Users\Borx\.m2\repository\org\springframework\boot\spring-boot\2.1.0.RELEASE\spring-boot-2.1.0.RELEASE.jar
2019-06-16 22:40:09,317 DEBUG org.springframework.boot.web.servlet.server.DocumentRoot [main] Code archive: C:\Users\Borx\.m2\repository\org\springframework\boot\spring-boot\2.1.0.RELEASE\spring-boot-2.1.0.RELEASE.jar
2019-06-16 22:40:09,317 DEBUG org.springframework.boot.web.servlet.server.DocumentRoot [main] None of the document roots [src/main/webapp, public, static] point to a directory and will be ignored.
2019-06-16 22:40:37,159 INFO org.springframework.boot.StartupInfoLogger [main] Started MegaTravelApp in 30.546 seconds (JVM running for 31.287)
2019-06-16 22:46:44,988 INFO org.springframework.boot.StartupInfoLogger [main] Starting MegaTravelApp on DESKTOP-F3G1DCA with PID 5392 (started by Borx in F:\FTN\IV godina\Drugi Semestar\PROJEKTI\XML-Bezbednost PROJECT\megaTravelAppBack)
2019-06-16 22:46:45,004 DEBUG org.springframework.boot.StartupInfoLogger [main] Running with Spring Boot v2.1.0.RELEASE, Spring v5.1.2.RELEASE
2019-06-16 22:46:45,004 INFO org.springframework.boot.SpringApplication [main] No active profile set, falling back to default profiles: default
2019-06-16 22:46:47,167 DEBUG org.springframework.boot.web.servlet.server.DocumentRoot [main] Code archive: C:\Users\Borx\.m2\repository\org\springframework\boot\spring-boot\2.1.0.RELEASE\spring-boot-2.1.0.RELEASE.jar
2019-06-16 22:46:47,167 DEBUG org.springframework.boot.web.servlet.server.DocumentRoot [main] Code archive: C:\Users\Borx\.m2\repository\org\springframework\boot\spring-boot\2.1.0.RELEASE\spring-boot-2.1.0.RELEASE.jar
2019-06-16 22:46:47,167 DEBUG org.springframework.boot.web.servlet.server.DocumentRoot [main] None of the document roots [src/main/webapp, public, static] point to a directory and will be ignored.
2019-06-16 22:47:17,036 INFO org.springframework.boot.StartupInfoLogger [main] Started MegaTravelApp in 32.5 seconds (JVM running for 33.197)
2019-06-16 22:50:11,465 INFO org.springframework.boot.StartupInfoLogger [main] Starting MegaTravelApp on DESKTOP-F3G1DCA with PID 12336 (started by Borx in F:\FTN\IV godina\Drugi Semestar\PROJEKTI\XML-Bezbednost PROJECT\megaTravelAppBack)
2019-06-16 22:50:11,465 DEBUG org.springframework.boot.StartupInfoLogger [main] Running with Spring Boot v2.1.0.RELEASE, Spring v5.1.2.RELEASE
2019-06-16 22:50:11,465 INFO org.springframework.boot.SpringApplication [main] No active profile set, falling back to default profiles: default
2019-06-16 22:50:13,767 DEBUG org.springframework.boot.web.servlet.server.DocumentRoot [main] Code archive: C:\Users\Borx\.m2\repository\org\springframework\boot\spring-boot\2.1.0.RELEASE\spring-boot-2.1.0.RELEASE.jar
2019-06-16 22:50:13,767 DEBUG org.springframework.boot.web.servlet.server.DocumentRoot [main] Code archive: C:\Users\Borx\.m2\repository\org\springframework\boot\spring-boot\2.1.0.RELEASE\spring-boot-2.1.0.RELEASE.jar
2019-06-16 22:50:13,767 DEBUG org.springframework.boot.web.servlet.server.DocumentRoot [main] None of the document roots [src/main/webapp, public, static] point to a directory and will be ignored.
2019-06-16 22:50:40,402 INFO org.springframework.boot.StartupInfoLogger [main] Started MegaTravelApp in 29.385 seconds (JVM running for 30.12)
2019-06-16 23:42:32,923 INFO org.springframework.boot.StartupInfoLogger [main] Starting MegaTravelApp on DESKTOP-F3G1DCA with PID 5496 (started by Borx in F:\FTN\IV godina\Drugi Semestar\PROJEKTI\XML-Bezbednost PROJECT\megaTravelAppBack)
2019-06-16 23:42:32,923 DEBUG org.springframework.boot.StartupInfoLogger [main] Running with Spring Boot v2.1.0.RELEASE, Spring v5.1.2.RELEASE
2019-06-16 23:42:32,923 INFO org.springframework.boot.SpringApplication [main] No active profile set, falling back to default profiles: default
2019-06-16 23:42:35,341 DEBUG org.springframework.boot.web.servlet.server.DocumentRoot [main] Code archive: C:\Users\Borx\.m2\repository\org\springframework\boot\spring-boot\2.1.0.RELEASE\spring-boot-2.1.0.RELEASE.jar
2019-06-16 23:42:35,341 DEBUG org.springframework.boot.web.servlet.server.DocumentRoot [main] Code archive: C:\Users\Borx\.m2\repository\org\springframework\boot\spring-boot\2.1.0.RELEASE\spring-boot-2.1.0.RELEASE.jar
2019-06-16 23:42:35,341 DEBUG org.springframework.boot.web.servlet.server.DocumentRoot [main] None of the document roots [src/main/webapp, public, static] point to a directory and will be ignored.
2019-06-16 23:43:05,563 INFO org.springframework.boot.StartupInfoLogger [main] Started MegaTravelApp in 33.108 seconds (JVM running for 33.834)
2019-06-16 23:58:49,194 INFO org.springframework.boot.StartupInfoLogger [main] Starting MegaTravelApp on DESKTOP-F3G1DCA with PID 4384 (started by Borx in F:\FTN\IV godina\Drugi Semestar\PROJEKTI\XML-Bezbednost PROJECT\megaTravelAppBack)
2019-06-16 23:58:49,194 DEBUG org.springframework.boot.StartupInfoLogger [main] Running with Spring Boot v2.1.0.RELEASE, Spring v5.1.2.RELEASE
2019-06-16 23:58:49,199 INFO org.springframework.boot.SpringApplication [main] No active profile set, falling back to default profiles: default
2019-06-16 23:58:51,484 DEBUG org.springframework.boot.web.servlet.server.DocumentRoot [main] Code archive: C:\Users\Borx\.m2\repository\org\springframework\boot\spring-boot\2.1.0.RELEASE\spring-boot-2.1.0.RELEASE.jar
2019-06-16 23:58:51,484 DEBUG org.springframework.boot.web.servlet.server.DocumentRoot [main] Code archive: C:\Users\Borx\.m2\repository\org\springframework\boot\spring-boot\2.1.0.RELEASE\spring-boot-2.1.0.RELEASE.jar
2019-06-16 23:58:51,484 DEBUG org.springframework.boot.web.servlet.server.DocumentRoot [main] None of the document roots [src/main/webapp, public, static] point to a directory and will be ignored.
2019-06-16 23:59:24,180 INFO org.springframework.boot.StartupInfoLogger [main] Started MegaTravelApp in 35.46 seconds (JVM running for 36.147)
