2019-06-29 06:21:58,197 INFO org.springframework.boot.StartupInfoLogger [main] Starting SecurityBack on DESKTOP-F3G1DCA with PID 6528 (started by Borx in F:\FTN\IV godina\Drugi Semestar\PROJEKTI\XML-Bezbednost PROJECT\securityBack)
2019-06-29 06:21:58,229 INFO org.springframework.boot.SpringApplication [main] No active profile set, falling back to default profiles: default
2019-06-29 06:22:20,002 INFO org.springframework.boot.StartupInfoLogger [main] Started SecurityBack in 22.19 seconds (JVM running for 23.062)
2019-06-29 06:26:33,372 INFO com.ftn.controller.UserControler [https-jsse-nio-8092-exec-7] SECURITY_EVENT User id:4 LOGSUCCESS 
2019-06-29 06:26:33,372 INFO com.ftn.controller.UserControler [https-jsse-nio-8092-exec-7] NEPOR_EVENT User id:4 LOGSUCCESS
2019-06-29 06:26:35,884 INFO com.ftn.controller.UserControler [https-jsse-nio-8092-exec-9] User id:4 LOGEDUSER
2019-06-29 06:27:03,223 INFO com.ftn.controller.UserControler [https-jsse-nio-8092-exec-2] SECURITY_EVENT User id:1 LOGSUCCESS 
2019-06-29 06:27:03,223 INFO com.ftn.controller.UserControler [https-jsse-nio-8092-exec-2] NEPOR_EVENT User id:1 LOGSUCCESS
2019-06-29 06:28:01,716 INFO org.springframework.boot.StartupInfoLogger [main] Starting SecurityBack on DESKTOP-F3G1DCA with PID 2444 (started by Borx in F:\FTN\IV godina\Drugi Semestar\PROJEKTI\XML-Bezbednost PROJECT\securityBack)
2019-06-29 06:28:01,716 INFO org.springframework.boot.SpringApplication [main] No active profile set, falling back to default profiles: default
2019-06-29 06:28:14,565 INFO org.springframework.boot.StartupInfoLogger [main] Started SecurityBack in 13.169 seconds (JVM running for 14.092)
2019-06-29 06:38:35,058 INFO com.ftn.controller.UserControler [https-jsse-nio-8092-exec-7] SECURITY_EVENT User id:4 LOGSUCCESS 
2019-06-29 06:38:35,058 INFO com.ftn.controller.UserControler [https-jsse-nio-8092-exec-7] NEPOR_EVENT User id:4 LOGSUCCESS
2019-06-29 06:38:36,820 INFO com.ftn.controller.SecurityAdminControler [https-jsse-nio-8092-exec-9] SSSUCCCESS
2019-06-29 06:38:44,613 INFO com.ftn.controller.SecurityAdminControler [https-jsse-nio-8092-exec-10] SSSUCCCESS
2019-06-29 06:38:53,590 INFO com.ftn.controller.SecurityAdminControler [https-jsse-nio-8092-exec-1] SSSUCCCESS
2019-06-29 06:38:56,628 INFO com.ftn.controller.SecurityAdminControler [https-jsse-nio-8092-exec-3] GETSS
2019-06-29 06:38:58,504 INFO com.ftn.controller.SecurityAdminControler [https-jsse-nio-8092-exec-5] NEPOR_EVENT , COMMUNFAIL , CA not found between 4 
2019-06-29 06:39:06,007 INFO com.ftn.controller.UserControler [https-jsse-nio-8092-exec-8] SECURITY_EVENT User id:1 LOGSUCCESS 
2019-06-29 06:39:06,007 INFO com.ftn.controller.UserControler [https-jsse-nio-8092-exec-8] NEPOR_EVENT User id:1 LOGSUCCESS
2019-06-29 06:39:07,715 INFO com.ftn.controller.SecurityAdminControler [https-jsse-nio-8092-exec-9] SSSUCCCESS
2019-06-29 06:39:17,478 INFO com.ftn.controller.SecurityAdminControler [https-jsse-nio-8092-exec-10] SSSUCCCESS
2019-06-29 06:39:24,174 INFO com.ftn.controller.UserControler [https-jsse-nio-8092-exec-2] SECURITY_EVENT User id:1 LOGSUCCESS 
2019-06-29 06:39:24,174 INFO com.ftn.controller.UserControler [https-jsse-nio-8092-exec-2] NEPOR_EVENT User id:1 LOGSUCCESS
2019-06-29 06:39:25,637 INFO com.ftn.controller.SecurityAdminControler [https-jsse-nio-8092-exec-3] SSSUCCCESS
2019-06-29 06:39:36,733 INFO com.ftn.controller.UserControler [https-jsse-nio-8092-exec-5] SECURITY_EVENT User id:4 LOGSUCCESS 
2019-06-29 06:39:36,734 INFO com.ftn.controller.UserControler [https-jsse-nio-8092-exec-5] NEPOR_EVENT User id:4 LOGSUCCESS
2019-06-29 06:39:37,833 INFO com.ftn.controller.SecurityAdminControler [https-jsse-nio-8092-exec-9] GETCA
2019-06-29 06:39:37,835 INFO com.ftn.controller.UserControler [https-jsse-nio-8092-exec-3] User id:4 LOGEDUSER
2019-06-29 06:39:37,838 INFO com.ftn.controller.SecurityAdminControler [https-jsse-nio-8092-exec-6] GETACA
2019-06-29 06:39:37,850 INFO com.ftn.controller.SecurityAdminControler [https-jsse-nio-8092-exec-9] NEPOR_EVENT CASUCCESS 
2019-06-29 06:39:40,670 INFO com.ftn.controller.SecurityAdminControler [https-jsse-nio-8092-exec-2] SSSUCCCESS
2019-06-29 06:39:58,227 INFO com.ftn.controller.SecurityAdminControler [https-jsse-nio-8092-exec-10] User id: 4 CREACA
2019-06-29 06:40:01,561 INFO com.ftn.controller.SecurityAdminControler [https-jsse-nio-8092-exec-1] User id: 4 CREACA
2019-06-29 06:40:09,475 INFO com.ftn.controller.UserControler [https-jsse-nio-8092-exec-5] SECURITY_EVENT User id:1 LOGSUCCESS 
2019-06-29 06:40:09,475 INFO com.ftn.controller.UserControler [https-jsse-nio-8092-exec-5] NEPOR_EVENT User id:1 LOGSUCCESS
2019-06-29 06:40:11,095 INFO com.ftn.controller.SecurityAdminControler [https-jsse-nio-8092-exec-7] SSSUCCCESS
2019-06-29 06:40:16,934 INFO com.ftn.controller.SecurityAdminControler [https-jsse-nio-8092-exec-9] User id: 1 CREACA
2019-06-29 06:40:18,540 INFO com.ftn.controller.SecurityAdminControler [https-jsse-nio-8092-exec-9] SECURITY_EVENT User id:1 CREACASUCCESS 
2019-06-29 06:40:18,541 INFO com.ftn.controller.SecurityAdminControler [https-jsse-nio-8092-exec-9] NEPOR_EVENT User id:1  CREASUCCESS
2019-06-29 06:40:18,643 INFO com.ftn.controller.SecurityAdminControler [https-jsse-nio-8092-exec-6] User id: 1 CREACA
2019-06-29 06:40:18,896 INFO com.ftn.controller.SecurityAdminControler [https-jsse-nio-8092-exec-9] CRECASUCCESS
2019-06-29 06:40:19,037 INFO com.ftn.controller.UserControler [https-jsse-nio-8092-exec-1] User id:1 LOGEDUSER
2019-06-29 06:40:19,039 INFO com.ftn.controller.SecurityAdminControler [https-jsse-nio-8092-exec-4] GETCA
2019-06-29 06:40:19,047 INFO com.ftn.controller.SecurityAdminControler [https-jsse-nio-8092-exec-1] GETACA
2019-06-29 06:40:19,053 INFO com.ftn.controller.SecurityAdminControler [https-jsse-nio-8092-exec-4] NEPOR_EVENT CASUCCESS 
2019-06-29 06:40:20,056 INFO com.ftn.controller.SecurityAdminControler [https-jsse-nio-8092-exec-6] SECURITY_EVENT User id:1 CREACASUCCESS 
2019-06-29 06:40:20,056 INFO com.ftn.controller.SecurityAdminControler [https-jsse-nio-8092-exec-6] NEPOR_EVENT User id:1  CREASUCCESS
2019-06-29 06:40:20,403 INFO com.ftn.controller.SecurityAdminControler [https-jsse-nio-8092-exec-6] CRECASUCCESS
2019-06-29 06:40:24,667 INFO com.ftn.controller.SecurityAdminControler [https-jsse-nio-8092-exec-5] SSSUCCCESS
2019-06-29 06:40:36,574 INFO com.ftn.controller.UserControler [https-jsse-nio-8092-exec-9] SECURITY_EVENT User id:4 LOGSUCCESS 
2019-06-29 06:40:36,574 INFO com.ftn.controller.UserControler [https-jsse-nio-8092-exec-9] NEPOR_EVENT User id:4 LOGSUCCESS
2019-06-29 06:40:37,391 INFO com.ftn.controller.SecurityAdminControler [https-jsse-nio-8092-exec-1] GETCA
2019-06-29 06:40:37,391 INFO com.ftn.controller.SecurityAdminControler [https-jsse-nio-8092-exec-6] GETACA
2019-06-29 06:40:37,393 INFO com.ftn.controller.UserControler [https-jsse-nio-8092-exec-4] User id:4 LOGEDUSER
2019-06-29 06:40:37,402 INFO com.ftn.controller.SecurityAdminControler [https-jsse-nio-8092-exec-1] NEPOR_EVENT CASUCCESS 
2019-06-29 06:40:43,685 INFO com.ftn.controller.UserControler [https-jsse-nio-8092-exec-7] SECURITY_EVENT User id:2 LOGSUCCESS 
2019-06-29 06:40:43,685 INFO com.ftn.controller.UserControler [https-jsse-nio-8092-exec-7] NEPOR_EVENT User id:2 LOGSUCCESS
2019-06-29 06:40:45,989 INFO com.ftn.controller.SecurityAdminControler [https-jsse-nio-8092-exec-3] SSSUCCCESS
2019-06-29 06:40:50,275 INFO com.ftn.controller.SecurityAdminControler [https-jsse-nio-8092-exec-9] SSSUCCCESS
2019-06-29 06:40:57,686 INFO com.ftn.controller.SecurityAdminControler [https-jsse-nio-8092-exec-2] SSSUCCCESS
2019-06-29 06:41:06,678 INFO com.ftn.controller.SecurityAdminControler [https-jsse-nio-8092-exec-10] User id: 2 CREACA
2019-06-29 06:41:07,265 INFO com.ftn.controller.SecurityAdminControler [https-jsse-nio-8092-exec-10] SECURITY_EVENT User id: 2  CREACASUCCESS
2019-06-29 06:41:07,265 INFO com.ftn.controller.SecurityAdminControler [https-jsse-nio-8092-exec-10] NEPOR_EVENT User id:2  CREACASUCCESS
2019-06-29 06:41:07,552 INFO com.ftn.controller.SecurityAdminControler [https-jsse-nio-8092-exec-10] CRECASUCESS
2019-06-29 06:41:07,658 INFO com.ftn.controller.SecurityAdminControler [https-jsse-nio-8092-exec-7] GETCA
2019-06-29 06:41:07,660 INFO com.ftn.controller.SecurityAdminControler [https-jsse-nio-8092-exec-3] GETACA
2019-06-29 06:41:07,663 INFO com.ftn.controller.UserControler [https-jsse-nio-8092-exec-5] User id:2 LOGEDUSER
2019-06-29 06:41:07,671 INFO com.ftn.controller.SecurityAdminControler [https-jsse-nio-8092-exec-7] NEPOR_EVENT CASUCCESS 
2019-06-29 06:41:10,255 INFO com.ftn.controller.SecurityAdminControler [https-jsse-nio-8092-exec-9] SSSUCCCESS
2019-06-29 06:41:18,965 INFO com.ftn.controller.SecurityAdminControler [https-jsse-nio-8092-exec-2] User id: 2 CREACA
2019-06-29 06:41:20,123 INFO com.ftn.controller.SecurityAdminControler [https-jsse-nio-8092-exec-2] SECURITY_EVENT User id: 2  CREACASUCCESS
2019-06-29 06:41:20,123 INFO com.ftn.controller.SecurityAdminControler [https-jsse-nio-8092-exec-2] NEPOR_EVENT User id:2  CREACASUCCESS
2019-06-29 06:41:20,421 INFO com.ftn.controller.SecurityAdminControler [https-jsse-nio-8092-exec-2] CRECASUCESS
2019-06-29 06:41:20,513 INFO com.ftn.controller.SecurityAdminControler [https-jsse-nio-8092-exec-10] GETCA
2019-06-29 06:41:20,515 INFO com.ftn.controller.UserControler [https-jsse-nio-8092-exec-8] User id:2 LOGEDUSER
2019-06-29 06:41:20,519 INFO com.ftn.controller.SecurityAdminControler [https-jsse-nio-8092-exec-4] GETACA
2019-06-29 06:41:20,529 INFO com.ftn.controller.SecurityAdminControler [https-jsse-nio-8092-exec-10] NEPOR_EVENT CASUCCESS 
2019-06-29 06:41:31,148 INFO com.ftn.controller.SecurityAdminControler [https-jsse-nio-8092-exec-6] SSSUCCCESS
2019-06-29 06:41:40,941 INFO com.ftn.controller.UserControler [https-jsse-nio-8092-exec-5] SECURITY_EVENT User id:1 LOGSUCCESS 
2019-06-29 06:41:40,941 INFO com.ftn.controller.UserControler [https-jsse-nio-8092-exec-5] NEPOR_EVENT User id:1 LOGSUCCESS
2019-06-29 06:41:43,818 INFO com.ftn.controller.SecurityAdminControler [https-jsse-nio-8092-exec-7] GETSS
2019-06-29 06:41:54,925 INFO com.ftn.controller.UserControler [https-jsse-nio-8092-exec-2] SECURITY_EVENT User id:2 LOGSUCCESS 
2019-06-29 06:41:54,925 INFO com.ftn.controller.UserControler [https-jsse-nio-8092-exec-2] NEPOR_EVENT User id:2 LOGSUCCESS
2019-06-29 06:41:55,937 INFO com.ftn.controller.SecurityAdminControler [https-jsse-nio-8092-exec-10] GETSS
2019-06-29 06:42:05,299 INFO com.ftn.controller.SecurityAdminControler [https-jsse-nio-8092-exec-8] GETCA
2019-06-29 06:42:05,300 INFO com.ftn.controller.SecurityAdminControler [https-jsse-nio-8092-exec-10] GETACA
2019-06-29 06:42:05,301 INFO com.ftn.controller.UserControler [https-jsse-nio-8092-exec-2] User id:2 LOGEDUSER
2019-06-29 06:42:05,311 INFO com.ftn.controller.SecurityAdminControler [https-jsse-nio-8092-exec-8] NEPOR_EVENT CASUCCESS 
2019-06-29 06:42:16,867 INFO com.ftn.controller.SecurityAdminControler [https-jsse-nio-8092-exec-4] GETSS
2019-06-29 06:42:27,957 INFO com.ftn.controller.SecurityAdminControler [https-jsse-nio-8092-exec-5] GETCA
2019-06-29 06:42:27,959 INFO com.ftn.controller.SecurityAdminControler [https-jsse-nio-8092-exec-7] GETACA
2019-06-29 06:42:27,963 INFO com.ftn.controller.UserControler [https-jsse-nio-8092-exec-1] User id:2 LOGEDUSER
2019-06-29 06:42:27,968 INFO com.ftn.controller.SecurityAdminControler [https-jsse-nio-8092-exec-5] NEPOR_EVENT CASUCCESS 
2019-06-29 06:43:18,114 INFO com.ftn.controller.SecurityAdminControler [https-jsse-nio-8092-exec-9] User id: "eyJhbGciOiJIUzUxMiJ9.eyJzdWIiOiIyIiwiZXhwIjoxNTYxODAxMzE0LCJhdXRob3JpdGllcyI6WyJSRUFEX1NVQl9TT0ZUIiwiQ1JFQVRFX0NFUlQiLCJSRUFEX0NFUlQiLCJSRVZPS0VfQ0VSVCJdLCJ1c2VybmFtZSI6Ik1lZ2FUcmF2ZWxMb25kb25AZ21haWwuY29tIn0.DpGXL5HcryGiHNyDsscY0rAq5zNdZt2pYWufc1JKffotk3hYDT92JexmND0RODxXwbmI49r4ibqL1uGYnBJSMQ"  REVCA
2019-06-29 06:43:22,709 INFO com.ftn.controller.SecurityAdminControler [https-jsse-nio-8092-exec-10] GETCA
2019-06-29 06:43:22,711 INFO com.ftn.controller.SecurityAdminControler [https-jsse-nio-8092-exec-8] GETACA
2019-06-29 06:43:22,712 INFO com.ftn.controller.UserControler [https-jsse-nio-8092-exec-2] User id:2 LOGEDUSER
2019-06-29 06:43:22,720 INFO com.ftn.controller.SecurityAdminControler [https-jsse-nio-8092-exec-10] NEPOR_EVENT CASUCCESS 
2019-06-29 06:43:27,173 INFO com.ftn.controller.SecurityAdminControler [https-jsse-nio-8092-exec-4] SSSUCCCESS
2019-06-29 06:43:34,328 INFO com.ftn.controller.SecurityAdminControler [https-jsse-nio-8092-exec-6] SSSUCCCESS
2019-06-29 06:43:40,649 INFO com.ftn.controller.SecurityAdminControler [https-jsse-nio-8092-exec-5] User id: 2 CREACA
2019-06-29 06:43:42,182 INFO com.ftn.controller.SecurityAdminControler [https-jsse-nio-8092-exec-5] SECURITY_EVENT User id: 2  CREACASUCCESS
2019-06-29 06:43:42,182 INFO com.ftn.controller.SecurityAdminControler [https-jsse-nio-8092-exec-5] NEPOR_EVENT User id:2  CREACASUCCESS
2019-06-29 06:43:42,488 INFO com.ftn.controller.SecurityAdminControler [https-jsse-nio-8092-exec-5] CRECASUCESS
2019-06-29 06:43:42,572 INFO com.ftn.controller.SecurityAdminControler [https-jsse-nio-8092-exec-3] GETCA
2019-06-29 06:43:42,575 INFO com.ftn.controller.SecurityAdminControler [https-jsse-nio-8092-exec-9] GETACA
2019-06-29 06:43:42,576 INFO com.ftn.controller.UserControler [https-jsse-nio-8092-exec-7] User id:2 LOGEDUSER
2019-06-29 06:43:42,584 INFO com.ftn.controller.SecurityAdminControler [https-jsse-nio-8092-exec-3] NEPOR_EVENT CASUCCESS 
2019-06-29 06:43:50,033 INFO com.ftn.controller.SecurityAdminControler [https-jsse-nio-8092-exec-2] GETSS
2019-06-29 06:44:05,348 INFO com.ftn.controller.SecurityAdminControler [https-jsse-nio-8092-exec-1] GETCA
2019-06-29 06:44:05,349 INFO com.ftn.controller.SecurityAdminControler [https-jsse-nio-8092-exec-5] GETACA
2019-06-29 06:44:05,352 INFO com.ftn.controller.UserControler [https-jsse-nio-8092-exec-6] User id:2 LOGEDUSER
2019-06-29 06:44:05,359 INFO com.ftn.controller.SecurityAdminControler [https-jsse-nio-8092-exec-1] NEPOR_EVENT CASUCCESS 
2019-06-29 06:44:45,354 INFO com.ftn.controller.SecurityAdminControler [https-jsse-nio-8092-exec-7] GETSS
2019-06-29 06:46:19,741 INFO org.springframework.boot.StartupInfoLogger [main] Starting SecurityBack on DESKTOP-F3G1DCA with PID 16352 (started by Borx in F:\FTN\IV godina\Drugi Semestar\PROJEKTI\XML-Bezbednost PROJECT\securityBack)
2019-06-29 06:46:19,748 INFO org.springframework.boot.SpringApplication [main] No active profile set, falling back to default profiles: default
2019-06-29 06:46:31,184 INFO org.springframework.boot.StartupInfoLogger [main] Started SecurityBack in 11.781 seconds (JVM running for 12.647)
2019-06-29 06:53:23,456 INFO org.springframework.boot.StartupInfoLogger [main] Starting SecurityBack on DESKTOP-F3G1DCA with PID 692 (started by Borx in F:\FTN\IV godina\Drugi Semestar\PROJEKTI\XML-Bezbednost PROJECT\securityBack)
2019-06-29 06:53:23,456 INFO org.springframework.boot.SpringApplication [main] No active profile set, falling back to default profiles: default
2019-06-29 06:53:33,798 INFO org.springframework.boot.StartupInfoLogger [main] Started SecurityBack in 10.665 seconds (JVM running for 11.516)
2019-06-29 06:53:58,039 INFO com.ftn.controller.UserControler [https-jsse-nio-8092-exec-7] SECURITY_EVENT User id:2 LOGSUCCESS 
2019-06-29 06:53:58,040 INFO com.ftn.controller.UserControler [https-jsse-nio-8092-exec-7] NEPOR_EVENT User id:2 LOGSUCCESS
2019-06-29 06:54:18,038 INFO com.ftn.controller.SecurityAdminControler [https-jsse-nio-8092-exec-9] SSSUCCCESS
2019-06-29 06:54:26,636 INFO com.ftn.controller.SecurityAdminControler [https-jsse-nio-8092-exec-10] SSSUCCCESS
2019-06-29 06:54:32,621 INFO com.ftn.controller.UserControler [https-jsse-nio-8092-exec-3] SECURITY_EVENT User id:1 LOGSUCCESS 
2019-06-29 06:54:32,621 INFO com.ftn.controller.UserControler [https-jsse-nio-8092-exec-3] NEPOR_EVENT User id:1 LOGSUCCESS
2019-06-29 06:54:34,382 INFO com.ftn.controller.SecurityAdminControler [https-jsse-nio-8092-exec-4] SSSUCCCESS
2019-06-29 06:54:41,915 INFO com.ftn.controller.SecurityAdminControler [https-jsse-nio-8092-exec-6] User id: 1 CREACA
2019-06-29 06:54:42,718 INFO com.ftn.controller.SecurityAdminControler [https-jsse-nio-8092-exec-6] SECURITY_EVENT User id:1 CREACASUCCESS 
2019-06-29 06:54:42,718 INFO com.ftn.controller.SecurityAdminControler [https-jsse-nio-8092-exec-6] NEPOR_EVENT User id:1  CREASUCCESS
2019-06-29 06:54:43,010 INFO com.ftn.controller.SecurityAdminControler [https-jsse-nio-8092-exec-6] CRECASUCCESS
2019-06-29 06:54:43,148 INFO com.ftn.controller.SecurityAdminControler [https-jsse-nio-8092-exec-6] GETCA
2019-06-29 06:54:43,149 INFO com.ftn.controller.SecurityAdminControler [https-jsse-nio-8092-exec-5] GETACA
2019-06-29 06:54:43,150 INFO com.ftn.controller.UserControler [https-jsse-nio-8092-exec-3] User id:1 LOGEDUSER
2019-06-29 06:54:43,168 INFO com.ftn.controller.SecurityAdminControler [https-jsse-nio-8092-exec-6] NEPOR_EVENT CASUCCESS 
2019-06-29 06:54:49,574 INFO com.ftn.controller.SecurityAdminControler [https-jsse-nio-8092-exec-10] SSSUCCCESS
2019-06-29 06:54:57,512 INFO com.ftn.controller.SecurityAdminControler [https-jsse-nio-8092-exec-8] User id: 1 CREACA
2019-06-29 06:54:58,681 INFO com.ftn.controller.SecurityAdminControler [https-jsse-nio-8092-exec-8] SECURITY_EVENT User id:1 CREACASUCCESS 
2019-06-29 06:54:58,681 INFO com.ftn.controller.SecurityAdminControler [https-jsse-nio-8092-exec-8] NEPOR_EVENT User id:1  CREASUCCESS
2019-06-29 06:54:58,997 INFO com.ftn.controller.SecurityAdminControler [https-jsse-nio-8092-exec-8] CRECASUCCESS
2019-06-29 06:54:59,080 INFO com.ftn.controller.SecurityAdminControler [https-jsse-nio-8092-exec-2] GETCA
2019-06-29 06:54:59,081 INFO com.ftn.controller.SecurityAdminControler [https-jsse-nio-8092-exec-4] GETACA
2019-06-29 06:54:59,085 INFO com.ftn.controller.UserControler [https-jsse-nio-8092-exec-9] User id:1 LOGEDUSER
2019-06-29 06:54:59,096 INFO com.ftn.controller.SecurityAdminControler [https-jsse-nio-8092-exec-2] NEPOR_EVENT CASUCCESS 
2019-06-29 06:55:04,958 INFO com.ftn.controller.SecurityAdminControler [https-jsse-nio-8092-exec-7] GETSS
2019-06-29 06:55:10,722 INFO com.ftn.controller.UserControler [https-jsse-nio-8092-exec-5] SECURITY_EVENT User id:4 LOGSUCCESS 
2019-06-29 06:55:10,723 INFO com.ftn.controller.UserControler [https-jsse-nio-8092-exec-5] NEPOR_EVENT User id:4 LOGSUCCESS
2019-06-29 06:55:11,858 INFO com.ftn.controller.SecurityAdminControler [https-jsse-nio-8092-exec-10] GETSS
2019-06-29 06:55:13,560 INFO com.ftn.controller.SecurityAdminControler [https-jsse-nio-8092-exec-9] CKSUCCESS
2019-06-29 06:55:13,561 INFO com.ftn.controller.SecurityAdminControler [https-jsse-nio-8092-exec-9] NEPOR_EVENT , CKSUCCESS between 4 and 2
2019-06-29 06:55:17,384 INFO com.ftn.controller.SecurityAdminControler [https-jsse-nio-8092-exec-2] NEPOR_EVENT , COMMUNFAIL , CA not found between 4 
2019-06-29 06:55:24,844 INFO com.ftn.controller.UserControler [https-jsse-nio-8092-exec-7] SECURITY_EVENT User id:1 LOGSUCCESS 
2019-06-29 06:55:24,844 INFO com.ftn.controller.UserControler [https-jsse-nio-8092-exec-7] NEPOR_EVENT User id:1 LOGSUCCESS
2019-06-29 06:55:27,891 INFO com.ftn.controller.SecurityAdminControler [https-jsse-nio-8092-exec-8] GETCA
2019-06-29 06:55:27,890 INFO com.ftn.controller.SecurityAdminControler [https-jsse-nio-8092-exec-9] GETACA
2019-06-29 06:55:27,895 INFO com.ftn.controller.UserControler [https-jsse-nio-8092-exec-10] User id:1 LOGEDUSER
2019-06-29 06:55:27,902 INFO com.ftn.controller.SecurityAdminControler [https-jsse-nio-8092-exec-8] NEPOR_EVENT CASUCCESS 
2019-06-29 06:55:33,041 INFO com.ftn.controller.SecurityAdminControler [https-jsse-nio-8092-exec-2] User id: "eyJhbGciOiJIUzUxMiJ9.eyJzdWIiOiIxIiwiZXhwIjoxNTYxODAyMTI0LCJhdXRob3JpdGllcyI6WyJERUxFVEUiLCJSRUFEX1NVQl9TT0ZUIiwiQ1JFQVRFX0NFUlQiLCJSRUFEX0NFUlQiLCJSRUFEX0FMTENFUlQiLCJSRVZPS0VfQ0VSVCJdLCJ1c2VybmFtZSI6Ik1UUm9vdEBnbWFpbC5jb20ifQ.qdeQqJxQrYAQAi9oHfsH5dMiloYKmbLVE2iWW8oBnBVkE8eXauSEIrWP__l54-NmqiuH8FK2Sa0J5LWjkF6A0w"  REVCA
2019-06-29 06:55:36,399 INFO com.ftn.controller.SecurityAdminControler [https-jsse-nio-8092-exec-1] SSSUCCCESS
2019-06-29 06:55:39,747 INFO com.ftn.controller.SecurityAdminControler [https-jsse-nio-8092-exec-3] GETSS
2019-06-29 06:55:46,621 INFO com.ftn.controller.UserControler [https-jsse-nio-8092-exec-6] SECURITY_EVENT User id:4 LOGSUCCESS 
2019-06-29 06:55:46,621 INFO com.ftn.controller.UserControler [https-jsse-nio-8092-exec-6] NEPOR_EVENT User id:4 LOGSUCCESS
2019-06-29 06:55:47,751 INFO com.ftn.controller.SecurityAdminControler [https-jsse-nio-8092-exec-2] GETCA
2019-06-29 06:55:47,753 INFO com.ftn.controller.UserControler [https-jsse-nio-8092-exec-4] User id:4 LOGEDUSER
2019-06-29 06:55:47,753 INFO com.ftn.controller.SecurityAdminControler [https-jsse-nio-8092-exec-1] GETACA
2019-06-29 06:55:47,763 INFO com.ftn.controller.SecurityAdminControler [https-jsse-nio-8092-exec-2] NEPOR_EVENT CASUCCESS 
2019-06-29 06:55:50,004 INFO com.ftn.controller.SecurityAdminControler [https-jsse-nio-8092-exec-3] GETSS
2019-06-29 06:55:51,596 INFO com.ftn.controller.SecurityAdminControler [https-jsse-nio-8092-exec-6] NEPOR_EVENT , COMMUNFAIL , CA not found between 4 
2019-06-29 06:55:55,111 INFO com.ftn.controller.SecurityAdminControler [https-jsse-nio-8092-exec-9] NEPOR_EVENT , COMMUNFAIL , CA not found between 4 
2019-06-29 06:56:02,805 INFO com.ftn.controller.UserControler [https-jsse-nio-8092-exec-4] SECURITY_EVENT User id:4 LOGSUCCESS 
2019-06-29 06:56:02,805 INFO com.ftn.controller.UserControler [https-jsse-nio-8092-exec-4] NEPOR_EVENT User id:4 LOGSUCCESS
2019-06-29 06:56:05,304 INFO com.ftn.controller.SecurityAdminControler [https-jsse-nio-8092-exec-2] SSSUCCCESS
2019-06-29 06:56:12,559 INFO com.ftn.controller.SecurityAdminControler [https-jsse-nio-8092-exec-7] User id: 4 CREACA
2019-06-29 06:56:13,572 INFO com.ftn.controller.SecurityAdminControler [https-jsse-nio-8092-exec-7] SECURITY_EVENT User id: 4  CREACASUCCESS
2019-06-29 06:56:13,572 INFO com.ftn.controller.SecurityAdminControler [https-jsse-nio-8092-exec-7] NEPOR_EVENT User id:4  CREACASUCCESS
2019-06-29 06:56:13,911 INFO com.ftn.controller.SecurityAdminControler [https-jsse-nio-8092-exec-7] CRECASUCESS
2019-06-29 06:56:14,018 INFO com.ftn.controller.SecurityAdminControler [https-jsse-nio-8092-exec-8] GETACA
2019-06-29 06:56:14,018 INFO com.ftn.controller.SecurityAdminControler [https-jsse-nio-8092-exec-9] GETCA
2019-06-29 06:56:14,021 INFO com.ftn.controller.UserControler [https-jsse-nio-8092-exec-10] User id:4 LOGEDUSER
2019-06-29 06:56:14,030 INFO com.ftn.controller.SecurityAdminControler [https-jsse-nio-8092-exec-9] NEPOR_EVENT CASUCCESS 
2019-06-29 06:56:16,746 INFO com.ftn.controller.SecurityAdminControler [https-jsse-nio-8092-exec-2] GETSS
2019-06-29 06:56:18,526 INFO com.ftn.controller.SecurityAdminControler [https-jsse-nio-8092-exec-7] CKSUCCESS
2019-06-29 06:56:18,527 INFO com.ftn.controller.SecurityAdminControler [https-jsse-nio-8092-exec-7] NEPOR_EVENT , CKSUCCESS between 4 and 2
2019-06-29 06:56:23,590 INFO com.ftn.controller.SecurityAdminControler [https-jsse-nio-8092-exec-5] NEPOR_EVENT , COMMUNFAIL , CA not found between 4 
2019-06-29 06:56:42,723 INFO com.ftn.controller.SecurityAdminControler [https-jsse-nio-8092-exec-6] SSSUCCCESS
2019-06-29 06:57:34,959 INFO org.springframework.boot.StartupInfoLogger [main] Starting SecurityBack on DESKTOP-F3G1DCA with PID 12248 (started by Borx in F:\FTN\IV godina\Drugi Semestar\PROJEKTI\XML-Bezbednost PROJECT\securityBack)
2019-06-29 06:57:34,959 INFO org.springframework.boot.SpringApplication [main] No active profile set, falling back to default profiles: default
2019-06-29 06:57:45,696 INFO org.springframework.boot.StartupInfoLogger [main] Started SecurityBack in 11.069 seconds (JVM running for 11.973)
2019-06-29 07:00:07,792 INFO com.ftn.controller.UserControler [https-jsse-nio-8092-exec-7] SECURITY_EVENT User id:4 LOGSUCCESS 
2019-06-29 07:00:07,792 INFO com.ftn.controller.UserControler [https-jsse-nio-8092-exec-7] NEPOR_EVENT User id:4 LOGSUCCESS
2019-06-29 07:00:12,909 INFO com.ftn.controller.SecurityAdminControler [https-jsse-nio-8092-exec-9] SSSUCCCESS
2019-06-29 07:00:19,825 INFO com.ftn.controller.SecurityAdminControler [https-jsse-nio-8092-exec-1] User id: 4 CREACA
2019-06-29 07:00:30,087 INFO com.ftn.controller.UserControler [https-jsse-nio-8092-exec-4] SECURITY_EVENT User id:1 LOGSUCCESS 
2019-06-29 07:00:30,087 INFO com.ftn.controller.UserControler [https-jsse-nio-8092-exec-4] NEPOR_EVENT User id:1 LOGSUCCESS
2019-06-29 07:00:31,122 INFO com.ftn.controller.SecurityAdminControler [https-jsse-nio-8092-exec-5] SSSUCCCESS
2019-06-29 07:00:49,221 INFO com.ftn.controller.SecurityAdminControler [https-jsse-nio-8092-exec-7] User id: 1 CREACA
2019-06-29 07:00:50,139 INFO com.ftn.controller.SecurityAdminControler [https-jsse-nio-8092-exec-7] SECURITY_EVENT User id:1 CREACASUCCESS 
2019-06-29 07:00:50,139 INFO com.ftn.controller.SecurityAdminControler [https-jsse-nio-8092-exec-7] NEPOR_EVENT User id:1  CREASUCCESS
2019-06-29 07:00:50,463 INFO com.ftn.controller.SecurityAdminControler [https-jsse-nio-8092-exec-7] CRECASUCCESS
2019-06-29 07:00:50,515 INFO com.ftn.controller.SecurityAdminControler [https-jsse-nio-8092-exec-5] GETCA
2019-06-29 07:00:50,515 INFO com.ftn.controller.SecurityAdminControler [https-jsse-nio-8092-exec-6] GETACA
2019-06-29 07:00:50,516 INFO com.ftn.controller.UserControler [https-jsse-nio-8092-exec-8] User id:1 LOGEDUSER
2019-06-29 07:00:50,535 INFO com.ftn.controller.SecurityAdminControler [https-jsse-nio-8092-exec-5] NEPOR_EVENT CASUCCESS 
2019-06-29 07:01:37,748 INFO com.ftn.controller.SecurityAdminControler [https-jsse-nio-8092-exec-7] SSSUCCCESS
2019-06-29 07:01:42,501 INFO com.ftn.controller.SecurityAdminControler [https-jsse-nio-8092-exec-9] SSSUCCCESS
2019-06-29 07:01:51,219 INFO com.ftn.controller.SecurityAdminControler [https-jsse-nio-8092-exec-3] User id: 1 CREACA
2019-06-29 07:01:52,008 INFO com.ftn.controller.SecurityAdminControler [https-jsse-nio-8092-exec-3] SECURITY_EVENT User id:1 CREACASUCCESS 
2019-06-29 07:01:52,008 INFO com.ftn.controller.SecurityAdminControler [https-jsse-nio-8092-exec-3] NEPOR_EVENT User id:1  CREASUCCESS
2019-06-29 07:01:52,317 INFO com.ftn.controller.SecurityAdminControler [https-jsse-nio-8092-exec-3] CRECASUCCESS
2019-06-29 07:01:52,356 INFO com.ftn.controller.SecurityAdminControler [https-jsse-nio-8092-exec-7] GETACA
2019-06-29 07:01:52,357 INFO com.ftn.controller.UserControler [https-jsse-nio-8092-exec-2] User id:1 LOGEDUSER
2019-06-29 07:01:52,357 INFO com.ftn.controller.SecurityAdminControler [https-jsse-nio-8092-exec-4] GETCA
2019-06-29 07:01:52,370 INFO com.ftn.controller.SecurityAdminControler [https-jsse-nio-8092-exec-4] NEPOR_EVENT CASUCCESS 
2019-06-29 07:01:57,639 INFO com.ftn.controller.SecurityAdminControler [https-jsse-nio-8092-exec-1] GETCA
2019-06-29 07:01:57,640 INFO com.ftn.controller.SecurityAdminControler [https-jsse-nio-8092-exec-10] GETACA
2019-06-29 07:01:57,648 INFO com.ftn.controller.UserControler [https-jsse-nio-8092-exec-9] User id:1 LOGEDUSER
2019-06-29 07:01:57,654 INFO com.ftn.controller.SecurityAdminControler [https-jsse-nio-8092-exec-1] NEPOR_EVENT CASUCCESS 
2019-06-29 07:02:17,340 INFO com.ftn.controller.UserControler [https-jsse-nio-8092-exec-6] SECURITY_EVENT User id:4 LOGSUCCESS 
2019-06-29 07:02:17,340 INFO com.ftn.controller.UserControler [https-jsse-nio-8092-exec-6] NEPOR_EVENT User id:4 LOGSUCCESS
2019-06-29 07:02:18,794 INFO com.ftn.controller.SecurityAdminControler [https-jsse-nio-8092-exec-4] GETCA
2019-06-29 07:02:18,794 INFO com.ftn.controller.SecurityAdminControler [https-jsse-nio-8092-exec-7] GETACA
2019-06-29 07:02:18,800 INFO com.ftn.controller.UserControler [https-jsse-nio-8092-exec-9] User id:4 LOGEDUSER
2019-06-29 07:02:18,803 INFO com.ftn.controller.SecurityAdminControler [https-jsse-nio-8092-exec-4] NEPOR_EVENT CASUCCESS 
2019-06-29 07:02:20,691 INFO com.ftn.controller.SecurityAdminControler [https-jsse-nio-8092-exec-1] GETSS
2019-06-29 07:02:22,857 INFO com.ftn.controller.SecurityAdminControler [https-jsse-nio-8092-exec-6] CKSUCCESS
2019-06-29 07:02:22,857 INFO com.ftn.controller.SecurityAdminControler [https-jsse-nio-8092-exec-6] NEPOR_EVENT , CKSUCCESS between 4 and 2
2019-06-29 07:02:25,749 INFO com.ftn.controller.SecurityAdminControler [https-jsse-nio-8092-exec-5] NEPOR_EVENT , COMMUNFAIL , CA not found between 4 
2019-06-29 07:02:53,772 INFO com.ftn.controller.UserControler [https-jsse-nio-8092-exec-9] SECURITY_EVENT User id:2 LOGSUCCESS 
2019-06-29 07:02:53,772 INFO com.ftn.controller.UserControler [https-jsse-nio-8092-exec-9] NEPOR_EVENT User id:2 LOGSUCCESS
2019-06-29 07:02:58,744 INFO com.ftn.controller.SecurityAdminControler [https-jsse-nio-8092-exec-4] GETSS
2019-06-29 07:03:06,896 INFO com.ftn.controller.UserControler [https-jsse-nio-8092-exec-1] SECURITY_EVENT User id:2 LOGSUCCESS 
2019-06-29 07:03:06,896 INFO com.ftn.controller.UserControler [https-jsse-nio-8092-exec-1] NEPOR_EVENT User id:2 LOGSUCCESS
2019-06-29 07:03:08,197 INFO com.ftn.controller.SecurityAdminControler [https-jsse-nio-8092-exec-3] SSSUCCCESS
2019-06-29 07:03:14,720 INFO com.ftn.controller.SecurityAdminControler [https-jsse-nio-8092-exec-2] User id: 2 CREACA
2019-06-29 07:03:16,741 INFO com.ftn.controller.SecurityAdminControler [https-jsse-nio-8092-exec-2] SECURITY_EVENT User id: 2  CREACASUCCESS
2019-06-29 07:03:16,742 INFO com.ftn.controller.SecurityAdminControler [https-jsse-nio-8092-exec-2] NEPOR_EVENT User id:2  CREACASUCCESS
2019-06-29 07:03:17,044 INFO com.ftn.controller.SecurityAdminControler [https-jsse-nio-8092-exec-2] CRECASUCESS
2019-06-29 07:03:17,068 INFO com.ftn.controller.SecurityAdminControler [https-jsse-nio-8092-exec-4] GETACA
2019-06-29 07:03:17,068 INFO com.ftn.controller.SecurityAdminControler [https-jsse-nio-8092-exec-7] GETCA
2019-06-29 07:03:17,072 INFO com.ftn.controller.UserControler [https-jsse-nio-8092-exec-10] User id:2 LOGEDUSER
2019-06-29 07:03:17,080 INFO com.ftn.controller.SecurityAdminControler [https-jsse-nio-8092-exec-7] NEPOR_EVENT CASUCCESS 
2019-06-29 07:03:40,560 INFO com.ftn.controller.SecurityAdminControler [https-jsse-nio-8092-exec-6] GETACA
2019-06-29 07:03:40,560 INFO com.ftn.controller.SecurityAdminControler [https-jsse-nio-8092-exec-3] GETCA
2019-06-29 07:03:40,564 INFO com.ftn.controller.UserControler [https-jsse-nio-8092-exec-1] User id:2 LOGEDUSER
2019-06-29 07:03:40,573 INFO com.ftn.controller.SecurityAdminControler [https-jsse-nio-8092-exec-3] NEPOR_EVENT CASUCCESS 
2019-06-29 07:03:47,990 INFO com.ftn.controller.UserControler [https-jsse-nio-8092-exec-8] SECURITY_EVENT User id:4 LOGSUCCESS 
2019-06-29 07:03:47,990 INFO com.ftn.controller.UserControler [https-jsse-nio-8092-exec-8] NEPOR_EVENT User id:4 LOGSUCCESS
2019-06-29 07:03:48,982 INFO com.ftn.controller.SecurityAdminControler [https-jsse-nio-8092-exec-9] GETSS
2019-06-29 07:03:51,116 INFO com.ftn.controller.SecurityAdminControler [https-jsse-nio-8092-exec-4] CKSUCCESS
2019-06-29 07:03:51,117 INFO com.ftn.controller.SecurityAdminControler [https-jsse-nio-8092-exec-4] NEPOR_EVENT , CKSUCCESS between 4 and 3
2019-06-29 07:04:38,094 INFO com.ftn.controller.UserControler [https-jsse-nio-8092-exec-3] SECURITY_EVENT User id:1 LOGSUCCESS 
2019-06-29 07:04:38,094 INFO com.ftn.controller.UserControler [https-jsse-nio-8092-exec-3] NEPOR_EVENT User id:1 LOGSUCCESS
2019-06-29 07:04:40,277 INFO com.ftn.controller.SecurityAdminControler [https-jsse-nio-8092-exec-9] GETCA
2019-06-29 07:04:40,279 INFO com.ftn.controller.SecurityAdminControler [https-jsse-nio-8092-exec-4] GETACA
2019-06-29 07:04:40,280 INFO com.ftn.controller.UserControler [https-jsse-nio-8092-exec-10] User id:1 LOGEDUSER
2019-06-29 07:04:40,286 INFO com.ftn.controller.SecurityAdminControler [https-jsse-nio-8092-exec-9] NEPOR_EVENT CASUCCESS 
2019-06-29 07:04:45,431 INFO com.ftn.controller.SecurityAdminControler [https-jsse-nio-8092-exec-1] User id: "eyJhbGciOiJIUzUxMiJ9.eyJzdWIiOiIxIiwiZXhwIjoxNTYxODAyNjc4LCJhdXRob3JpdGllcyI6WyJERUxFVEUiLCJDUkVBVEVfQ0VSVCIsIlJFQURfU1VCX1NPRlQiLCJSRUFEX0NFUlQiLCJSRUFEX0FMTENFUlQiLCJSRVZPS0VfQ0VSVCJdLCJ1c2VybmFtZSI6Ik1UUm9vdEBnbWFpbC5jb20ifQ.U7HY2YgSOZJUKL2AnnJivNM3I3h-WjpK3t8xUtKAIwI1aVcmQ93_733mx_lcvDhIHmQUKXFMVVnSww_Loee_CA"  REVCA
2019-06-29 07:04:48,436 INFO com.ftn.controller.SecurityAdminControler [https-jsse-nio-8092-exec-3] GETCA
2019-06-29 07:04:48,436 INFO com.ftn.controller.SecurityAdminControler [https-jsse-nio-8092-exec-2] GETACA
2019-06-29 07:04:48,445 INFO com.ftn.controller.UserControler [https-jsse-nio-8092-exec-6] User id:1 LOGEDUSER
2019-06-29 07:04:48,453 INFO com.ftn.controller.SecurityAdminControler [https-jsse-nio-8092-exec-3] NEPOR_EVENT CASUCCESS 
2019-06-29 07:05:02,278 INFO com.ftn.controller.UserControler [https-jsse-nio-8092-exec-5] SECURITY_EVENT User id:2 LOGSUCCESS 
2019-06-29 07:05:02,278 INFO com.ftn.controller.UserControler [https-jsse-nio-8092-exec-5] NEPOR_EVENT User id:2 LOGSUCCESS
2019-06-29 07:05:03,243 INFO com.ftn.controller.SecurityAdminControler [https-jsse-nio-8092-exec-7] GETACA
2019-06-29 07:05:03,244 INFO com.ftn.controller.SecurityAdminControler [https-jsse-nio-8092-exec-1] GETCA
2019-06-29 07:05:03,247 INFO com.ftn.controller.UserControler [https-jsse-nio-8092-exec-6] User id:2 LOGEDUSER
2019-06-29 07:05:03,255 INFO com.ftn.controller.SecurityAdminControler [https-jsse-nio-8092-exec-1] NEPOR_EVENT CASUCCESS 
2019-06-29 07:05:06,807 INFO com.ftn.controller.SecurityAdminControler [https-jsse-nio-8092-exec-3] GETSS
2019-06-29 07:05:08,868 INFO com.ftn.controller.SecurityAdminControler [https-jsse-nio-8092-exec-5] NEPOR_EVENT , COMMUNFAIL , CA not found between 2 
2019-06-29 07:05:11,918 INFO com.ftn.controller.SecurityAdminControler [https-jsse-nio-8092-exec-9] NEPOR_EVENT , COMMUNFAIL , CA not found between 2 
2019-06-29 07:05:18,959 INFO com.ftn.controller.UserControler [https-jsse-nio-8092-exec-6] SECURITY_EVENT User id:4 LOGSUCCESS 
2019-06-29 07:05:18,959 INFO com.ftn.controller.UserControler [https-jsse-nio-8092-exec-6] NEPOR_EVENT User id:4 LOGSUCCESS
2019-06-29 07:05:21,721 INFO com.ftn.controller.SecurityAdminControler [https-jsse-nio-8092-exec-1] GETSS
2019-06-29 07:05:23,368 INFO com.ftn.controller.SecurityAdminControler [https-jsse-nio-8092-exec-3] NEPOR_EVENT , COMMUNFAIL , CA not found between 4 
2019-06-29 07:05:25,903 INFO com.ftn.controller.SecurityAdminControler [https-jsse-nio-8092-exec-5] NEPOR_EVENT , COMMUNFAIL , CA not found between 4 
2019-06-29 07:06:17,315 INFO com.ftn.controller.UserControler [https-jsse-nio-8092-exec-6] SECURITY_EVENT User id:4 LOGSUCCESS 
2019-06-29 07:06:17,316 INFO com.ftn.controller.UserControler [https-jsse-nio-8092-exec-6] NEPOR_EVENT User id:4 LOGSUCCESS
2019-06-29 07:06:18,342 INFO com.ftn.controller.SecurityAdminControler [https-jsse-nio-8092-exec-7] SSSUCCCESS
2019-06-29 07:06:25,244 INFO com.ftn.controller.SecurityAdminControler [https-jsse-nio-8092-exec-2] User id: 4 CREACA
2019-06-29 07:06:25,999 INFO com.ftn.controller.SecurityAdminControler [https-jsse-nio-8092-exec-2] SECURITY_EVENT User id: 4  CREACASUCCESS
2019-06-29 07:06:25,999 INFO com.ftn.controller.SecurityAdminControler [https-jsse-nio-8092-exec-2] NEPOR_EVENT User id:4  CREACASUCCESS
2019-06-29 07:06:26,299 INFO com.ftn.controller.SecurityAdminControler [https-jsse-nio-8092-exec-2] CRECASUCESS
2019-06-29 07:06:26,337 INFO com.ftn.controller.SecurityAdminControler [https-jsse-nio-8092-exec-1] GETACA
2019-06-29 07:06:26,340 INFO com.ftn.controller.UserControler [https-jsse-nio-8092-exec-6] User id:4 LOGEDUSER
2019-06-29 07:06:26,341 INFO com.ftn.controller.SecurityAdminControler [https-jsse-nio-8092-exec-3] GETCA
2019-06-29 07:06:26,353 INFO com.ftn.controller.SecurityAdminControler [https-jsse-nio-8092-exec-3] NEPOR_EVENT CASUCCESS 
2019-06-29 07:06:28,383 INFO com.ftn.controller.SecurityAdminControler [https-jsse-nio-8092-exec-9] GETSS
2019-06-29 07:06:30,402 INFO com.ftn.controller.SecurityAdminControler [https-jsse-nio-8092-exec-10] CKSUCCESS
2019-06-29 07:06:30,403 INFO com.ftn.controller.SecurityAdminControler [https-jsse-nio-8092-exec-10] NEPOR_EVENT , CKSUCCESS between 4 and 2
2019-06-29 07:06:34,066 INFO com.ftn.controller.SecurityAdminControler [https-jsse-nio-8092-exec-8] NEPOR_EVENT , COMMUNFAIL , CA not found between 4 
2019-06-29 07:07:16,929 INFO com.ftn.controller.UserControler [https-jsse-nio-8092-exec-6] SECURITY_EVENT User id:1 LOGSUCCESS 
2019-06-29 07:07:16,929 INFO com.ftn.controller.UserControler [https-jsse-nio-8092-exec-6] NEPOR_EVENT User id:1 LOGSUCCESS
2019-06-29 07:07:22,469 INFO com.ftn.controller.SecurityAdminControler [https-jsse-nio-8092-exec-5] GETCA
2019-06-29 07:07:22,470 INFO com.ftn.controller.SecurityAdminControler [https-jsse-nio-8092-exec-10] GETACA
2019-06-29 07:07:22,473 INFO com.ftn.controller.UserControler [https-jsse-nio-8092-exec-9] User id:1 LOGEDUSER
2019-06-29 07:07:22,481 INFO com.ftn.controller.SecurityAdminControler [https-jsse-nio-8092-exec-5] NEPOR_EVENT CASUCCESS 
2019-06-29 07:07:29,152 INFO com.ftn.controller.SecurityAdminControler [https-jsse-nio-8092-exec-8] User id: "eyJhbGciOiJIUzUxMiJ9.eyJzdWIiOiIxIiwiZXhwIjoxNTYxODAyODM2LCJhdXRob3JpdGllcyI6WyJERUxFVEUiLCJDUkVBVEVfQ0VSVCIsIlJFQURfU1VCX1NPRlQiLCJSRUFEX0NFUlQiLCJSRUFEX0FMTENFUlQiLCJSRVZPS0VfQ0VSVCJdLCJ1c2VybmFtZSI6Ik1UUm9vdEBnbWFpbC5jb20ifQ.c-S1EgaFDwpA0CAFjEJac5UwTnDmXcRysN8eN4HFFgWQjKpNxkKIFta7iACFE7t5cJYPmCQ9TUIJFkJJQbYzVw"  REVCA
2019-06-29 07:07:36,075 INFO com.ftn.controller.UserControler [https-jsse-nio-8092-exec-6] SECURITY_EVENT User id:1 LOGSUCCESS 
2019-06-29 07:07:36,075 INFO com.ftn.controller.UserControler [https-jsse-nio-8092-exec-6] NEPOR_EVENT User id:1 LOGSUCCESS
2019-06-29 07:07:37,380 INFO com.ftn.controller.SecurityAdminControler [https-jsse-nio-8092-exec-1] SSSUCCCESS
2019-06-29 07:07:42,754 INFO com.ftn.controller.SecurityAdminControler [https-jsse-nio-8092-exec-3] SSSUCCCESS
2019-06-29 07:07:49,596 INFO com.ftn.controller.SecurityAdminControler [https-jsse-nio-8092-exec-9] User id: 1 CREACA
2019-06-29 07:07:51,097 INFO com.ftn.controller.SecurityAdminControler [https-jsse-nio-8092-exec-9] SECURITY_EVENT User id:1 CREACASUCCESS 
2019-06-29 07:07:51,097 INFO com.ftn.controller.SecurityAdminControler [https-jsse-nio-8092-exec-9] NEPOR_EVENT User id:1  CREASUCCESS
2019-06-29 07:07:51,411 INFO com.ftn.controller.SecurityAdminControler [https-jsse-nio-8092-exec-9] CRECASUCCESS
2019-06-29 07:07:51,441 INFO com.ftn.controller.SecurityAdminControler [https-jsse-nio-8092-exec-7] GETCA
2019-06-29 07:07:51,441 INFO com.ftn.controller.SecurityAdminControler [https-jsse-nio-8092-exec-6] GETACA
2019-06-29 07:07:51,445 INFO com.ftn.controller.UserControler [https-jsse-nio-8092-exec-8] User id:1 LOGEDUSER
2019-06-29 07:07:51,452 INFO com.ftn.controller.SecurityAdminControler [https-jsse-nio-8092-exec-7] NEPOR_EVENT CASUCCESS 
2019-06-29 07:08:02,092 INFO com.ftn.controller.UserControler [https-jsse-nio-8092-exec-3] SECURITY_EVENT User id:2 LOGSUCCESS 
2019-06-29 07:08:02,092 INFO com.ftn.controller.UserControler [https-jsse-nio-8092-exec-3] NEPOR_EVENT User id:2 LOGSUCCESS
2019-06-29 07:08:03,508 INFO com.ftn.controller.SecurityAdminControler [https-jsse-nio-8092-exec-4] SSSUCCCESS
2019-06-29 07:08:10,995 INFO com.ftn.controller.SecurityAdminControler [https-jsse-nio-8092-exec-10] User id: 2 CREACA
2019-06-29 07:08:12,120 INFO com.ftn.controller.SecurityAdminControler [https-jsse-nio-8092-exec-10] SECURITY_EVENT User id: 2  CREACASUCCESS
2019-06-29 07:08:12,120 INFO com.ftn.controller.SecurityAdminControler [https-jsse-nio-8092-exec-10] NEPOR_EVENT User id:2  CREACASUCCESS
2019-06-29 07:08:12,435 INFO com.ftn.controller.SecurityAdminControler [https-jsse-nio-8092-exec-10] CRECASUCESS
2019-06-29 07:08:12,456 INFO com.ftn.controller.SecurityAdminControler [https-jsse-nio-8092-exec-7] GETACA
2019-06-29 07:08:12,456 INFO com.ftn.controller.SecurityAdminControler [https-jsse-nio-8092-exec-6] GETCA
2019-06-29 07:08:12,460 INFO com.ftn.controller.UserControler [https-jsse-nio-8092-exec-1] User id:2 LOGEDUSER
2019-06-29 07:08:12,466 INFO com.ftn.controller.SecurityAdminControler [https-jsse-nio-8092-exec-6] NEPOR_EVENT CASUCCESS 
2019-06-29 07:08:16,991 INFO com.ftn.controller.SecurityAdminControler [https-jsse-nio-8092-exec-4] GETSS
2019-06-29 07:09:20,633 INFO com.ftn.controller.SecurityAdminControler [https-jsse-nio-8092-exec-5] NEPOR_EVENT , COMMUNFAIL , CA not found between 2 
