2019-06-25 19:30:01,055 INFO com.ftn.controller.UserControler [https-jsse-nio-8092-exec-7] SECURITY_EVENT user id:1 LOG_SUC ,ip 0:0:0:0:0:0:0:1
2019-06-25 19:33:47,502 INFO com.ftn.controller.SecurityAdminControler [https-jsse-nio-8092-exec-6] SECURITY_EVENT 2 CRE_CA id: 1 
2019-06-25 19:39:36,919 INFO com.ftn.controller.UserControler [https-jsse-nio-8092-exec-4] SECURITY_EVENT user id:2 LOG_SUC ,ip 0:0:0:0:0:0:0:1
2019-06-25 19:40:43,048 INFO com.ftn.controller.SecurityAdminControler [https-jsse-nio-8092-exec-10] SECURITY_EVENT 4 CRE_CA id: 2 
2019-06-25 19:45:12,333 INFO com.ftn.controller.UserControler [https-jsse-nio-8092-exec-7] SECURITY_EVENT user id:1 LOG_SUC ,ip 0:0:0:0:0:0:0:1
2019-06-25 20:10:40,636 INFO com.ftn.controller.UserControler [https-jsse-nio-8092-exec-2] SECURITY_EVENT user id:1 LOG_SUC ,ip 0:0:0:0:0:0:0:1
2019-06-25 20:11:10,092 WARN com.ftn.controller.UserControler [https-jsse-nio-8092-exec-1] SECURITY_EVENT user id:4 LOG_FAIL 
2019-06-25 20:11:25,909 WARN com.ftn.controller.UserControler [https-jsse-nio-8092-exec-4] SECURITY_EVENT user id:4 LOG_FAIL 
2019-06-25 20:11:36,356 INFO com.ftn.controller.UserControler [https-jsse-nio-8092-exec-8] SECURITY_EVENT user id:4 LOG_SUC ,ip 0:0:0:0:0:0:0:1
2019-06-25 20:12:08,317 INFO com.ftn.controller.UserControler [https-jsse-nio-8092-exec-5] SECURITY_EVENT user id:1 LOG_SUC ,ip 0:0:0:0:0:0:0:1
2019-06-25 20:12:22,708 INFO com.ftn.controller.SecurityAdminControler [https-jsse-nio-8092-exec-1] SECURITY_EVENT 2 CRE_CA id: 1 
2019-06-25 20:12:43,039 INFO com.ftn.controller.UserControler [https-jsse-nio-8092-exec-5] SECURITY_EVENT user id:2 LOG_SUC ,ip 0:0:0:0:0:0:0:1
2019-06-25 20:12:56,683 INFO com.ftn.controller.SecurityAdminControler [https-jsse-nio-8092-exec-2] SECURITY_EVENT 4 CRE_CA id: 2 
2019-06-25 20:14:47,832 INFO com.ftn.controller.UserControler [https-jsse-nio-8092-exec-3] SECURITY_EVENT user id:1 LOG_SUC ,ip 0:0:0:0:0:0:0:1
2019-06-25 20:15:24,280 INFO com.ftn.controller.UserControler [https-jsse-nio-8092-exec-3] SECURITY_EVENT user id:3 LOG_SUC ,ip 0:0:0:0:0:0:0:1
2019-06-25 20:18:39,016 INFO com.ftn.controller.UserControler [https-jsse-nio-8092-exec-4] SECURITY_EVENT user id:3 LOG_SUC ,ip 0:0:0:0:0:0:0:1
2019-06-25 20:30:34,998 INFO com.ftn.controller.UserControler [https-jsse-nio-8092-exec-6] SECURITY_EVENT user id:2 LOG_SUC ,ip 0:0:0:0:0:0:0:1
2019-06-25 20:30:53,474 WARN com.ftn.security.RestAuthenticationEntryPoint [https-jsse-nio-8092-exec-8] SECURITY_EVENT Unauthorised access attempt to https://localhost:8092/api/security/revokeCertificate/4/Izgubljen%20PKI from  adress0:0:0:0:0:0:0:1
2019-06-25 20:32:39,674 WARN com.ftn.security.RestAuthenticationEntryPoint [https-jsse-nio-8092-exec-8] SECURITY_EVENT Unauthorised access attempt to https://localhost:8092/api/security/revokeCertificate/4/Ukraden%20PKI from  adress0:0:0:0:0:0:0:1
2019-06-25 20:33:12,451 WARN com.ftn.security.RestAuthenticationEntryPoint [https-jsse-nio-8092-exec-8] SECURITY_EVENT Unauthorised access attempt to https://localhost:8092/favicon.ico from  adress0:0:0:0:0:0:0:1
2019-06-25 20:33:26,391 WARN com.ftn.security.RestAuthenticationEntryPoint [https-jsse-nio-8092-exec-4] SECURITY_EVENT Unauthorised access attempt to https://localhost:8092/api/security/revokeCertificate/4/Ukraden%20PKI from  adress0:0:0:0:0:0:0:1
2019-06-25 20:34:51,532 WARN com.ftn.security.RestAuthenticationEntryPoint [https-jsse-nio-8092-exec-7] SECURITY_EVENT Unauthorised access attempt to https://localhost:8092/api/security/revokeCertificate/4/Ukraden%20PKI from  adress0:0:0:0:0:0:0:1
2019-06-25 20:36:17,414 WARN com.ftn.security.RestAuthenticationEntryPoint [https-jsse-nio-8092-exec-3] SECURITY_EVENT Unauthorised access attempt to https://localhost:8092/api/security/revokeCertificate/4/Privremeno%20povlacenje%20PKI from  adress0:0:0:0:0:0:0:1
2019-06-25 20:38:47,491 WARN com.ftn.security.RestAuthenticationEntryPoint [https-jsse-nio-8092-exec-9] SECURITY_EVENT Unauthorised access attempt to https://localhost:8092/api/security/revokeCertificate/4/Ukraden%20PKI from  adress0:0:0:0:0:0:0:1
2019-06-25 20:44:08,293 INFO com.ftn.controller.UserControler [https-jsse-nio-8092-exec-4] SECURITY_EVENT user id:1 LOG_SUC ,ip 0:0:0:0:0:0:0:1
2019-06-25 20:44:22,450 INFO com.ftn.controller.SecurityAdminControler [https-jsse-nio-8092-exec-8] SECURITY_EVENT 2 CRE_CA id: 1 
2019-06-25 20:44:34,480 WARN com.ftn.security.RestAuthenticationEntryPoint [https-jsse-nio-8092-exec-4] SECURITY_EVENT Unauthorised access attempt to https://localhost:8092/api/security/revokeCertificate/2/Ukraden%20PKI/%22eyJhbGciOiJIUzUxMiJ9.eyJzdWIiOiIxIiwiZXhwIjoxNTYxNTA2MjQ4LCJhdXRob3JpdGllcyI6WyJERUxFVEUiLCJSRUFEX1NVQl9TT0ZUIiwiQ1JFQVRFX0NFUlQiLCJSRUFEX0NFUlQiLCJSRUFEX0FMTENFUlQiLCJSRVZPS0VfQ0VSVCJdLCJ1c2VybmFtZSI6Ik1UUm9vdEBnbWFpbC5jb20ifQ.5hmfwWN69ZZqgt8ffnRKSZgRT7qNi4MiuEQMEPMb_LA0c3gL86HVuqhDX4csEN6kpVZKbFjiIk6Ikg5j6WG7oQ%22 from  adress0:0:0:0:0:0:0:1
2019-06-25 20:48:20,023 INFO com.ftn.controller.UserControler [https-jsse-nio-8092-exec-6] SECURITY_EVENT user id:1 LOG_SUC ,ip 0:0:0:0:0:0:0:1
2019-06-25 20:48:30,387 INFO com.ftn.controller.SecurityAdminControler [https-jsse-nio-8092-exec-9] SECURITY_EVENT 2 CRE_CA id: 1 
2019-06-25 20:49:44,374 INFO com.ftn.controller.UserControler [https-jsse-nio-8092-exec-6] SECURITY_EVENT user id:2 LOG_SUC ,ip 0:0:0:0:0:0:0:1
2019-06-25 20:50:29,128 INFO com.ftn.controller.UserControler [https-jsse-nio-8092-exec-10] SECURITY_EVENT user id:1 LOG_SUC ,ip 0:0:0:0:0:0:0:1
2019-06-25 20:50:43,045 INFO com.ftn.controller.SecurityAdminControler [https-jsse-nio-8092-exec-9] SECURITY_EVENT 2 CRE_CA id: 1 
2019-06-25 20:50:59,335 INFO com.ftn.controller.SecurityAdminControler [https-jsse-nio-8092-exec-7] SECURITY_EVENT 4 CRE_CA id: 1 
2019-06-25 20:51:25,039 INFO com.ftn.controller.UserControler [https-jsse-nio-8092-exec-3] SECURITY_EVENT user id:2 LOG_SUC ,ip 0:0:0:0:0:0:0:1
2019-06-25 20:51:41,151 INFO com.ftn.controller.SecurityAdminControler [https-jsse-nio-8092-exec-2] SECURITY_EVENT 4 CRE_CA id: 2 
2019-06-25 20:56:06,888 INFO com.ftn.controller.UserControler [https-jsse-nio-8092-exec-7] SECURITY_EVENT user id:1 LOG_SUC ,ip 0:0:0:0:0:0:0:1
2019-06-25 20:56:23,245 INFO com.ftn.controller.SecurityAdminControler [https-jsse-nio-8092-exec-1] SECURITY_EVENT 2 CRE_CA id: 1 
2019-06-25 20:57:18,576 INFO com.ftn.controller.SecurityAdminControler [https-jsse-nio-8092-exec-7] SECURITY_EVENT 2 CRE_CA id: 1 
2019-06-25 21:05:00,379 INFO com.ftn.controller.UserControler [https-jsse-nio-8092-exec-6] SECURITY_EVENT user id:1 LOG_SUC ,ip 0:0:0:0:0:0:0:1
2019-06-25 21:05:12,158 INFO com.ftn.controller.SecurityAdminControler [https-jsse-nio-8092-exec-9] SECURITY_EVENT 1 CRE_CA id: 1 
2019-06-25 21:05:32,821 INFO com.ftn.controller.SecurityAdminControler [https-jsse-nio-8092-exec-4] SECURITY_EVENT 1 CRE_CA id: 1 
2019-06-25 21:07:30,208 INFO com.ftn.controller.UserControler [https-jsse-nio-8092-exec-6] SECURITY_EVENT user id:1 LOG_SUC ,ip 0:0:0:0:0:0:0:1
2019-06-25 21:07:39,485 INFO com.ftn.controller.SecurityAdminControler [https-jsse-nio-8092-exec-10] SECURITY_EVENT 721 CRE_CA id: 1 
