2019-06-11 00:00:28,843 INFO org.springframework.boot.StartupInfoLogger [main] Starting SecurityBack on DESKTOP-F3G1DCA with PID 3572 (started by Borx in F:\FTN\IV godina\Drugi Semestar\PROJEKTI\XML-Bezbednost PROJECT\securityBack)
2019-06-11 00:00:28,849 DEBUG org.springframework.boot.StartupInfoLogger [main] Running with Spring Boot v2.1.0.RELEASE, Spring v5.1.2.RELEASE
2019-06-11 00:00:28,849 INFO org.springframework.boot.SpringApplication [main] No active profile set, falling back to default profiles: default
2019-06-11 00:00:30,552 DEBUG org.springframework.boot.web.servlet.server.DocumentRoot [main] Code archive: C:\Users\Borx\.m2\repository\org\springframework\boot\spring-boot\2.1.0.RELEASE\spring-boot-2.1.0.RELEASE.jar
2019-06-11 00:00:30,554 DEBUG org.springframework.boot.web.servlet.server.DocumentRoot [main] Code archive: C:\Users\Borx\.m2\repository\org\springframework\boot\spring-boot\2.1.0.RELEASE\spring-boot-2.1.0.RELEASE.jar
2019-06-11 00:00:30,554 DEBUG org.springframework.boot.web.servlet.server.DocumentRoot [main] None of the document roots [src/main/webapp, public, static] point to a directory and will be ignored.
2019-06-11 00:00:39,791 INFO org.springframework.boot.StartupInfoLogger [main] Started SecurityBack in 11.266 seconds (JVM running for 12.136)
2019-06-11 00:01:21,587 DEBUG com.ftn.controller.UserControler [https-jsse-nio-8092-exec-7] LOG
2019-06-11 00:01:21,957 INFO com.ftn.controller.UserControler [https-jsse-nio-8092-exec-7] SECURITY_EVENT user id:8 LOG_SUC ,ip 0:0:0:0:0:0:0:1
2019-06-11 00:01:21,959 INFO com.ftn.controller.UserControler [https-jsse-nio-8092-exec-7] NEPOR_EVENT user id:8 LOG_SUC, ip 0:0:0:0:0:0:0:1
2019-06-11 00:01:22,924 DEBUG com.ftn.controller.SecurityAdminControler [https-jsse-nio-8092-exec-9] SS
2019-06-11 00:01:22,934 INFO com.ftn.controller.SecurityAdminControler [https-jsse-nio-8092-exec-9] SS_SUC
2019-06-11 00:01:29,282 DEBUG com.ftn.controller.SecurityAdminControler [https-jsse-nio-8092-exec-1] CRE_CA
2019-06-11 00:01:30,590 INFO com.ftn.controller.SecurityAdminControler [https-jsse-nio-8092-exec-1] SECURITY_EVENT 5 CRE_CA id: 4 
2019-06-11 00:01:30,592 INFO com.ftn.controller.SecurityAdminControler [https-jsse-nio-8092-exec-1] NEPOR_EVENT5 CRE_CA id:4 
2019-06-11 00:01:30,941 INFO com.ftn.controller.SecurityAdminControler [https-jsse-nio-8092-exec-1] CRE_CA_SUC
2019-06-11 00:01:31,055 INFO com.ftn.controller.SecurityAdminControler [https-jsse-nio-8092-exec-1] GET_CA
2019-06-11 00:01:31,063 INFO com.ftn.controller.SecurityAdminControler [https-jsse-nio-8092-exec-3] GET_ACA
2019-06-11 00:01:31,076 INFO com.ftn.controller.SecurityAdminControler [https-jsse-nio-8092-exec-1] NEPOR_EVENT user MTRoot@gmail.com CA 
2019-06-11 00:01:37,010 DEBUG com.ftn.controller.UserControler [https-jsse-nio-8092-exec-4] LOG
2019-06-11 00:01:37,225 INFO com.ftn.controller.UserControler [https-jsse-nio-8092-exec-4] SECURITY_EVENT user id:8 LOG_SUC ,ip 0:0:0:0:0:0:0:1
2019-06-11 00:01:37,225 INFO com.ftn.controller.UserControler [https-jsse-nio-8092-exec-4] NEPOR_EVENT user id:8 LOG_SUC, ip 0:0:0:0:0:0:0:1
2019-06-11 00:01:38,150 DEBUG com.ftn.controller.SecurityAdminControler [https-jsse-nio-8092-exec-5] SS
2019-06-11 00:01:38,156 INFO com.ftn.controller.SecurityAdminControler [https-jsse-nio-8092-exec-5] SS_SUC
2019-06-11 00:01:46,358 DEBUG com.ftn.controller.SecurityAdminControler [https-jsse-nio-8092-exec-6] CRE_CA
2019-06-11 00:01:47,385 INFO com.ftn.controller.SecurityAdminControler [https-jsse-nio-8092-exec-6] SECURITY_EVENT 7 CRE_CA id: 4 
2019-06-11 00:01:47,386 INFO com.ftn.controller.SecurityAdminControler [https-jsse-nio-8092-exec-6] NEPOR_EVENT7 CRE_CA id:4 
2019-06-11 00:01:47,723 INFO com.ftn.controller.SecurityAdminControler [https-jsse-nio-8092-exec-6] CRE_CA_SUC
2019-06-11 00:01:47,835 INFO com.ftn.controller.SecurityAdminControler [https-jsse-nio-8092-exec-10] GET_CA
2019-06-11 00:01:47,836 INFO com.ftn.controller.SecurityAdminControler [https-jsse-nio-8092-exec-7] GET_ACA
2019-06-11 00:01:47,846 INFO com.ftn.controller.SecurityAdminControler [https-jsse-nio-8092-exec-10] NEPOR_EVENT user MTRoot@gmail.com CA 
2019-06-11 00:01:54,549 DEBUG com.ftn.controller.UserControler [https-jsse-nio-8092-exec-3] LOG
2019-06-11 00:01:54,768 INFO com.ftn.controller.UserControler [https-jsse-nio-8092-exec-3] SECURITY_EVENT user id:11 LOG_SUC ,ip 0:0:0:0:0:0:0:1
2019-06-11 00:01:54,768 INFO com.ftn.controller.UserControler [https-jsse-nio-8092-exec-3] NEPOR_EVENT user id:11 LOG_SUC, ip 0:0:0:0:0:0:0:1
2019-06-11 00:01:55,729 DEBUG com.ftn.controller.SecurityAdminControler [https-jsse-nio-8092-exec-1] SS
2019-06-11 00:01:55,735 INFO com.ftn.controller.SecurityAdminControler [https-jsse-nio-8092-exec-1] SS_SUC
2019-06-11 00:02:01,291 INFO com.ftn.controller.SecurityAdminControler [https-jsse-nio-8092-exec-5] GET_SS
2019-06-11 00:02:04,214 DEBUG com.ftn.controller.SecurityAdminControler [https-jsse-nio-8092-exec-6] CK_COMM
2019-06-11 00:02:04,227 INFO com.ftn.controller.SecurityAdminControler [https-jsse-nio-8092-exec-6] CK_SUC
2019-06-11 00:02:04,227 INFO com.ftn.controller.SecurityAdminControler [https-jsse-nio-8092-exec-6] NEPOR_EVENT , COMM_SUC between 7 and 5
2019-06-11 00:23:52,536 INFO org.springframework.boot.StartupInfoLogger [main] Starting SecurityBack on DESKTOP-F3G1DCA with PID 1776 (started by Borx in F:\FTN\IV godina\Drugi Semestar\PROJEKTI\XML-Bezbednost PROJECT\securityBack)
2019-06-11 00:23:52,536 DEBUG org.springframework.boot.StartupInfoLogger [main] Running with Spring Boot v2.1.0.RELEASE, Spring v5.1.2.RELEASE
2019-06-11 00:23:52,536 INFO org.springframework.boot.SpringApplication [main] No active profile set, falling back to default profiles: default
2019-06-11 00:23:53,751 DEBUG org.springframework.boot.web.servlet.server.DocumentRoot [main] Code archive: C:\Users\Borx\.m2\repository\org\springframework\boot\spring-boot\2.1.0.RELEASE\spring-boot-2.1.0.RELEASE.jar
2019-06-11 00:23:53,751 DEBUG org.springframework.boot.web.servlet.server.DocumentRoot [main] Code archive: C:\Users\Borx\.m2\repository\org\springframework\boot\spring-boot\2.1.0.RELEASE\spring-boot-2.1.0.RELEASE.jar
2019-06-11 00:23:53,751 DEBUG org.springframework.boot.web.servlet.server.DocumentRoot [main] None of the document roots [src/main/webapp, public, static] point to a directory and will be ignored.
2019-06-11 00:24:04,216 INFO org.springframework.boot.StartupInfoLogger [main] Started SecurityBack in 12.026 seconds (JVM running for 12.884)
2019-06-11 00:24:42,705 INFO com.ftn.controller.SecurityAdminControler [https-jsse-nio-8092-exec-7] GET_SS
2019-06-11 00:24:58,340 INFO com.ftn.controller.SecurityAdminControler [https-jsse-nio-8092-exec-8] GET_SS
2019-06-11 00:25:38,592 INFO com.ftn.controller.SecurityAdminControler [https-jsse-nio-8092-exec-9] GET_SS
2019-06-11 00:25:59,543 INFO com.ftn.controller.SecurityAdminControler [https-jsse-nio-8092-exec-10] GET_SS
2019-06-11 00:26:54,932 DEBUG com.ftn.controller.UserControler [https-jsse-nio-8092-exec-1] LOG
2019-06-11 00:26:55,277 INFO com.ftn.controller.UserControler [https-jsse-nio-8092-exec-1] SECURITY_EVENT user id:8 LOG_SUC ,ip 0:0:0:0:0:0:0:1
2019-06-11 00:26:55,287 INFO com.ftn.controller.UserControler [https-jsse-nio-8092-exec-1] NEPOR_EVENT user id:8 LOG_SUC, ip 0:0:0:0:0:0:0:1
2019-06-11 00:26:56,477 DEBUG com.ftn.controller.SecurityAdminControler [https-jsse-nio-8092-exec-4] SS
2019-06-11 00:26:56,482 INFO com.ftn.controller.SecurityAdminControler [https-jsse-nio-8092-exec-4] SS_SUC
2019-06-11 00:27:04,552 DEBUG com.ftn.controller.SecurityAdminControler [https-jsse-nio-8092-exec-6] CRE_CA
2019-06-11 00:27:05,887 INFO com.ftn.controller.SecurityAdminControler [https-jsse-nio-8092-exec-6] SECURITY_EVENT 5 CRE_CA id: 4 
2019-06-11 00:27:05,897 INFO com.ftn.controller.SecurityAdminControler [https-jsse-nio-8092-exec-6] NEPOR_EVENT5 CRE_CA id:4 
2019-06-11 00:27:06,207 INFO com.ftn.controller.SecurityAdminControler [https-jsse-nio-8092-exec-6] CRE_CA_SUC
2019-06-11 00:27:06,314 INFO com.ftn.controller.SecurityAdminControler [https-jsse-nio-8092-exec-4] GET_CA
2019-06-11 00:27:06,340 INFO com.ftn.controller.SecurityAdminControler [https-jsse-nio-8092-exec-6] GET_ACA
2019-06-11 00:27:06,343 INFO com.ftn.controller.SecurityAdminControler [https-jsse-nio-8092-exec-4] NEPOR_EVENT user MTRoot@gmail.com CA 
2019-06-11 00:27:14,431 DEBUG com.ftn.controller.SecurityAdminControler [https-jsse-nio-8092-exec-8] SS
2019-06-11 00:27:14,437 INFO com.ftn.controller.SecurityAdminControler [https-jsse-nio-8092-exec-8] SS_SUC
2019-06-11 00:27:22,693 DEBUG com.ftn.controller.SecurityAdminControler [https-jsse-nio-8092-exec-9] CRE_CA
2019-06-11 00:27:23,303 INFO com.ftn.controller.SecurityAdminControler [https-jsse-nio-8092-exec-9] SECURITY_EVENT 7 CRE_CA id: 4 
2019-06-11 00:27:23,304 INFO com.ftn.controller.SecurityAdminControler [https-jsse-nio-8092-exec-9] NEPOR_EVENT7 CRE_CA id:4 
2019-06-11 00:27:23,651 INFO com.ftn.controller.SecurityAdminControler [https-jsse-nio-8092-exec-9] CRE_CA_SUC
2019-06-11 00:27:23,758 INFO com.ftn.controller.SecurityAdminControler [https-jsse-nio-8092-exec-10] GET_CA
2019-06-11 00:27:23,759 INFO com.ftn.controller.SecurityAdminControler [https-jsse-nio-8092-exec-7] GET_ACA
2019-06-11 00:27:23,771 INFO com.ftn.controller.SecurityAdminControler [https-jsse-nio-8092-exec-10] NEPOR_EVENT user MTRoot@gmail.com CA 
2019-06-11 00:27:32,180 DEBUG com.ftn.controller.UserControler [https-jsse-nio-8092-exec-2] LOG
2019-06-11 00:27:32,386 INFO com.ftn.controller.UserControler [https-jsse-nio-8092-exec-2] SECURITY_EVENT user id:11 LOG_SUC ,ip 0:0:0:0:0:0:0:1
2019-06-11 00:27:32,397 INFO com.ftn.controller.UserControler [https-jsse-nio-8092-exec-2] NEPOR_EVENT user id:11 LOG_SUC, ip 0:0:0:0:0:0:0:1
2019-06-11 00:27:38,530 INFO com.ftn.controller.SecurityAdminControler [https-jsse-nio-8092-exec-3] GET_SS
2019-06-11 00:27:41,275 DEBUG com.ftn.controller.SecurityAdminControler [https-jsse-nio-8092-exec-1] CK_COMM
2019-06-11 00:32:11,706 INFO org.springframework.boot.StartupInfoLogger [main] Starting SecurityBack on DESKTOP-F3G1DCA with PID 9320 (started by Borx in F:\FTN\IV godina\Drugi Semestar\PROJEKTI\XML-Bezbednost PROJECT\securityBack)
2019-06-11 00:32:11,710 DEBUG org.springframework.boot.StartupInfoLogger [main] Running with Spring Boot v2.1.0.RELEASE, Spring v5.1.2.RELEASE
2019-06-11 00:32:11,710 INFO org.springframework.boot.SpringApplication [main] No active profile set, falling back to default profiles: default
2019-06-11 00:32:12,961 DEBUG org.springframework.boot.web.servlet.server.DocumentRoot [main] Code archive: C:\Users\Borx\.m2\repository\org\springframework\boot\spring-boot\2.1.0.RELEASE\spring-boot-2.1.0.RELEASE.jar
2019-06-11 00:32:12,961 DEBUG org.springframework.boot.web.servlet.server.DocumentRoot [main] Code archive: C:\Users\Borx\.m2\repository\org\springframework\boot\spring-boot\2.1.0.RELEASE\spring-boot-2.1.0.RELEASE.jar
2019-06-11 00:32:12,961 DEBUG org.springframework.boot.web.servlet.server.DocumentRoot [main] None of the document roots [src/main/webapp, public, static] point to a directory and will be ignored.
2019-06-11 00:32:24,456 INFO org.springframework.boot.StartupInfoLogger [main] Started SecurityBack in 13.088 seconds (JVM running for 13.93)
2019-06-11 00:32:32,467 INFO com.ftn.controller.SecurityAdminControler [https-jsse-nio-8092-exec-6] GET_SS
2019-06-11 00:33:32,732 INFO com.ftn.controller.SecurityAdminControler [https-jsse-nio-8092-exec-7] GET_SS
2019-06-11 00:33:53,679 DEBUG com.ftn.controller.UserControler [https-jsse-nio-8092-exec-8] LOG
2019-06-11 00:33:54,016 INFO com.ftn.controller.UserControler [https-jsse-nio-8092-exec-8] SECURITY_EVENT user id:8 LOG_SUC ,ip 0:0:0:0:0:0:0:1
2019-06-11 00:33:54,016 INFO com.ftn.controller.UserControler [https-jsse-nio-8092-exec-8] NEPOR_EVENT user id:8 LOG_SUC, ip 0:0:0:0:0:0:0:1
2019-06-11 00:33:55,245 DEBUG com.ftn.controller.SecurityAdminControler [https-jsse-nio-8092-exec-9] SS
2019-06-11 00:33:55,252 INFO com.ftn.controller.SecurityAdminControler [https-jsse-nio-8092-exec-9] SS_SUC
2019-06-11 00:34:01,002 DEBUG com.ftn.controller.SecurityAdminControler [https-jsse-nio-8092-exec-1] CRE_CA
2019-06-11 00:34:02,646 INFO com.ftn.controller.SecurityAdminControler [https-jsse-nio-8092-exec-1] SECURITY_EVENT 5 CRE_CA id: 4 
2019-06-11 00:34:02,646 INFO com.ftn.controller.SecurityAdminControler [https-jsse-nio-8092-exec-1] NEPOR_EVENT5 CRE_CA id:4 
2019-06-11 00:34:02,953 INFO com.ftn.controller.SecurityAdminControler [https-jsse-nio-8092-exec-1] CRE_CA_SUC
2019-06-11 00:34:03,060 INFO com.ftn.controller.SecurityAdminControler [https-jsse-nio-8092-exec-10] GET_CA
2019-06-11 00:34:03,065 INFO com.ftn.controller.SecurityAdminControler [https-jsse-nio-8092-exec-1] GET_ACA
2019-06-11 00:34:03,081 INFO com.ftn.controller.SecurityAdminControler [https-jsse-nio-8092-exec-10] NEPOR_EVENT user MTRoot@gmail.com CA 
2019-06-11 00:34:10,606 DEBUG com.ftn.controller.SecurityAdminControler [https-jsse-nio-8092-exec-3] SS
2019-06-11 00:34:10,611 INFO com.ftn.controller.SecurityAdminControler [https-jsse-nio-8092-exec-3] SS_SUC
2019-06-11 00:34:16,827 DEBUG com.ftn.controller.SecurityAdminControler [https-jsse-nio-8092-exec-4] CRE_CA
2019-06-11 00:34:18,650 INFO com.ftn.controller.SecurityAdminControler [https-jsse-nio-8092-exec-4] SECURITY_EVENT 7 CRE_CA id: 4 
2019-06-11 00:34:18,651 INFO com.ftn.controller.SecurityAdminControler [https-jsse-nio-8092-exec-4] NEPOR_EVENT7 CRE_CA id:4 
2019-06-11 00:34:18,969 INFO com.ftn.controller.SecurityAdminControler [https-jsse-nio-8092-exec-4] CRE_CA_SUC
2019-06-11 00:34:19,084 INFO com.ftn.controller.SecurityAdminControler [https-jsse-nio-8092-exec-2] GET_CA
2019-06-11 00:34:19,084 INFO com.ftn.controller.SecurityAdminControler [https-jsse-nio-8092-exec-5] GET_ACA
2019-06-11 00:34:19,097 INFO com.ftn.controller.SecurityAdminControler [https-jsse-nio-8092-exec-2] NEPOR_EVENT user MTRoot@gmail.com CA 
2019-06-11 00:34:27,480 DEBUG com.ftn.controller.UserControler [https-jsse-nio-8092-exec-6] LOG
2019-06-11 00:34:27,707 INFO com.ftn.controller.UserControler [https-jsse-nio-8092-exec-6] SECURITY_EVENT user id:11 LOG_SUC ,ip 0:0:0:0:0:0:0:1
2019-06-11 00:34:27,707 INFO com.ftn.controller.UserControler [https-jsse-nio-8092-exec-6] NEPOR_EVENT user id:11 LOG_SUC, ip 0:0:0:0:0:0:0:1
2019-06-11 00:34:28,718 DEBUG com.ftn.controller.SecurityAdminControler [https-jsse-nio-8092-exec-8] SS
2019-06-11 00:34:28,724 INFO com.ftn.controller.SecurityAdminControler [https-jsse-nio-8092-exec-8] SS_SUC
2019-06-11 00:34:33,841 INFO com.ftn.controller.SecurityAdminControler [https-jsse-nio-8092-exec-9] GET_SS
2019-06-11 00:34:40,920 DEBUG com.ftn.controller.SecurityAdminControler [https-jsse-nio-8092-exec-10] CK_COMM
2019-06-11 00:34:40,940 INFO com.ftn.controller.SecurityAdminControler [https-jsse-nio-8092-exec-10] CK_SUC
2019-06-11 00:34:40,940 INFO com.ftn.controller.SecurityAdminControler [https-jsse-nio-8092-exec-10] NEPOR_EVENT , COMM_SUC between 7 and 5
2019-06-11 00:34:49,734 DEBUG com.ftn.controller.SecurityAdminControler [https-jsse-nio-8092-exec-1] CK_COMM
2019-06-11 00:34:53,778 DEBUG com.ftn.controller.SecurityAdminControler [https-jsse-nio-8092-exec-4] CK_COMM
2019-06-11 00:34:53,785 INFO com.ftn.controller.SecurityAdminControler [https-jsse-nio-8092-exec-4] NEPOR_EVENT , COMM_FAIL , CA not found between 7 
2019-06-11 00:34:57,472 DEBUG com.ftn.controller.SecurityAdminControler [https-jsse-nio-8092-exec-2] CK_COMM
2019-06-11 00:34:57,498 INFO com.ftn.controller.SecurityAdminControler [https-jsse-nio-8092-exec-2] CK_SUC
2019-06-11 00:34:57,498 INFO com.ftn.controller.SecurityAdminControler [https-jsse-nio-8092-exec-2] NEPOR_EVENT , COMM_SUC between 7 and 7
2019-06-11 00:36:33,815 DEBUG com.ftn.controller.SecurityAdminControler [https-jsse-nio-8092-exec-5] CK_COMM
2019-06-11 00:36:33,823 INFO com.ftn.controller.SecurityAdminControler [https-jsse-nio-8092-exec-5] NEPOR_EVENT , COMM_FAIL , CA not found between 7 
2019-06-11 00:43:38,136 INFO org.springframework.boot.StartupInfoLogger [main] Starting SecurityBack on DESKTOP-F3G1DCA with PID 12744 (started by Borx in F:\FTN\IV godina\Drugi Semestar\PROJEKTI\XML-Bezbednost PROJECT\securityBack)
2019-06-11 00:43:38,136 DEBUG org.springframework.boot.StartupInfoLogger [main] Running with Spring Boot v2.1.0.RELEASE, Spring v5.1.2.RELEASE
2019-06-11 00:43:38,136 INFO org.springframework.boot.SpringApplication [main] No active profile set, falling back to default profiles: default
2019-06-11 00:43:39,407 DEBUG org.springframework.boot.web.servlet.server.DocumentRoot [main] Code archive: C:\Users\Borx\.m2\repository\org\springframework\boot\spring-boot\2.1.0.RELEASE\spring-boot-2.1.0.RELEASE.jar
2019-06-11 00:43:39,407 DEBUG org.springframework.boot.web.servlet.server.DocumentRoot [main] Code archive: C:\Users\Borx\.m2\repository\org\springframework\boot\spring-boot\2.1.0.RELEASE\spring-boot-2.1.0.RELEASE.jar
2019-06-11 00:43:39,407 DEBUG org.springframework.boot.web.servlet.server.DocumentRoot [main] None of the document roots [src/main/webapp, public, static] point to a directory and will be ignored.
2019-06-11 00:43:50,643 INFO org.springframework.boot.StartupInfoLogger [main] Started SecurityBack in 12.846 seconds (JVM running for 13.675)
2019-06-11 00:44:01,579 INFO com.ftn.controller.SecurityAdminControler [https-jsse-nio-8092-exec-7] GET_SS
2019-06-11 00:44:01,606 ERROR com.ftn.security.TokenUtils [https-jsse-nio-8092-exec-7] TOK_ERR
2019-06-11 00:44:01,609 ERROR com.ftn.security.TokenUtils [https-jsse-nio-8092-exec-7] TOK_ERR
2019-06-11 00:46:07,927 INFO org.springframework.boot.StartupInfoLogger [main] Starting SecurityBack on DESKTOP-F3G1DCA with PID 2240 (started by Borx in F:\FTN\IV godina\Drugi Semestar\PROJEKTI\XML-Bezbednost PROJECT\securityBack)
2019-06-11 00:46:07,936 DEBUG org.springframework.boot.StartupInfoLogger [main] Running with Spring Boot v2.1.0.RELEASE, Spring v5.1.2.RELEASE
2019-06-11 00:46:07,936 INFO org.springframework.boot.SpringApplication [main] No active profile set, falling back to default profiles: default
2019-06-11 00:46:09,388 DEBUG org.springframework.boot.web.servlet.server.DocumentRoot [main] Code archive: C:\Users\Borx\.m2\repository\org\springframework\boot\spring-boot\2.1.0.RELEASE\spring-boot-2.1.0.RELEASE.jar
2019-06-11 00:46:09,389 DEBUG org.springframework.boot.web.servlet.server.DocumentRoot [main] Code archive: C:\Users\Borx\.m2\repository\org\springframework\boot\spring-boot\2.1.0.RELEASE\spring-boot-2.1.0.RELEASE.jar
2019-06-11 00:46:09,389 DEBUG org.springframework.boot.web.servlet.server.DocumentRoot [main] None of the document roots [src/main/webapp, public, static] point to a directory and will be ignored.
2019-06-11 00:46:21,725 INFO org.springframework.boot.StartupInfoLogger [main] Started SecurityBack in 14.141 seconds (JVM running for 15.023)
2019-06-11 00:47:00,671 DEBUG com.ftn.controller.UserControler [https-jsse-nio-8092-exec-7] LOG
2019-06-11 00:47:01,021 INFO com.ftn.controller.UserControler [https-jsse-nio-8092-exec-7] SECURITY_EVENT user id:8 LOG_SUC ,ip 0:0:0:0:0:0:0:1
2019-06-11 00:47:01,022 INFO com.ftn.controller.UserControler [https-jsse-nio-8092-exec-7] NEPOR_EVENT user id:8 LOG_SUC, ip 0:0:0:0:0:0:0:1
2019-06-11 00:47:02,538 DEBUG com.ftn.controller.SecurityAdminControler [https-jsse-nio-8092-exec-9] SS
2019-06-11 00:47:02,547 INFO com.ftn.controller.SecurityAdminControler [https-jsse-nio-8092-exec-9] SS_SUC
2019-06-11 00:47:10,251 DEBUG com.ftn.controller.SecurityAdminControler [https-jsse-nio-8092-exec-1] CRE_CA
2019-06-11 00:47:11,890 INFO com.ftn.controller.SecurityAdminControler [https-jsse-nio-8092-exec-1] SECURITY_EVENT 5 CRE_CA id: 4 
2019-06-11 00:47:11,896 INFO com.ftn.controller.SecurityAdminControler [https-jsse-nio-8092-exec-1] NEPOR_EVENT5 CRE_CA id:4 
2019-06-11 00:47:12,189 INFO com.ftn.controller.SecurityAdminControler [https-jsse-nio-8092-exec-1] CRE_CA_SUC
2019-06-11 00:47:12,300 INFO com.ftn.controller.SecurityAdminControler [https-jsse-nio-8092-exec-1] GET_CA
2019-06-11 00:47:12,300 INFO com.ftn.controller.SecurityAdminControler [https-jsse-nio-8092-exec-3] GET_ACA
2019-06-11 00:47:12,323 INFO com.ftn.controller.SecurityAdminControler [https-jsse-nio-8092-exec-1] NEPOR_EVENT user MTRoot@gmail.com CA 
2019-06-11 00:47:17,998 DEBUG com.ftn.controller.SecurityAdminControler [https-jsse-nio-8092-exec-4] SS
2019-06-11 00:47:18,004 INFO com.ftn.controller.SecurityAdminControler [https-jsse-nio-8092-exec-4] SS_SUC
2019-06-11 00:47:25,146 DEBUG com.ftn.controller.SecurityAdminControler [https-jsse-nio-8092-exec-5] CRE_CA
2019-06-11 00:47:28,427 INFO com.ftn.controller.SecurityAdminControler [https-jsse-nio-8092-exec-5] SECURITY_EVENT 7 CRE_CA id: 4 
2019-06-11 00:47:28,427 INFO com.ftn.controller.SecurityAdminControler [https-jsse-nio-8092-exec-5] NEPOR_EVENT7 CRE_CA id:4 
2019-06-11 00:47:28,772 INFO com.ftn.controller.SecurityAdminControler [https-jsse-nio-8092-exec-5] CRE_CA_SUC
2019-06-11 00:47:28,883 INFO com.ftn.controller.SecurityAdminControler [https-jsse-nio-8092-exec-6] GET_ACA
2019-06-11 00:47:28,883 INFO com.ftn.controller.SecurityAdminControler [https-jsse-nio-8092-exec-2] GET_CA
2019-06-11 00:47:28,900 INFO com.ftn.controller.SecurityAdminControler [https-jsse-nio-8092-exec-2] NEPOR_EVENT user MTRoot@gmail.com CA 
2019-06-11 00:47:36,670 DEBUG com.ftn.controller.UserControler [https-jsse-nio-8092-exec-8] LOG
2019-06-11 00:47:36,890 INFO com.ftn.controller.UserControler [https-jsse-nio-8092-exec-8] SECURITY_EVENT user id:11 LOG_SUC ,ip 0:0:0:0:0:0:0:1
2019-06-11 00:47:36,896 INFO com.ftn.controller.UserControler [https-jsse-nio-8092-exec-8] NEPOR_EVENT user id:11 LOG_SUC, ip 0:0:0:0:0:0:0:1
2019-06-11 00:47:37,989 DEBUG com.ftn.controller.SecurityAdminControler [https-jsse-nio-8092-exec-9] SS
2019-06-11 00:47:37,995 INFO com.ftn.controller.SecurityAdminControler [https-jsse-nio-8092-exec-9] SS_SUC
2019-06-11 00:47:43,642 INFO com.ftn.controller.SecurityAdminControler [https-jsse-nio-8092-exec-10] GET_SS
2019-06-11 00:47:43,652 ERROR com.ftn.security.TokenUtils [https-jsse-nio-8092-exec-10] TOK_ERR
2019-06-11 00:47:43,653 ERROR com.ftn.security.TokenUtils [https-jsse-nio-8092-exec-10] TOK_ERR
2019-06-11 00:47:51,232 DEBUG com.ftn.controller.SecurityAdminControler [https-jsse-nio-8092-exec-3] CK_COMM
2019-06-11 00:47:51,254 INFO com.ftn.controller.SecurityAdminControler [https-jsse-nio-8092-exec-3] CK_SUC
2019-06-11 00:47:51,255 INFO com.ftn.controller.SecurityAdminControler [https-jsse-nio-8092-exec-3] NEPOR_EVENT , COMM_SUC between 7 and 5
2019-06-11 00:47:53,931 DEBUG com.ftn.controller.SecurityAdminControler [https-jsse-nio-8092-exec-1] CK_COMM
2019-06-11 00:48:39,527 INFO org.springframework.boot.StartupInfoLogger [main] Starting SecurityBack on DESKTOP-F3G1DCA with PID 9032 (started by Borx in F:\FTN\IV godina\Drugi Semestar\PROJEKTI\XML-Bezbednost PROJECT\securityBack)
2019-06-11 00:48:39,527 DEBUG org.springframework.boot.StartupInfoLogger [main] Running with Spring Boot v2.1.0.RELEASE, Spring v5.1.2.RELEASE
2019-06-11 00:48:39,527 INFO org.springframework.boot.SpringApplication [main] No active profile set, falling back to default profiles: default
2019-06-11 00:48:40,955 DEBUG org.springframework.boot.web.servlet.server.DocumentRoot [main] Code archive: C:\Users\Borx\.m2\repository\org\springframework\boot\spring-boot\2.1.0.RELEASE\spring-boot-2.1.0.RELEASE.jar
2019-06-11 00:48:40,956 DEBUG org.springframework.boot.web.servlet.server.DocumentRoot [main] Code archive: C:\Users\Borx\.m2\repository\org\springframework\boot\spring-boot\2.1.0.RELEASE\spring-boot-2.1.0.RELEASE.jar
2019-06-11 00:48:40,957 DEBUG org.springframework.boot.web.servlet.server.DocumentRoot [main] None of the document roots [src/main/webapp, public, static] point to a directory and will be ignored.
2019-06-11 00:48:49,963 INFO org.springframework.boot.StartupInfoLogger [main] Started SecurityBack in 10.787 seconds (JVM running for 11.631)
2019-06-11 00:49:13,117 DEBUG com.ftn.controller.UserControler [https-jsse-nio-8092-exec-6] LOG
2019-06-11 00:49:13,512 INFO com.ftn.controller.UserControler [https-jsse-nio-8092-exec-6] SECURITY_EVENT user id:11 LOG_SUC ,ip 0:0:0:0:0:0:0:1
2019-06-11 00:49:13,513 INFO com.ftn.controller.UserControler [https-jsse-nio-8092-exec-6] NEPOR_EVENT user id:11 LOG_SUC, ip 0:0:0:0:0:0:0:1
2019-06-11 00:49:18,002 INFO com.ftn.controller.SecurityAdminControler [https-jsse-nio-8092-exec-7] GET_SS
2019-06-11 00:49:18,023 ERROR com.ftn.security.TokenUtils [https-jsse-nio-8092-exec-7] TOK_ERR
2019-06-11 00:49:18,024 ERROR com.ftn.security.TokenUtils [https-jsse-nio-8092-exec-7] TOK_ERR
2019-06-11 00:49:22,827 DEBUG com.ftn.controller.SecurityAdminControler [https-jsse-nio-8092-exec-9] CK_COMM
2019-06-11 00:49:22,855 INFO com.ftn.controller.SecurityAdminControler [https-jsse-nio-8092-exec-9] NEPOR_EVENT , COMM_FAIL , CA not found between 7 
2019-06-11 00:50:20,017 DEBUG com.ftn.controller.UserControler [https-jsse-nio-8092-exec-10] LOG
2019-06-11 00:50:20,226 INFO com.ftn.controller.UserControler [https-jsse-nio-8092-exec-10] SECURITY_EVENT user id:11 LOG_SUC ,ip 0:0:0:0:0:0:0:1
2019-06-11 00:50:20,226 INFO com.ftn.controller.UserControler [https-jsse-nio-8092-exec-10] NEPOR_EVENT user id:11 LOG_SUC, ip 0:0:0:0:0:0:0:1
2019-06-11 00:50:35,753 INFO com.ftn.controller.SecurityAdminControler [https-jsse-nio-8092-exec-1] GET_SS
2019-06-11 00:50:35,761 ERROR com.ftn.security.TokenUtils [https-jsse-nio-8092-exec-1] TOK_ERR
2019-06-11 00:50:35,762 ERROR com.ftn.security.TokenUtils [https-jsse-nio-8092-exec-1] TOK_ERR
2019-06-11 00:51:53,553 INFO com.ftn.controller.SecurityAdminControler [https-jsse-nio-8092-exec-10] GET_SS
2019-06-11 00:52:00,618 DEBUG com.ftn.controller.UserControler [https-jsse-nio-8092-exec-1] LOG
2019-06-11 00:52:00,826 INFO com.ftn.controller.UserControler [https-jsse-nio-8092-exec-1] SECURITY_EVENT user id:11 LOG_SUC ,ip 0:0:0:0:0:0:0:1
2019-06-11 00:52:00,826 INFO com.ftn.controller.UserControler [https-jsse-nio-8092-exec-1] NEPOR_EVENT user id:11 LOG_SUC, ip 0:0:0:0:0:0:0:1
2019-06-11 00:52:16,268 INFO com.ftn.controller.SecurityAdminControler [https-jsse-nio-8092-exec-3] GET_SS
2019-06-11 00:52:37,688 INFO com.ftn.controller.SecurityAdminControler [https-jsse-nio-8092-exec-4] GET_SS
2019-06-11 00:53:16,096 INFO org.springframework.boot.StartupInfoLogger [main] Starting SecurityBack on DESKTOP-F3G1DCA with PID 15544 (started by Borx in F:\FTN\IV godina\Drugi Semestar\PROJEKTI\XML-Bezbednost PROJECT\securityBack)
2019-06-11 00:53:16,096 DEBUG org.springframework.boot.StartupInfoLogger [main] Running with Spring Boot v2.1.0.RELEASE, Spring v5.1.2.RELEASE
2019-06-11 00:53:16,096 INFO org.springframework.boot.SpringApplication [main] No active profile set, falling back to default profiles: default
2019-06-11 00:53:17,752 DEBUG org.springframework.boot.web.servlet.server.DocumentRoot [main] Code archive: C:\Users\Borx\.m2\repository\org\springframework\boot\spring-boot\2.1.0.RELEASE\spring-boot-2.1.0.RELEASE.jar
2019-06-11 00:53:17,753 DEBUG org.springframework.boot.web.servlet.server.DocumentRoot [main] Code archive: C:\Users\Borx\.m2\repository\org\springframework\boot\spring-boot\2.1.0.RELEASE\spring-boot-2.1.0.RELEASE.jar
2019-06-11 00:53:17,753 DEBUG org.springframework.boot.web.servlet.server.DocumentRoot [main] None of the document roots [src/main/webapp, public, static] point to a directory and will be ignored.
2019-06-11 00:53:26,266 INFO org.springframework.boot.StartupInfoLogger [main] Started SecurityBack in 10.54 seconds (JVM running for 11.379)
2019-06-11 00:55:00,806 DEBUG com.ftn.controller.UserControler [https-jsse-nio-8092-exec-6] LOG
2019-06-11 00:55:01,150 INFO com.ftn.controller.UserControler [https-jsse-nio-8092-exec-6] SECURITY_EVENT user id:11 LOG_SUC ,ip 0:0:0:0:0:0:0:1
2019-06-11 00:55:01,150 INFO com.ftn.controller.UserControler [https-jsse-nio-8092-exec-6] NEPOR_EVENT user id:11 LOG_SUC, ip 0:0:0:0:0:0:0:1
2019-06-11 00:55:06,559 INFO com.ftn.controller.SecurityAdminControler [https-jsse-nio-8092-exec-8] GET_SS
2019-06-11 00:55:25,077 DEBUG com.ftn.controller.SecurityAdminControler [https-jsse-nio-8092-exec-10] CK_COMM
2019-06-11 00:55:25,089 INFO com.ftn.controller.SecurityAdminControler [https-jsse-nio-8092-exec-10] NEPOR_EVENT , COMM_FAIL , CA not found between 7 
2019-06-11 00:55:27,968 DEBUG com.ftn.controller.SecurityAdminControler [https-jsse-nio-8092-exec-2] CK_COMM
2019-06-11 00:55:27,977 INFO com.ftn.controller.SecurityAdminControler [https-jsse-nio-8092-exec-2] NEPOR_EVENT , COMM_FAIL , CA not found between 7 
2019-06-11 00:55:40,154 DEBUG com.ftn.controller.UserControler [https-jsse-nio-8092-exec-3] LOG
2019-06-11 00:55:40,380 INFO com.ftn.controller.UserControler [https-jsse-nio-8092-exec-3] SECURITY_EVENT user id:8 LOG_SUC ,ip 0:0:0:0:0:0:0:1
2019-06-11 00:55:40,381 INFO com.ftn.controller.UserControler [https-jsse-nio-8092-exec-3] NEPOR_EVENT user id:8 LOG_SUC, ip 0:0:0:0:0:0:0:1
2019-06-11 00:55:41,613 DEBUG com.ftn.controller.SecurityAdminControler [https-jsse-nio-8092-exec-4] SS
2019-06-11 00:55:41,619 INFO com.ftn.controller.SecurityAdminControler [https-jsse-nio-8092-exec-4] SS_SUC
2019-06-11 00:55:48,555 DEBUG com.ftn.controller.SecurityAdminControler [https-jsse-nio-8092-exec-6] CRE_CA
2019-06-11 00:55:50,353 INFO com.ftn.controller.SecurityAdminControler [https-jsse-nio-8092-exec-6] SECURITY_EVENT 5 CRE_CA id: 4 
2019-06-11 00:55:50,354 INFO com.ftn.controller.SecurityAdminControler [https-jsse-nio-8092-exec-6] NEPOR_EVENT5 CRE_CA id:4 
2019-06-11 00:55:50,704 INFO com.ftn.controller.SecurityAdminControler [https-jsse-nio-8092-exec-6] CRE_CA_SUC
2019-06-11 00:55:50,846 INFO com.ftn.controller.SecurityAdminControler [https-jsse-nio-8092-exec-6] GET_CA
2019-06-11 00:55:50,847 INFO com.ftn.controller.SecurityAdminControler [https-jsse-nio-8092-exec-8] GET_ACA
2019-06-11 00:55:50,864 INFO com.ftn.controller.SecurityAdminControler [https-jsse-nio-8092-exec-6] NEPOR_EVENT user MTRoot@gmail.com CA 
2019-06-11 00:56:12,617 DEBUG com.ftn.controller.UserControler [https-jsse-nio-8092-exec-9] LOG
2019-06-11 00:56:12,831 INFO com.ftn.controller.UserControler [https-jsse-nio-8092-exec-9] SECURITY_EVENT user id:9 LOG_SUC ,ip 0:0:0:0:0:0:0:1
2019-06-11 00:56:12,831 INFO com.ftn.controller.UserControler [https-jsse-nio-8092-exec-9] NEPOR_EVENT user id:9 LOG_SUC, ip 0:0:0:0:0:0:0:1
2019-06-11 00:56:16,064 DEBUG com.ftn.controller.SecurityAdminControler [https-jsse-nio-8092-exec-7] SS
2019-06-11 00:56:16,070 INFO com.ftn.controller.SecurityAdminControler [https-jsse-nio-8092-exec-7] SS_SUC
2019-06-11 00:56:22,454 DEBUG com.ftn.controller.SecurityAdminControler [https-jsse-nio-8092-exec-1] CRE_CA
2019-06-11 00:56:23,181 INFO com.ftn.controller.SecurityAdminControler [https-jsse-nio-8092-exec-1] SECURITY_EVENT 7 CRE_CA id: 5 
2019-06-11 00:56:23,182 INFO com.ftn.controller.SecurityAdminControler [https-jsse-nio-8092-exec-1] NEPOR_EVENT7 CRE_CA id:5 
2019-06-11 00:56:23,527 INFO com.ftn.controller.SecurityAdminControler [https-jsse-nio-8092-exec-1] CRE_CA_SUC
2019-06-11 00:56:23,657 INFO com.ftn.controller.SecurityAdminControler [https-jsse-nio-8092-exec-5] GET_CA
2019-06-11 00:56:23,659 INFO com.ftn.controller.SecurityAdminControler [https-jsse-nio-8092-exec-2] GET_ACA
2019-06-11 00:56:23,672 INFO com.ftn.controller.SecurityAdminControler [https-jsse-nio-8092-exec-5] NEPOR_EVENT user MegaTravelLondon@gmail.com CA 
2019-06-11 00:56:31,674 DEBUG com.ftn.controller.UserControler [https-jsse-nio-8092-exec-6] LOG
2019-06-11 00:56:31,895 INFO com.ftn.controller.UserControler [https-jsse-nio-8092-exec-6] SECURITY_EVENT user id:11 LOG_SUC ,ip 0:0:0:0:0:0:0:1
2019-06-11 00:56:31,895 INFO com.ftn.controller.UserControler [https-jsse-nio-8092-exec-6] NEPOR_EVENT user id:11 LOG_SUC, ip 0:0:0:0:0:0:0:1
2019-06-11 00:56:37,102 INFO com.ftn.controller.SecurityAdminControler [https-jsse-nio-8092-exec-9] GET_SS
2019-06-11 00:56:39,125 DEBUG com.ftn.controller.SecurityAdminControler [https-jsse-nio-8092-exec-10] CK_COMM
2019-06-11 00:56:39,143 INFO com.ftn.controller.SecurityAdminControler [https-jsse-nio-8092-exec-10] CK_SUC
2019-06-11 00:56:39,143 INFO com.ftn.controller.SecurityAdminControler [https-jsse-nio-8092-exec-10] NEPOR_EVENT , COMM_SUC between 7 and 5
2019-06-11 00:56:42,316 DEBUG com.ftn.controller.SecurityAdminControler [https-jsse-nio-8092-exec-3] CK_COMM
2019-06-11 00:56:42,322 INFO com.ftn.controller.SecurityAdminControler [https-jsse-nio-8092-exec-3] NEPOR_EVENT , COMM_FAIL , CA not found between 7 
2019-06-11 00:56:45,026 DEBUG com.ftn.controller.SecurityAdminControler [https-jsse-nio-8092-exec-4] CK_COMM
2019-06-11 00:56:59,660 DEBUG com.ftn.controller.SecurityAdminControler [https-jsse-nio-8092-exec-5] SS
2019-06-11 00:56:59,666 INFO com.ftn.controller.SecurityAdminControler [https-jsse-nio-8092-exec-5] SS_SUC
2019-06-11 00:57:05,391 DEBUG com.ftn.controller.SecurityAdminControler [https-jsse-nio-8092-exec-6] CRE_CA
2019-06-11 00:57:05,894 INFO com.ftn.controller.SecurityAdminControler [https-jsse-nio-8092-exec-6] SECURITY_EVENT 6 CRE_CA id: 7 
2019-06-11 00:57:05,894 INFO com.ftn.controller.SecurityAdminControler [https-jsse-nio-8092-exec-6] NEPOR_EVENT6 CRE_CA id:7 
2019-06-11 00:57:06,219 INFO com.ftn.controller.SecurityAdminControler [https-jsse-nio-8092-exec-6] CRE_CA_SUC
2019-06-11 00:57:06,329 INFO com.ftn.controller.SecurityAdminControler [https-jsse-nio-8092-exec-10] GET_ACA
2019-06-11 00:57:06,328 INFO com.ftn.controller.SecurityAdminControler [https-jsse-nio-8092-exec-7] GET_CA
2019-06-11 00:57:06,339 INFO com.ftn.controller.SecurityAdminControler [https-jsse-nio-8092-exec-7] NEPOR_EVENT user MegaTravelBoston@gmail.com CA 
2019-06-11 00:57:11,656 INFO com.ftn.controller.SecurityAdminControler [https-jsse-nio-8092-exec-1] GET_SS
2019-06-11 00:57:15,767 DEBUG com.ftn.controller.SecurityAdminControler [https-jsse-nio-8092-exec-3] CK_COMM
2019-06-11 00:57:15,783 INFO com.ftn.controller.SecurityAdminControler [https-jsse-nio-8092-exec-3] CK_SUC
2019-06-11 00:57:15,783 INFO com.ftn.controller.SecurityAdminControler [https-jsse-nio-8092-exec-3] NEPOR_EVENT , COMM_SUC between 7 and 6
2019-06-11 00:57:32,445 INFO com.ftn.controller.SecurityAdminControler [https-jsse-nio-8092-exec-4] GET_SS
2019-06-11 02:26:40,480 DEBUG com.ftn.controller.UserControler [https-jsse-nio-8092-exec-4] LOG
2019-06-11 02:26:40,719 INFO com.ftn.controller.UserControler [https-jsse-nio-8092-exec-4] SECURITY_EVENT user id:8 LOG_SUC ,ip 0:0:0:0:0:0:0:1
2019-06-11 02:26:40,720 INFO com.ftn.controller.UserControler [https-jsse-nio-8092-exec-4] NEPOR_EVENT user id:8 LOG_SUC, ip 0:0:0:0:0:0:0:1
2019-06-11 02:26:43,224 DEBUG com.ftn.controller.SecurityAdminControler [https-jsse-nio-8092-exec-2] SS
2019-06-11 02:26:43,230 INFO com.ftn.controller.SecurityAdminControler [https-jsse-nio-8092-exec-2] SS_SUC
2019-06-13 15:01:48,907 INFO org.springframework.boot.StartupInfoLogger [main] Starting SecurityBack on Probook450G2 with PID 13956 (D:\ILINKA\projekatBez3\Bezbednost-XML\securityBack\target\classes started by Milan in D:\ILINKA\projekatBez3\Bezbednost-XML\securityBack)
2019-06-13 15:01:48,953 DEBUG org.springframework.boot.StartupInfoLogger [main] Running with Spring Boot v2.1.0.RELEASE, Spring v5.1.2.RELEASE
2019-06-13 15:01:48,969 INFO org.springframework.boot.SpringApplication [main] No active profile set, falling back to default profiles: default
2019-06-13 15:01:55,737 DEBUG org.springframework.boot.web.servlet.server.DocumentRoot [main] Code archive: C:\Users\Milan\.m2\repository\org\springframework\boot\spring-boot\2.1.0.RELEASE\spring-boot-2.1.0.RELEASE.jar
2019-06-13 15:01:55,737 DEBUG org.springframework.boot.web.servlet.server.DocumentRoot [main] Code archive: C:\Users\Milan\.m2\repository\org\springframework\boot\spring-boot\2.1.0.RELEASE\spring-boot-2.1.0.RELEASE.jar
2019-06-13 15:01:55,737 DEBUG org.springframework.boot.web.servlet.server.DocumentRoot [main] None of the document roots [src/main/webapp, public, static] point to a directory and will be ignored.
2019-06-13 15:02:16,842 INFO org.springframework.boot.StartupInfoLogger [main] Started SecurityBack in 29.224 seconds (JVM running for 56.758)
2019-06-13 15:03:25,224 DEBUG com.ftn.controller.UserControler [https-jsse-nio-8092-exec-4] LOG
2019-06-13 15:03:26,080 INFO com.ftn.controller.UserControler [https-jsse-nio-8092-exec-4] SECURITY_EVENT user id:8 LOG_SUC ,ip 0:0:0:0:0:0:0:1
2019-06-13 15:03:26,084 INFO com.ftn.controller.UserControler [https-jsse-nio-8092-exec-4] NEPOR_EVENT user id:8 LOG_SUC, ip 0:0:0:0:0:0:0:1
2019-06-13 15:03:29,701 INFO com.ftn.controller.SecurityAdminControler [https-jsse-nio-8092-exec-4] GET_ACA
2019-06-13 15:03:29,701 INFO com.ftn.controller.SecurityAdminControler [https-jsse-nio-8092-exec-3] GET_CA
2019-06-13 15:03:29,840 INFO com.ftn.controller.SecurityAdminControler [https-jsse-nio-8092-exec-3] NEPOR_EVENT user MTRoot@gmail.com CA 
2019-06-13 15:03:36,040 WARN com.ftn.security.RestAuthenticationEntryPoint [https-jsse-nio-8092-exec-8] SECURITY_EVENT Unauthorised access attempt to https://localhost:8092/api/security/getAllCertificates from  adress0:0:0:0:0:0:0:1
2019-06-13 15:03:43,171 INFO com.ftn.controller.SecurityAdminControler [https-jsse-nio-8092-exec-7] GET_CA
2019-06-13 15:03:43,191 INFO com.ftn.controller.SecurityAdminControler [https-jsse-nio-8092-exec-1] GET_ACA
2019-06-13 15:03:43,195 INFO com.ftn.controller.SecurityAdminControler [https-jsse-nio-8092-exec-7] NEPOR_EVENT user MTRoot@gmail.com CA 
2019-06-13 15:03:45,727 DEBUG com.ftn.controller.SecurityAdminControler [https-jsse-nio-8092-exec-10] SS
2019-06-13 15:03:45,741 INFO com.ftn.controller.SecurityAdminControler [https-jsse-nio-8092-exec-10] SS_SUC
2019-06-13 15:03:54,868 DEBUG com.ftn.controller.SecurityAdminControler [https-jsse-nio-8092-exec-2] CRE_CA
2019-06-13 15:03:56,391 INFO com.ftn.controller.SecurityAdminControler [https-jsse-nio-8092-exec-2] SECURITY_EVENT 5 CRE_CA id: 4 
2019-06-13 15:03:56,391 INFO com.ftn.controller.SecurityAdminControler [https-jsse-nio-8092-exec-2] NEPOR_EVENT5 CRE_CA id:4 
2019-06-13 15:03:56,999 INFO com.ftn.controller.SecurityAdminControler [https-jsse-nio-8092-exec-2] CRE_CA_SUC
2019-06-13 15:03:57,579 INFO com.ftn.controller.SecurityAdminControler [https-jsse-nio-8092-exec-3] GET_CA
2019-06-13 15:03:57,587 INFO com.ftn.controller.SecurityAdminControler [https-jsse-nio-8092-exec-4] GET_ACA
2019-06-13 15:03:57,623 INFO com.ftn.controller.SecurityAdminControler [https-jsse-nio-8092-exec-3] NEPOR_EVENT user MTRoot@gmail.com CA 
2019-06-13 15:04:08,290 WARN com.ftn.security.RestAuthenticationEntryPoint [https-jsse-nio-8092-exec-6] SECURITY_EVENT Unauthorised access attempt to https://localhost:8092/api/security/getAllCertificates from  adress0:0:0:0:0:0:0:1
2019-06-13 15:04:21,769 INFO com.ftn.controller.SecurityAdminControler [https-jsse-nio-8092-exec-8] GET_CA
2019-06-13 15:04:21,788 INFO com.ftn.controller.SecurityAdminControler [https-jsse-nio-8092-exec-7] GET_ACA
2019-06-13 15:04:21,797 INFO com.ftn.controller.SecurityAdminControler [https-jsse-nio-8092-exec-8] NEPOR_EVENT user MTRoot@gmail.com CA 
2019-06-13 15:37:53,223 WARN com.ftn.security.RestAuthenticationEntryPoint [https-jsse-nio-8092-exec-1] SECURITY_EVENT Unauthorised access attempt to https://localhost:8092/api/security/getAllCertificates from  adress0:0:0:0:0:0:0:1
2019-06-13 15:43:22,841 INFO org.springframework.boot.StartupInfoLogger [main] Starting SecurityBack on Probook450G2 with PID 10968 (D:\ILINKA\projekatBez3\Bezbednost-XML\securityBack\target\classes started by Milan in D:\ILINKA\projekatBez3\Bezbednost-XML\securityBack)
2019-06-13 15:43:22,853 DEBUG org.springframework.boot.StartupInfoLogger [main] Running with Spring Boot v2.1.0.RELEASE, Spring v5.1.2.RELEASE
2019-06-13 15:43:22,853 INFO org.springframework.boot.SpringApplication [main] No active profile set, falling back to default profiles: default
2019-06-13 15:43:27,826 DEBUG org.springframework.boot.web.servlet.server.DocumentRoot [main] Code archive: C:\Users\Milan\.m2\repository\org\springframework\boot\spring-boot\2.1.0.RELEASE\spring-boot-2.1.0.RELEASE.jar
2019-06-13 15:43:27,826 DEBUG org.springframework.boot.web.servlet.server.DocumentRoot [main] Code archive: C:\Users\Milan\.m2\repository\org\springframework\boot\spring-boot\2.1.0.RELEASE\spring-boot-2.1.0.RELEASE.jar
2019-06-13 15:43:27,826 DEBUG org.springframework.boot.web.servlet.server.DocumentRoot [main] None of the document roots [src/main/webapp, public, static] point to a directory and will be ignored.
2019-06-13 15:43:43,710 INFO org.springframework.boot.StartupInfoLogger [main] Started SecurityBack in 22.206 seconds (JVM running for 24.247)
2019-06-13 15:44:21,075 WARN com.ftn.security.RestAuthenticationEntryPoint [https-jsse-nio-8092-exec-7] SECURITY_EVENT Unauthorised access attempt to https://localhost:8092/api/security/getAllCertificates from  adress0:0:0:0:0:0:0:1
2019-06-13 15:44:48,512 DEBUG com.ftn.controller.UserControler [https-jsse-nio-8092-exec-5] LOG
2019-06-13 15:44:49,129 INFO com.ftn.controller.UserControler [https-jsse-nio-8092-exec-5] SECURITY_EVENT user id:8 LOG_SUC ,ip 0:0:0:0:0:0:0:1
2019-06-13 15:44:49,129 INFO com.ftn.controller.UserControler [https-jsse-nio-8092-exec-5] NEPOR_EVENT user id:8 LOG_SUC, ip 0:0:0:0:0:0:0:1
2019-06-13 15:44:51,975 INFO com.ftn.controller.SecurityAdminControler [https-jsse-nio-8092-exec-5] GET_ACA
2019-06-13 15:44:51,999 INFO com.ftn.controller.SecurityAdminControler [https-jsse-nio-8092-exec-10] GET_CA
2019-06-13 15:44:52,241 INFO com.ftn.controller.SecurityAdminControler [https-jsse-nio-8092-exec-10] NEPOR_EVENT user MTRoot@gmail.com CA 
2019-06-13 15:47:59,374 WARN com.ftn.security.RestAuthenticationEntryPoint [https-jsse-nio-8092-exec-10] SECURITY_EVENT Unauthorised access attempt to https://localhost:8092/api/security/getAllCertificates from  adress0:0:0:0:0:0:0:1
2019-06-13 15:48:10,816 INFO com.ftn.controller.SecurityAdminControler [https-jsse-nio-8092-exec-7] GET_CA
2019-06-13 15:48:10,844 INFO com.ftn.controller.SecurityAdminControler [https-jsse-nio-8092-exec-7] NEPOR_EVENT user MTRoot@gmail.com CA 
2019-06-13 15:48:10,860 INFO com.ftn.controller.SecurityAdminControler [https-jsse-nio-8092-exec-9] GET_ACA
2019-06-13 15:48:18,411 INFO com.ftn.controller.SecurityAdminControler [https-jsse-nio-8092-exec-5] GET_CA
2019-06-13 15:48:18,427 INFO com.ftn.controller.SecurityAdminControler [https-jsse-nio-8092-exec-5] NEPOR_EVENT user MTRoot@gmail.com CA 
2019-06-13 15:48:18,451 INFO com.ftn.controller.SecurityAdminControler [https-jsse-nio-8092-exec-10] GET_ACA
2019-06-13 15:49:14,404 INFO org.springframework.boot.StartupInfoLogger [main] Starting SecurityBack on Probook450G2 with PID 12556 (D:\ILINKA\projekatBez3\Bezbednost-XML\securityBack\target\classes started by Milan in D:\ILINKA\projekatBez3\Bezbednost-XML\securityBack)
2019-06-13 15:49:14,420 DEBUG org.springframework.boot.StartupInfoLogger [main] Running with Spring Boot v2.1.0.RELEASE, Spring v5.1.2.RELEASE
2019-06-13 15:49:14,436 INFO org.springframework.boot.SpringApplication [main] No active profile set, falling back to default profiles: default
2019-06-13 15:49:18,886 DEBUG org.springframework.boot.web.servlet.server.DocumentRoot [main] Code archive: C:\Users\Milan\.m2\repository\org\springframework\boot\spring-boot\2.1.0.RELEASE\spring-boot-2.1.0.RELEASE.jar
2019-06-13 15:49:18,886 DEBUG org.springframework.boot.web.servlet.server.DocumentRoot [main] Code archive: C:\Users\Milan\.m2\repository\org\springframework\boot\spring-boot\2.1.0.RELEASE\spring-boot-2.1.0.RELEASE.jar
2019-06-13 15:49:18,886 DEBUG org.springframework.boot.web.servlet.server.DocumentRoot [main] None of the document roots [src/main/webapp, public, static] point to a directory and will be ignored.
2019-06-13 15:49:30,482 INFO org.springframework.boot.StartupInfoLogger [main] Started SecurityBack in 17.357 seconds (JVM running for 19.731)
2019-06-13 16:48:28,355 INFO org.springframework.boot.StartupInfoLogger [main] Starting SecurityBack on Probook450G2 with PID 13804 (D:\ILINKA\projekatBez3\Bezbednost-XML\securityBack\target\classes started by Milan in D:\ILINKA\projekatBez3\Bezbednost-XML\securityBack)
2019-06-13 16:48:28,363 DEBUG org.springframework.boot.StartupInfoLogger [main] Running with Spring Boot v2.1.0.RELEASE, Spring v5.1.2.RELEASE
2019-06-13 16:48:28,366 INFO org.springframework.boot.SpringApplication [main] No active profile set, falling back to default profiles: default
2019-06-13 16:48:32,244 DEBUG org.springframework.boot.web.servlet.server.DocumentRoot [main] Code archive: C:\Users\Milan\.m2\repository\org\springframework\boot\spring-boot\2.1.0.RELEASE\spring-boot-2.1.0.RELEASE.jar
2019-06-13 16:48:32,245 DEBUG org.springframework.boot.web.servlet.server.DocumentRoot [main] Code archive: C:\Users\Milan\.m2\repository\org\springframework\boot\spring-boot\2.1.0.RELEASE\spring-boot-2.1.0.RELEASE.jar
2019-06-13 16:48:32,245 DEBUG org.springframework.boot.web.servlet.server.DocumentRoot [main] None of the document roots [src/main/webapp, public, static] point to a directory and will be ignored.
2019-06-13 16:48:43,452 INFO org.springframework.boot.StartupInfoLogger [main] Started SecurityBack in 16.18 seconds (JVM running for 17.695)
2019-06-13 16:49:19,264 DEBUG com.ftn.controller.UserControler [https-jsse-nio-8092-exec-7] LOG
2019-06-13 16:49:19,783 INFO com.ftn.controller.UserControler [https-jsse-nio-8092-exec-7] SECURITY_EVENT user id:8 LOG_SUC ,ip 0:0:0:0:0:0:0:1
2019-06-13 16:49:19,802 INFO com.ftn.controller.UserControler [https-jsse-nio-8092-exec-7] NEPOR_EVENT user id:8 LOG_SUC, ip 0:0:0:0:0:0:0:1
2019-06-13 16:49:21,784 INFO com.ftn.controller.SecurityAdminControler [https-jsse-nio-8092-exec-7] GET_ACA
2019-06-13 16:49:21,785 INFO com.ftn.controller.SecurityAdminControler [https-jsse-nio-8092-exec-6] GET_CA
2019-06-13 16:49:21,986 INFO com.ftn.controller.SecurityAdminControler [https-jsse-nio-8092-exec-6] NEPOR_EVENT user MTRoot@gmail.com CA 
2019-06-13 16:49:28,538 DEBUG com.ftn.controller.SecurityAdminControler [https-jsse-nio-8092-exec-9] SS
2019-06-13 16:49:28,555 INFO com.ftn.controller.SecurityAdminControler [https-jsse-nio-8092-exec-9] SS_SUC
2019-06-13 16:49:36,795 DEBUG com.ftn.controller.SecurityAdminControler [https-jsse-nio-8092-exec-1] CRE_CA
2019-06-13 16:49:37,847 INFO com.ftn.controller.SecurityAdminControler [https-jsse-nio-8092-exec-1] SECURITY_EVENT 5 CRE_CA id: 4 
2019-06-13 16:49:37,848 INFO com.ftn.controller.SecurityAdminControler [https-jsse-nio-8092-exec-1] NEPOR_EVENT5 CRE_CA id:4 
2019-06-13 16:49:38,160 INFO com.ftn.controller.SecurityAdminControler [https-jsse-nio-8092-exec-1] CRE_CA_SUC
2019-06-13 16:49:38,389 INFO com.ftn.controller.SecurityAdminControler [https-jsse-nio-8092-exec-3] GET_CA
2019-06-13 16:49:38,408 INFO com.ftn.controller.SecurityAdminControler [https-jsse-nio-8092-exec-3] NEPOR_EVENT user MTRoot@gmail.com CA 
2019-06-13 16:49:38,425 INFO com.ftn.controller.SecurityAdminControler [https-jsse-nio-8092-exec-4] GET_ACA
2019-06-13 16:50:08,750 INFO com.ftn.controller.SecurityAdminControler [https-jsse-nio-8092-exec-5] REV_CA
2019-06-13 16:50:13,011 INFO com.ftn.controller.SecurityAdminControler [https-jsse-nio-8092-exec-7] GET_CA
2019-06-13 16:50:13,012 INFO com.ftn.controller.SecurityAdminControler [https-jsse-nio-8092-exec-6] GET_ACA
2019-06-13 16:50:13,028 INFO com.ftn.controller.SecurityAdminControler [https-jsse-nio-8092-exec-7] NEPOR_EVENT user MTRoot@gmail.com CA 
2019-06-13 16:54:35,008 INFO org.springframework.boot.StartupInfoLogger [main] Starting SecurityBack on Probook450G2 with PID 12284 (D:\ILINKA\projekatBez3\Bezbednost-XML\securityBack\target\classes started by Milan in D:\ILINKA\projekatBez3\Bezbednost-XML\securityBack)
2019-06-13 16:54:35,013 DEBUG org.springframework.boot.StartupInfoLogger [main] Running with Spring Boot v2.1.0.RELEASE, Spring v5.1.2.RELEASE
2019-06-13 16:54:35,017 INFO org.springframework.boot.SpringApplication [main] No active profile set, falling back to default profiles: default
2019-06-13 16:54:38,550 DEBUG org.springframework.boot.web.servlet.server.DocumentRoot [main] Code archive: C:\Users\Milan\.m2\repository\org\springframework\boot\spring-boot\2.1.0.RELEASE\spring-boot-2.1.0.RELEASE.jar
2019-06-13 16:54:38,551 DEBUG org.springframework.boot.web.servlet.server.DocumentRoot [main] Code archive: C:\Users\Milan\.m2\repository\org\springframework\boot\spring-boot\2.1.0.RELEASE\spring-boot-2.1.0.RELEASE.jar
2019-06-13 16:54:38,553 DEBUG org.springframework.boot.web.servlet.server.DocumentRoot [main] None of the document roots [src/main/webapp, public, static] point to a directory and will be ignored.
2019-06-13 16:54:46,788 INFO org.springframework.boot.StartupInfoLogger [main] Started SecurityBack in 12.727 seconds (JVM running for 14.108)
2019-06-13 16:56:23,948 DEBUG com.ftn.controller.UserControler [https-jsse-nio-8092-exec-6] LOG
2019-06-13 16:56:24,532 INFO com.ftn.controller.UserControler [https-jsse-nio-8092-exec-6] SECURITY_EVENT user id:8 LOG_SUC ,ip 0:0:0:0:0:0:0:1
2019-06-13 16:56:24,535 INFO com.ftn.controller.UserControler [https-jsse-nio-8092-exec-6] NEPOR_EVENT user id:8 LOG_SUC, ip 0:0:0:0:0:0:0:1
2019-06-13 16:56:25,857 DEBUG com.ftn.controller.SecurityAdminControler [https-jsse-nio-8092-exec-7] SS
2019-06-13 16:56:25,869 INFO com.ftn.controller.SecurityAdminControler [https-jsse-nio-8092-exec-7] SS_SUC
2019-06-13 16:56:32,151 DEBUG com.ftn.controller.SecurityAdminControler [https-jsse-nio-8092-exec-9] CRE_CA
2019-06-13 16:56:33,153 INFO com.ftn.controller.SecurityAdminControler [https-jsse-nio-8092-exec-9] SECURITY_EVENT 5 CRE_CA id: 4 
2019-06-13 16:56:33,154 INFO com.ftn.controller.SecurityAdminControler [https-jsse-nio-8092-exec-9] NEPOR_EVENT5 CRE_CA id:4 
2019-06-13 16:56:33,395 INFO com.ftn.controller.SecurityAdminControler [https-jsse-nio-8092-exec-9] CRE_CA_SUC
2019-06-13 16:56:33,612 INFO com.ftn.controller.SecurityAdminControler [https-jsse-nio-8092-exec-8] GET_CA
2019-06-13 16:56:33,626 INFO com.ftn.controller.SecurityAdminControler [https-jsse-nio-8092-exec-9] GET_ACA
2019-06-13 16:56:33,661 INFO com.ftn.controller.SecurityAdminControler [https-jsse-nio-8092-exec-8] NEPOR_EVENT user MTRoot@gmail.com CA 
2019-06-13 16:57:01,940 INFO com.ftn.controller.SecurityAdminControler [https-jsse-nio-8092-exec-4] REV_CA
2019-06-13 16:57:07,981 INFO com.ftn.controller.SecurityAdminControler [https-jsse-nio-8092-exec-1] REV_CA
2019-06-13 16:59:16,668 INFO org.springframework.boot.StartupInfoLogger [main] Starting SecurityBack on Probook450G2 with PID 11864 (D:\ILINKA\projekatBez3\Bezbednost-XML\securityBack\target\classes started by Milan in D:\ILINKA\projekatBez3\Bezbednost-XML\securityBack)
2019-06-13 16:59:16,682 DEBUG org.springframework.boot.StartupInfoLogger [main] Running with Spring Boot v2.1.0.RELEASE, Spring v5.1.2.RELEASE
2019-06-13 16:59:16,687 INFO org.springframework.boot.SpringApplication [main] No active profile set, falling back to default profiles: default
2019-06-13 16:59:21,642 DEBUG org.springframework.boot.web.servlet.server.DocumentRoot [main] Code archive: C:\Users\Milan\.m2\repository\org\springframework\boot\spring-boot\2.1.0.RELEASE\spring-boot-2.1.0.RELEASE.jar
2019-06-13 16:59:21,643 DEBUG org.springframework.boot.web.servlet.server.DocumentRoot [main] Code archive: C:\Users\Milan\.m2\repository\org\springframework\boot\spring-boot\2.1.0.RELEASE\spring-boot-2.1.0.RELEASE.jar
2019-06-13 16:59:21,644 DEBUG org.springframework.boot.web.servlet.server.DocumentRoot [main] None of the document roots [src/main/webapp, public, static] point to a directory and will be ignored.
2019-06-13 16:59:33,148 INFO org.springframework.boot.StartupInfoLogger [main] Started SecurityBack in 17.532 seconds (JVM running for 19.028)
2019-06-13 16:59:46,432 DEBUG com.ftn.controller.UserControler [https-jsse-nio-8092-exec-7] LOG
2019-06-13 16:59:46,867 INFO com.ftn.controller.UserControler [https-jsse-nio-8092-exec-7] SECURITY_EVENT user id:8 LOG_SUC ,ip 0:0:0:0:0:0:0:1
2019-06-13 16:59:46,868 INFO com.ftn.controller.UserControler [https-jsse-nio-8092-exec-7] NEPOR_EVENT user id:8 LOG_SUC, ip 0:0:0:0:0:0:0:1
2019-06-13 16:59:48,284 DEBUG com.ftn.controller.SecurityAdminControler [https-jsse-nio-8092-exec-9] SS
2019-06-13 16:59:48,295 INFO com.ftn.controller.SecurityAdminControler [https-jsse-nio-8092-exec-9] SS_SUC
2019-06-13 16:59:54,369 DEBUG com.ftn.controller.SecurityAdminControler [https-jsse-nio-8092-exec-1] CRE_CA
2019-06-13 16:59:55,228 INFO com.ftn.controller.SecurityAdminControler [https-jsse-nio-8092-exec-1] SECURITY_EVENT 5 CRE_CA id: 4 
2019-06-13 16:59:55,230 INFO com.ftn.controller.SecurityAdminControler [https-jsse-nio-8092-exec-1] NEPOR_EVENT5 CRE_CA id:4 
2019-06-13 16:59:55,537 INFO com.ftn.controller.SecurityAdminControler [https-jsse-nio-8092-exec-1] CRE_CA_SUC
2019-06-13 16:59:55,792 INFO com.ftn.controller.SecurityAdminControler [https-jsse-nio-8092-exec-4] GET_CA
2019-06-13 16:59:55,811 INFO com.ftn.controller.SecurityAdminControler [https-jsse-nio-8092-exec-1] GET_ACA
2019-06-13 16:59:55,831 INFO com.ftn.controller.SecurityAdminControler [https-jsse-nio-8092-exec-4] NEPOR_EVENT user MTRoot@gmail.com CA 
2019-06-13 17:00:09,755 INFO com.ftn.controller.SecurityAdminControler [https-jsse-nio-8092-exec-3] REV_CA
2019-06-13 17:00:48,023 INFO com.ftn.controller.SecurityAdminControler [https-jsse-nio-8092-exec-5] REV_CA
2019-06-13 17:02:52,920 INFO com.ftn.controller.SecurityAdminControler [https-jsse-nio-8092-exec-2] REV_CA
2019-06-13 17:02:54,406 INFO com.ftn.controller.SecurityAdminControler [https-jsse-nio-8092-exec-9] REV_CA
2019-06-13 17:07:29,805 INFO org.springframework.boot.StartupInfoLogger [main] Starting SecurityBack on Probook450G2 with PID 13728 (D:\ILINKA\projekatBez3\Bezbednost-XML\securityBack\target\classes started by Milan in D:\ILINKA\projekatBez3\Bezbednost-XML\securityBack)
2019-06-13 17:07:29,815 DEBUG org.springframework.boot.StartupInfoLogger [main] Running with Spring Boot v2.1.0.RELEASE, Spring v5.1.2.RELEASE
2019-06-13 17:07:29,815 INFO org.springframework.boot.SpringApplication [main] No active profile set, falling back to default profiles: default
2019-06-13 17:07:33,455 DEBUG org.springframework.boot.web.servlet.server.DocumentRoot [main] Code archive: C:\Users\Milan\.m2\repository\org\springframework\boot\spring-boot\2.1.0.RELEASE\spring-boot-2.1.0.RELEASE.jar
2019-06-13 17:07:33,463 DEBUG org.springframework.boot.web.servlet.server.DocumentRoot [main] Code archive: C:\Users\Milan\.m2\repository\org\springframework\boot\spring-boot\2.1.0.RELEASE\spring-boot-2.1.0.RELEASE.jar
2019-06-13 17:07:33,465 DEBUG org.springframework.boot.web.servlet.server.DocumentRoot [main] None of the document roots [src/main/webapp, public, static] point to a directory and will be ignored.
2019-06-13 17:07:43,022 INFO org.springframework.boot.StartupInfoLogger [main] Started SecurityBack in 14.175 seconds (JVM running for 15.51)
2019-06-13 17:08:11,088 DEBUG com.ftn.controller.UserControler [https-jsse-nio-8092-exec-6] LOG
2019-06-13 17:08:11,517 INFO com.ftn.controller.UserControler [https-jsse-nio-8092-exec-6] SECURITY_EVENT user id:8 LOG_SUC ,ip 0:0:0:0:0:0:0:1
2019-06-13 17:08:11,517 INFO com.ftn.controller.UserControler [https-jsse-nio-8092-exec-6] NEPOR_EVENT user id:8 LOG_SUC, ip 0:0:0:0:0:0:0:1
2019-06-13 17:08:12,888 DEBUG com.ftn.controller.SecurityAdminControler [https-jsse-nio-8092-exec-7] SS
2019-06-13 17:08:12,899 INFO com.ftn.controller.SecurityAdminControler [https-jsse-nio-8092-exec-7] SS_SUC
2019-06-13 17:08:14,860 INFO com.ftn.controller.SecurityAdminControler [https-jsse-nio-8092-exec-6] GET_CA
2019-06-13 17:08:14,863 INFO com.ftn.controller.SecurityAdminControler [https-jsse-nio-8092-exec-7] GET_ACA
2019-06-13 17:08:14,944 INFO com.ftn.controller.SecurityAdminControler [https-jsse-nio-8092-exec-6] NEPOR_EVENT user MTRoot@gmail.com CA 
2019-06-13 17:08:20,141 DEBUG com.ftn.controller.SecurityAdminControler [https-jsse-nio-8092-exec-9] SS
2019-06-13 17:08:20,148 INFO com.ftn.controller.SecurityAdminControler [https-jsse-nio-8092-exec-9] SS_SUC
2019-06-13 17:08:26,312 DEBUG com.ftn.controller.SecurityAdminControler [https-jsse-nio-8092-exec-2] CRE_CA
2019-06-13 17:08:27,386 INFO com.ftn.controller.SecurityAdminControler [https-jsse-nio-8092-exec-2] SECURITY_EVENT 5 CRE_CA id: 4 
2019-06-13 17:08:27,386 INFO com.ftn.controller.SecurityAdminControler [https-jsse-nio-8092-exec-2] NEPOR_EVENT5 CRE_CA id:4 
2019-06-13 17:08:27,645 INFO com.ftn.controller.SecurityAdminControler [https-jsse-nio-8092-exec-2] CRE_CA_SUC
2019-06-13 17:08:27,790 INFO com.ftn.controller.SecurityAdminControler [https-jsse-nio-8092-exec-1] GET_CA
2019-06-13 17:08:27,794 INFO com.ftn.controller.SecurityAdminControler [https-jsse-nio-8092-exec-3] GET_ACA
2019-06-13 17:08:27,825 INFO com.ftn.controller.SecurityAdminControler [https-jsse-nio-8092-exec-1] NEPOR_EVENT user MTRoot@gmail.com CA 
2019-06-13 17:08:33,272 INFO com.ftn.controller.SecurityAdminControler [https-jsse-nio-8092-exec-4] REV_CA
2019-06-13 17:08:36,507 INFO com.ftn.controller.SecurityAdminControler [https-jsse-nio-8092-exec-8] GET_CA
2019-06-13 17:08:36,515 INFO com.ftn.controller.SecurityAdminControler [https-jsse-nio-8092-exec-5] GET_ACA
2019-06-13 17:08:36,523 INFO com.ftn.controller.SecurityAdminControler [https-jsse-nio-8092-exec-8] NEPOR_EVENT user MTRoot@gmail.com CA 
2019-06-13 17:08:47,887 INFO com.ftn.controller.SecurityAdminControler [https-jsse-nio-8092-exec-6] GET_CA
2019-06-13 17:08:47,890 INFO com.ftn.controller.SecurityAdminControler [https-jsse-nio-8092-exec-7] GET_ACA
2019-06-13 17:08:47,901 INFO com.ftn.controller.SecurityAdminControler [https-jsse-nio-8092-exec-6] NEPOR_EVENT user MTRoot@gmail.com CA 
2019-06-13 17:08:48,318 INFO com.ftn.controller.SecurityAdminControler [https-jsse-nio-8092-exec-10] GET_ACA
2019-06-13 17:08:49,580 INFO com.ftn.controller.SecurityAdminControler [https-jsse-nio-8092-exec-2] GET_CA
2019-06-13 17:08:49,583 INFO com.ftn.controller.SecurityAdminControler [https-jsse-nio-8092-exec-3] GET_ACA
2019-06-13 17:08:49,594 INFO com.ftn.controller.SecurityAdminControler [https-jsse-nio-8092-exec-2] NEPOR_EVENT user MTRoot@gmail.com CA 
2019-06-13 17:08:50,524 INFO com.ftn.controller.SecurityAdminControler [https-jsse-nio-8092-exec-1] GET_ACA
2019-06-13 17:08:51,298 INFO com.ftn.controller.SecurityAdminControler [https-jsse-nio-8092-exec-4] GET_CA
2019-06-13 17:08:51,299 INFO com.ftn.controller.SecurityAdminControler [https-jsse-nio-8092-exec-8] GET_ACA
2019-06-13 17:08:51,316 INFO com.ftn.controller.SecurityAdminControler [https-jsse-nio-8092-exec-4] NEPOR_EVENT user MTRoot@gmail.com CA 
2019-06-13 17:08:53,158 DEBUG com.ftn.controller.SecurityAdminControler [https-jsse-nio-8092-exec-5] SS
2019-06-13 17:08:53,164 INFO com.ftn.controller.SecurityAdminControler [https-jsse-nio-8092-exec-5] SS_SUC
2019-06-13 17:08:59,166 DEBUG com.ftn.controller.SecurityAdminControler [https-jsse-nio-8092-exec-6] CRE_CA
2019-06-13 17:08:59,862 INFO com.ftn.controller.SecurityAdminControler [https-jsse-nio-8092-exec-6] SECURITY_EVENT 7 CRE_CA id: 4 
2019-06-13 17:08:59,862 INFO com.ftn.controller.SecurityAdminControler [https-jsse-nio-8092-exec-6] NEPOR_EVENT7 CRE_CA id:4 
2019-06-13 17:09:00,120 INFO com.ftn.controller.SecurityAdminControler [https-jsse-nio-8092-exec-6] CRE_CA_SUC
2019-06-13 17:09:00,273 INFO com.ftn.controller.SecurityAdminControler [https-jsse-nio-8092-exec-7] GET_CA
2019-06-13 17:09:00,279 INFO com.ftn.controller.SecurityAdminControler [https-jsse-nio-8092-exec-9] GET_ACA
2019-06-13 17:09:00,305 INFO com.ftn.controller.SecurityAdminControler [https-jsse-nio-8092-exec-7] NEPOR_EVENT user MTRoot@gmail.com CA 
2019-06-13 17:09:04,187 DEBUG com.ftn.controller.SecurityAdminControler [https-jsse-nio-8092-exec-10] SS
2019-06-13 17:09:04,192 INFO com.ftn.controller.SecurityAdminControler [https-jsse-nio-8092-exec-10] SS_SUC
2019-06-13 17:09:07,346 DEBUG com.ftn.controller.UserControler [https-jsse-nio-8092-exec-3] LOGOUT
2019-06-13 17:09:39,228 DEBUG com.ftn.controller.UserControler [https-jsse-nio-8092-exec-1] LOG
2019-06-13 17:09:39,536 INFO com.ftn.controller.UserControler [https-jsse-nio-8092-exec-1] SECURITY_EVENT user id:11 LOG_SUC ,ip 0:0:0:0:0:0:0:1
2019-06-13 17:09:39,536 INFO com.ftn.controller.UserControler [https-jsse-nio-8092-exec-1] NEPOR_EVENT user id:11 LOG_SUC, ip 0:0:0:0:0:0:0:1
2019-06-13 17:09:41,190 INFO com.ftn.controller.SecurityAdminControler [https-jsse-nio-8092-exec-5] GET_CA
2019-06-13 17:09:41,191 INFO com.ftn.controller.SecurityAdminControler [https-jsse-nio-8092-exec-6] GET_ACA
2019-06-13 17:09:41,205 INFO com.ftn.controller.SecurityAdminControler [https-jsse-nio-8092-exec-5] NEPOR_EVENT user MegaTravelBoston@gmail.com CA 
2019-06-13 17:09:47,075 DEBUG com.ftn.controller.SecurityAdminControler [https-jsse-nio-8092-exec-7] SS
2019-06-13 17:09:47,082 INFO com.ftn.controller.SecurityAdminControler [https-jsse-nio-8092-exec-7] SS_SUC
2019-06-13 17:09:53,091 DEBUG com.ftn.controller.SecurityAdminControler [https-jsse-nio-8092-exec-10] CRE_CA
2019-06-13 17:09:53,747 INFO com.ftn.controller.SecurityAdminControler [https-jsse-nio-8092-exec-10] SECURITY_EVENT 6 CRE_CA id: 7 
2019-06-13 17:09:53,747 INFO com.ftn.controller.SecurityAdminControler [https-jsse-nio-8092-exec-10] NEPOR_EVENT6 CRE_CA id:7 
2019-06-13 17:09:53,977 INFO com.ftn.controller.SecurityAdminControler [https-jsse-nio-8092-exec-10] CRE_CA_SUC
2019-06-13 17:09:54,164 INFO com.ftn.controller.SecurityAdminControler [https-jsse-nio-8092-exec-2] GET_CA
2019-06-13 17:09:54,166 INFO com.ftn.controller.SecurityAdminControler [https-jsse-nio-8092-exec-3] GET_ACA
2019-06-13 17:09:54,211 INFO com.ftn.controller.SecurityAdminControler [https-jsse-nio-8092-exec-2] NEPOR_EVENT user MegaTravelBoston@gmail.com CA 
2019-06-13 17:09:57,452 DEBUG com.ftn.controller.SecurityAdminControler [https-jsse-nio-8092-exec-8] SS
2019-06-13 17:09:57,456 INFO com.ftn.controller.SecurityAdminControler [https-jsse-nio-8092-exec-8] SS_SUC
2019-06-13 17:09:59,348 DEBUG com.ftn.controller.UserControler [https-jsse-nio-8092-exec-4] LOGOUT
2019-06-13 17:10:13,787 DEBUG com.ftn.controller.UserControler [https-jsse-nio-8092-exec-6] LOG
2019-06-13 17:10:14,028 INFO com.ftn.controller.UserControler [https-jsse-nio-8092-exec-6] SECURITY_EVENT user id:8 LOG_SUC ,ip 0:0:0:0:0:0:0:1
2019-06-13 17:10:14,028 INFO com.ftn.controller.UserControler [https-jsse-nio-8092-exec-6] NEPOR_EVENT user id:8 LOG_SUC, ip 0:0:0:0:0:0:0:1
2019-06-13 17:10:15,280 INFO com.ftn.controller.SecurityAdminControler [https-jsse-nio-8092-exec-10] GET_CA
2019-06-13 17:10:15,281 INFO com.ftn.controller.SecurityAdminControler [https-jsse-nio-8092-exec-3] GET_ACA
2019-06-13 17:10:15,299 INFO com.ftn.controller.SecurityAdminControler [https-jsse-nio-8092-exec-10] NEPOR_EVENT user MTRoot@gmail.com CA 
2019-06-13 17:10:29,936 INFO com.ftn.controller.SecurityAdminControler [https-jsse-nio-8092-exec-1] REV_CA
2019-06-13 17:10:32,887 INFO com.ftn.controller.SecurityAdminControler [https-jsse-nio-8092-exec-4] GET_ACA
2019-06-13 17:10:32,892 INFO com.ftn.controller.SecurityAdminControler [https-jsse-nio-8092-exec-8] GET_CA
2019-06-13 17:10:32,911 INFO com.ftn.controller.SecurityAdminControler [https-jsse-nio-8092-exec-8] NEPOR_EVENT user MTRoot@gmail.com CA 
2019-06-13 17:10:38,013 DEBUG com.ftn.controller.UserControler [https-jsse-nio-8092-exec-5] LOGOUT
2019-06-13 17:10:54,543 DEBUG com.ftn.controller.UserControler [https-jsse-nio-8092-exec-6] LOG
2019-06-13 17:10:54,807 INFO com.ftn.controller.UserControler [https-jsse-nio-8092-exec-6] SECURITY_EVENT user id:11 LOG_SUC ,ip 0:0:0:0:0:0:0:1
2019-06-13 17:10:54,807 INFO com.ftn.controller.UserControler [https-jsse-nio-8092-exec-6] NEPOR_EVENT user id:11 LOG_SUC, ip 0:0:0:0:0:0:0:1
2019-06-13 17:10:56,016 INFO com.ftn.controller.SecurityAdminControler [https-jsse-nio-8092-exec-3] GET_CA
2019-06-13 17:10:56,036 INFO com.ftn.controller.SecurityAdminControler [https-jsse-nio-8092-exec-3] NEPOR_EVENT user MegaTravelBoston@gmail.com CA 
2019-06-13 17:10:56,042 INFO com.ftn.controller.SecurityAdminControler [https-jsse-nio-8092-exec-10] GET_ACA
2019-06-13 17:11:30,337 DEBUG com.ftn.controller.UserControler [https-jsse-nio-8092-exec-2] LOG
2019-06-13 17:11:30,619 INFO com.ftn.controller.UserControler [https-jsse-nio-8092-exec-2] SECURITY_EVENT user id:10 LOG_SUC ,ip 0:0:0:0:0:0:0:1
2019-06-13 17:11:30,619 INFO com.ftn.controller.UserControler [https-jsse-nio-8092-exec-2] NEPOR_EVENT user id:10 LOG_SUC, ip 0:0:0:0:0:0:0:1
2019-06-13 17:11:32,120 INFO com.ftn.controller.SecurityAdminControler [https-jsse-nio-8092-exec-8] GET_CA
2019-06-13 17:11:32,122 INFO com.ftn.controller.SecurityAdminControler [https-jsse-nio-8092-exec-5] GET_ACA
2019-06-13 17:11:32,135 INFO com.ftn.controller.SecurityAdminControler [https-jsse-nio-8092-exec-8] NEPOR_EVENT user MegaTravelHongKong@gmail.com CA 
2019-06-13 17:26:32,107 INFO org.springframework.boot.StartupInfoLogger [main] Starting SecurityBack on Probook450G2 with PID 7732 (D:\ILINKA\projekatBez3\Bezbednost-XML\securityBack\target\classes started by Milan in D:\ILINKA\projekatBez3\Bezbednost-XML\securityBack)
2019-06-13 17:26:32,117 DEBUG org.springframework.boot.StartupInfoLogger [main] Running with Spring Boot v2.1.0.RELEASE, Spring v5.1.2.RELEASE
2019-06-13 17:26:32,125 INFO org.springframework.boot.SpringApplication [main] No active profile set, falling back to default profiles: default
2019-06-13 17:26:36,161 DEBUG org.springframework.boot.web.servlet.server.DocumentRoot [main] Code archive: C:\Users\Milan\.m2\repository\org\springframework\boot\spring-boot\2.1.0.RELEASE\spring-boot-2.1.0.RELEASE.jar
2019-06-13 17:26:36,161 DEBUG org.springframework.boot.web.servlet.server.DocumentRoot [main] Code archive: C:\Users\Milan\.m2\repository\org\springframework\boot\spring-boot\2.1.0.RELEASE\spring-boot-2.1.0.RELEASE.jar
2019-06-13 17:26:36,161 DEBUG org.springframework.boot.web.servlet.server.DocumentRoot [main] None of the document roots [src/main/webapp, public, static] point to a directory and will be ignored.
2019-06-13 17:26:48,114 INFO org.springframework.boot.StartupInfoLogger [main] Started SecurityBack in 17.116 seconds (JVM running for 19.237)
2019-06-13 17:27:01,439 DEBUG com.ftn.controller.UserControler [https-jsse-nio-8092-exec-7] LOG
2019-06-13 17:27:01,893 INFO com.ftn.controller.UserControler [https-jsse-nio-8092-exec-7] SECURITY_EVENT user id:8 LOG_SUC ,ip 0:0:0:0:0:0:0:1
2019-06-13 17:27:01,894 INFO com.ftn.controller.UserControler [https-jsse-nio-8092-exec-7] NEPOR_EVENT user id:8 LOG_SUC, ip 0:0:0:0:0:0:0:1
2019-06-13 17:27:03,097 INFO com.ftn.controller.SecurityAdminControler [https-jsse-nio-8092-exec-6] GET_CA
2019-06-13 17:27:03,103 INFO com.ftn.controller.SecurityAdminControler [https-jsse-nio-8092-exec-7] GET_ACA
2019-06-13 17:27:03,255 INFO com.ftn.controller.SecurityAdminControler [https-jsse-nio-8092-exec-6] NEPOR_EVENT user MTRoot@gmail.com CA 
