2019-06-24 01:18:03,962 INFO org.springframework.boot.StartupInfoLogger [main] Starting MegaTravelApp on DESKTOP-9D5EIMP with PID 18656 (D:\Marin\BezbednostTrenutni\Bezbednost-XML\megaTravelAppBack\target\classes started by Marin in D:\Marin\BezbednostTrenutni\Bezbednost-XML\megaTravelAppBack)
2019-06-24 01:18:03,974 INFO org.springframework.boot.SpringApplication [main] No active profile set, falling back to default profiles: default
2019-06-24 01:18:14,142 INFO org.springframework.boot.StartupInfoLogger [main] Started MegaTravelApp in 10.651 seconds (JVM running for 11.586)
2019-06-24 09:05:54,535 INFO org.springframework.boot.StartupInfoLogger [main] Starting MegaTravelApp on DESKTOP-F3G1DCA with PID 8016 (started by Borx in F:\FTN\IV godina\Drugi Semestar\PROJEKTI\XML-Bezbednost PROJECT\megaTravelAppBack)
2019-06-24 09:05:54,542 INFO org.springframework.boot.SpringApplication [main] No active profile set, falling back to default profiles: default
2019-06-24 09:06:26,260 INFO org.springframework.boot.StartupInfoLogger [main] Started MegaTravelApp in 32.284 seconds (JVM running for 33.1)
2019-06-24 09:19:17,738 INFO org.springframework.boot.StartupInfoLogger [main] Starting MegaTravelApp on DESKTOP-F3G1DCA with PID 1012 (started by Borx in F:\FTN\IV godina\Drugi Semestar\PROJEKTI\XML-Bezbednost PROJECT\megaTravelAppBack)
2019-06-24 09:19:17,744 INFO org.springframework.boot.SpringApplication [main] No active profile set, falling back to default profiles: default
2019-06-24 09:19:52,112 INFO org.springframework.boot.StartupInfoLogger [main] Started MegaTravelApp in 34.869 seconds (JVM running for 35.576)
2019-06-24 09:32:08,158 INFO org.springframework.boot.StartupInfoLogger [main] Starting MegaTravelApp on DESKTOP-F3G1DCA with PID 15624 (started by Borx in F:\FTN\IV godina\Drugi Semestar\PROJEKTI\XML-Bezbednost PROJECT\megaTravelAppBack)
2019-06-24 09:32:08,169 INFO org.springframework.boot.SpringApplication [main] No active profile set, falling back to default profiles: default
2019-06-24 09:33:12,126 INFO org.springframework.boot.StartupInfoLogger [main] Started MegaTravelApp in 64.409 seconds (JVM running for 65.11)
2019-06-24 09:48:46,438 INFO org.springframework.boot.StartupInfoLogger [main] Starting MegaTravelApp on DESKTOP-F3G1DCA with PID 13444 (started by Borx in F:\FTN\IV godina\Drugi Semestar\PROJEKTI\XML-Bezbednost PROJECT\megaTravelAppBack)
2019-06-24 09:48:46,440 INFO org.springframework.boot.SpringApplication [main] No active profile set, falling back to default profiles: default
2019-06-24 09:49:18,884 INFO org.springframework.boot.StartupInfoLogger [main] Started MegaTravelApp in 32.883 seconds (JVM running for 33.626)
2019-06-24 10:08:39,317 INFO org.springframework.boot.StartupInfoLogger [main] Starting MegaTravelApp on DESKTOP-F3G1DCA with PID 11424 (started by Borx in F:\FTN\IV godina\Drugi Semestar\PROJEKTI\XML-Bezbednost PROJECT\megaTravelAppBack)
2019-06-24 10:08:39,331 INFO org.springframework.boot.SpringApplication [main] No active profile set, falling back to default profiles: default
2019-06-24 10:09:25,579 INFO org.springframework.boot.StartupInfoLogger [main] Started MegaTravelApp in 46.745 seconds (JVM running for 47.462)
2019-06-24 10:13:00,909 INFO org.springframework.boot.StartupInfoLogger [main] Starting MegaTravelApp on DESKTOP-F3G1DCA with PID 13772 (started by Borx in F:\FTN\IV godina\Drugi Semestar\PROJEKTI\XML-Bezbednost PROJECT\megaTravelAppBack)
2019-06-24 10:13:00,917 INFO org.springframework.boot.SpringApplication [main] No active profile set, falling back to default profiles: default
2019-06-24 10:13:54,226 INFO org.springframework.boot.StartupInfoLogger [main] Started MegaTravelApp in 53.769 seconds (JVM running for 54.484)
2019-06-24 10:32:31,255 INFO org.springframework.boot.StartupInfoLogger [main] Starting MegaTravelApp on DESKTOP-F3G1DCA with PID 6240 (started by Borx in F:\FTN\IV godina\Drugi Semestar\PROJEKTI\XML-Bezbednost PROJECT\megaTravelAppBack)
2019-06-24 10:32:31,260 INFO org.springframework.boot.SpringApplication [main] No active profile set, falling back to default profiles: default
2019-06-24 10:34:25,228 INFO org.springframework.boot.StartupInfoLogger [main] Starting MegaTravelApp on DESKTOP-F3G1DCA with PID 7076 (started by Borx in F:\FTN\IV godina\Drugi Semestar\PROJEKTI\XML-Bezbednost PROJECT\megaTravelAppBack)
2019-06-24 10:34:25,239 INFO org.springframework.boot.SpringApplication [main] No active profile set, falling back to default profiles: default
2019-06-24 10:35:06,230 INFO org.springframework.boot.StartupInfoLogger [main] Starting MegaTravelApp on DESKTOP-F3G1DCA with PID 7064 (started by Borx in F:\FTN\IV godina\Drugi Semestar\PROJEKTI\XML-Bezbednost PROJECT\megaTravelAppBack)
2019-06-24 10:35:06,250 INFO org.springframework.boot.SpringApplication [main] No active profile set, falling back to default profiles: default
2019-06-24 10:35:50,155 INFO org.springframework.boot.StartupInfoLogger [main] Started MegaTravelApp in 44.395 seconds (JVM running for 45.088)
2019-06-24 11:31:43,599 INFO org.springframework.boot.StartupInfoLogger [main] Starting MegaTravelApp on DESKTOP-F3G1DCA with PID 15532 (started by Borx in F:\FTN\IV godina\Drugi Semestar\PROJEKTI\XML-Bezbednost PROJECT\megaTravelAppBack)
2019-06-24 11:31:43,609 INFO org.springframework.boot.SpringApplication [main] No active profile set, falling back to default profiles: default
2019-06-24 11:34:13,159 INFO org.springframework.boot.StartupInfoLogger [main] Starting MegaTravelApp on DESKTOP-F3G1DCA with PID 7620 (started by Borx in F:\FTN\IV godina\Drugi Semestar\PROJEKTI\XML-Bezbednost PROJECT\megaTravelAppBack)
2019-06-24 11:34:13,169 INFO org.springframework.boot.SpringApplication [main] No active profile set, falling back to default profiles: default
2019-06-24 11:35:46,845 INFO org.springframework.boot.StartupInfoLogger [main] Starting MegaTravelApp on DESKTOP-F3G1DCA with PID 14720 (started by Borx in F:\FTN\IV godina\Drugi Semestar\PROJEKTI\XML-Bezbednost PROJECT\megaTravelAppBack)
2019-06-24 11:35:46,855 INFO org.springframework.boot.SpringApplication [main] No active profile set, falling back to default profiles: default
2019-06-24 11:36:32,137 INFO org.springframework.boot.StartupInfoLogger [main] Started MegaTravelApp in 45.74 seconds (JVM running for 46.478)
2019-06-24 12:02:10,928 INFO org.springframework.boot.StartupInfoLogger [main] Starting MegaTravelApp on DESKTOP-F3G1DCA with PID 424 (started by Borx in F:\FTN\IV godina\Drugi Semestar\PROJEKTI\XML-Bezbednost PROJECT\megaTravelAppBack)
2019-06-24 12:02:10,934 INFO org.springframework.boot.SpringApplication [main] No active profile set, falling back to default profiles: default
2019-06-24 12:03:16,047 INFO org.springframework.boot.StartupInfoLogger [main] Starting MegaTravelApp on DESKTOP-F3G1DCA with PID 11744 (started by Borx in F:\FTN\IV godina\Drugi Semestar\PROJEKTI\XML-Bezbednost PROJECT\megaTravelAppBack)
2019-06-24 12:03:16,052 INFO org.springframework.boot.SpringApplication [main] No active profile set, falling back to default profiles: default
2019-06-24 12:04:27,805 INFO org.springframework.boot.StartupInfoLogger [main] Starting MegaTravelApp on DESKTOP-F3G1DCA with PID 7576 (started by Borx in F:\FTN\IV godina\Drugi Semestar\PROJEKTI\XML-Bezbednost PROJECT\megaTravelAppBack)
2019-06-24 12:04:27,805 INFO org.springframework.boot.SpringApplication [main] No active profile set, falling back to default profiles: default
2019-06-24 12:05:18,106 INFO org.springframework.boot.StartupInfoLogger [main] Started MegaTravelApp in 50.757 seconds (JVM running for 51.419)
2019-06-24 12:08:19,938 INFO org.springframework.boot.StartupInfoLogger [main] Starting MegaTravelApp on DESKTOP-F3G1DCA with PID 12576 (started by Borx in F:\FTN\IV godina\Drugi Semestar\PROJEKTI\XML-Bezbednost PROJECT\megaTravelAppBack)
2019-06-24 12:08:19,944 INFO org.springframework.boot.SpringApplication [main] No active profile set, falling back to default profiles: default
2019-06-24 12:08:47,377 INFO org.springframework.boot.StartupInfoLogger [main] Starting MegaTravelApp on DESKTOP-F3G1DCA with PID 10404 (started by Borx in F:\FTN\IV godina\Drugi Semestar\PROJEKTI\XML-Bezbednost PROJECT\megaTravelAppBack)
2019-06-24 12:08:47,387 INFO org.springframework.boot.SpringApplication [main] No active profile set, falling back to default profiles: default
2019-06-24 12:09:37,457 INFO org.springframework.boot.StartupInfoLogger [main] Starting MegaTravelApp on DESKTOP-F3G1DCA with PID 6176 (started by Borx in F:\FTN\IV godina\Drugi Semestar\PROJEKTI\XML-Bezbednost PROJECT\megaTravelAppBack)
2019-06-24 12:09:37,458 INFO org.springframework.boot.SpringApplication [main] No active profile set, falling back to default profiles: default
2019-06-24 12:10:24,404 INFO org.springframework.boot.StartupInfoLogger [main] Started MegaTravelApp in 47.431 seconds (JVM running for 48.222)
2019-06-24 12:34:08,603 INFO org.springframework.boot.StartupInfoLogger [main] Starting MegaTravelApp on DESKTOP-F3G1DCA with PID 11852 (started by Borx in F:\FTN\IV godina\Drugi Semestar\PROJEKTI\XML-Bezbednost PROJECT\megaTravelAppBack)
2019-06-24 12:34:08,619 INFO org.springframework.boot.SpringApplication [main] No active profile set, falling back to default profiles: default
2019-06-24 12:36:48,540 INFO org.springframework.boot.StartupInfoLogger [main] Starting MegaTravelApp on DESKTOP-F3G1DCA with PID 4188 (started by Borx in F:\FTN\IV godina\Drugi Semestar\PROJEKTI\XML-Bezbednost PROJECT\megaTravelAppBack)
2019-06-24 12:36:48,542 INFO org.springframework.boot.SpringApplication [main] No active profile set, falling back to default profiles: default
2019-06-24 12:38:25,433 INFO org.springframework.boot.StartupInfoLogger [main] Starting MegaTravelApp on DESKTOP-F3G1DCA with PID 11048 (started by Borx in F:\FTN\IV godina\Drugi Semestar\PROJEKTI\XML-Bezbednost PROJECT\megaTravelAppBack)
2019-06-24 12:38:25,451 INFO org.springframework.boot.SpringApplication [main] No active profile set, falling back to default profiles: default
2019-06-24 12:38:54,799 INFO org.springframework.boot.StartupInfoLogger [main] Started MegaTravelApp in 29.849 seconds (JVM running for 30.558)
2019-06-24 13:10:40,828 INFO org.springframework.boot.StartupInfoLogger [main] Starting MegaTravelApp on DESKTOP-F3G1DCA with PID 8412 (started by Borx in F:\FTN\IV godina\Drugi Semestar\PROJEKTI\XML-Bezbednost PROJECT\megaTravelAppBack)
2019-06-24 13:10:40,831 INFO org.springframework.boot.SpringApplication [main] No active profile set, falling back to default profiles: default
2019-06-24 13:12:05,599 INFO org.springframework.boot.StartupInfoLogger [main] Starting MegaTravelApp on DESKTOP-F3G1DCA with PID 12980 (started by Borx in F:\FTN\IV godina\Drugi Semestar\PROJEKTI\XML-Bezbednost PROJECT\megaTravelAppBack)
2019-06-24 13:12:05,601 INFO org.springframework.boot.SpringApplication [main] No active profile set, falling back to default profiles: default
2019-06-24 13:12:34,504 INFO org.springframework.boot.StartupInfoLogger [main] Started MegaTravelApp in 29.341 seconds (JVM running for 30.036)
2019-06-24 13:21:46,592 INFO org.springframework.boot.StartupInfoLogger [main] Starting MegaTravelApp on DESKTOP-F3G1DCA with PID 17228 (started by Borx in F:\FTN\IV godina\Drugi Semestar\PROJEKTI\XML-Bezbednost PROJECT\megaTravelAppBack)
2019-06-24 13:21:46,602 INFO org.springframework.boot.SpringApplication [main] No active profile set, falling back to default profiles: default
2019-06-24 13:22:18,013 INFO org.springframework.boot.StartupInfoLogger [main] Started MegaTravelApp in 31.885 seconds (JVM running for 32.591)
2019-06-24 13:22:29,339 INFO org.springframework.boot.StartupInfoLogger [main] Starting MegaTravelApp on DESKTOP-F3G1DCA with PID 4240 (started by Borx in F:\FTN\IV godina\Drugi Semestar\PROJEKTI\XML-Bezbednost PROJECT\megaTravelAppBack)
2019-06-24 13:22:29,348 INFO org.springframework.boot.SpringApplication [main] No active profile set, falling back to default profiles: default
2019-06-24 13:25:44,768 INFO org.springframework.boot.StartupInfoLogger [main] Starting MegaTravelApp on DESKTOP-F3G1DCA with PID 10536 (started by Borx in F:\FTN\IV godina\Drugi Semestar\PROJEKTI\XML-Bezbednost PROJECT\megaTravelAppBack)
2019-06-24 13:25:44,818 INFO org.springframework.boot.SpringApplication [main] No active profile set, falling back to default profiles: default
2019-06-24 13:26:57,358 INFO org.springframework.boot.StartupInfoLogger [main] Starting MegaTravelApp on DESKTOP-F3G1DCA with PID 2636 (started by Borx in F:\FTN\IV godina\Drugi Semestar\PROJEKTI\XML-Bezbednost PROJECT\megaTravelAppBack)
2019-06-24 13:26:57,362 INFO org.springframework.boot.SpringApplication [main] No active profile set, falling back to default profiles: default
2019-06-24 14:08:44,678 INFO org.springframework.boot.StartupInfoLogger [main] Starting MegaTravelApp on DESKTOP-4JRQFFR with PID 12672 (started by Korisnik in C:\Users\Korisnik\Aaaaaa GITCKO\Bezbednost-XML\megaTravelAppBack)
2019-06-24 14:08:45,161 INFO org.springframework.boot.SpringApplication [main] No active profile set, falling back to default profiles: default
2019-06-24 14:13:13,232 INFO org.springframework.boot.StartupInfoLogger [main] Started MegaTravelApp in 274.992 seconds (JVM running for 290.045)
