2019-05-16 00:22:06,161 INFO com.ftn.controller.SecurityAdminControler [https-jsse-nio-8443-exec-7] NEPOR_EVENT user MTRoot@gmail.com CA 
2019-05-16 00:28:17,323 INFO com.ftn.controller.UserControler [https-jsse-nio-8443-exec-6] NEPOR_EVENT user id:8 LOGSUC, ip 0:0:0:0:0:0:0:1
2019-05-16 00:28:18,994 INFO com.ftn.controller.SecurityAdminControler [https-jsse-nio-8443-exec-8] NEPOR_EVENT user MTRoot@gmail.com CA 
2019-05-16 00:28:25,209 INFO com.ftn.controller.SecurityAdminControler [https-jsse-nio-8443-exec-8] NEPOR_EVENT user MTRoot@gmail.com CA 
2019-05-16 00:29:33,341 INFO com.ftn.controller.SecurityAdminControler [https-jsse-nio-8443-exec-2] NEPOR_EVENT6 CREACA id:4 
2019-05-16 00:29:33,894 INFO com.ftn.controller.SecurityAdminControler [https-jsse-nio-8443-exec-5] NEPOR_EVENT user MTRoot@gmail.com CA 
2019-05-16 00:29:40,183 INFO com.ftn.controller.SecurityAdminControler [https-jsse-nio-8443-exec-4] NEPOR_EVENT user MTRoot@gmail.com CA 
2019-05-16 00:33:56,347 INFO com.ftn.controller.UserControler [https-jsse-nio-8443-exec-3] NEPOR_EVENT user id:9 LOGSUC, ip 0:0:0:0:0:0:0:1
2019-05-16 00:33:59,611 INFO com.ftn.controller.SecurityAdminControler [https-jsse-nio-8443-exec-4] NEPOR_EVENT user MegaTravelLondon@gmail.com CA 
2019-05-16 00:34:11,344 INFO com.ftn.controller.SecurityAdminControler [https-jsse-nio-8443-exec-4] NEPOR_EVENT User MegaTravelLondon@gmail.com CRE_ERR  
2019-05-16 00:34:11,496 INFO com.ftn.controller.SecurityAdminControler [https-jsse-nio-8443-exec-3] NEPOR_EVENT user MegaTravelLondon@gmail.com CA 
2019-05-16 00:34:19,341 INFO com.ftn.controller.SecurityAdminControler [https-jsse-nio-8443-exec-5] NEPOR_EVENT user MegaTravelLondon@gmail.com CA 
2019-05-16 00:35:10,536 INFO com.ftn.controller.UserControler [https-jsse-nio-8443-exec-4] NEPOR_EVENT user id:9 LOGSUC, ip 0:0:0:0:0:0:0:1
2019-05-16 00:35:25,133 INFO com.ftn.controller.SecurityAdminControler [https-jsse-nio-8443-exec-4] NEPOR_EVENT User MegaTravelLondon@gmail.com CRE_ERR  
2019-05-16 00:35:25,322 INFO com.ftn.controller.SecurityAdminControler [https-jsse-nio-8443-exec-3] NEPOR_EVENT user MegaTravelLondon@gmail.com CA 
2019-05-16 00:39:38,812 INFO com.ftn.controller.UserControler [https-jsse-nio-8443-exec-7] NEPOR_EVENT user id:8 LOGSUC, ip 0:0:0:0:0:0:0:1
2019-05-16 00:39:40,814 INFO com.ftn.controller.SecurityAdminControler [https-jsse-nio-8443-exec-9] NEPOR_EVENT user MTRoot@gmail.com CA 
2019-05-16 00:39:45,725 INFO com.ftn.controller.SecurityAdminControler [https-jsse-nio-8443-exec-7] NEPOR_EVENT user MTRoot@gmail.com CA 
2019-05-16 00:41:10,146 INFO com.ftn.controller.SecurityAdminControler [https-jsse-nio-8443-exec-2] NEPOR_EVENT user MTRoot@gmail.com CA 
2019-05-16 00:42:14,726 INFO com.ftn.controller.UserControler [https-jsse-nio-8443-exec-6] NEPOR_EVENT user id:8 LOGSUC, ip 0:0:0:0:0:0:0:1
2019-05-16 00:42:16,473 INFO com.ftn.controller.SecurityAdminControler [https-jsse-nio-8443-exec-7] NEPOR_EVENT user MTRoot@gmail.com CA 
2019-05-16 00:44:04,916 INFO com.ftn.controller.UserControler [https-jsse-nio-8443-exec-3] NEPOR_EVENT user id:8 LOGSUC, ip 0:0:0:0:0:0:0:1
2019-05-16 00:44:06,344 INFO com.ftn.controller.SecurityAdminControler [https-jsse-nio-8443-exec-4] NEPOR_EVENT user MTRoot@gmail.com CA 
2019-05-16 00:47:47,346 INFO com.ftn.controller.UserControler [https-jsse-nio-8443-exec-4] NEPOR_EVENT user id:8 LOGSUC, ip 0:0:0:0:0:0:0:1
2019-05-16 00:47:48,875 INFO com.ftn.controller.SecurityAdminControler [https-jsse-nio-8443-exec-2] NEPOR_EVENT user MTRoot@gmail.com CA 
2019-05-16 00:49:16,464 INFO com.ftn.controller.SecurityAdminControler [https-jsse-nio-8443-exec-2] NEPOR_EVENT user MTRoot@gmail.com CA 
2019-05-16 00:49:48,391 INFO com.ftn.controller.SecurityAdminControler [https-jsse-nio-8443-exec-2] NEPOR_EVENT user MTRoot@gmail.com CA 
2019-05-16 00:49:53,493 INFO com.ftn.controller.SecurityAdminControler [https-jsse-nio-8443-exec-2] NEPOR_EVENT user MTRoot@gmail.com CA 
2019-05-16 00:51:32,502 INFO com.ftn.controller.UserControler [https-jsse-nio-8443-exec-5] NEPOR_EVENT user id:8 LOGSUC, ip 0:0:0:0:0:0:0:1
2019-05-16 00:51:37,102 INFO com.ftn.controller.SecurityAdminControler [https-jsse-nio-8443-exec-4] NEPOR_EVENT user MTRoot@gmail.com CA 
2019-05-16 00:55:37,484 INFO com.ftn.controller.UserControler [https-jsse-nio-8443-exec-4] NEPOR_EVENT user id:8 LOGSUC, ip 0:0:0:0:0:0:0:1
2019-05-16 00:55:39,652 INFO com.ftn.controller.SecurityAdminControler [https-jsse-nio-8443-exec-7] NEPOR_EVENT user MTRoot@gmail.com CA 
2019-05-16 00:56:34,567 INFO com.ftn.controller.SecurityAdminControler [https-jsse-nio-8443-exec-4] NEPOR_EVENT5 CREACA id:4 
2019-05-16 00:56:35,207 INFO com.ftn.controller.SecurityAdminControler [https-jsse-nio-8443-exec-6] NEPOR_EVENT user MTRoot@gmail.com CA 
2019-05-16 00:56:41,075 INFO com.ftn.controller.SecurityAdminControler [https-jsse-nio-8443-exec-8] NEPOR_EVENT user MTRoot@gmail.com CA 
2019-05-16 01:00:02,191 INFO com.ftn.controller.UserControler [https-jsse-nio-8443-exec-6] NEPOR_EVENT user id:8 LOGSUC, ip 0:0:0:0:0:0:0:1
2019-05-16 01:00:04,229 INFO com.ftn.controller.SecurityAdminControler [https-jsse-nio-8443-exec-8] NEPOR_EVENT user MTRoot@gmail.com CA 
