2019-06-04 00:52:08,430 WARN com.ftn.security.RestAuthenticationEntryPoint [https-jsse-nio-8443-exec-4] SECURITY_EVENT Unauthorised access attempt to https://192.168.137.1:8443/ from  adress192.168.137.1
2019-06-04 10:09:10,247 INFO org.springframework.boot.StartupInfoLogger [main] Starting MegaTravelApp on DESKTOP-F3G1DCA with PID 11832 (started by Borx in F:\FTN\IV godina\Drugi Semestar\PROJEKTI\Bezbednost-XML PROJECT\megaTravelAppBack)
2019-06-04 10:09:10,263 DEBUG org.springframework.boot.StartupInfoLogger [main] Running with Spring Boot v2.1.0.RELEASE, Spring v5.1.2.RELEASE
2019-06-04 10:09:10,263 INFO org.springframework.boot.SpringApplication [main] No active profile set, falling back to default profiles: default
2019-06-04 10:09:11,517 DEBUG org.springframework.boot.web.servlet.server.DocumentRoot [main] Code archive: C:\Users\Borx\.m2\repository\org\springframework\boot\spring-boot\2.1.0.RELEASE\spring-boot-2.1.0.RELEASE.jar
2019-06-04 10:09:11,517 DEBUG org.springframework.boot.web.servlet.server.DocumentRoot [main] Code archive: C:\Users\Borx\.m2\repository\org\springframework\boot\spring-boot\2.1.0.RELEASE\spring-boot-2.1.0.RELEASE.jar
2019-06-04 10:09:11,517 DEBUG org.springframework.boot.web.servlet.server.DocumentRoot [main] None of the document roots [src/main/webapp, public, static] point to a directory and will be ignored.
2019-06-04 10:09:20,862 INFO org.springframework.boot.StartupInfoLogger [main] Started MegaTravelApp in 10.912 seconds (JVM running for 11.721)
2019-06-04 10:32:25,285 INFO org.springframework.boot.StartupInfoLogger [main] Starting MegaTravelApp on DESKTOP-F3G1DCA with PID 9900 (started by Borx in F:\FTN\IV godina\Drugi Semestar\PROJEKTI\Bezbednost-XML PROJECT\megaTravelAppBack)
2019-06-04 10:32:25,289 DEBUG org.springframework.boot.StartupInfoLogger [main] Running with Spring Boot v2.1.0.RELEASE, Spring v5.1.2.RELEASE
2019-06-04 10:32:25,291 INFO org.springframework.boot.SpringApplication [main] No active profile set, falling back to default profiles: default
2019-06-04 10:32:27,606 DEBUG org.springframework.boot.web.servlet.server.DocumentRoot [main] Code archive: C:\Users\Borx\.m2\repository\org\springframework\boot\spring-boot\2.1.0.RELEASE\spring-boot-2.1.0.RELEASE.jar
2019-06-04 10:32:27,606 DEBUG org.springframework.boot.web.servlet.server.DocumentRoot [main] Code archive: C:\Users\Borx\.m2\repository\org\springframework\boot\spring-boot\2.1.0.RELEASE\spring-boot-2.1.0.RELEASE.jar
2019-06-04 10:32:27,607 DEBUG org.springframework.boot.web.servlet.server.DocumentRoot [main] None of the document roots [src/main/webapp, public, static] point to a directory and will be ignored.
2019-06-04 10:32:36,858 INFO org.springframework.boot.StartupInfoLogger [main] Started MegaTravelApp in 12.288 seconds (JVM running for 13.192)
2019-06-04 20:50:21,937 INFO org.springframework.boot.StartupInfoLogger [main] Starting MegaTravelApp on DESKTOP-F3G1DCA with PID 13736 (started by Borx in F:\FTN\IV godina\Drugi Semestar\PROJEKTI\XML-Bezbednost PROJECT\megaTravelAppBack)
2019-06-04 20:50:21,941 DEBUG org.springframework.boot.StartupInfoLogger [main] Running with Spring Boot v2.1.0.RELEASE, Spring v5.1.2.RELEASE
2019-06-04 20:50:21,943 INFO org.springframework.boot.SpringApplication [main] No active profile set, falling back to default profiles: default
2019-06-04 20:50:24,148 DEBUG org.springframework.boot.web.servlet.server.DocumentRoot [main] Code archive: C:\Users\Borx\.m2\repository\org\springframework\boot\spring-boot\2.1.0.RELEASE\spring-boot-2.1.0.RELEASE.jar
2019-06-04 20:50:24,149 DEBUG org.springframework.boot.web.servlet.server.DocumentRoot [main] Code archive: C:\Users\Borx\.m2\repository\org\springframework\boot\spring-boot\2.1.0.RELEASE\spring-boot-2.1.0.RELEASE.jar
2019-06-04 20:50:24,149 DEBUG org.springframework.boot.web.servlet.server.DocumentRoot [main] None of the document roots [src/main/webapp, public, static] point to a directory and will be ignored.
2019-06-04 20:50:36,230 INFO org.springframework.boot.StartupInfoLogger [main] Started MegaTravelApp in 14.734 seconds (JVM running for 15.452)
2019-06-04 20:55:49,127 INFO org.springframework.boot.StartupInfoLogger [main] Starting MegaTravelApp on DESKTOP-F3G1DCA with PID 8276 (started by Borx in F:\FTN\IV godina\Drugi Semestar\PROJEKTI\XML-Bezbednost PROJECT\megaTravelAppBack)
2019-06-04 20:55:49,130 DEBUG org.springframework.boot.StartupInfoLogger [main] Running with Spring Boot v2.1.0.RELEASE, Spring v5.1.2.RELEASE
2019-06-04 20:55:49,133 INFO org.springframework.boot.SpringApplication [main] No active profile set, falling back to default profiles: default
2019-06-04 20:55:51,611 DEBUG org.springframework.boot.web.servlet.server.DocumentRoot [main] Code archive: C:\Users\Borx\.m2\repository\org\springframework\boot\spring-boot\2.1.0.RELEASE\spring-boot-2.1.0.RELEASE.jar
2019-06-04 20:55:51,613 DEBUG org.springframework.boot.web.servlet.server.DocumentRoot [main] Code archive: C:\Users\Borx\.m2\repository\org\springframework\boot\spring-boot\2.1.0.RELEASE\spring-boot-2.1.0.RELEASE.jar
2019-06-04 20:55:51,614 DEBUG org.springframework.boot.web.servlet.server.DocumentRoot [main] None of the document roots [src/main/webapp, public, static] point to a directory and will be ignored.
2019-06-04 20:57:04,923 INFO org.springframework.boot.StartupInfoLogger [main] Starting MegaTravelApp on DESKTOP-F3G1DCA with PID 14540 (started by Borx in F:\FTN\IV godina\Drugi Semestar\PROJEKTI\XML-Bezbednost PROJECT\megaTravelAppBack)
2019-06-04 20:57:04,926 DEBUG org.springframework.boot.StartupInfoLogger [main] Running with Spring Boot v2.1.0.RELEASE, Spring v5.1.2.RELEASE
2019-06-04 20:57:04,928 INFO org.springframework.boot.SpringApplication [main] No active profile set, falling back to default profiles: default
2019-06-04 20:57:07,491 DEBUG org.springframework.boot.web.servlet.server.DocumentRoot [main] Code archive: C:\Users\Borx\.m2\repository\org\springframework\boot\spring-boot\2.1.0.RELEASE\spring-boot-2.1.0.RELEASE.jar
2019-06-04 20:57:07,492 DEBUG org.springframework.boot.web.servlet.server.DocumentRoot [main] Code archive: C:\Users\Borx\.m2\repository\org\springframework\boot\spring-boot\2.1.0.RELEASE\spring-boot-2.1.0.RELEASE.jar
2019-06-04 20:57:07,493 DEBUG org.springframework.boot.web.servlet.server.DocumentRoot [main] None of the document roots [src/main/webapp, public, static] point to a directory and will be ignored.
2019-06-04 20:57:19,452 INFO org.springframework.boot.StartupInfoLogger [main] Started MegaTravelApp in 15.044 seconds (JVM running for 15.851)
2019-06-04 22:59:48,388 INFO org.springframework.boot.StartupInfoLogger [main] Starting MegaTravelApp on DESKTOP-9D5EIMP with PID 188 (D:\Marin\BEZBProj\Bezbednost-XML\megaTravelAppBack\target\classes started by Marin in D:\Marin\BEZBProj\Bezbednost-XML\megaTravelAppBack)
2019-06-04 22:59:48,391 DEBUG org.springframework.boot.StartupInfoLogger [main] Running with Spring Boot v2.1.0.RELEASE, Spring v5.1.2.RELEASE
2019-06-04 22:59:48,394 INFO org.springframework.boot.SpringApplication [main] No active profile set, falling back to default profiles: default
2019-06-04 22:59:50,176 DEBUG org.springframework.boot.web.servlet.server.DocumentRoot [main] Code archive: C:\Users\Marin\.m2\repository\org\springframework\boot\spring-boot\2.1.0.RELEASE\spring-boot-2.1.0.RELEASE.jar
2019-06-04 22:59:50,177 DEBUG org.springframework.boot.web.servlet.server.DocumentRoot [main] Code archive: C:\Users\Marin\.m2\repository\org\springframework\boot\spring-boot\2.1.0.RELEASE\spring-boot-2.1.0.RELEASE.jar
2019-06-04 22:59:50,178 DEBUG org.springframework.boot.web.servlet.server.DocumentRoot [main] None of the document roots [src/main/webapp, public, static] point to a directory and will be ignored.
2019-06-04 22:59:55,483 INFO org.springframework.boot.StartupInfoLogger [main] Started MegaTravelApp in 7.546 seconds (JVM running for 8.571)
2019-06-04 23:43:00,871 INFO org.springframework.boot.StartupInfoLogger [main] Starting MegaTravelApp on DESKTOP-9D5EIMP with PID 14036 (D:\Marin\BEZBProj\Bezbednost-XML\megaTravelAppBack\target\classes started by Marin in D:\Marin\BEZBProj\Bezbednost-XML\megaTravelAppBack)
2019-06-04 23:43:00,876 DEBUG org.springframework.boot.StartupInfoLogger [main] Running with Spring Boot v2.1.0.RELEASE, Spring v5.1.2.RELEASE
2019-06-04 23:43:00,878 INFO org.springframework.boot.SpringApplication [main] No active profile set, falling back to default profiles: default
2019-06-04 23:43:02,547 DEBUG org.springframework.boot.web.servlet.server.DocumentRoot [main] Code archive: C:\Users\Marin\.m2\repository\org\springframework\boot\spring-boot\2.1.0.RELEASE\spring-boot-2.1.0.RELEASE.jar
2019-06-04 23:43:02,548 DEBUG org.springframework.boot.web.servlet.server.DocumentRoot [main] Code archive: C:\Users\Marin\.m2\repository\org\springframework\boot\spring-boot\2.1.0.RELEASE\spring-boot-2.1.0.RELEASE.jar
2019-06-04 23:43:02,548 DEBUG org.springframework.boot.web.servlet.server.DocumentRoot [main] None of the document roots [src/main/webapp, public, static] point to a directory and will be ignored.
2019-06-05 02:03:25,698 INFO org.springframework.boot.StartupInfoLogger [main] Starting MegaTravelApp on DESKTOP-F3G1DCA with PID 9460 (started by Borx in F:\FTN\IV godina\Drugi Semestar\PROJEKTI\Bezbednost-XML\megaTravelAppBack)
2019-06-05 02:03:25,698 DEBUG org.springframework.boot.StartupInfoLogger [main] Running with Spring Boot v2.1.0.RELEASE, Spring v5.1.2.RELEASE
2019-06-05 02:03:25,698 INFO org.springframework.boot.SpringApplication [main] No active profile set, falling back to default profiles: default
2019-06-05 02:03:27,020 DEBUG org.springframework.boot.web.servlet.server.DocumentRoot [main] Code archive: C:\Users\Borx\.m2\repository\org\springframework\boot\spring-boot\2.1.0.RELEASE\spring-boot-2.1.0.RELEASE.jar
2019-06-05 02:03:27,036 DEBUG org.springframework.boot.web.servlet.server.DocumentRoot [main] Code archive: C:\Users\Borx\.m2\repository\org\springframework\boot\spring-boot\2.1.0.RELEASE\spring-boot-2.1.0.RELEASE.jar
2019-06-05 02:03:27,036 DEBUG org.springframework.boot.web.servlet.server.DocumentRoot [main] None of the document roots [src/main/webapp, public, static] point to a directory and will be ignored.
2019-06-05 02:04:08,707 INFO org.springframework.boot.StartupInfoLogger [main] Starting MegaTravelApp on DESKTOP-F3G1DCA with PID 8208 (started by Borx in F:\FTN\IV godina\Drugi Semestar\PROJEKTI\Bezbednost-XML\megaTravelAppBack)
2019-06-05 02:04:08,707 DEBUG org.springframework.boot.StartupInfoLogger [main] Running with Spring Boot v2.1.0.RELEASE, Spring v5.1.2.RELEASE
2019-06-05 02:04:08,707 INFO org.springframework.boot.SpringApplication [main] No active profile set, falling back to default profiles: default
2019-06-05 02:04:10,111 DEBUG org.springframework.boot.web.servlet.server.DocumentRoot [main] Code archive: C:\Users\Borx\.m2\repository\org\springframework\boot\spring-boot\2.1.0.RELEASE\spring-boot-2.1.0.RELEASE.jar
2019-06-05 02:04:10,111 DEBUG org.springframework.boot.web.servlet.server.DocumentRoot [main] Code archive: C:\Users\Borx\.m2\repository\org\springframework\boot\spring-boot\2.1.0.RELEASE\spring-boot-2.1.0.RELEASE.jar
2019-06-05 02:04:10,111 DEBUG org.springframework.boot.web.servlet.server.DocumentRoot [main] None of the document roots [src/main/webapp, public, static] point to a directory and will be ignored.
2019-06-05 02:04:47,612 INFO org.springframework.boot.StartupInfoLogger [main] Starting MegaTravelApp on DESKTOP-F3G1DCA with PID 16708 (started by Borx in F:\FTN\IV godina\Drugi Semestar\PROJEKTI\Bezbednost-XML\megaTravelAppBack)
2019-06-05 02:04:47,612 DEBUG org.springframework.boot.StartupInfoLogger [main] Running with Spring Boot v2.1.0.RELEASE, Spring v5.1.2.RELEASE
2019-06-05 02:04:47,612 INFO org.springframework.boot.SpringApplication [main] No active profile set, falling back to default profiles: default
2019-06-05 02:04:48,894 DEBUG org.springframework.boot.web.servlet.server.DocumentRoot [main] Code archive: C:\Users\Borx\.m2\repository\org\springframework\boot\spring-boot\2.1.0.RELEASE\spring-boot-2.1.0.RELEASE.jar
2019-06-05 02:04:48,894 DEBUG org.springframework.boot.web.servlet.server.DocumentRoot [main] Code archive: C:\Users\Borx\.m2\repository\org\springframework\boot\spring-boot\2.1.0.RELEASE\spring-boot-2.1.0.RELEASE.jar
2019-06-05 02:04:48,894 DEBUG org.springframework.boot.web.servlet.server.DocumentRoot [main] None of the document roots [src/main/webapp, public, static] point to a directory and will be ignored.
2019-06-05 02:04:57,255 INFO org.springframework.boot.StartupInfoLogger [main] Started MegaTravelApp in 9.999 seconds (JVM running for 10.869)
2019-06-05 03:12:52,568 INFO org.springframework.boot.StartupInfoLogger [main] Starting MegaTravelApp on DESKTOP-F3G1DCA with PID 12088 (started by Borx in F:\FTN\IV godina\Drugi Semestar\PROJEKTI\Bezbednost-XML\megaTravelAppBack)
2019-06-05 03:12:52,595 DEBUG org.springframework.boot.StartupInfoLogger [main] Running with Spring Boot v2.1.0.RELEASE, Spring v5.1.2.RELEASE
2019-06-05 03:12:52,597 INFO org.springframework.boot.SpringApplication [main] No active profile set, falling back to default profiles: default
2019-06-05 03:12:54,053 DEBUG org.springframework.boot.web.servlet.server.DocumentRoot [main] Code archive: C:\Users\Borx\.m2\repository\org\springframework\boot\spring-boot\2.1.0.RELEASE\spring-boot-2.1.0.RELEASE.jar
2019-06-05 03:12:54,053 DEBUG org.springframework.boot.web.servlet.server.DocumentRoot [main] Code archive: C:\Users\Borx\.m2\repository\org\springframework\boot\spring-boot\2.1.0.RELEASE\spring-boot-2.1.0.RELEASE.jar
2019-06-05 03:12:54,053 DEBUG org.springframework.boot.web.servlet.server.DocumentRoot [main] None of the document roots [src/main/webapp, public, static] point to a directory and will be ignored.
2019-06-05 03:22:27,883 INFO org.springframework.boot.StartupInfoLogger [main] Starting MegaTravelApp on DESKTOP-F3G1DCA with PID 12496 (started by Borx in F:\FTN\IV godina\Drugi Semestar\PROJEKTI\Bezbednost-XML\megaTravelAppBack)
2019-06-05 03:22:27,886 DEBUG org.springframework.boot.StartupInfoLogger [main] Running with Spring Boot v2.1.0.RELEASE, Spring v5.1.2.RELEASE
2019-06-05 03:22:27,888 INFO org.springframework.boot.SpringApplication [main] No active profile set, falling back to default profiles: default
2019-06-05 03:22:29,294 DEBUG org.springframework.boot.web.servlet.server.DocumentRoot [main] Code archive: C:\Users\Borx\.m2\repository\org\springframework\boot\spring-boot\2.1.0.RELEASE\spring-boot-2.1.0.RELEASE.jar
2019-06-05 03:22:29,294 DEBUG org.springframework.boot.web.servlet.server.DocumentRoot [main] Code archive: C:\Users\Borx\.m2\repository\org\springframework\boot\spring-boot\2.1.0.RELEASE\spring-boot-2.1.0.RELEASE.jar
2019-06-05 03:22:29,295 DEBUG org.springframework.boot.web.servlet.server.DocumentRoot [main] None of the document roots [src/main/webapp, public, static] point to a directory and will be ignored.
2019-06-05 03:22:45,080 INFO org.springframework.boot.StartupInfoLogger [main] Started MegaTravelApp in 17.525 seconds (JVM running for 18.402)
2019-06-05 03:30:06,054 INFO org.springframework.boot.StartupInfoLogger [main] Starting MegaTravelApp on DESKTOP-F3G1DCA with PID 16748 (started by Borx in F:\FTN\IV godina\Drugi Semestar\PROJEKTI\Bezbednost-XML\megaTravelAppBack)
2019-06-05 03:30:06,057 DEBUG org.springframework.boot.StartupInfoLogger [main] Running with Spring Boot v2.1.0.RELEASE, Spring v5.1.2.RELEASE
2019-06-05 03:30:06,059 INFO org.springframework.boot.SpringApplication [main] No active profile set, falling back to default profiles: default
2019-06-05 03:30:08,666 DEBUG org.springframework.boot.web.servlet.server.DocumentRoot [main] Code archive: C:\Users\Borx\.m2\repository\org\springframework\boot\spring-boot\2.1.0.RELEASE\spring-boot-2.1.0.RELEASE.jar
2019-06-05 03:30:08,667 DEBUG org.springframework.boot.web.servlet.server.DocumentRoot [main] Code archive: C:\Users\Borx\.m2\repository\org\springframework\boot\spring-boot\2.1.0.RELEASE\spring-boot-2.1.0.RELEASE.jar
2019-06-05 03:30:08,667 DEBUG org.springframework.boot.web.servlet.server.DocumentRoot [main] None of the document roots [src/main/webapp, public, static] point to a directory and will be ignored.
2019-06-05 03:30:21,294 INFO org.springframework.boot.StartupInfoLogger [main] Started MegaTravelApp in 15.968 seconds (JVM running for 16.706)
